<?xml version="1.0" encoding="UTF-8"?>
<!-- Generated by org.testng.reporters.JUnitXMLReporter -->
<testsuite ignored="2" hostname="DESKTOP-PO3T4V3" failures="6" tests="54" name="testCases.LoginPopUpTest" time="354.977" errors="0" timestamp="2022-07-14T14:51:50 AMT">
  <testcase classname="testCases.SignUpQuickRegisterTest" name="@BeforeMethod goToLoginPopUp" time="20.071">
    <failure type="org.openqa.selenium.TimeoutException" message="Expected condition failed: waiting for visibility of Proxy element for: DefaultElementLocator &amp;apos;By.xpath: //button[@class = &amp;apos;global_register-btn button-style1-type-btn&amp;apos;]&amp;apos; (tried for 10 second(s) with 500 milliseconds interval)">
      <![CDATA[org.openqa.selenium.TimeoutException: Expected condition failed: waiting for visibility of Proxy element for: DefaultElementLocator 'By.xpath: //button[@class = 'global_register-btn button-style1-type-btn']' (tried for 10 second(s) with 500 milliseconds interval)
at org.openqa.selenium.support.ui.WebDriverWait.timeoutException(WebDriverWait.java:87)
at org.openqa.selenium.support.ui.FluentWait.until(FluentWait.java:231)
at pageObjects.BasePage.waitElementToBeVisible(BasePage.java:73)
at pageObjects.CraftBet_Header_Page.clickOnSignUp(CraftBet_Header_Page.java:20)
at testCases.SignUpQuickRegisterTest.goToLoginPopUp(SignUpQuickRegisterTest.java:18)
at java.base/java.util.ArrayList.forEach(ArrayList.java:1511)
at com.intellij.rt.testng.IDEARemoteTestNG.run(IDEARemoteTestNG.java:66)
at com.intellij.rt.testng.RemoteTestNGStarter.main(RemoteTestNGStarter.java:109)
Caused by: org.openqa.selenium.NoSuchElementException: no such element: Unable to locate element: {"method":"xpath","selector":"//button[@class = 'global_register-btn button-style1-type-btn']"}
  (Session info: MicrosoftEdge=103.0.1264.49)
For documentation on this error, please visit: https://selenium.dev/exceptions/#no_such_element
Build info: version: '4.2.1', revision: 'ac4d0fdd4a'
System info: host: 'DESKTOP-PO3T4V3', ip: '10.50.17.113', os.name: 'Windows 10', os.arch: 'amd64', os.version: '10.0', java.version: '17.0.2'
Driver info: org.openqa.selenium.edge.EdgeDriver
Command: [3b1e2907395c8a20d0761ecc7dac6957, findElement {using=xpath, value=//button[@class = 'global_register-btn button-style1-type-btn']}]
Capabilities {acceptInsecureCerts: false, browserName: msedge, browserVersion: 103.0.1264.49, ms:edgeOptions: {debuggerAddress: localhost:55625}, msedge: {msedgedriverVersion: 103.0.1264.49 (abaa9303c229..., userDataDir: C:\Users\NERSES~1\AppData\L...}, networkConnectionEnabled: false, pageLoadStrategy: normal, platformName: WINDOWS, proxy: Proxy(), se:cdp: ws://localhost:55625/devtoo..., se:cdpVersion: 103.0.1264.49, setWindowRect: true, strictFileInteractability: false, timeouts: {implicit: 0, pageLoad: 300000, script: 30000}, unhandledPromptBehavior: dismiss and notify, webauthn:extension:credBlob: true, webauthn:extension:largeBlob: true, webauthn:virtualAuthenticators: true}
Session ID: 3b1e2907395c8a20d0761ecc7dac6957
at org.openqa.selenium.remote.codec.w3c.W3CHttpResponseCodec.createException(W3CHttpResponseCodec.java:200)
at org.openqa.selenium.remote.codec.w3c.W3CHttpResponseCodec.decode(W3CHttpResponseCodec.java:133)
at org.openqa.selenium.remote.codec.w3c.W3CHttpResponseCodec.decode(W3CHttpResponseCodec.java:53)
at org.openqa.selenium.remote.HttpCommandExecutor.execute(HttpCommandExecutor.java:184)
at org.openqa.selenium.remote.service.DriverCommandExecutor.invokeExecute(DriverCommandExecutor.java:167)
at org.openqa.selenium.remote.service.DriverCommandExecutor.execute(DriverCommandExecutor.java:142)
at org.openqa.selenium.remote.RemoteWebDriver.execute(RemoteWebDriver.java:551)
at org.openqa.selenium.remote.ElementLocation$ElementFinder$2.findElement(ElementLocation.java:162)
at org.openqa.selenium.remote.ElementLocation.findElement(ElementLocation.java:60)
at org.openqa.selenium.remote.RemoteWebDriver.findElement(RemoteWebDriver.java:369)
at org.openqa.selenium.remote.RemoteWebDriver.findElement(RemoteWebDriver.java:361)
at org.openqa.selenium.support.pagefactory.DefaultElementLocator.findElement(DefaultElementLocator.java:70)
at org.openqa.selenium.support.pagefactory.internal.LocatingElementHandler.invoke(LocatingElementHandler.java:39)
at jdk.proxy2/jdk.proxy2.$Proxy21.isDisplayed(Unknown Source)
at org.openqa.selenium.support.ui.ExpectedConditions.elementIfVisible(ExpectedConditions.java:307)
at org.openqa.selenium.support.ui.ExpectedConditions.access$000(ExpectedConditions.java:40)
at org.openqa.selenium.support.ui.ExpectedConditions$10.apply(ExpectedConditions.java:293)
at org.openqa.selenium.support.ui.ExpectedConditions$10.apply(ExpectedConditions.java:290)
at org.openqa.selenium.support.ui.FluentWait.until(FluentWait.java:208)
... 34 more
... Removed 33 stack frames]]>
    </failure>
  </testcase> <!-- @BeforeMethod goToLoginPopUp -->
  <testcase classname="testCases.BaseTest" name="@AfterMethod tearDown" time="0.0">
    <skipped/>
  </testcase> <!-- @AfterMethod tearDown -->
  <testcase classname="testCases.BaseTest" name="@BeforeMethod setup" time="0.0">
    <skipped/>
  </testcase> <!-- @BeforeMethod setup -->
  <testcase classname="testCases.SignUpQuickRegisterTest" name="@BeforeMethod goToLoginPopUp" time="0.0">
    <skipped/>
  </testcase> <!-- @BeforeMethod goToLoginPopUp -->
  <testcase classname="testCases.BaseTest" name="@AfterMethod tearDown" time="0.0">
    <skipped/>
  </testcase> <!-- @AfterMethod tearDown -->
  <testcase classname="testCases.BaseTest" name="@BeforeMethod setup" time="0.0">
    <skipped/>
  </testcase> <!-- @BeforeMethod setup -->
  <testcase classname="testCases.SignUpQuickRegisterTest" name="@BeforeMethod goToLoginPopUp" time="0.0">
    <skipped/>
  </testcase> <!-- @BeforeMethod goToLoginPopUp -->
  <testcase classname="testCases.BaseTest" name="@AfterMethod tearDown" time="0.0">
    <skipped/>
  </testcase> <!-- @AfterMethod tearDown -->
  <testcase classname="testCases.BaseTest" name="@BeforeMethod setup" time="0.0">
    <skipped/>
  </testcase> <!-- @BeforeMethod setup -->
  <testcase classname="testCases.SignUpQuickRegisterTest" name="@BeforeMethod goToLoginPopUp" time="0.0">
    <skipped/>
  </testcase> <!-- @BeforeMethod goToLoginPopUp -->
  <testcase classname="testCases.BaseTest" name="@AfterMethod tearDown" time="0.0">
    <skipped/>
  </testcase> <!-- @AfterMethod tearDown -->
  <testcase classname="testCases.BaseTest" name="@BeforeMethod setup" time="0.0">
    <skipped/>
  </testcase> <!-- @BeforeMethod setup -->
  <testcase classname="testCases.SignUpQuickRegisterTest" name="@BeforeMethod goToLoginPopUp" time="0.0">
    <skipped/>
  </testcase> <!-- @BeforeMethod goToLoginPopUp -->
  <testcase classname="testCases.BaseTest" name="@AfterMethod tearDown" time="0.0">
    <skipped/>
  </testcase> <!-- @AfterMethod tearDown -->
  <testcase classname="testCases.BaseTest" name="@BeforeMethod setup" time="0.0">
    <skipped/>
  </testcase> <!-- @BeforeMethod setup -->
  <testcase classname="testCases.SignUpQuickRegisterTest" name="@BeforeMethod goToLoginPopUp" time="0.0">
    <skipped/>
  </testcase> <!-- @BeforeMethod goToLoginPopUp -->
  <testcase classname="testCases.BaseTest" name="@AfterMethod tearDown" time="0.0">
    <skipped/>
  </testcase> <!-- @AfterMethod tearDown -->
  <testcase classname="testCases.BaseTest" name="@BeforeMethod setup" time="0.0">
    <skipped/>
  </testcase> <!-- @BeforeMethod setup -->
  <testcase classname="testCases.SignUpQuickRegisterTest" name="@BeforeMethod goToLoginPopUp" time="0.0">
    <skipped/>
  </testcase> <!-- @BeforeMethod goToLoginPopUp -->
  <testcase classname="testCases.BaseTest" name="@AfterMethod tearDown" time="0.0">
    <skipped/>
  </testcase> <!-- @AfterMethod tearDown -->
  <testcase classname="testCases.BaseTest" name="@BeforeMethod setup" time="0.0">
    <skipped/>
  </testcase> <!-- @BeforeMethod setup -->
  <testcase classname="testCases.SignUpQuickRegisterTest" name="@BeforeMethod goToLoginPopUp" time="0.0">
    <skipped/>
  </testcase> <!-- @BeforeMethod goToLoginPopUp -->
  <testcase classname="testCases.BaseTest" name="@AfterMethod tearDown" time="0.0">
    <skipped/>
  </testcase> <!-- @AfterMethod tearDown -->
  <testcase classname="testCases.BaseTest" name="@BeforeMethod setup" time="0.0">
    <skipped/>
  </testcase> <!-- @BeforeMethod setup -->
  <testcase classname="testCases.SignUpQuickRegisterTest" name="@BeforeMethod goToLoginPopUp" time="0.0">
    <skipped/>
  </testcase> <!-- @BeforeMethod goToLoginPopUp -->
  <testcase classname="testCases.BaseTest" name="@AfterMethod tearDown" time="0.0">
    <skipped/>
  </testcase> <!-- @AfterMethod tearDown -->
  <testcase classname="testCases.BaseTest" name="@BeforeMethod setup" time="0.0">
    <skipped/>
  </testcase> <!-- @BeforeMethod setup -->
  <testcase classname="testCases.SignUpQuickRegisterTest" name="@BeforeMethod goToLoginPopUp" time="0.0">
    <skipped/>
  </testcase> <!-- @BeforeMethod goToLoginPopUp -->
  <testcase classname="testCases.BaseTest" name="@AfterMethod tearDown" time="0.0">
    <skipped/>
  </testcase> <!-- @AfterMethod tearDown -->
  <testcase classname="testCases.BaseTest" name="@BeforeMethod setup" time="0.0">
    <skipped/>
  </testcase> <!-- @BeforeMethod setup -->
  <testcase classname="testCases.SignUpQuickRegisterTest" name="@BeforeMethod goToLoginPopUp" time="0.0">
    <skipped/>
  </testcase> <!-- @BeforeMethod goToLoginPopUp -->
  <testcase classname="testCases.BaseTest" name="@AfterMethod tearDown" time="0.0">
    <skipped/>
  </testcase> <!-- @AfterMethod tearDown -->
  <testcase classname="testCases.BaseTest" name="@BeforeMethod setup" time="0.0">
    <skipped/>
  </testcase> <!-- @BeforeMethod setup -->
  <testcase classname="testCases.SignUpQuickRegisterTest" name="@BeforeMethod goToLoginPopUp" time="0.0">
    <skipped/>
  </testcase> <!-- @BeforeMethod goToLoginPopUp -->
  <testcase classname="testCases.BaseTest" name="@AfterMethod tearDown" time="0.0">
    <skipped/>
  </testcase> <!-- @AfterMethod tearDown -->
  <testcase classname="testCases.BaseTest" name="@BeforeMethod setup" time="0.0">
    <skipped/>
  </testcase> <!-- @BeforeMethod setup -->
  <testcase classname="testCases.SignUpQuickRegisterTest" name="@BeforeMethod goToLoginPopUp" time="0.0">
    <skipped/>
  </testcase> <!-- @BeforeMethod goToLoginPopUp -->
  <testcase classname="testCases.BaseTest" name="@AfterMethod tearDown" time="0.0">
    <skipped/>
  </testcase> <!-- @AfterMethod tearDown -->
  <testcase classname="testCases.BaseTest" name="@BeforeMethod setup" time="0.0">
    <skipped/>
  </testcase> <!-- @BeforeMethod setup -->
  <testcase classname="testCases.SignUpQuickRegisterTest" name="@BeforeMethod goToLoginPopUp" time="0.0">
    <skipped/>
  </testcase> <!-- @BeforeMethod goToLoginPopUp -->
  <testcase classname="testCases.BaseTest" name="@AfterMethod tearDown" time="0.0">
    <skipped/>
  </testcase> <!-- @AfterMethod tearDown -->
  <testcase classname="testCases.BaseTest" name="@BeforeMethod setup" time="0.0">
    <skipped/>
  </testcase> <!-- @BeforeMethod setup -->
  <testcase classname="testCases.SignUpQuickRegisterTest" name="@BeforeMethod goToLoginPopUp" time="0.0">
    <skipped/>
  </testcase> <!-- @BeforeMethod goToLoginPopUp -->
  <testcase classname="testCases.BaseTest" name="@AfterMethod tearDown" time="0.0">
    <skipped/>
  </testcase> <!-- @AfterMethod tearDown -->
  <testcase classname="testCases.BaseTest" name="@BeforeMethod setup" time="0.0">
    <skipped/>
  </testcase> <!-- @BeforeMethod setup -->
  <testcase classname="testCases.SignUpQuickRegisterTest" name="@BeforeMethod goToLoginPopUp" time="0.0">
    <skipped/>
  </testcase> <!-- @BeforeMethod goToLoginPopUp -->
  <testcase classname="testCases.BaseTest" name="@AfterMethod tearDown" time="0.0">
    <skipped/>
  </testcase> <!-- @AfterMethod tearDown -->
  <testcase classname="testCases.BaseTest" name="@BeforeMethod setup" time="0.0">
    <skipped/>
  </testcase> <!-- @BeforeMethod setup -->
  <testcase classname="testCases.SignUpQuickRegisterTest" name="@BeforeMethod goToLoginPopUp" time="0.0">
    <skipped/>
  </testcase> <!-- @BeforeMethod goToLoginPopUp -->
  <testcase classname="testCases.BaseTest" name="@AfterMethod tearDown" time="0.0">
    <skipped/>
  </testcase> <!-- @AfterMethod tearDown -->
  <testcase classname="testCases.BaseTest" name="@BeforeMethod setup" time="0.0">
    <skipped/>
  </testcase> <!-- @BeforeMethod setup -->
  <testcase classname="testCases.SignUpQuickRegisterTest" name="@BeforeMethod goToLoginPopUp" time="0.0">
    <skipped/>
  </testcase> <!-- @BeforeMethod goToLoginPopUp -->
  <testcase classname="testCases.BaseTest" name="@AfterMethod tearDown" time="0.0">
    <skipped/>
  </testcase> <!-- @AfterMethod tearDown -->
  <testcase classname="testCases.BaseTest" name="@BeforeMethod setup" time="0.0">
    <skipped/>
  </testcase> <!-- @BeforeMethod setup -->
  <testcase classname="testCases.SignUpQuickRegisterTest" name="@BeforeMethod goToLoginPopUp" time="0.0">
    <skipped/>
  </testcase> <!-- @BeforeMethod goToLoginPopUp -->
  <testcase classname="testCases.BaseTest" name="@AfterMethod tearDown" time="0.0">
    <skipped/>
  </testcase> <!-- @AfterMethod tearDown -->
  <testcase classname="testCases.BaseTest" name="@BeforeMethod setup" time="0.0">
    <skipped/>
  </testcase> <!-- @BeforeMethod setup -->
  <testcase classname="testCases.SignUpQuickRegisterTest" name="@BeforeMethod goToLoginPopUp" time="0.0">
    <skipped/>
  </testcase> <!-- @BeforeMethod goToLoginPopUp -->
  <testcase classname="testCases.BaseTest" name="@AfterMethod tearDown" time="0.0">
    <skipped/>
  </testcase> <!-- @AfterMethod tearDown -->
  <testcase classname="testCases.BaseTest" name="@BeforeMethod setup" time="0.0">
    <skipped/>
  </testcase> <!-- @BeforeMethod setup -->
  <testcase classname="testCases.SignUpQuickRegisterTest" name="@BeforeMethod goToLoginPopUp" time="0.0">
    <skipped/>
  </testcase> <!-- @BeforeMethod goToLoginPopUp -->
  <testcase classname="testCases.BaseTest" name="@AfterMethod tearDown" time="0.0">
    <skipped/>
  </testcase> <!-- @AfterMethod tearDown -->
  <testcase classname="testCases.BaseTest" name="@BeforeMethod setup" time="0.0">
    <skipped/>
  </testcase> <!-- @BeforeMethod setup -->
  <testcase classname="testCases.SignUpQuickRegisterTest" name="@BeforeMethod goToLoginPopUp" time="0.0">
    <skipped/>
  </testcase> <!-- @BeforeMethod goToLoginPopUp -->
  <testcase classname="testCases.BaseTest" name="@AfterMethod tearDown" time="0.0">
    <skipped/>
  </testcase> <!-- @AfterMethod tearDown -->
  <testcase classname="testCases.BaseTest" name="@BeforeMethod setup" time="0.0">
    <skipped/>
  </testcase> <!-- @BeforeMethod setup -->
  <testcase classname="testCases.SignUpQuickRegisterTest" name="@BeforeMethod goToLoginPopUp" time="0.0">
    <skipped/>
  </testcase> <!-- @BeforeMethod goToLoginPopUp -->
  <testcase classname="testCases.BaseTest" name="@AfterMethod tearDown" time="0.0">
    <skipped/>
  </testcase> <!-- @AfterMethod tearDown -->
  <testcase classname="testCases.LoginPopUpTest" name="loginPopUpLabelsPresenceVerification_Test" time="0.509">
    <failure type="java.lang.AssertionError" message="The following asserts failed:
	expected [Log In] but found [LOG IN],
	expected [Don&amp;apos;t have an account? Sign Up] but found [Don&amp;apos;t have an account? REGISTER],
	expected [Log In] but found [LOG IN]">
      <![CDATA[java.lang.AssertionError: The following asserts failed:
expected [Log In] but found [LOG IN],
expected [Don't have an account? Sign Up] but found [Don't have an account? REGISTER],
expected [Log In] but found [LOG IN]
at testCases.LoginPopUpTest.loginPopUpLabelsPresenceVerification_Test(LoginPopUpTest.java:77)
at java.base/java.util.ArrayList.forEach(ArrayList.java:1511)
at com.intellij.rt.testng.IDEARemoteTestNG.run(IDEARemoteTestNG.java:66)
at com.intellij.rt.testng.RemoteTestNGStarter.main(RemoteTestNGStarter.java:109)
... Removed 26 stack frames]]>
    </failure>
  </testcase> <!-- loginPopUpLabelsPresenceVerification_Test -->
  <testcase classname="testCases.LoginPopUpTest" name="loginPopUpLogoPresenceVerification_Test" time="0.549"/>
  <testcase classname="testCases.LoginPopUpTest" name="loginPopUpCloseButtonFunctionality_Test" time="0.74"/>
  <testcase classname="testCases.LoginPopUpTest" name="loginPopUpEyeButtonFunctionality_Test" time="0.248">
    <failure type="java.lang.AssertionError" message="The following asserts failed:
	expected [Log In] but found [LOG IN],
	expected [Don&amp;apos;t have an account? Sign Up] but found [Don&amp;apos;t have an account? REGISTER],
	expected [Log In] but found [LOG IN]">
      <![CDATA[java.lang.AssertionError: The following asserts failed:
expected [Log In] but found [LOG IN],
expected [Don't have an account? Sign Up] but found [Don't have an account? REGISTER],
expected [Log In] but found [LOG IN]
at testCases.LoginPopUpTest.loginPopUpEyeButtonFunctionality_Test(LoginPopUpTest.java:110)
at java.base/java.util.ArrayList.forEach(ArrayList.java:1511)
at com.intellij.rt.testng.IDEARemoteTestNG.run(IDEARemoteTestNG.java:66)
at com.intellij.rt.testng.RemoteTestNGStarter.main(RemoteTestNGStarter.java:109)
... Removed 26 stack frames]]>
    </failure>
  </testcase> <!-- loginPopUpEyeButtonFunctionality_Test -->
  <testcase classname="testCases.LoginPopUpTest" name="loginPopUpRememberMeLabelClickAbility_Test" time="0.17">
    <failure type="java.lang.AssertionError" message="The following asserts failed:
	expected [Log In] but found [LOG IN],
	expected [Don&amp;apos;t have an account? Sign Up] but found [Don&amp;apos;t have an account? REGISTER],
	expected [Log In] but found [LOG IN]">
      <![CDATA[java.lang.AssertionError: The following asserts failed:
expected [Log In] but found [LOG IN],
expected [Don't have an account? Sign Up] but found [Don't have an account? REGISTER],
expected [Log In] but found [LOG IN]
at testCases.LoginPopUpTest.loginPopUpRememberMeLabelClickAbility_Test(LoginPopUpTest.java:124)
at java.base/java.util.ArrayList.forEach(ArrayList.java:1511)
at com.intellij.rt.testng.IDEARemoteTestNG.run(IDEARemoteTestNG.java:66)
at com.intellij.rt.testng.RemoteTestNGStarter.main(RemoteTestNGStarter.java:109)
... Removed 26 stack frames]]>
    </failure>
  </testcase> <!-- loginPopUpRememberMeLabelClickAbility_Test -->
  <testcase classname="testCases.LoginPopUpTest" name="loginPopUpCheckBoxClickAbility_Test" time="0.151">
    <failure type="java.lang.AssertionError" message="The following asserts failed:
	expected [Log In] but found [LOG IN],
	expected [Don&amp;apos;t have an account? Sign Up] but found [Don&amp;apos;t have an account? REGISTER],
	expected [Log In] but found [LOG IN]">
      <![CDATA[java.lang.AssertionError: The following asserts failed:
expected [Log In] but found [LOG IN],
expected [Don't have an account? Sign Up] but found [Don't have an account? REGISTER],
expected [Log In] but found [LOG IN]
at testCases.LoginPopUpTest.loginPopUpCheckBoxClickAbility_Test(LoginPopUpTest.java:137)
at java.base/java.util.ArrayList.forEach(ArrayList.java:1511)
at com.intellij.rt.testng.IDEARemoteTestNG.run(IDEARemoteTestNG.java:66)
at com.intellij.rt.testng.RemoteTestNGStarter.main(RemoteTestNGStarter.java:109)
... Removed 26 stack frames]]>
    </failure>
  </testcase> <!-- loginPopUpCheckBoxClickAbility_Test -->
  <testcase classname="testCases.LoginPopUpTest" name="loginPopUpForgotPasswordLink_Test" time="0.131"/>
  <testcase classname="testCases.LoginPopUpTest" name="loginPopUpSignUpLink_Test" time="0.172"/>
  <testcase classname="testCases.LoginPopUpTest" name="loginPopUpLogInPositiveTest" time="10.304">
    <failure type="org.openqa.selenium.NoSuchElementException" message="no such element: Unable to locate element: {&amp;quot;method&amp;quot;:&amp;quot;xpath&amp;quot;,&amp;quot;selector&amp;quot;:&amp;quot;//*[@class=&amp;apos;user_id&amp;apos;]&amp;quot;}
  (Session info: MicrosoftEdge=103.0.1264.49)
For documentation on this error, please visit: https://selenium.dev/exceptions/#no_such_element
Build info: version: &amp;apos;4.2.1&amp;apos;, revision: &amp;apos;ac4d0fdd4a&amp;apos;
System info: host: &amp;apos;DESKTOP-PO3T4V3&amp;apos;, ip: &amp;apos;10.50.17.113&amp;apos;, os.name: &amp;apos;Windows 10&amp;apos;, os.arch: &amp;apos;amd64&amp;apos;, os.version: &amp;apos;10.0&amp;apos;, java.version: &amp;apos;17.0.2&amp;apos;
Driver info: org.openqa.selenium.edge.EdgeDriver
Command: [731b84d42657d9d89624a4a86d3a329b, findElement {using=xpath, value=//*[@class=&amp;apos;user_id&amp;apos;]}]
Capabilities {acceptInsecureCerts: false, browserName: msedge, browserVersion: 103.0.1264.49, ms:edgeOptions: {debuggerAddress: localhost:64348}, msedge: {msedgedriverVersion: 103.0.1264.49 (abaa9303c229..., userDataDir: C:\Users\NERSES~1\AppData\L...}, networkConnectionEnabled: false, pageLoadStrategy: normal, platformName: WINDOWS, proxy: Proxy(), se:cdp: ws://localhost:64348/devtoo..., se:cdpVersion: 103.0.1264.49, setWindowRect: true, strictFileInteractability: false, timeouts: {implicit: 0, pageLoad: 300000, script: 30000}, unhandledPromptBehavior: dismiss and notify, webauthn:extension:credBlob: true, webauthn:extension:largeBlob: true, webauthn:virtualAuthenticators: true}
Session ID: 731b84d42657d9d89624a4a86d3a329b">
      <![CDATA[org.openqa.selenium.NoSuchElementException: no such element: Unable to locate element: {"method":"xpath","selector":"//*[@class='user_id']"}
  (Session info: MicrosoftEdge=103.0.1264.49)
For documentation on this error, please visit: https://selenium.dev/exceptions/#no_such_element
Build info: version: '4.2.1', revision: 'ac4d0fdd4a'
System info: host: 'DESKTOP-PO3T4V3', ip: '10.50.17.113', os.name: 'Windows 10', os.arch: 'amd64', os.version: '10.0', java.version: '17.0.2'
Driver info: org.openqa.selenium.edge.EdgeDriver
Command: [731b84d42657d9d89624a4a86d3a329b, findElement {using=xpath, value=//*[@class='user_id']}]
Capabilities {acceptInsecureCerts: false, browserName: msedge, browserVersion: 103.0.1264.49, ms:edgeOptions: {debuggerAddress: localhost:64348}, msedge: {msedgedriverVersion: 103.0.1264.49 (abaa9303c229..., userDataDir: C:\Users\NERSES~1\AppData\L...}, networkConnectionEnabled: false, pageLoadStrategy: normal, platformName: WINDOWS, proxy: Proxy(), se:cdp: ws://localhost:64348/devtoo..., se:cdpVersion: 103.0.1264.49, setWindowRect: true, strictFileInteractability: false, timeouts: {implicit: 0, pageLoad: 300000, script: 30000}, unhandledPromptBehavior: dismiss and notify, webauthn:extension:credBlob: true, webauthn:extension:largeBlob: true, webauthn:virtualAuthenticators: true}
Session ID: 731b84d42657d9d89624a4a86d3a329b
at org.openqa.selenium.remote.codec.w3c.W3CHttpResponseCodec.createException(W3CHttpResponseCodec.java:200)
at org.openqa.selenium.remote.codec.w3c.W3CHttpResponseCodec.decode(W3CHttpResponseCodec.java:133)
at org.openqa.selenium.remote.codec.w3c.W3CHttpResponseCodec.decode(W3CHttpResponseCodec.java:53)
at org.openqa.selenium.remote.HttpCommandExecutor.execute(HttpCommandExecutor.java:184)
at org.openqa.selenium.remote.service.DriverCommandExecutor.invokeExecute(DriverCommandExecutor.java:167)
at org.openqa.selenium.remote.service.DriverCommandExecutor.execute(DriverCommandExecutor.java:142)
at org.openqa.selenium.remote.RemoteWebDriver.execute(RemoteWebDriver.java:551)
at org.openqa.selenium.remote.ElementLocation$ElementFinder$2.findElement(ElementLocation.java:162)
at org.openqa.selenium.remote.ElementLocation.findElement(ElementLocation.java:60)
at org.openqa.selenium.remote.RemoteWebDriver.findElement(RemoteWebDriver.java:369)
at org.openqa.selenium.remote.RemoteWebDriver.findElement(RemoteWebDriver.java:361)
at org.openqa.selenium.support.pagefactory.DefaultElementLocator.findElement(DefaultElementLocator.java:70)
at org.openqa.selenium.support.pagefactory.internal.LocatingElementHandler.invoke(LocatingElementHandler.java:39)
at jdk.proxy2/jdk.proxy2.$Proxy21.isEnabled(Unknown Source)
at pageObjects.BasePage.elementIsEnable(BasePage.java:103)
at pageObjects.CraftBet_Header_Page.userIdLabelIsEnabled(CraftBet_Header_Page.java:49)
at testCases.LoginPopUpTest.loginPopUpLogInPositiveTest(LoginPopUpTest.java:178)
at java.base/java.util.ArrayList.forEach(ArrayList.java:1511)
at com.intellij.rt.testng.IDEARemoteTestNG.run(IDEARemoteTestNG.java:66)
at com.intellij.rt.testng.RemoteTestNGStarter.main(RemoteTestNGStarter.java:109)
... Removed 29 stack frames]]>
    </failure>
  </testcase> <!-- loginPopUpLogInPositiveTest -->
  <testcase classname="testCases.LoginPopUpTest" name="loginPopUpLogInNegativeTest" time="10.322"/>
  <testcase classname="testCases.LoginPopUpTest" name="loginPopUpLogInNegativeTest" time="10.377"/>
  <testcase classname="testCases.LoginPopUpTest" name="loginPopUpLogInNegativeTest" time="10.338"/>
  <testcase classname="testCases.LoginPopUpTest" name="loginPopUpLogInNegativeTest" time="10.314"/>
  <testcase classname="testCases.LoginPopUpTest" name="loginPopUpLogInNegativeTest" time="10.28"/>
  <testcase classname="testCases.LoginPopUpTest" name="loginPopUpLogInNegativeTest" time="10.273"/>
  <testcase classname="testCases.LoginPopUpTest" name="loginPopUpLogInNegativeTest" time="10.319"/>
  <testcase classname="testCases.LoginPopUpTest" name="loginPopUpLogInNegativeTest" time="10.337"/>
  <testcase classname="testCases.LoginPopUpTest" name="loginPopUpLogInNegativeTest" time="30.321"/>
  <testcase classname="testCases.LoginPopUpTest" name="loginPopUpLogInNegativeTest" time="10.326"/>
  <testcase classname="testCases.LoginPopUpTest" name="loginPopUpErrorMessageValidationInvalidUsername" time="1.306"/>
  <testcase classname="testCases.LoginPopUpTest" name="loginPopUpErrorMessageValidationInvalidPassword" time="1.282"/>
  <testcase classname="testCases.PasswordRecoveryTest" name="RecoveryPopUpLabelsPresenceVerification_Test" time="0.194"/>
  <testcase classname="testCases.PasswordRecoveryTest" name="RecoveryPopUpLogoPresenceVerification_Test" time="0.033"/>
  <testcase classname="testCases.PasswordRecoveryTest" name="RecoveryPopUpSupportLink_Test" time="0.322">
    <failure type="java.lang.AssertionError" message="did not expect [https://dimabet365.com/forgot-password] but found [https://dimabet365.com/forgot-password]">
      <![CDATA[java.lang.AssertionError: did not expect [https://dimabet365.com/forgot-password] but found [https://dimabet365.com/forgot-password]
at testCases.PasswordRecoveryTest.RecoveryPopUpSupportLink_Test(PasswordRecoveryTest.java:78)
at java.base/java.util.ArrayList.forEach(ArrayList.java:1511)
at com.intellij.rt.testng.IDEARemoteTestNG.run(IDEARemoteTestNG.java:66)
at com.intellij.rt.testng.RemoteTestNGStarter.main(RemoteTestNGStarter.java:109)
... Removed 29 stack frames]]>
    </failure>
  </testcase> <!-- RecoveryPopUpSupportLink_Test -->
  <testcase classname="testCases.PasswordRecoveryTest" name="RecoveryPopUpPositiveTest" time="0.654"/>
  <testcase classname="testCases.PasswordRecoveryTest" name="RecoveryPopUpNegativeTest" time="0.153"/>
  <testcase classname="testCases.PasswordRecoveryTest" name="RecoveryPopUpNegativeTest" time="0.195"/>
  <testcase classname="testCases.PasswordRecoveryTest" name="RecoveryPopUpNegativeTest" time="0.181"/>
  <testcase classname="testCases.PasswordRecoveryTest" name="RecoveryPopUpNegativeTest" time="0.167"/>
  <testcase classname="testCases.PasswordRecoveryTest" name="RecoveryPopUpNegativeTest" time="0.172"/>
  <testcase classname="testCases.PasswordRecoveryTest" name="RecoveryPopUpNegativeTest" time="0.178"/>
  <testcase classname="testCases.SignUpQuickRegisterTest" name="SignUpPopUpQuickRegisterLabelsPresenceVerification_Test" time="0.0">
    <skipped/>
  </testcase> <!-- SignUpPopUpQuickRegisterLabelsPresenceVerification_Test -->
  <testcase classname="testCases.SignUpQuickRegisterTest" name="SignUpPopUpQuickRegisterLogoPresenceVerification_Test" time="0.0">
    <skipped/>
  </testcase> <!-- SignUpPopUpQuickRegisterLogoPresenceVerification_Test -->
  <testcase classname="testCases.SignUpQuickRegisterTest" name="SignUpPopUpQuickRegisterRegisterByDropDownVerification_Test" time="0.0">
    <skipped/>
  </testcase> <!-- SignUpPopUpQuickRegisterRegisterByDropDownVerification_Test -->
  <testcase classname="testCases.SignUpQuickRegisterTest" name="SignUpPopUpQuickRegisterCurrencyDropDownVerification_Test" time="0.0">
    <skipped/>
  </testcase> <!-- SignUpPopUpQuickRegisterCurrencyDropDownVerification_Test -->
  <testcase classname="testCases.SignUpQuickRegisterTest" name="SignUpPopUpCloseButtonFunctionality" time="0.0">
    <skipped/>
  </testcase> <!-- SignUpPopUpCloseButtonFunctionality -->
  <testcase classname="testCases.SignUpQuickRegisterTest" name="SignUpPopUpQuickRegisterRegisterPrivacyPolicy" time="0.0">
    <skipped/>
  </testcase> <!-- SignUpPopUpQuickRegisterRegisterPrivacyPolicy -->
  <testcase classname="testCases.SignUpQuickRegisterTest" name="SignUpPopUpTermsAndConditionsLinkFunctionality" time="0.0">
    <skipped/>
  </testcase> <!-- SignUpPopUpTermsAndConditionsLinkFunctionality -->
  <testcase classname="testCases.SignUpQuickRegisterTest" name="SignUpPopUpLogInLinkFunctionality" time="0.0">
    <skipped/>
  </testcase> <!-- SignUpPopUpLogInLinkFunctionality -->
  <testcase classname="testCases.SignUpQuickRegisterTest" name="SignUpPopUpQuickFullRegistrationButtonFunctionality" time="0.0">
    <skipped/>
  </testcase> <!-- SignUpPopUpQuickFullRegistrationButtonFunctionality -->
  <testcase classname="testCases.SignUpQuickRegisterTest" name="SignUpPopUpQuickRegisterWithEmailPositiveTest" time="0.0">
    <skipped/>
  </testcase> <!-- SignUpPopUpQuickRegisterWithEmailPositiveTest -->
  <testcase classname="testCases.SignUpQuickRegisterTest" name="SignUpPopUpQuickRegisterWithEmailNegativeTest" time="0.0">
    <skipped/>
  </testcase> <!-- SignUpPopUpQuickRegisterWithEmailNegativeTest -->
  <testcase classname="testCases.SignUpQuickRegisterTest" name="SignUpPopUpQuickRegisterWithEmailNegativeTest" time="0.0">
    <skipped/>
  </testcase> <!-- SignUpPopUpQuickRegisterWithEmailNegativeTest -->
  <testcase classname="testCases.SignUpQuickRegisterTest" name="SignUpPopUpQuickRegisterWithEmailNegativeTest" time="0.0">
    <skipped/>
  </testcase> <!-- SignUpPopUpQuickRegisterWithEmailNegativeTest -->
  <testcase classname="testCases.SignUpQuickRegisterTest" name="SignUpPopUpQuickRegisterWithEmailNegativeTest" time="0.0">
    <skipped/>
  </testcase> <!-- SignUpPopUpQuickRegisterWithEmailNegativeTest -->
  <testcase classname="testCases.SignUpQuickRegisterTest" name="SignUpPopUpQuickRegisterWithEmailNegativeTest" time="0.0">
    <skipped/>
  </testcase> <!-- SignUpPopUpQuickRegisterWithEmailNegativeTest -->
  <testcase classname="testCases.SignUpQuickRegisterTest" name="SignUpPopUpQuickRegisterWithEmailNegativeTest" time="0.001">
    <skipped/>
  </testcase> <!-- SignUpPopUpQuickRegisterWithEmailNegativeTest -->
  <testcase classname="testCases.SignUpQuickRegisterTest" name="SignUpPopUpQuickRegisterWithMobilePositiveTest" time="0.0">
    <skipped/>
  </testcase> <!-- SignUpPopUpQuickRegisterWithMobilePositiveTest -->
  <testcase classname="testCases.SignUpQuickRegisterTest" name="SignUpPopUpQuickRegisterWithMobileNegativeTest" time="0.0">
    <skipped/>
  </testcase> <!-- SignUpPopUpQuickRegisterWithMobileNegativeTest -->
  <testcase classname="testCases.SignUpQuickRegisterTest" name="SignUpPopUpQuickRegisterWithMobileNegativeTest" time="0.0">
    <skipped/>
  </testcase> <!-- SignUpPopUpQuickRegisterWithMobileNegativeTest -->
  <testcase classname="testCases.SignUpQuickRegisterTest" name="SignUpPopUpQuickRegisterWithMobileNegativeTest" time="0.0">
    <skipped/>
  </testcase> <!-- SignUpPopUpQuickRegisterWithMobileNegativeTest -->
  <testcase classname="testCases.SignUpQuickRegisterTest" name="SignUpPopUpQuickRegisterWithMobileNegativeTest" time="0.0">
    <skipped/>
  </testcase> <!-- SignUpPopUpQuickRegisterWithMobileNegativeTest -->
  <testcase classname="testCases.SignUpQuickRegisterTest" name="SignUpPopUpQuickRegisterWithMobileNegativeTest" time="0.0">
    <skipped/>
  </testcase> <!-- SignUpPopUpQuickRegisterWithMobileNegativeTest -->
  <testcase classname="testCases.SignUpQuickRegisterTest" name="SignUpPopUpQuickRegisterWithMobileNegativeTest" time="0.0">
    <skipped/>
  </testcase> <!-- SignUpPopUpQuickRegisterWithMobileNegativeTest -->
  <testcase classname="testCases.BaseTest" name="@AfterSuite finish" time="0.0">
    <ignored/>
  </testcase> <!-- @AfterSuite finish -->
  <testcase classname="testCases.BaseTest" name="@AfterSuite finish" time="0.0">
    <ignored/>
  </testcase> <!-- @AfterSuite finish -->
</testsuite> <!-- testCases.LoginPopUpTest -->
