-------------------------------------------------------------------------------
Test set: TestSuite
-------------------------------------------------------------------------------
Tests run: 65, Failures: 9, Errors: 0, Skipped: 0, Time elapsed: 894.247 sec <<< FAILURE! - in TestSuite
RecoveryPopUpSupportLink_Test(testCases.PasswordRecoveryTest)  Time elapsed: 0.819 sec  <<< FAILURE!
java.lang.AssertionError: did not expect [https://craftbet.com/forgot-password] but found [https://craftbet.com/forgot-password]
	at org.testng.Assert.fail(Assert.java:110)
	at org.testng.Assert.failEquals(Assert.java:1417)
	at org.testng.Assert.assertNotEqualsImpl(Assert.java:156)
	at org.testng.Assert.assertNotEquals(Assert.java:2033)
	at org.testng.Assert.assertNotEquals(Assert.java:2055)
	at testCases.PasswordRecoveryTest.RecoveryPopUpSupportLink_Test(PasswordRecoveryTest.java:84)

RecoveryPopUpNegativeTest(testCases.PasswordRecoveryTest)  Time elapsed: 21.128 sec  <<< FAILURE!
java.lang.AssertionError: expected [true] but found [false]
	at org.testng.Assert.fail(Assert.java:110)
	at org.testng.Assert.failNotEquals(Assert.java:1413)
	at org.testng.Assert.assertTrue(Assert.java:56)
	at org.testng.Assert.assertTrue(Assert.java:66)
	at testCases.PasswordRecoveryTest.RecoveryPopUpNegativeTest(PasswordRecoveryTest.java:125)

RecoveryPopUpNegativeTest(testCases.PasswordRecoveryTest)  Time elapsed: 21.152 sec  <<< FAILURE!
java.lang.AssertionError: expected [true] but found [false]
	at org.testng.Assert.fail(Assert.java:110)
	at org.testng.Assert.failNotEquals(Assert.java:1413)
	at org.testng.Assert.assertTrue(Assert.java:56)
	at org.testng.Assert.assertTrue(Assert.java:66)
	at testCases.PasswordRecoveryTest.RecoveryPopUpNegativeTest(PasswordRecoveryTest.java:125)

RecoveryPopUpNegativeTest(testCases.PasswordRecoveryTest)  Time elapsed: 21.038 sec  <<< FAILURE!
java.lang.AssertionError: expected [true] but found [false]
	at org.testng.Assert.fail(Assert.java:110)
	at org.testng.Assert.failNotEquals(Assert.java:1413)
	at org.testng.Assert.assertTrue(Assert.java:56)
	at org.testng.Assert.assertTrue(Assert.java:66)
	at testCases.PasswordRecoveryTest.RecoveryPopUpNegativeTest(PasswordRecoveryTest.java:125)

loginPopUpLogInPositiveTest(testCases.LoginPopUpTest)  Time elapsed: 12.46 sec  <<< FAILURE!
org.openqa.selenium.NoSuchElementException: no such element: Unable to locate element: {"method":"xpath","selector":"//*[@class='user_id']"}
  (Session info: headless chrome=103.0.5060.114)
For documentation on this error, please visit: https://selenium.dev/exceptions/#no_such_element
Build info: version: '4.2.1', revision: 'ac4d0fdd4a'
System info: host: 'DESKTOP-PO3T4V3', ip: '10.50.17.113', os.name: 'Windows 10', os.arch: 'amd64', os.version: '10.0', java.version: '17.0.2'
Driver info: org.openqa.selenium.chrome.ChromeDriver
Command: [62d6a0687b5e1afc9761a345f94595fc, findElement {using=xpath, value=//*[@class='user_id']}]
Capabilities {acceptInsecureCerts: false, browserName: chrome, browserVersion: 103.0.5060.114, chrome: {chromedriverVersion: 103.0.5060.134 (8ec6fce403b..., userDataDir: C:\Users\NERSES~1\AppData\L...}, goog:chromeOptions: {debuggerAddress: localhost:59801}, networkConnectionEnabled: false, pageLoadStrategy: normal, platformName: WINDOWS, proxy: Proxy(), se:cdp: ws://localhost:59801/devtoo..., se:cdpVersion: 103.0.5060.114, setWindowRect: true, strictFileInteractability: false, timeouts: {implicit: 0, pageLoad: 300000, script: 30000}, unhandledPromptBehavior: dismiss and notify, webauthn:extension:credBlob: true, webauthn:extension:largeBlob: true, webauthn:virtualAuthenticators: true}
Session ID: 62d6a0687b5e1afc9761a345f94595fc
	at jdk.internal.reflect.GeneratedConstructorAccessor59.newInstance(Unknown Source)
	at java.base/jdk.internal.reflect.DelegatingConstructorAccessorImpl.newInstance(DelegatingConstructorAccessorImpl.java:45)
	at java.base/java.lang.reflect.Constructor.newInstanceWithCaller(Constructor.java:499)
	at java.base/java.lang.reflect.Constructor.newInstance(Constructor.java:480)
	at org.openqa.selenium.remote.codec.w3c.W3CHttpResponseCodec.createException(W3CHttpResponseCodec.java:200)
	at org.openqa.selenium.remote.codec.w3c.W3CHttpResponseCodec.decode(W3CHttpResponseCodec.java:133)
	at org.openqa.selenium.remote.codec.w3c.W3CHttpResponseCodec.decode(W3CHttpResponseCodec.java:53)
	at org.openqa.selenium.remote.HttpCommandExecutor.execute(HttpCommandExecutor.java:184)
	at org.openqa.selenium.remote.service.DriverCommandExecutor.invokeExecute(DriverCommandExecutor.java:167)
	at org.openqa.selenium.remote.service.DriverCommandExecutor.execute(DriverCommandExecutor.java:142)
	at org.openqa.selenium.remote.RemoteWebDriver.execute(RemoteWebDriver.java:551)
	at org.openqa.selenium.remote.ElementLocation$ElementFinder$2.findElement(ElementLocation.java:162)
	at org.openqa.selenium.remote.ElementLocation.findElement(ElementLocation.java:60)
	at org.openqa.selenium.remote.RemoteWebDriver.findElement(RemoteWebDriver.java:369)
	at org.openqa.selenium.remote.RemoteWebDriver.findElement(RemoteWebDriver.java:361)
	at org.openqa.selenium.support.pagefactory.DefaultElementLocator.findElement(DefaultElementLocator.java:70)
	at org.openqa.selenium.support.pagefactory.internal.LocatingElementHandler.invoke(LocatingElementHandler.java:39)
	at jdk.proxy2/jdk.proxy2.$Proxy19.isEnabled(Unknown Source)
	at pageObjects.BasePage.elementIsEnable(BasePage.java:102)
	at pageObjects.CraftBet_Header_Page.userIdLabelIsEnabled(CraftBet_Header_Page.java:205)
	at testCases.LoginPopUpTest.loginPopUpLogInPositiveTest(LoginPopUpTest.java:187)

loginPopUpErrorMessageValidationInvalidUsername(testCases.LoginPopUpTest)  Time elapsed: 3.215 sec  <<< FAILURE!
java.lang.AssertionError: expected [Username or Password is incorrect. Please try again.] but found [Younger]
	at org.testng.Assert.fail(Assert.java:110)
	at org.testng.Assert.failNotEquals(Assert.java:1413)
	at org.testng.Assert.assertEqualsImpl(Assert.java:149)
	at org.testng.Assert.assertEquals(Assert.java:131)
	at org.testng.Assert.assertEquals(Assert.java:655)
	at org.testng.Assert.assertEquals(Assert.java:665)
	at testCases.LoginPopUpTest.loginPopUpErrorMessageValidationInvalidUsername(LoginPopUpTest.java:259)

SignUpPopUpQuickRegisterWithEmailNegativeTest(testCases.SignUpQuickRegisterTest)  Time elapsed: 2.543 sec  <<< FAILURE!
java.lang.AssertionError: expected [Invalid email address] but found [Email address must be unique]
	at org.testng.Assert.fail(Assert.java:110)
	at org.testng.Assert.failNotEquals(Assert.java:1413)
	at org.testng.Assert.assertEqualsImpl(Assert.java:149)
	at org.testng.Assert.assertEquals(Assert.java:131)
	at org.testng.Assert.assertEquals(Assert.java:655)
	at org.testng.Assert.assertEquals(Assert.java:665)
	at testCases.SignUpQuickRegisterTest.SignUpPopUpQuickRegisterWithEmailNegativeTest(SignUpQuickRegisterTest.java:256)

SignUpPopUpQuickRegisterWithEmailNegativeTest(testCases.SignUpQuickRegisterTest)  Time elapsed: 2.356 sec  <<< FAILURE!
java.lang.AssertionError: expected [Invalid email address] but found [Email address must be unique]
	at org.testng.Assert.fail(Assert.java:110)
	at org.testng.Assert.failNotEquals(Assert.java:1413)
	at org.testng.Assert.assertEqualsImpl(Assert.java:149)
	at org.testng.Assert.assertEquals(Assert.java:131)
	at org.testng.Assert.assertEquals(Assert.java:655)
	at org.testng.Assert.assertEquals(Assert.java:665)
	at testCases.SignUpQuickRegisterTest.SignUpPopUpQuickRegisterWithEmailNegativeTest(SignUpQuickRegisterTest.java:256)

SignUpPopUpQuickRegisterWithMobileNegativeTest(testCases.SignUpQuickRegisterTest)  Time elapsed: 2.788 sec  <<< FAILURE!
java.lang.AssertionError: expected [craft_btn reg_btn not_active] but found [craft_btn reg_btn active-item]
	at org.testng.Assert.fail(Assert.java:110)
	at org.testng.Assert.failNotEquals(Assert.java:1413)
	at org.testng.Assert.assertEqualsImpl(Assert.java:149)
	at org.testng.Assert.assertEquals(Assert.java:131)
	at org.testng.Assert.assertEquals(Assert.java:655)
	at org.testng.Assert.assertEquals(Assert.java:665)
	at testCases.SignUpQuickRegisterTest.SignUpPopUpQuickRegisterWithMobileNegativeTest(SignUpQuickRegisterTest.java:322)

