<?xml version="1.0" encoding="UTF-8"?>
<testng-results ignored="0" total="13" passed="13" failed="0" skipped="0">
  <reporter-output>
  </reporter-output>
  <suite started-at="2022-07-07T12:12:28 AMT" name="All Test Suite" finished-at="2022-07-07T12:15:14 AMT" duration-ms="165545">
    <groups>
    </groups>
    <test started-at="2022-07-07T12:12:28 AMT" name="testCases.LoginPopUpTest" finished-at="2022-07-07T12:15:14 AMT" duration-ms="165545">
      <class name="testCases.LoginPopUpTest">
        <test-method is-config="true" signature="StartSuite()[pri:0, instance:testCases.LoginPopUpTest@4d154ccd]" started-at="2022-07-07T12:12:28 AMT" name="StartSuite" finished-at="2022-07-07T12:12:28 AMT" duration-ms="29" status="PASS">
          <reporter-output>
          </reporter-output>
        </test-method> <!-- StartSuite -->
        <test-method is-config="true" signature="setup()[pri:0, instance:testCases.LoginPopUpTest@4d154ccd]" started-at="2022-07-07T12:12:29 AMT" name="setup" finished-at="2022-07-07T12:12:38 AMT" duration-ms="9719" status="PASS">
          <reporter-output>
          </reporter-output>
        </test-method> <!-- setup -->
        <test-method is-config="true" signature="goToLoginPopUp()[pri:0, instance:testCases.LoginPopUpTest@4d154ccd]" started-at="2022-07-07T12:12:38 AMT" name="goToLoginPopUp" finished-at="2022-07-07T12:12:39 AMT" duration-ms="409" status="PASS">
          <reporter-output>
          </reporter-output>
        </test-method> <!-- goToLoginPopUp -->
        <test-method signature="loginPopUpLabelsPresenceVerification_Test()[pri:1, instance:testCases.LoginPopUpTest@4d154ccd]" started-at="2022-07-07T12:12:39 AMT" name="loginPopUpLabelsPresenceVerification_Test" description="Validate on Log_in Pop Up Header, Email/mobile or username, Password, Remember me, You can Sign in with, Don&#039;t have an account? Sign Up, Don&#039;t have an account? Sign Up, Safe and Secure labels" finished-at="2022-07-07T12:12:39 AMT" duration-ms="374" status="PASS">
          <reporter-output>
          </reporter-output>
        </test-method> <!-- loginPopUpLabelsPresenceVerification_Test -->
        <test-method is-config="true" signature="tearDown()[pri:0, instance:testCases.LoginPopUpTest@4d154ccd]" started-at="2022-07-07T12:12:39 AMT" name="tearDown" finished-at="2022-07-07T12:12:40 AMT" duration-ms="437" status="PASS">
          <reporter-output>
          </reporter-output>
        </test-method> <!-- tearDown -->
        <test-method is-config="true" signature="setup()[pri:0, instance:testCases.LoginPopUpTest@4d154ccd]" started-at="2022-07-07T12:12:40 AMT" name="setup" finished-at="2022-07-07T12:12:47 AMT" duration-ms="7292" status="PASS">
          <reporter-output>
          </reporter-output>
        </test-method> <!-- setup -->
        <test-method is-config="true" signature="goToLoginPopUp()[pri:0, instance:testCases.LoginPopUpTest@4d154ccd]" started-at="2022-07-07T12:12:47 AMT" name="goToLoginPopUp" finished-at="2022-07-07T12:12:48 AMT" duration-ms="552" status="PASS">
          <reporter-output>
          </reporter-output>
        </test-method> <!-- goToLoginPopUp -->
        <test-method signature="loginPopUpLogoPresenceVerification_Test()[pri:2, instance:testCases.LoginPopUpTest@4d154ccd]" started-at="2022-07-07T12:12:48 AMT" name="loginPopUpLogoPresenceVerification_Test" description="Validate on Log_in Pop Up Logo Presence" finished-at="2022-07-07T12:12:48 AMT" duration-ms="88" status="PASS">
          <reporter-output>
          </reporter-output>
        </test-method> <!-- loginPopUpLogoPresenceVerification_Test -->
        <test-method is-config="true" signature="tearDown()[pri:0, instance:testCases.LoginPopUpTest@4d154ccd]" started-at="2022-07-07T12:12:48 AMT" name="tearDown" finished-at="2022-07-07T12:12:48 AMT" duration-ms="416" status="PASS">
          <reporter-output>
          </reporter-output>
        </test-method> <!-- tearDown -->
        <test-method is-config="true" signature="setup()[pri:0, instance:testCases.LoginPopUpTest@4d154ccd]" started-at="2022-07-07T12:12:48 AMT" name="setup" finished-at="2022-07-07T12:12:55 AMT" duration-ms="6646" status="PASS">
          <reporter-output>
          </reporter-output>
        </test-method> <!-- setup -->
        <test-method is-config="true" signature="goToLoginPopUp()[pri:0, instance:testCases.LoginPopUpTest@4d154ccd]" started-at="2022-07-07T12:12:55 AMT" name="goToLoginPopUp" finished-at="2022-07-07T12:12:55 AMT" duration-ms="507" status="PASS">
          <reporter-output>
          </reporter-output>
        </test-method> <!-- goToLoginPopUp -->
        <test-method signature="loginPopUpCloseButtonFunctionality_Test()[pri:3, instance:testCases.LoginPopUpTest@4d154ccd]" started-at="2022-07-07T12:12:55 AMT" name="loginPopUpCloseButtonFunctionality_Test" description="Validate on Log_in Pop Up Close (X) button functionality" finished-at="2022-07-07T12:12:56 AMT" duration-ms="849" status="PASS">
          <reporter-output>
          </reporter-output>
        </test-method> <!-- loginPopUpCloseButtonFunctionality_Test -->
        <test-method is-config="true" signature="tearDown()[pri:0, instance:testCases.LoginPopUpTest@4d154ccd]" started-at="2022-07-07T12:12:56 AMT" name="tearDown" finished-at="2022-07-07T12:12:57 AMT" duration-ms="391" status="PASS">
          <reporter-output>
          </reporter-output>
        </test-method> <!-- tearDown -->
        <test-method is-config="true" signature="setup()[pri:0, instance:testCases.LoginPopUpTest@4d154ccd]" started-at="2022-07-07T12:12:57 AMT" name="setup" finished-at="2022-07-07T12:13:04 AMT" duration-ms="7327" status="PASS">
          <reporter-output>
          </reporter-output>
        </test-method> <!-- setup -->
        <test-method is-config="true" signature="goToLoginPopUp()[pri:0, instance:testCases.LoginPopUpTest@4d154ccd]" started-at="2022-07-07T12:13:04 AMT" name="goToLoginPopUp" finished-at="2022-07-07T12:13:05 AMT" duration-ms="657" status="PASS">
          <reporter-output>
          </reporter-output>
        </test-method> <!-- goToLoginPopUp -->
        <test-method signature="loginPopUpEyeButtonFunctionality_Test()[pri:4, instance:testCases.LoginPopUpTest@4d154ccd]" started-at="2022-07-07T12:13:05 AMT" name="loginPopUpEyeButtonFunctionality_Test" description="Validate on Log_in Pop Up eye functionality" finished-at="2022-07-07T12:13:05 AMT" duration-ms="355" status="PASS">
          <reporter-output>
          </reporter-output>
        </test-method> <!-- loginPopUpEyeButtonFunctionality_Test -->
        <test-method is-config="true" signature="tearDown()[pri:0, instance:testCases.LoginPopUpTest@4d154ccd]" started-at="2022-07-07T12:13:05 AMT" name="tearDown" finished-at="2022-07-07T12:13:05 AMT" duration-ms="324" status="PASS">
          <reporter-output>
          </reporter-output>
        </test-method> <!-- tearDown -->
        <test-method is-config="true" signature="setup()[pri:0, instance:testCases.LoginPopUpTest@4d154ccd]" started-at="2022-07-07T12:13:05 AMT" name="setup" finished-at="2022-07-07T12:13:12 AMT" duration-ms="6884" status="PASS">
          <reporter-output>
          </reporter-output>
        </test-method> <!-- setup -->
        <test-method is-config="true" signature="goToLoginPopUp()[pri:0, instance:testCases.LoginPopUpTest@4d154ccd]" started-at="2022-07-07T12:13:12 AMT" name="goToLoginPopUp" finished-at="2022-07-07T12:13:13 AMT" duration-ms="704" status="PASS">
          <reporter-output>
          </reporter-output>
        </test-method> <!-- goToLoginPopUp -->
        <test-method signature="loginPopUpRememberMeLabelClickAbility_Test()[pri:5, instance:testCases.LoginPopUpTest@4d154ccd]" started-at="2022-07-07T12:13:13 AMT" name="loginPopUpRememberMeLabelClickAbility_Test" description="Validate on Log_in Pop Up Remember me label click-ability" finished-at="2022-07-07T12:13:13 AMT" duration-ms="407" status="PASS">
          <reporter-output>
          </reporter-output>
        </test-method> <!-- loginPopUpRememberMeLabelClickAbility_Test -->
        <test-method is-config="true" signature="tearDown()[pri:0, instance:testCases.LoginPopUpTest@4d154ccd]" started-at="2022-07-07T12:13:13 AMT" name="tearDown" finished-at="2022-07-07T12:13:14 AMT" duration-ms="426" status="PASS">
          <reporter-output>
          </reporter-output>
        </test-method> <!-- tearDown -->
        <test-method is-config="true" signature="setup()[pri:0, instance:testCases.LoginPopUpTest@4d154ccd]" started-at="2022-07-07T12:13:14 AMT" name="setup" finished-at="2022-07-07T12:13:20 AMT" duration-ms="6370" status="PASS">
          <reporter-output>
          </reporter-output>
        </test-method> <!-- setup -->
        <test-method is-config="true" signature="goToLoginPopUp()[pri:0, instance:testCases.LoginPopUpTest@4d154ccd]" started-at="2022-07-07T12:13:20 AMT" name="goToLoginPopUp" finished-at="2022-07-07T12:13:21 AMT" duration-ms="715" status="PASS">
          <reporter-output>
          </reporter-output>
        </test-method> <!-- goToLoginPopUp -->
        <test-method signature="loginPopUpCheckBoxClickAbility_Test()[pri:6, instance:testCases.LoginPopUpTest@4d154ccd]" started-at="2022-07-07T12:13:21 AMT" name="loginPopUpCheckBoxClickAbility_Test" description="Validate on Log_in Pop Up checkBox functionality" finished-at="2022-07-07T12:13:21 AMT" duration-ms="183" status="PASS">
          <reporter-output>
          </reporter-output>
        </test-method> <!-- loginPopUpCheckBoxClickAbility_Test -->
        <test-method is-config="true" signature="tearDown()[pri:0, instance:testCases.LoginPopUpTest@4d154ccd]" started-at="2022-07-07T12:13:21 AMT" name="tearDown" finished-at="2022-07-07T12:13:21 AMT" duration-ms="369" status="PASS">
          <reporter-output>
          </reporter-output>
        </test-method> <!-- tearDown -->
        <test-method is-config="true" signature="setup()[pri:0, instance:testCases.LoginPopUpTest@4d154ccd]" started-at="2022-07-07T12:13:21 AMT" name="setup" finished-at="2022-07-07T12:13:29 AMT" duration-ms="7246" status="PASS">
          <reporter-output>
          </reporter-output>
        </test-method> <!-- setup -->
        <test-method is-config="true" signature="goToLoginPopUp()[pri:0, instance:testCases.LoginPopUpTest@4d154ccd]" started-at="2022-07-07T12:13:29 AMT" name="goToLoginPopUp" finished-at="2022-07-07T12:13:29 AMT" duration-ms="435" status="PASS">
          <reporter-output>
          </reporter-output>
        </test-method> <!-- goToLoginPopUp -->
        <test-method signature="loginPopUpForgotPasswordLink_Test()[pri:7, instance:testCases.LoginPopUpTest@4d154ccd]" started-at="2022-07-07T12:13:29 AMT" name="loginPopUpForgotPasswordLink_Test" description="Validate on Log_in Pop Up Forgot password link functionality" finished-at="2022-07-07T12:13:29 AMT" duration-ms="235" status="PASS">
          <reporter-output>
          </reporter-output>
        </test-method> <!-- loginPopUpForgotPasswordLink_Test -->
        <test-method is-config="true" signature="tearDown()[pri:0, instance:testCases.LoginPopUpTest@4d154ccd]" started-at="2022-07-07T12:13:29 AMT" name="tearDown" finished-at="2022-07-07T12:13:30 AMT" duration-ms="317" status="PASS">
          <reporter-output>
          </reporter-output>
        </test-method> <!-- tearDown -->
        <test-method is-config="true" signature="setup()[pri:0, instance:testCases.LoginPopUpTest@4d154ccd]" started-at="2022-07-07T12:13:30 AMT" name="setup" finished-at="2022-07-07T12:13:43 AMT" duration-ms="13047" status="PASS">
          <reporter-output>
          </reporter-output>
        </test-method> <!-- setup -->
        <test-method is-config="true" signature="goToLoginPopUp()[pri:0, instance:testCases.LoginPopUpTest@4d154ccd]" started-at="2022-07-07T12:13:43 AMT" name="goToLoginPopUp" finished-at="2022-07-07T12:13:43 AMT" duration-ms="566" status="PASS">
          <reporter-output>
          </reporter-output>
        </test-method> <!-- goToLoginPopUp -->
        <test-method signature="loginPopUpSignUpLink_Test()[pri:8, instance:testCases.LoginPopUpTest@4d154ccd]" started-at="2022-07-07T12:13:43 AMT" name="loginPopUpSignUpLink_Test" description="Validate on Log_in Pop Up SignUp link functionality" finished-at="2022-07-07T12:13:43 AMT" duration-ms="272" status="PASS">
          <reporter-output>
          </reporter-output>
        </test-method> <!-- loginPopUpSignUpLink_Test -->
        <test-method is-config="true" signature="tearDown()[pri:0, instance:testCases.LoginPopUpTest@4d154ccd]" started-at="2022-07-07T12:13:43 AMT" name="tearDown" finished-at="2022-07-07T12:13:44 AMT" duration-ms="372" status="PASS">
          <reporter-output>
          </reporter-output>
        </test-method> <!-- tearDown -->
        <test-method is-config="true" signature="setup()[pri:0, instance:testCases.LoginPopUpTest@4d154ccd]" started-at="2022-07-07T12:13:44 AMT" name="setup" finished-at="2022-07-07T12:14:09 AMT" duration-ms="25526" status="PASS">
          <reporter-output>
          </reporter-output>
        </test-method> <!-- setup -->
        <test-method is-config="true" signature="goToLoginPopUp()[pri:0, instance:testCases.LoginPopUpTest@4d154ccd]" started-at="2022-07-07T12:14:09 AMT" name="goToLoginPopUp" finished-at="2022-07-07T12:14:10 AMT" duration-ms="676" status="PASS">
          <reporter-output>
          </reporter-output>
        </test-method> <!-- goToLoginPopUp -->
        <test-method signature="loginPopUpLogInPositiveTest()[pri:9, instance:testCases.LoginPopUpTest@4d154ccd]" started-at="2022-07-07T12:14:10 AMT" name="loginPopUpLogInPositiveTest" description="Validate on Log_in Pop Up Log_In functionality with valid credentials" finished-at="2022-07-07T12:14:12 AMT" duration-ms="2019" status="PASS">
          <reporter-output>
          </reporter-output>
        </test-method> <!-- loginPopUpLogInPositiveTest -->
        <test-method is-config="true" signature="tearDown()[pri:0, instance:testCases.LoginPopUpTest@4d154ccd]" started-at="2022-07-07T12:14:12 AMT" name="tearDown" finished-at="2022-07-07T12:14:12 AMT" duration-ms="378" status="PASS">
          <reporter-output>
          </reporter-output>
        </test-method> <!-- tearDown -->
        <test-method is-config="true" signature="setup()[pri:0, instance:testCases.LoginPopUpTest@4d154ccd]" started-at="2022-07-07T12:14:12 AMT" name="setup" finished-at="2022-07-07T12:14:24 AMT" duration-ms="11331" status="PASS">
          <reporter-output>
          </reporter-output>
        </test-method> <!-- setup -->
        <test-method is-config="true" signature="goToLoginPopUp()[pri:0, instance:testCases.LoginPopUpTest@4d154ccd]" started-at="2022-07-07T12:14:24 AMT" name="goToLoginPopUp" finished-at="2022-07-07T12:14:24 AMT" duration-ms="610" status="PASS">
          <reporter-output>
          </reporter-output>
        </test-method> <!-- goToLoginPopUp -->
        <test-method signature="loginPopUpLogInNegativeTest1()[pri:10, instance:testCases.LoginPopUpTest@4d154ccd]" started-at="2022-07-07T12:14:24 AMT" name="loginPopUpLogInNegativeTest1" description="Validate on Log_in Pop Up Log_In functionality with invalid password" finished-at="2022-07-07T12:14:35 AMT" duration-ms="10653" status="PASS">
          <reporter-output>
          </reporter-output>
        </test-method> <!-- loginPopUpLogInNegativeTest1 -->
        <test-method is-config="true" signature="tearDown()[pri:0, instance:testCases.LoginPopUpTest@4d154ccd]" started-at="2022-07-07T12:14:35 AMT" name="tearDown" finished-at="2022-07-07T12:14:35 AMT" duration-ms="367" status="PASS">
          <reporter-output>
          </reporter-output>
        </test-method> <!-- tearDown -->
        <test-method is-config="true" signature="setup()[pri:0, instance:testCases.LoginPopUpTest@4d154ccd]" started-at="2022-07-07T12:14:35 AMT" name="setup" finished-at="2022-07-07T12:14:44 AMT" duration-ms="8186" status="PASS">
          <reporter-output>
          </reporter-output>
        </test-method> <!-- setup -->
        <test-method is-config="true" signature="goToLoginPopUp()[pri:0, instance:testCases.LoginPopUpTest@4d154ccd]" started-at="2022-07-07T12:14:44 AMT" name="goToLoginPopUp" finished-at="2022-07-07T12:14:44 AMT" duration-ms="556" status="PASS">
          <reporter-output>
          </reporter-output>
        </test-method> <!-- goToLoginPopUp -->
        <test-method signature="loginPopUpLogInNegativeTest2()[pri:11, instance:testCases.LoginPopUpTest@4d154ccd]" started-at="2022-07-07T12:14:44 AMT" name="loginPopUpLogInNegativeTest2" description="Validate on Log_in Pop Up Log_In functionality with invalid username" finished-at="2022-07-07T12:14:55 AMT" duration-ms="10544" status="PASS">
          <reporter-output>
          </reporter-output>
        </test-method> <!-- loginPopUpLogInNegativeTest2 -->
        <test-method is-config="true" signature="tearDown()[pri:0, instance:testCases.LoginPopUpTest@4d154ccd]" started-at="2022-07-07T12:14:55 AMT" name="tearDown" finished-at="2022-07-07T12:14:55 AMT" duration-ms="546" status="PASS">
          <reporter-output>
          </reporter-output>
        </test-method> <!-- tearDown -->
        <test-method is-config="true" signature="setup()[pri:0, instance:testCases.LoginPopUpTest@4d154ccd]" started-at="2022-07-07T12:14:55 AMT" name="setup" finished-at="2022-07-07T12:15:01 AMT" duration-ms="5950" status="PASS">
          <reporter-output>
          </reporter-output>
        </test-method> <!-- setup -->
        <test-method is-config="true" signature="goToLoginPopUp()[pri:0, instance:testCases.LoginPopUpTest@4d154ccd]" started-at="2022-07-07T12:15:01 AMT" name="goToLoginPopUp" finished-at="2022-07-07T12:15:03 AMT" duration-ms="1276" status="PASS">
          <reporter-output>
          </reporter-output>
        </test-method> <!-- goToLoginPopUp -->
        <test-method signature="loginPopUpErrorMessageValidationInvalidUsername()[pri:12, instance:testCases.LoginPopUpTest@4d154ccd]" started-at="2022-07-07T12:15:03 AMT" name="loginPopUpErrorMessageValidationInvalidUsername" description="Validate on Log_in Pop Up Error message with invalid username" finished-at="2022-07-07T12:15:04 AMT" duration-ms="1540" status="PASS">
          <reporter-output>
          </reporter-output>
        </test-method> <!-- loginPopUpErrorMessageValidationInvalidUsername -->
        <test-method is-config="true" signature="tearDown()[pri:0, instance:testCases.LoginPopUpTest@4d154ccd]" started-at="2022-07-07T12:15:04 AMT" name="tearDown" finished-at="2022-07-07T12:15:04 AMT" duration-ms="357" status="PASS">
          <reporter-output>
          </reporter-output>
        </test-method> <!-- tearDown -->
        <test-method is-config="true" signature="setup()[pri:0, instance:testCases.LoginPopUpTest@4d154ccd]" started-at="2022-07-07T12:15:04 AMT" name="setup" finished-at="2022-07-07T12:15:11 AMT" duration-ms="6340" status="PASS">
          <reporter-output>
          </reporter-output>
        </test-method> <!-- setup -->
        <test-method is-config="true" signature="goToLoginPopUp()[pri:0, instance:testCases.LoginPopUpTest@4d154ccd]" started-at="2022-07-07T12:15:11 AMT" name="goToLoginPopUp" finished-at="2022-07-07T12:15:11 AMT" duration-ms="568" status="PASS">
          <reporter-output>
          </reporter-output>
        </test-method> <!-- goToLoginPopUp -->
        <test-method signature="loginPopUpErrorMessageValidationInvalidPassword()[pri:13, instance:testCases.LoginPopUpTest@4d154ccd]" started-at="2022-07-07T12:15:11 AMT" name="loginPopUpErrorMessageValidationInvalidPassword" description="Validate on Log_in Pop Up error message with invalid password" finished-at="2022-07-07T12:15:13 AMT" duration-ms="2031" status="PASS">
          <reporter-output>
          </reporter-output>
        </test-method> <!-- loginPopUpErrorMessageValidationInvalidPassword -->
        <test-method is-config="true" signature="tearDown()[pri:0, instance:testCases.LoginPopUpTest@4d154ccd]" started-at="2022-07-07T12:15:13 AMT" name="tearDown" finished-at="2022-07-07T12:15:14 AMT" duration-ms="419" status="PASS">
          <reporter-output>
          </reporter-output>
        </test-method> <!-- tearDown -->
        <test-method is-config="true" signature="finish()[pri:0, instance:testCases.LoginPopUpTest@4d154ccd]" started-at="2022-07-07T12:15:14 AMT" name="finish" finished-at="2022-07-07T12:15:14 AMT" duration-ms="4" status="PASS">
          <reporter-output>
          </reporter-output>
        </test-method> <!-- finish -->
      </class> <!-- testCases.LoginPopUpTest -->
    </test> <!-- testCases.LoginPopUpTest -->
  </suite> <!-- All Test Suite -->
</testng-results>
