-------------------------------------------------------------------------------
Test set: TestSuite
-------------------------------------------------------------------------------
Tests run: 21, Failures: 5, Errors: 0, Skipped: 0, Time elapsed: 664.535 sec <<< FAILURE! - in TestSuite
loginPopUpLogInNegativeTest(testCases.LoginPopUpTest)  Time elapsed: 2.593 sec  <<< FAILURE!
java.lang.AssertionError: expected [false] but found [true]
	at org.testng.Assert.fail(Assert.java:110)
	at org.testng.Assert.failNotEquals(Assert.java:1413)
	at org.testng.Assert.assertEqualsImpl(Assert.java:149)
	at org.testng.Assert.assertEquals(Assert.java:131)
	at org.testng.Assert.assertEquals(Assert.java:976)
	at org.testng.Assert.assertEquals(Assert.java:1010)
	at testCases.LoginPopUpTest.loginPopUpLogInNegativeTest(LoginPopUpTest.java:191)

loginPopUpLogInNegativeTest(testCases.LoginPopUpTest)  Time elapsed: 2.476 sec  <<< FAILURE!
java.lang.AssertionError: expected [false] but found [true]
	at org.testng.Assert.fail(Assert.java:110)
	at org.testng.Assert.failNotEquals(Assert.java:1413)
	at org.testng.Assert.assertEqualsImpl(Assert.java:149)
	at org.testng.Assert.assertEquals(Assert.java:131)
	at org.testng.Assert.assertEquals(Assert.java:976)
	at org.testng.Assert.assertEquals(Assert.java:1010)
	at testCases.LoginPopUpTest.loginPopUpLogInNegativeTest(LoginPopUpTest.java:191)

loginPopUpLogInNegativeTest(testCases.LoginPopUpTest)  Time elapsed: 2.578 sec  <<< FAILURE!
java.lang.AssertionError: expected [false] but found [true]
	at org.testng.Assert.fail(Assert.java:110)
	at org.testng.Assert.failNotEquals(Assert.java:1413)
	at org.testng.Assert.assertEqualsImpl(Assert.java:149)
	at org.testng.Assert.assertEquals(Assert.java:131)
	at org.testng.Assert.assertEquals(Assert.java:976)
	at org.testng.Assert.assertEquals(Assert.java:1010)
	at testCases.LoginPopUpTest.loginPopUpLogInNegativeTest(LoginPopUpTest.java:191)

loginPopUpLogInNegativeTest(testCases.LoginPopUpTest)  Time elapsed: 2.434 sec  <<< FAILURE!
java.lang.AssertionError: expected [false] but found [true]
	at org.testng.Assert.fail(Assert.java:110)
	at org.testng.Assert.failNotEquals(Assert.java:1413)
	at org.testng.Assert.assertEqualsImpl(Assert.java:149)
	at org.testng.Assert.assertEquals(Assert.java:131)
	at org.testng.Assert.assertEquals(Assert.java:976)
	at org.testng.Assert.assertEquals(Assert.java:1010)
	at testCases.LoginPopUpTest.loginPopUpLogInNegativeTest(LoginPopUpTest.java:191)

loginPopUpLogInNegativeTest(testCases.LoginPopUpTest)  Time elapsed: 2.47 sec  <<< FAILURE!
java.lang.AssertionError: expected [false] but found [true]
	at org.testng.Assert.fail(Assert.java:110)
	at org.testng.Assert.failNotEquals(Assert.java:1413)
	at org.testng.Assert.assertEqualsImpl(Assert.java:149)
	at org.testng.Assert.assertEquals(Assert.java:131)
	at org.testng.Assert.assertEquals(Assert.java:976)
	at org.testng.Assert.assertEquals(Assert.java:1010)
	at testCases.LoginPopUpTest.loginPopUpLogInNegativeTest(LoginPopUpTest.java:191)

