<?xml version="1.0" encoding="UTF-8"?>
<!-- Generated by org.testng.reporters.JUnitXMLReporter -->
<testsuite ignored="0" hostname="DESKTOP-52C1ANV" failures="1" tests="3" name="craftBetAutomation" time="14.417" errors="0" timestamp="2022-07-04T11:23:10 AMT">
  <testcase classname="testCases.LogoTest" name="TestSuccess" time="2.481"/>
  <testcase classname="testCases.LogoTest" name="testFail" time="1.235">
    <failure type="java.lang.AssertionError" message="expected [true] but found [false]">
      <![CDATA[java.lang.AssertionError: expected [true] but found [false]
at testCases.LogoTest.testFail(LogoTest.java:29)
at java.base/java.util.ArrayList.forEach(ArrayList.java:1511)
at com.intellij.rt.testng.IDEARemoteTestNG.run(IDEARemoteTestNG.java:66)
at com.intellij.rt.testng.RemoteTestNGStarter.main(RemoteTestNGStarter.java:109)
... Removed 28 stack frames]]>
    </failure>
  </testcase> <!-- testFail -->
  <testcase classname="testCases.LogoTest" name="testSkipp" time="0.001">
    <skipped/>
  </testcase> <!-- testSkipp -->
</testsuite> <!-- craftBetAutomation -->
