<?xml version="1.0" encoding="UTF-8"?>
<testng-results ignored="0" total="21" passed="16" failed="5" skipped="0">
  <reporter-output>
  </reporter-output>
  <suite started-at="2022-07-13T13:29:15 AMT" name="Default Suite" finished-at="2022-07-13T13:32:28 AMT" duration-ms="193653">
    <groups>
    </groups>
    <test started-at="2022-07-13T13:29:15 AMT" name="craftBetAutomation" finished-at="2022-07-13T13:32:28 AMT" duration-ms="193653">
      <class name="testCases.LoginPopUpTest">
        <test-method is-config="true" signature="setup()[pri:0, instance:testCases.LoginPopUpTest@4145bad8]" started-at="2022-07-13T13:29:15 AMT" name="setup" finished-at="2022-07-13T13:29:22 AMT" duration-ms="6991" status="PASS">
          <reporter-output>
          </reporter-output>
        </test-method> <!-- setup -->
        <test-method is-config="true" signature="goToLoginPopUp()[pri:0, instance:testCases.LoginPopUpTest@4145bad8]" started-at="2022-07-13T13:29:22 AMT" name="goToLoginPopUp" finished-at="2022-07-13T13:29:22 AMT" duration-ms="423" status="PASS">
          <reporter-output>
          </reporter-output>
        </test-method> <!-- goToLoginPopUp -->
        <test-method signature="loginPopUpLabelsPresenceVerification_Test()[pri:1, instance:testCases.LoginPopUpTest@4145bad8]" started-at="2022-07-13T13:29:22 AMT" name="loginPopUpLabelsPresenceVerification_Test" description="Validate on Log_in Pop Up Header, Email/mobile or username, Password, Remember me, You can Sign in with, Don&#039;t have an account? Sign Up, Don&#039;t have an account? Sign Up, Safe and Secure labels, Login Buttons text" finished-at="2022-07-13T13:29:23 AMT" duration-ms="604" status="PASS">
          <reporter-output>
          </reporter-output>
        </test-method> <!-- loginPopUpLabelsPresenceVerification_Test -->
        <test-method is-config="true" signature="tearDown()[pri:0, instance:testCases.LoginPopUpTest@4145bad8]" started-at="2022-07-13T13:29:23 AMT" name="tearDown" finished-at="2022-07-13T13:29:24 AMT" duration-ms="701" status="PASS">
          <reporter-output>
          </reporter-output>
        </test-method> <!-- tearDown -->
        <test-method is-config="true" signature="setup()[pri:0, instance:testCases.LoginPopUpTest@4145bad8]" started-at="2022-07-13T13:29:24 AMT" name="setup" finished-at="2022-07-13T13:29:29 AMT" duration-ms="4925" status="PASS">
          <reporter-output>
          </reporter-output>
        </test-method> <!-- setup -->
        <test-method is-config="true" signature="goToLoginPopUp()[pri:0, instance:testCases.LoginPopUpTest@4145bad8]" started-at="2022-07-13T13:29:29 AMT" name="goToLoginPopUp" finished-at="2022-07-13T13:29:29 AMT" duration-ms="585" status="PASS">
          <reporter-output>
          </reporter-output>
        </test-method> <!-- goToLoginPopUp -->
        <test-method signature="loginPopUpLogoPresenceVerification_Test()[pri:2, instance:testCases.LoginPopUpTest@4145bad8]" started-at="2022-07-13T13:29:29 AMT" name="loginPopUpLogoPresenceVerification_Test" description="Validate on Log_in Pop Up Logo Presence" finished-at="2022-07-13T13:29:29 AMT" duration-ms="64" status="PASS">
          <reporter-output>
          </reporter-output>
        </test-method> <!-- loginPopUpLogoPresenceVerification_Test -->
        <test-method is-config="true" signature="tearDown()[pri:0, instance:testCases.LoginPopUpTest@4145bad8]" started-at="2022-07-13T13:29:29 AMT" name="tearDown" finished-at="2022-07-13T13:29:30 AMT" duration-ms="321" status="PASS">
          <reporter-output>
          </reporter-output>
        </test-method> <!-- tearDown -->
        <test-method is-config="true" signature="setup()[pri:0, instance:testCases.LoginPopUpTest@4145bad8]" started-at="2022-07-13T13:29:30 AMT" name="setup" finished-at="2022-07-13T13:29:34 AMT" duration-ms="4075" status="PASS">
          <reporter-output>
          </reporter-output>
        </test-method> <!-- setup -->
        <test-method is-config="true" signature="goToLoginPopUp()[pri:0, instance:testCases.LoginPopUpTest@4145bad8]" started-at="2022-07-13T13:29:34 AMT" name="goToLoginPopUp" finished-at="2022-07-13T13:29:34 AMT" duration-ms="462" status="PASS">
          <reporter-output>
          </reporter-output>
        </test-method> <!-- goToLoginPopUp -->
        <test-method signature="loginPopUpCloseButtonFunctionality_Test()[pri:3, instance:testCases.LoginPopUpTest@4145bad8]" started-at="2022-07-13T13:29:34 AMT" name="loginPopUpCloseButtonFunctionality_Test" description="Validate on Log_in Pop Up Close (X) button functionality" finished-at="2022-07-13T13:29:35 AMT" duration-ms="1227" status="PASS">
          <reporter-output>
          </reporter-output>
        </test-method> <!-- loginPopUpCloseButtonFunctionality_Test -->
        <test-method is-config="true" signature="tearDown()[pri:0, instance:testCases.LoginPopUpTest@4145bad8]" started-at="2022-07-13T13:29:35 AMT" name="tearDown" finished-at="2022-07-13T13:29:36 AMT" duration-ms="158" status="PASS">
          <reporter-output>
          </reporter-output>
        </test-method> <!-- tearDown -->
        <test-method is-config="true" signature="setup()[pri:0, instance:testCases.LoginPopUpTest@4145bad8]" started-at="2022-07-13T13:29:36 AMT" name="setup" finished-at="2022-07-13T13:29:39 AMT" duration-ms="3868" status="PASS">
          <reporter-output>
          </reporter-output>
        </test-method> <!-- setup -->
        <test-method is-config="true" signature="goToLoginPopUp()[pri:0, instance:testCases.LoginPopUpTest@4145bad8]" started-at="2022-07-13T13:29:39 AMT" name="goToLoginPopUp" finished-at="2022-07-13T13:29:40 AMT" duration-ms="629" status="PASS">
          <reporter-output>
          </reporter-output>
        </test-method> <!-- goToLoginPopUp -->
        <test-method signature="loginPopUpEyeButtonFunctionality_Test()[pri:4, instance:testCases.LoginPopUpTest@4145bad8]" started-at="2022-07-13T13:29:40 AMT" name="loginPopUpEyeButtonFunctionality_Test" description="Validate on Log_in Pop Up eye functionality" finished-at="2022-07-13T13:29:40 AMT" duration-ms="282" status="PASS">
          <reporter-output>
          </reporter-output>
        </test-method> <!-- loginPopUpEyeButtonFunctionality_Test -->
        <test-method is-config="true" signature="tearDown()[pri:0, instance:testCases.LoginPopUpTest@4145bad8]" started-at="2022-07-13T13:29:40 AMT" name="tearDown" finished-at="2022-07-13T13:29:41 AMT" duration-ms="184" status="PASS">
          <reporter-output>
          </reporter-output>
        </test-method> <!-- tearDown -->
        <test-method is-config="true" signature="setup()[pri:0, instance:testCases.LoginPopUpTest@4145bad8]" started-at="2022-07-13T13:29:41 AMT" name="setup" finished-at="2022-07-13T13:29:45 AMT" duration-ms="4263" status="PASS">
          <reporter-output>
          </reporter-output>
        </test-method> <!-- setup -->
        <test-method is-config="true" signature="goToLoginPopUp()[pri:0, instance:testCases.LoginPopUpTest@4145bad8]" started-at="2022-07-13T13:29:45 AMT" name="goToLoginPopUp" finished-at="2022-07-13T13:29:45 AMT" duration-ms="382" status="PASS">
          <reporter-output>
          </reporter-output>
        </test-method> <!-- goToLoginPopUp -->
        <test-method signature="loginPopUpRememberMeLabelClickAbility_Test()[pri:5, instance:testCases.LoginPopUpTest@4145bad8]" started-at="2022-07-13T13:29:45 AMT" name="loginPopUpRememberMeLabelClickAbility_Test" description="Validate on Log_in Pop Up Remember me label click-ability" finished-at="2022-07-13T13:29:46 AMT" duration-ms="287" status="PASS">
          <reporter-output>
          </reporter-output>
        </test-method> <!-- loginPopUpRememberMeLabelClickAbility_Test -->
        <test-method is-config="true" signature="tearDown()[pri:0, instance:testCases.LoginPopUpTest@4145bad8]" started-at="2022-07-13T13:29:46 AMT" name="tearDown" finished-at="2022-07-13T13:29:46 AMT" duration-ms="273" status="PASS">
          <reporter-output>
          </reporter-output>
        </test-method> <!-- tearDown -->
        <test-method is-config="true" signature="setup()[pri:0, instance:testCases.LoginPopUpTest@4145bad8]" started-at="2022-07-13T13:29:46 AMT" name="setup" finished-at="2022-07-13T13:29:50 AMT" duration-ms="4293" status="PASS">
          <reporter-output>
          </reporter-output>
        </test-method> <!-- setup -->
        <test-method is-config="true" signature="goToLoginPopUp()[pri:0, instance:testCases.LoginPopUpTest@4145bad8]" started-at="2022-07-13T13:29:50 AMT" name="goToLoginPopUp" finished-at="2022-07-13T13:29:51 AMT" duration-ms="443" status="PASS">
          <reporter-output>
          </reporter-output>
        </test-method> <!-- goToLoginPopUp -->
        <test-method signature="loginPopUpCheckBoxClickAbility_Test()[pri:6, instance:testCases.LoginPopUpTest@4145bad8]" started-at="2022-07-13T13:29:51 AMT" name="loginPopUpCheckBoxClickAbility_Test" description="Validate on Log_in Pop Up checkBox functionality" finished-at="2022-07-13T13:29:51 AMT" duration-ms="211" status="PASS">
          <reporter-output>
          </reporter-output>
        </test-method> <!-- loginPopUpCheckBoxClickAbility_Test -->
        <test-method is-config="true" signature="tearDown()[pri:0, instance:testCases.LoginPopUpTest@4145bad8]" started-at="2022-07-13T13:29:51 AMT" name="tearDown" finished-at="2022-07-13T13:29:51 AMT" duration-ms="254" status="PASS">
          <reporter-output>
          </reporter-output>
        </test-method> <!-- tearDown -->
        <test-method is-config="true" signature="setup()[pri:0, instance:testCases.LoginPopUpTest@4145bad8]" started-at="2022-07-13T13:29:51 AMT" name="setup" finished-at="2022-07-13T13:29:55 AMT" duration-ms="4444" status="PASS">
          <reporter-output>
          </reporter-output>
        </test-method> <!-- setup -->
        <test-method is-config="true" signature="goToLoginPopUp()[pri:0, instance:testCases.LoginPopUpTest@4145bad8]" started-at="2022-07-13T13:29:55 AMT" name="goToLoginPopUp" finished-at="2022-07-13T13:29:56 AMT" duration-ms="434" status="PASS">
          <reporter-output>
          </reporter-output>
        </test-method> <!-- goToLoginPopUp -->
        <test-method signature="loginPopUpForgotPasswordLink_Test()[pri:7, instance:testCases.LoginPopUpTest@4145bad8]" started-at="2022-07-13T13:29:56 AMT" name="loginPopUpForgotPasswordLink_Test" description="Validate on Log_in Pop Up Forgot password link functionality" finished-at="2022-07-13T13:29:56 AMT" duration-ms="135" status="PASS">
          <reporter-output>
          </reporter-output>
        </test-method> <!-- loginPopUpForgotPasswordLink_Test -->
        <test-method is-config="true" signature="tearDown()[pri:0, instance:testCases.LoginPopUpTest@4145bad8]" started-at="2022-07-13T13:29:56 AMT" name="tearDown" finished-at="2022-07-13T13:29:56 AMT" duration-ms="227" status="PASS">
          <reporter-output>
          </reporter-output>
        </test-method> <!-- tearDown -->
        <test-method is-config="true" signature="setup()[pri:0, instance:testCases.LoginPopUpTest@4145bad8]" started-at="2022-07-13T13:29:56 AMT" name="setup" finished-at="2022-07-13T13:30:00 AMT" duration-ms="3588" status="PASS">
          <reporter-output>
          </reporter-output>
        </test-method> <!-- setup -->
        <test-method is-config="true" signature="goToLoginPopUp()[pri:0, instance:testCases.LoginPopUpTest@4145bad8]" started-at="2022-07-13T13:30:00 AMT" name="goToLoginPopUp" finished-at="2022-07-13T13:30:00 AMT" duration-ms="466" status="PASS">
          <reporter-output>
          </reporter-output>
        </test-method> <!-- goToLoginPopUp -->
        <test-method signature="loginPopUpSignUpLink_Test()[pri:8, instance:testCases.LoginPopUpTest@4145bad8]" started-at="2022-07-13T13:30:00 AMT" name="loginPopUpSignUpLink_Test" description="Validate on Log_in Pop Up SignUp link functionality" finished-at="2022-07-13T13:30:01 AMT" duration-ms="206" status="PASS">
          <reporter-output>
          </reporter-output>
        </test-method> <!-- loginPopUpSignUpLink_Test -->
        <test-method is-config="true" signature="tearDown()[pri:0, instance:testCases.LoginPopUpTest@4145bad8]" started-at="2022-07-13T13:30:01 AMT" name="tearDown" finished-at="2022-07-13T13:30:01 AMT" duration-ms="274" status="PASS">
          <reporter-output>
          </reporter-output>
        </test-method> <!-- tearDown -->
        <test-method is-config="true" signature="setup()[pri:0, instance:testCases.LoginPopUpTest@4145bad8]" started-at="2022-07-13T13:30:01 AMT" name="setup" finished-at="2022-07-13T13:30:04 AMT" duration-ms="3564" status="PASS">
          <reporter-output>
          </reporter-output>
        </test-method> <!-- setup -->
        <test-method is-config="true" signature="goToLoginPopUp()[pri:0, instance:testCases.LoginPopUpTest@4145bad8]" started-at="2022-07-13T13:30:04 AMT" name="goToLoginPopUp" finished-at="2022-07-13T13:30:05 AMT" duration-ms="385" status="PASS">
          <reporter-output>
          </reporter-output>
        </test-method> <!-- goToLoginPopUp -->
        <test-method signature="loginPopUpLogInPositiveTest()[pri:9, instance:testCases.LoginPopUpTest@4145bad8]" started-at="2022-07-13T13:30:05 AMT" name="loginPopUpLogInPositiveTest" description="Validate on Log_in Pop Up Log_In functionality with valid credentials" finished-at="2022-07-13T13:30:06 AMT" duration-ms="1667" status="PASS">
          <reporter-output>
          </reporter-output>
        </test-method> <!-- loginPopUpLogInPositiveTest -->
        <test-method is-config="true" signature="tearDown()[pri:0, instance:testCases.LoginPopUpTest@4145bad8]" started-at="2022-07-13T13:30:06 AMT" name="tearDown" finished-at="2022-07-13T13:30:07 AMT" duration-ms="272" status="PASS">
          <reporter-output>
          </reporter-output>
        </test-method> <!-- tearDown -->
        <test-method is-config="true" signature="setup()[pri:0, instance:testCases.LoginPopUpTest@4145bad8]" started-at="2022-07-13T13:30:07 AMT" name="setup" finished-at="2022-07-13T13:30:10 AMT" duration-ms="3528" status="PASS">
          <reporter-output>
          </reporter-output>
        </test-method> <!-- setup -->
        <test-method is-config="true" signature="goToLoginPopUp()[pri:0, instance:testCases.LoginPopUpTest@4145bad8]" started-at="2022-07-13T13:30:10 AMT" name="goToLoginPopUp" finished-at="2022-07-13T13:30:11 AMT" duration-ms="419" status="PASS">
          <reporter-output>
          </reporter-output>
        </test-method> <!-- goToLoginPopUp -->
        <test-method signature="loginPopUpLogInNegativeTest(java.lang.String,java.lang.String)[pri:10, instance:testCases.LoginPopUpTest@4145bad8]" started-at="2022-07-13T13:30:11 AMT" name="loginPopUpLogInNegativeTest" description="Validate on Log_in Pop Up Log_In functionality with invalid data" data-provider="invalidLoginData" finished-at="2022-07-13T13:30:21 AMT" duration-ms="10339" status="PASS">
          <params>
            <param index="0">
              <value>
                <![CDATA[U1630370]]>
              </value>
            </param>
            <param index="1">
              <value>
                <![CDATA[N3 HU3]]>
              </value>
            </param>
          </params>
          <reporter-output>
          </reporter-output>
        </test-method> <!-- loginPopUpLogInNegativeTest -->
        <test-method is-config="true" signature="tearDown()[pri:0, instance:testCases.LoginPopUpTest@4145bad8]" started-at="2022-07-13T13:30:21 AMT" name="tearDown" finished-at="2022-07-13T13:30:21 AMT" duration-ms="336" status="PASS">
          <reporter-output>
          </reporter-output>
        </test-method> <!-- tearDown -->
        <test-method is-config="true" signature="setup()[pri:0, instance:testCases.LoginPopUpTest@4145bad8]" started-at="2022-07-13T13:30:21 AMT" name="setup" finished-at="2022-07-13T13:30:26 AMT" duration-ms="4318" status="PASS">
          <reporter-output>
          </reporter-output>
        </test-method> <!-- setup -->
        <test-method is-config="true" signature="goToLoginPopUp()[pri:0, instance:testCases.LoginPopUpTest@4145bad8]" started-at="2022-07-13T13:30:26 AMT" name="goToLoginPopUp" finished-at="2022-07-13T13:30:26 AMT" duration-ms="416" status="PASS">
          <reporter-output>
          </reporter-output>
        </test-method> <!-- goToLoginPopUp -->
        <test-method signature="loginPopUpLogInNegativeTest(java.lang.String,java.lang.String)[pri:10, instance:testCases.LoginPopUpTest@4145bad8]" started-at="2022-07-13T13:30:26 AMT" name="loginPopUpLogInNegativeTest" description="Validate on Log_in Pop Up Log_In functionality with invalid data" data-provider="invalidLoginData" finished-at="2022-07-13T13:30:28 AMT" duration-ms="1543" status="FAIL">
          <params>
            <param index="0">
              <value>
                <![CDATA[U1630370]]>
              </value>
            </param>
            <param index="1">
              <value>
                <![CDATA[N3HU3 ]]>
              </value>
            </param>
          </params>
          <exception class="java.lang.AssertionError">
            <message>
              <![CDATA[expected [false] but found [true]]]>
            </message>
            <full-stacktrace>
              <![CDATA[java.lang.AssertionError: expected [false] but found [true]
at org.testng.Assert.fail(Assert.java:110)
at org.testng.Assert.failNotEquals(Assert.java:1413)
at org.testng.Assert.assertEqualsImpl(Assert.java:149)
at org.testng.Assert.assertEquals(Assert.java:131)
at org.testng.Assert.assertEquals(Assert.java:976)
at org.testng.Assert.assertEquals(Assert.java:1010)
at testCases.LoginPopUpTest.loginPopUpLogInNegativeTest(LoginPopUpTest.java:198)
at java.base/jdk.internal.reflect.NativeMethodAccessorImpl.invoke0(Native Method)
at java.base/jdk.internal.reflect.NativeMethodAccessorImpl.invoke(NativeMethodAccessorImpl.java:77)
at java.base/jdk.internal.reflect.DelegatingMethodAccessorImpl.invoke(DelegatingMethodAccessorImpl.java:43)
at java.base/java.lang.reflect.Method.invoke(Method.java:568)
at org.testng.internal.invokers.MethodInvocationHelper.invokeMethod(MethodInvocationHelper.java:139)
at org.testng.internal.invokers.TestInvoker.invokeMethod(TestInvoker.java:677)
at org.testng.internal.invokers.TestInvoker.invokeTestMethod(TestInvoker.java:221)
at org.testng.internal.invokers.MethodRunner.runInSequence(MethodRunner.java:50)
at org.testng.internal.invokers.TestInvoker$MethodInvocationAgent.invoke(TestInvoker.java:962)
at org.testng.internal.invokers.TestInvoker.invokeTestMethods(TestInvoker.java:194)
at org.testng.internal.invokers.TestMethodWorker.invokeTestMethods(TestMethodWorker.java:148)
at org.testng.internal.invokers.TestMethodWorker.run(TestMethodWorker.java:128)
at java.base/java.util.ArrayList.forEach(ArrayList.java:1511)
at org.testng.TestRunner.privateRun(TestRunner.java:806)
at org.testng.TestRunner.run(TestRunner.java:601)
at org.testng.SuiteRunner.runTest(SuiteRunner.java:433)
at org.testng.SuiteRunner.runSequentially(SuiteRunner.java:427)
at org.testng.SuiteRunner.privateRun(SuiteRunner.java:387)
at org.testng.SuiteRunner.run(SuiteRunner.java:330)
at org.testng.SuiteRunnerWorker.runSuite(SuiteRunnerWorker.java:52)
at org.testng.SuiteRunnerWorker.run(SuiteRunnerWorker.java:95)
at org.testng.TestNG.runSuitesSequentially(TestNG.java:1256)
at org.testng.TestNG.runSuitesLocally(TestNG.java:1176)
at org.testng.TestNG.runSuites(TestNG.java:1099)
at org.testng.TestNG.run(TestNG.java:1067)
at com.intellij.rt.testng.IDEARemoteTestNG.run(IDEARemoteTestNG.java:66)
at com.intellij.rt.testng.RemoteTestNGStarter.main(RemoteTestNGStarter.java:109)
]]>
            </full-stacktrace>
          </exception> <!-- java.lang.AssertionError -->
          <reporter-output>
          </reporter-output>
        </test-method> <!-- loginPopUpLogInNegativeTest -->
        <test-method is-config="true" signature="tearDown()[pri:0, instance:testCases.LoginPopUpTest@4145bad8]" started-at="2022-07-13T13:30:29 AMT" name="tearDown" finished-at="2022-07-13T13:30:29 AMT" duration-ms="189" status="PASS">
          <reporter-output>
          </reporter-output>
        </test-method> <!-- tearDown -->
        <test-method is-config="true" signature="setup()[pri:0, instance:testCases.LoginPopUpTest@4145bad8]" started-at="2022-07-13T13:30:29 AMT" name="setup" finished-at="2022-07-13T13:30:33 AMT" duration-ms="3916" status="PASS">
          <reporter-output>
          </reporter-output>
        </test-method> <!-- setup -->
        <test-method is-config="true" signature="goToLoginPopUp()[pri:0, instance:testCases.LoginPopUpTest@4145bad8]" started-at="2022-07-13T13:30:33 AMT" name="goToLoginPopUp" finished-at="2022-07-13T13:30:33 AMT" duration-ms="406" status="PASS">
          <reporter-output>
          </reporter-output>
        </test-method> <!-- goToLoginPopUp -->
        <test-method signature="loginPopUpLogInNegativeTest(java.lang.String,java.lang.String)[pri:10, instance:testCases.LoginPopUpTest@4145bad8]" started-at="2022-07-13T13:30:33 AMT" name="loginPopUpLogInNegativeTest" description="Validate on Log_in Pop Up Log_In functionality with invalid data" data-provider="invalidLoginData" finished-at="2022-07-13T13:30:35 AMT" duration-ms="1591" status="FAIL">
          <params>
            <param index="0">
              <value>
                <![CDATA[U1630370]]>
              </value>
            </param>
            <param index="1">
              <value>
                <![CDATA[ N3HU3]]>
              </value>
            </param>
          </params>
          <exception class="java.lang.AssertionError">
            <message>
              <![CDATA[expected [false] but found [true]]]>
            </message>
            <full-stacktrace>
              <![CDATA[java.lang.AssertionError: expected [false] but found [true]
at org.testng.Assert.fail(Assert.java:110)
at org.testng.Assert.failNotEquals(Assert.java:1413)
at org.testng.Assert.assertEqualsImpl(Assert.java:149)
at org.testng.Assert.assertEquals(Assert.java:131)
at org.testng.Assert.assertEquals(Assert.java:976)
at org.testng.Assert.assertEquals(Assert.java:1010)
at testCases.LoginPopUpTest.loginPopUpLogInNegativeTest(LoginPopUpTest.java:198)
at java.base/jdk.internal.reflect.NativeMethodAccessorImpl.invoke0(Native Method)
at java.base/jdk.internal.reflect.NativeMethodAccessorImpl.invoke(NativeMethodAccessorImpl.java:77)
at java.base/jdk.internal.reflect.DelegatingMethodAccessorImpl.invoke(DelegatingMethodAccessorImpl.java:43)
at java.base/java.lang.reflect.Method.invoke(Method.java:568)
at org.testng.internal.invokers.MethodInvocationHelper.invokeMethod(MethodInvocationHelper.java:139)
at org.testng.internal.invokers.TestInvoker.invokeMethod(TestInvoker.java:677)
at org.testng.internal.invokers.TestInvoker.invokeTestMethod(TestInvoker.java:221)
at org.testng.internal.invokers.MethodRunner.runInSequence(MethodRunner.java:50)
at org.testng.internal.invokers.TestInvoker$MethodInvocationAgent.invoke(TestInvoker.java:962)
at org.testng.internal.invokers.TestInvoker.invokeTestMethods(TestInvoker.java:194)
at org.testng.internal.invokers.TestMethodWorker.invokeTestMethods(TestMethodWorker.java:148)
at org.testng.internal.invokers.TestMethodWorker.run(TestMethodWorker.java:128)
at java.base/java.util.ArrayList.forEach(ArrayList.java:1511)
at org.testng.TestRunner.privateRun(TestRunner.java:806)
at org.testng.TestRunner.run(TestRunner.java:601)
at org.testng.SuiteRunner.runTest(SuiteRunner.java:433)
at org.testng.SuiteRunner.runSequentially(SuiteRunner.java:427)
at org.testng.SuiteRunner.privateRun(SuiteRunner.java:387)
at org.testng.SuiteRunner.run(SuiteRunner.java:330)
at org.testng.SuiteRunnerWorker.runSuite(SuiteRunnerWorker.java:52)
at org.testng.SuiteRunnerWorker.run(SuiteRunnerWorker.java:95)
at org.testng.TestNG.runSuitesSequentially(TestNG.java:1256)
at org.testng.TestNG.runSuitesLocally(TestNG.java:1176)
at org.testng.TestNG.runSuites(TestNG.java:1099)
at org.testng.TestNG.run(TestNG.java:1067)
at com.intellij.rt.testng.IDEARemoteTestNG.run(IDEARemoteTestNG.java:66)
at com.intellij.rt.testng.RemoteTestNGStarter.main(RemoteTestNGStarter.java:109)
]]>
            </full-stacktrace>
          </exception> <!-- java.lang.AssertionError -->
          <reporter-output>
          </reporter-output>
        </test-method> <!-- loginPopUpLogInNegativeTest -->
        <test-method is-config="true" signature="tearDown()[pri:0, instance:testCases.LoginPopUpTest@4145bad8]" started-at="2022-07-13T13:30:36 AMT" name="tearDown" finished-at="2022-07-13T13:30:36 AMT" duration-ms="204" status="PASS">
          <reporter-output>
          </reporter-output>
        </test-method> <!-- tearDown -->
        <test-method is-config="true" signature="setup()[pri:0, instance:testCases.LoginPopUpTest@4145bad8]" started-at="2022-07-13T13:30:36 AMT" name="setup" finished-at="2022-07-13T13:30:39 AMT" duration-ms="3637" status="PASS">
          <reporter-output>
          </reporter-output>
        </test-method> <!-- setup -->
        <test-method is-config="true" signature="goToLoginPopUp()[pri:0, instance:testCases.LoginPopUpTest@4145bad8]" started-at="2022-07-13T13:30:39 AMT" name="goToLoginPopUp" finished-at="2022-07-13T13:30:40 AMT" duration-ms="381" status="PASS">
          <reporter-output>
          </reporter-output>
        </test-method> <!-- goToLoginPopUp -->
        <test-method signature="loginPopUpLogInNegativeTest(java.lang.String,java.lang.String)[pri:10, instance:testCases.LoginPopUpTest@4145bad8]" started-at="2022-07-13T13:30:40 AMT" name="loginPopUpLogInNegativeTest" description="Validate on Log_in Pop Up Log_In functionality with invalid data" data-provider="invalidLoginData" finished-at="2022-07-13T13:30:50 AMT" duration-ms="10386" status="PASS">
          <params>
            <param index="0">
              <value>
                <![CDATA[U1630370]]>
              </value>
            </param>
            <param index="1">
              <value>
                <![CDATA[     ]]>
              </value>
            </param>
          </params>
          <reporter-output>
          </reporter-output>
        </test-method> <!-- loginPopUpLogInNegativeTest -->
        <test-method is-config="true" signature="tearDown()[pri:0, instance:testCases.LoginPopUpTest@4145bad8]" started-at="2022-07-13T13:30:50 AMT" name="tearDown" finished-at="2022-07-13T13:30:50 AMT" duration-ms="258" status="PASS">
          <reporter-output>
          </reporter-output>
        </test-method> <!-- tearDown -->
        <test-method is-config="true" signature="setup()[pri:0, instance:testCases.LoginPopUpTest@4145bad8]" started-at="2022-07-13T13:30:50 AMT" name="setup" finished-at="2022-07-13T13:30:54 AMT" duration-ms="3938" status="PASS">
          <reporter-output>
          </reporter-output>
        </test-method> <!-- setup -->
        <test-method is-config="true" signature="goToLoginPopUp()[pri:0, instance:testCases.LoginPopUpTest@4145bad8]" started-at="2022-07-13T13:30:54 AMT" name="goToLoginPopUp" finished-at="2022-07-13T13:30:55 AMT" duration-ms="346" status="PASS">
          <reporter-output>
          </reporter-output>
        </test-method> <!-- goToLoginPopUp -->
        <test-method signature="loginPopUpLogInNegativeTest(java.lang.String,java.lang.String)[pri:10, instance:testCases.LoginPopUpTest@4145bad8]" started-at="2022-07-13T13:30:55 AMT" name="loginPopUpLogInNegativeTest" description="Validate on Log_in Pop Up Log_In functionality with invalid data" data-provider="invalidLoginData" finished-at="2022-07-13T13:31:05 AMT" duration-ms="10408" status="PASS">
          <params>
            <param index="0">
              <value>
                <![CDATA[U1630370]]>
              </value>
            </param>
            <param index="1">
              <value>
                <![CDATA[?N3HU3]]>
              </value>
            </param>
          </params>
          <reporter-output>
          </reporter-output>
        </test-method> <!-- loginPopUpLogInNegativeTest -->
        <test-method is-config="true" signature="tearDown()[pri:0, instance:testCases.LoginPopUpTest@4145bad8]" started-at="2022-07-13T13:31:05 AMT" name="tearDown" finished-at="2022-07-13T13:31:05 AMT" duration-ms="300" status="PASS">
          <reporter-output>
          </reporter-output>
        </test-method> <!-- tearDown -->
        <test-method is-config="true" signature="setup()[pri:0, instance:testCases.LoginPopUpTest@4145bad8]" started-at="2022-07-13T13:31:05 AMT" name="setup" finished-at="2022-07-13T13:31:09 AMT" duration-ms="3599" status="PASS">
          <reporter-output>
          </reporter-output>
        </test-method> <!-- setup -->
        <test-method is-config="true" signature="goToLoginPopUp()[pri:0, instance:testCases.LoginPopUpTest@4145bad8]" started-at="2022-07-13T13:31:09 AMT" name="goToLoginPopUp" finished-at="2022-07-13T13:31:09 AMT" duration-ms="402" status="PASS">
          <reporter-output>
          </reporter-output>
        </test-method> <!-- goToLoginPopUp -->
        <test-method signature="loginPopUpLogInNegativeTest(java.lang.String,java.lang.String)[pri:10, instance:testCases.LoginPopUpTest@4145bad8]" started-at="2022-07-13T13:31:09 AMT" name="loginPopUpLogInNegativeTest" description="Validate on Log_in Pop Up Log_In functionality with invalid data" data-provider="invalidLoginData" finished-at="2022-07-13T13:31:11 AMT" duration-ms="1595" status="FAIL">
          <params>
            <param index="0">
              <value>
                <![CDATA[U1630370 ]]>
              </value>
            </param>
            <param index="1">
              <value>
                <![CDATA[N3HU3]]>
              </value>
            </param>
          </params>
          <exception class="java.lang.AssertionError">
            <message>
              <![CDATA[expected [false] but found [true]]]>
            </message>
            <full-stacktrace>
              <![CDATA[java.lang.AssertionError: expected [false] but found [true]
at org.testng.Assert.fail(Assert.java:110)
at org.testng.Assert.failNotEquals(Assert.java:1413)
at org.testng.Assert.assertEqualsImpl(Assert.java:149)
at org.testng.Assert.assertEquals(Assert.java:131)
at org.testng.Assert.assertEquals(Assert.java:976)
at org.testng.Assert.assertEquals(Assert.java:1010)
at testCases.LoginPopUpTest.loginPopUpLogInNegativeTest(LoginPopUpTest.java:198)
at java.base/jdk.internal.reflect.NativeMethodAccessorImpl.invoke0(Native Method)
at java.base/jdk.internal.reflect.NativeMethodAccessorImpl.invoke(NativeMethodAccessorImpl.java:77)
at java.base/jdk.internal.reflect.DelegatingMethodAccessorImpl.invoke(DelegatingMethodAccessorImpl.java:43)
at java.base/java.lang.reflect.Method.invoke(Method.java:568)
at org.testng.internal.invokers.MethodInvocationHelper.invokeMethod(MethodInvocationHelper.java:139)
at org.testng.internal.invokers.TestInvoker.invokeMethod(TestInvoker.java:677)
at org.testng.internal.invokers.TestInvoker.invokeTestMethod(TestInvoker.java:221)
at org.testng.internal.invokers.MethodRunner.runInSequence(MethodRunner.java:50)
at org.testng.internal.invokers.TestInvoker$MethodInvocationAgent.invoke(TestInvoker.java:962)
at org.testng.internal.invokers.TestInvoker.invokeTestMethods(TestInvoker.java:194)
at org.testng.internal.invokers.TestMethodWorker.invokeTestMethods(TestMethodWorker.java:148)
at org.testng.internal.invokers.TestMethodWorker.run(TestMethodWorker.java:128)
at java.base/java.util.ArrayList.forEach(ArrayList.java:1511)
at org.testng.TestRunner.privateRun(TestRunner.java:806)
at org.testng.TestRunner.run(TestRunner.java:601)
at org.testng.SuiteRunner.runTest(SuiteRunner.java:433)
at org.testng.SuiteRunner.runSequentially(SuiteRunner.java:427)
at org.testng.SuiteRunner.privateRun(SuiteRunner.java:387)
at org.testng.SuiteRunner.run(SuiteRunner.java:330)
at org.testng.SuiteRunnerWorker.runSuite(SuiteRunnerWorker.java:52)
at org.testng.SuiteRunnerWorker.run(SuiteRunnerWorker.java:95)
at org.testng.TestNG.runSuitesSequentially(TestNG.java:1256)
at org.testng.TestNG.runSuitesLocally(TestNG.java:1176)
at org.testng.TestNG.runSuites(TestNG.java:1099)
at org.testng.TestNG.run(TestNG.java:1067)
at com.intellij.rt.testng.IDEARemoteTestNG.run(IDEARemoteTestNG.java:66)
at com.intellij.rt.testng.RemoteTestNGStarter.main(RemoteTestNGStarter.java:109)
]]>
            </full-stacktrace>
          </exception> <!-- java.lang.AssertionError -->
          <reporter-output>
          </reporter-output>
        </test-method> <!-- loginPopUpLogInNegativeTest -->
        <test-method is-config="true" signature="tearDown()[pri:0, instance:testCases.LoginPopUpTest@4145bad8]" started-at="2022-07-13T13:31:12 AMT" name="tearDown" finished-at="2022-07-13T13:31:12 AMT" duration-ms="256" status="PASS">
          <reporter-output>
          </reporter-output>
        </test-method> <!-- tearDown -->
        <test-method is-config="true" signature="setup()[pri:0, instance:testCases.LoginPopUpTest@4145bad8]" started-at="2022-07-13T13:31:12 AMT" name="setup" finished-at="2022-07-13T13:31:16 AMT" duration-ms="3961" status="PASS">
          <reporter-output>
          </reporter-output>
        </test-method> <!-- setup -->
        <test-method is-config="true" signature="goToLoginPopUp()[pri:0, instance:testCases.LoginPopUpTest@4145bad8]" started-at="2022-07-13T13:31:16 AMT" name="goToLoginPopUp" finished-at="2022-07-13T13:31:17 AMT" duration-ms="388" status="PASS">
          <reporter-output>
          </reporter-output>
        </test-method> <!-- goToLoginPopUp -->
        <test-method signature="loginPopUpLogInNegativeTest(java.lang.String,java.lang.String)[pri:10, instance:testCases.LoginPopUpTest@4145bad8]" started-at="2022-07-13T13:31:17 AMT" name="loginPopUpLogInNegativeTest" description="Validate on Log_in Pop Up Log_In functionality with invalid data" data-provider="invalidLoginData" finished-at="2022-07-13T13:31:18 AMT" duration-ms="1510" status="FAIL">
          <params>
            <param index="0">
              <value>
                <![CDATA[U163 0370]]>
              </value>
            </param>
            <param index="1">
              <value>
                <![CDATA[N3HU3]]>
              </value>
            </param>
          </params>
          <exception class="java.lang.AssertionError">
            <message>
              <![CDATA[expected [false] but found [true]]]>
            </message>
            <full-stacktrace>
              <![CDATA[java.lang.AssertionError: expected [false] but found [true]
at org.testng.Assert.fail(Assert.java:110)
at org.testng.Assert.failNotEquals(Assert.java:1413)
at org.testng.Assert.assertEqualsImpl(Assert.java:149)
at org.testng.Assert.assertEquals(Assert.java:131)
at org.testng.Assert.assertEquals(Assert.java:976)
at org.testng.Assert.assertEquals(Assert.java:1010)
at testCases.LoginPopUpTest.loginPopUpLogInNegativeTest(LoginPopUpTest.java:198)
at java.base/jdk.internal.reflect.NativeMethodAccessorImpl.invoke0(Native Method)
at java.base/jdk.internal.reflect.NativeMethodAccessorImpl.invoke(NativeMethodAccessorImpl.java:77)
at java.base/jdk.internal.reflect.DelegatingMethodAccessorImpl.invoke(DelegatingMethodAccessorImpl.java:43)
at java.base/java.lang.reflect.Method.invoke(Method.java:568)
at org.testng.internal.invokers.MethodInvocationHelper.invokeMethod(MethodInvocationHelper.java:139)
at org.testng.internal.invokers.TestInvoker.invokeMethod(TestInvoker.java:677)
at org.testng.internal.invokers.TestInvoker.invokeTestMethod(TestInvoker.java:221)
at org.testng.internal.invokers.MethodRunner.runInSequence(MethodRunner.java:50)
at org.testng.internal.invokers.TestInvoker$MethodInvocationAgent.invoke(TestInvoker.java:962)
at org.testng.internal.invokers.TestInvoker.invokeTestMethods(TestInvoker.java:194)
at org.testng.internal.invokers.TestMethodWorker.invokeTestMethods(TestMethodWorker.java:148)
at org.testng.internal.invokers.TestMethodWorker.run(TestMethodWorker.java:128)
at java.base/java.util.ArrayList.forEach(ArrayList.java:1511)
at org.testng.TestRunner.privateRun(TestRunner.java:806)
at org.testng.TestRunner.run(TestRunner.java:601)
at org.testng.SuiteRunner.runTest(SuiteRunner.java:433)
at org.testng.SuiteRunner.runSequentially(SuiteRunner.java:427)
at org.testng.SuiteRunner.privateRun(SuiteRunner.java:387)
at org.testng.SuiteRunner.run(SuiteRunner.java:330)
at org.testng.SuiteRunnerWorker.runSuite(SuiteRunnerWorker.java:52)
at org.testng.SuiteRunnerWorker.run(SuiteRunnerWorker.java:95)
at org.testng.TestNG.runSuitesSequentially(TestNG.java:1256)
at org.testng.TestNG.runSuitesLocally(TestNG.java:1176)
at org.testng.TestNG.runSuites(TestNG.java:1099)
at org.testng.TestNG.run(TestNG.java:1067)
at com.intellij.rt.testng.IDEARemoteTestNG.run(IDEARemoteTestNG.java:66)
at com.intellij.rt.testng.RemoteTestNGStarter.main(RemoteTestNGStarter.java:109)
]]>
            </full-stacktrace>
          </exception> <!-- java.lang.AssertionError -->
          <reporter-output>
          </reporter-output>
        </test-method> <!-- loginPopUpLogInNegativeTest -->
        <test-method is-config="true" signature="tearDown()[pri:0, instance:testCases.LoginPopUpTest@4145bad8]" started-at="2022-07-13T13:31:19 AMT" name="tearDown" finished-at="2022-07-13T13:31:19 AMT" duration-ms="249" status="PASS">
          <reporter-output>
          </reporter-output>
        </test-method> <!-- tearDown -->
        <test-method is-config="true" signature="setup()[pri:0, instance:testCases.LoginPopUpTest@4145bad8]" started-at="2022-07-13T13:31:19 AMT" name="setup" finished-at="2022-07-13T13:31:24 AMT" duration-ms="4189" status="PASS">
          <reporter-output>
          </reporter-output>
        </test-method> <!-- setup -->
        <test-method is-config="true" signature="goToLoginPopUp()[pri:0, instance:testCases.LoginPopUpTest@4145bad8]" started-at="2022-07-13T13:31:24 AMT" name="goToLoginPopUp" finished-at="2022-07-13T13:31:24 AMT" duration-ms="385" status="PASS">
          <reporter-output>
          </reporter-output>
        </test-method> <!-- goToLoginPopUp -->
        <test-method signature="loginPopUpLogInNegativeTest(java.lang.String,java.lang.String)[pri:10, instance:testCases.LoginPopUpTest@4145bad8]" started-at="2022-07-13T13:31:24 AMT" name="loginPopUpLogInNegativeTest" description="Validate on Log_in Pop Up Log_In functionality with invalid data" data-provider="invalidLoginData" finished-at="2022-07-13T13:31:26 AMT" duration-ms="1596" status="FAIL">
          <params>
            <param index="0">
              <value>
                <![CDATA[ U1630370]]>
              </value>
            </param>
            <param index="1">
              <value>
                <![CDATA[N3HU3]]>
              </value>
            </param>
          </params>
          <exception class="java.lang.AssertionError">
            <message>
              <![CDATA[expected [false] but found [true]]]>
            </message>
            <full-stacktrace>
              <![CDATA[java.lang.AssertionError: expected [false] but found [true]
at org.testng.Assert.fail(Assert.java:110)
at org.testng.Assert.failNotEquals(Assert.java:1413)
at org.testng.Assert.assertEqualsImpl(Assert.java:149)
at org.testng.Assert.assertEquals(Assert.java:131)
at org.testng.Assert.assertEquals(Assert.java:976)
at org.testng.Assert.assertEquals(Assert.java:1010)
at testCases.LoginPopUpTest.loginPopUpLogInNegativeTest(LoginPopUpTest.java:198)
at java.base/jdk.internal.reflect.NativeMethodAccessorImpl.invoke0(Native Method)
at java.base/jdk.internal.reflect.NativeMethodAccessorImpl.invoke(NativeMethodAccessorImpl.java:77)
at java.base/jdk.internal.reflect.DelegatingMethodAccessorImpl.invoke(DelegatingMethodAccessorImpl.java:43)
at java.base/java.lang.reflect.Method.invoke(Method.java:568)
at org.testng.internal.invokers.MethodInvocationHelper.invokeMethod(MethodInvocationHelper.java:139)
at org.testng.internal.invokers.TestInvoker.invokeMethod(TestInvoker.java:677)
at org.testng.internal.invokers.TestInvoker.invokeTestMethod(TestInvoker.java:221)
at org.testng.internal.invokers.MethodRunner.runInSequence(MethodRunner.java:50)
at org.testng.internal.invokers.TestInvoker$MethodInvocationAgent.invoke(TestInvoker.java:962)
at org.testng.internal.invokers.TestInvoker.invokeTestMethods(TestInvoker.java:194)
at org.testng.internal.invokers.TestMethodWorker.invokeTestMethods(TestMethodWorker.java:148)
at org.testng.internal.invokers.TestMethodWorker.run(TestMethodWorker.java:128)
at java.base/java.util.ArrayList.forEach(ArrayList.java:1511)
at org.testng.TestRunner.privateRun(TestRunner.java:806)
at org.testng.TestRunner.run(TestRunner.java:601)
at org.testng.SuiteRunner.runTest(SuiteRunner.java:433)
at org.testng.SuiteRunner.runSequentially(SuiteRunner.java:427)
at org.testng.SuiteRunner.privateRun(SuiteRunner.java:387)
at org.testng.SuiteRunner.run(SuiteRunner.java:330)
at org.testng.SuiteRunnerWorker.runSuite(SuiteRunnerWorker.java:52)
at org.testng.SuiteRunnerWorker.run(SuiteRunnerWorker.java:95)
at org.testng.TestNG.runSuitesSequentially(TestNG.java:1256)
at org.testng.TestNG.runSuitesLocally(TestNG.java:1176)
at org.testng.TestNG.runSuites(TestNG.java:1099)
at org.testng.TestNG.run(TestNG.java:1067)
at com.intellij.rt.testng.IDEARemoteTestNG.run(IDEARemoteTestNG.java:66)
at com.intellij.rt.testng.RemoteTestNGStarter.main(RemoteTestNGStarter.java:109)
]]>
            </full-stacktrace>
          </exception> <!-- java.lang.AssertionError -->
          <reporter-output>
          </reporter-output>
        </test-method> <!-- loginPopUpLogInNegativeTest -->
        <test-method is-config="true" signature="tearDown()[pri:0, instance:testCases.LoginPopUpTest@4145bad8]" started-at="2022-07-13T13:31:26 AMT" name="tearDown" finished-at="2022-07-13T13:31:27 AMT" duration-ms="202" status="PASS">
          <reporter-output>
          </reporter-output>
        </test-method> <!-- tearDown -->
        <test-method is-config="true" signature="setup()[pri:0, instance:testCases.LoginPopUpTest@4145bad8]" started-at="2022-07-13T13:31:27 AMT" name="setup" finished-at="2022-07-13T13:31:30 AMT" duration-ms="3835" status="PASS">
          <reporter-output>
          </reporter-output>
        </test-method> <!-- setup -->
        <test-method is-config="true" signature="goToLoginPopUp()[pri:0, instance:testCases.LoginPopUpTest@4145bad8]" started-at="2022-07-13T13:31:31 AMT" name="goToLoginPopUp" finished-at="2022-07-13T13:31:31 AMT" duration-ms="393" status="PASS">
          <reporter-output>
          </reporter-output>
        </test-method> <!-- goToLoginPopUp -->
        <test-method signature="loginPopUpLogInNegativeTest(java.lang.String,java.lang.String)[pri:10, instance:testCases.LoginPopUpTest@4145bad8]" started-at="2022-07-13T13:31:31 AMT" name="loginPopUpLogInNegativeTest" description="Validate on Log_in Pop Up Log_In functionality with invalid data" data-provider="invalidLoginData" finished-at="2022-07-13T13:32:01 AMT" duration-ms="30363" status="PASS">
          <params>
            <param index="0">
              <value>
                <![CDATA[        ]]>
              </value>
            </param>
            <param index="1">
              <value>
                <![CDATA[N3HU3]]>
              </value>
            </param>
          </params>
          <reporter-output>
          </reporter-output>
        </test-method> <!-- loginPopUpLogInNegativeTest -->
        <test-method is-config="true" signature="tearDown()[pri:0, instance:testCases.LoginPopUpTest@4145bad8]" started-at="2022-07-13T13:32:01 AMT" name="tearDown" finished-at="2022-07-13T13:32:02 AMT" duration-ms="245" status="PASS">
          <reporter-output>
          </reporter-output>
        </test-method> <!-- tearDown -->
        <test-method is-config="true" signature="setup()[pri:0, instance:testCases.LoginPopUpTest@4145bad8]" started-at="2022-07-13T13:32:02 AMT" name="setup" finished-at="2022-07-13T13:32:05 AMT" duration-ms="3773" status="PASS">
          <reporter-output>
          </reporter-output>
        </test-method> <!-- setup -->
        <test-method is-config="true" signature="goToLoginPopUp()[pri:0, instance:testCases.LoginPopUpTest@4145bad8]" started-at="2022-07-13T13:32:05 AMT" name="goToLoginPopUp" finished-at="2022-07-13T13:32:06 AMT" duration-ms="412" status="PASS">
          <reporter-output>
          </reporter-output>
        </test-method> <!-- goToLoginPopUp -->
        <test-method signature="loginPopUpLogInNegativeTest(java.lang.String,java.lang.String)[pri:10, instance:testCases.LoginPopUpTest@4145bad8]" started-at="2022-07-13T13:32:06 AMT" name="loginPopUpLogInNegativeTest" description="Validate on Log_in Pop Up Log_In functionality with invalid data" data-provider="invalidLoginData" finished-at="2022-07-13T13:32:16 AMT" duration-ms="10408" status="PASS">
          <params>
            <param index="0">
              <value>
                <![CDATA[?U1630370]]>
              </value>
            </param>
            <param index="1">
              <value>
                <![CDATA[N3HU3]]>
              </value>
            </param>
          </params>
          <reporter-output>
          </reporter-output>
        </test-method> <!-- loginPopUpLogInNegativeTest -->
        <test-method is-config="true" signature="tearDown()[pri:0, instance:testCases.LoginPopUpTest@4145bad8]" started-at="2022-07-13T13:32:16 AMT" name="tearDown" finished-at="2022-07-13T13:32:16 AMT" duration-ms="318" status="PASS">
          <reporter-output>
          </reporter-output>
        </test-method> <!-- tearDown -->
        <test-method is-config="true" signature="setup()[pri:0, instance:testCases.LoginPopUpTest@4145bad8]" started-at="2022-07-13T13:32:16 AMT" name="setup" finished-at="2022-07-13T13:32:20 AMT" duration-ms="3797" status="PASS">
          <reporter-output>
          </reporter-output>
        </test-method> <!-- setup -->
        <test-method is-config="true" signature="goToLoginPopUp()[pri:0, instance:testCases.LoginPopUpTest@4145bad8]" started-at="2022-07-13T13:32:20 AMT" name="goToLoginPopUp" finished-at="2022-07-13T13:32:21 AMT" duration-ms="407" status="PASS">
          <reporter-output>
          </reporter-output>
        </test-method> <!-- goToLoginPopUp -->
        <test-method signature="loginPopUpErrorMessageValidationInvalidUsername()[pri:11, instance:testCases.LoginPopUpTest@4145bad8]" started-at="2022-07-13T13:32:21 AMT" name="loginPopUpErrorMessageValidationInvalidUsername" description="Validate on Log_in Pop Up Error message with invalid password" finished-at="2022-07-13T13:32:22 AMT" duration-ms="1387" status="PASS">
          <reporter-output>
          </reporter-output>
        </test-method> <!-- loginPopUpErrorMessageValidationInvalidUsername -->
        <test-method is-config="true" signature="tearDown()[pri:0, instance:testCases.LoginPopUpTest@4145bad8]" started-at="2022-07-13T13:32:22 AMT" name="tearDown" finished-at="2022-07-13T13:32:22 AMT" duration-ms="281" status="PASS">
          <reporter-output>
          </reporter-output>
        </test-method> <!-- tearDown -->
        <test-method is-config="true" signature="setup()[pri:0, instance:testCases.LoginPopUpTest@4145bad8]" started-at="2022-07-13T13:32:22 AMT" name="setup" finished-at="2022-07-13T13:32:26 AMT" duration-ms="4051" status="PASS">
          <reporter-output>
          </reporter-output>
        </test-method> <!-- setup -->
        <test-method is-config="true" signature="goToLoginPopUp()[pri:0, instance:testCases.LoginPopUpTest@4145bad8]" started-at="2022-07-13T13:32:26 AMT" name="goToLoginPopUp" finished-at="2022-07-13T13:32:27 AMT" duration-ms="360" status="PASS">
          <reporter-output>
          </reporter-output>
        </test-method> <!-- goToLoginPopUp -->
        <test-method signature="loginPopUpErrorMessageValidationInvalidPassword()[pri:12, instance:testCases.LoginPopUpTest@4145bad8]" started-at="2022-07-13T13:32:27 AMT" name="loginPopUpErrorMessageValidationInvalidPassword" description="Validate on Log_in Pop Up error message with invalid username" finished-at="2022-07-13T13:32:28 AMT" duration-ms="1369" status="PASS">
          <reporter-output>
          </reporter-output>
        </test-method> <!-- loginPopUpErrorMessageValidationInvalidPassword -->
        <test-method is-config="true" signature="tearDown()[pri:0, instance:testCases.LoginPopUpTest@4145bad8]" started-at="2022-07-13T13:32:28 AMT" name="tearDown" finished-at="2022-07-13T13:32:28 AMT" duration-ms="237" status="PASS">
          <reporter-output>
          </reporter-output>
        </test-method> <!-- tearDown -->
        <test-method is-config="true" signature="finish()[pri:0, instance:testCases.LoginPopUpTest@4145bad8]" started-at="2022-07-13T13:32:29 AMT" name="finish" finished-at="2022-07-13T13:32:29 AMT" duration-ms="1" status="PASS">
          <reporter-output>
          </reporter-output>
        </test-method> <!-- finish -->
      </class> <!-- testCases.LoginPopUpTest -->
    </test> <!-- craftBetAutomation -->
  </suite> <!-- Default Suite -->
</testng-results>
