<?xml version="1.0" encoding="UTF-8"?>
<testng-results ignored="0" total="21" passed="10" failed="1" skipped="10">
  <reporter-output>
  </reporter-output>
  <suite started-at="2022-07-08T16:17:49 AMT" name="Default Suite" finished-at="2022-07-08T16:20:47 AMT" duration-ms="177888">
    <groups>
    </groups>
    <test started-at="2022-07-08T16:17:49 AMT" name="craftBetAutomation" finished-at="2022-07-08T16:20:47 AMT" duration-ms="177888">
      <class name="testCases.LoginPopUpTest">
        <test-method is-config="true" signature="setup()[pri:0, instance:testCases.LoginPopUpTest@298a5e20]" started-at="2022-07-08T16:17:49 AMT" name="setup" finished-at="2022-07-08T16:17:57 AMT" duration-ms="7694" status="PASS">
          <reporter-output>
          </reporter-output>
        </test-method> <!-- setup -->
        <test-method is-config="true" signature="goToLoginPopUp()[pri:0, instance:testCases.LoginPopUpTest@298a5e20]" started-at="2022-07-08T16:17:57 AMT" name="goToLoginPopUp" finished-at="2022-07-08T16:17:59 AMT" duration-ms="1644" status="PASS">
          <reporter-output>
          </reporter-output>
        </test-method> <!-- goToLoginPopUp -->
        <test-method signature="loginPopUpLabelsPresenceVerification_Test()[pri:1, instance:testCases.LoginPopUpTest@298a5e20]" started-at="2022-07-08T16:17:59 AMT" name="loginPopUpLabelsPresenceVerification_Test" description="Validate on Log_in Pop Up Header, Email/mobile or username, Password, Remember me, You can Sign in with, Don&#039;t have an account? Sign Up, Don&#039;t have an account? Sign Up, Safe and Secure labels" finished-at="2022-07-08T16:17:59 AMT" duration-ms="731" status="PASS">
          <reporter-output>
          </reporter-output>
        </test-method> <!-- loginPopUpLabelsPresenceVerification_Test -->
        <test-method is-config="true" signature="tearDown()[pri:0, instance:testCases.LoginPopUpTest@298a5e20]" started-at="2022-07-08T16:17:59 AMT" name="tearDown" finished-at="2022-07-08T16:18:01 AMT" duration-ms="1450" status="PASS">
          <reporter-output>
          </reporter-output>
        </test-method> <!-- tearDown -->
        <test-method is-config="true" signature="setup()[pri:0, instance:testCases.LoginPopUpTest@298a5e20]" started-at="2022-07-08T16:18:01 AMT" name="setup" finished-at="2022-07-08T16:18:08 AMT" duration-ms="6563" status="PASS">
          <reporter-output>
          </reporter-output>
        </test-method> <!-- setup -->
        <test-method is-config="true" signature="goToLoginPopUp()[pri:0, instance:testCases.LoginPopUpTest@298a5e20]" started-at="2022-07-08T16:18:08 AMT" name="goToLoginPopUp" finished-at="2022-07-08T16:18:09 AMT" duration-ms="1002" status="PASS">
          <reporter-output>
          </reporter-output>
        </test-method> <!-- goToLoginPopUp -->
        <test-method signature="loginPopUpLogoPresenceVerification_Test()[pri:2, instance:testCases.LoginPopUpTest@298a5e20]" started-at="2022-07-08T16:18:09 AMT" name="loginPopUpLogoPresenceVerification_Test" description="Validate on Log_in Pop Up Logo Presence" finished-at="2022-07-08T16:18:09 AMT" duration-ms="24" status="PASS">
          <reporter-output>
          </reporter-output>
        </test-method> <!-- loginPopUpLogoPresenceVerification_Test -->
        <test-method is-config="true" signature="tearDown()[pri:0, instance:testCases.LoginPopUpTest@298a5e20]" started-at="2022-07-08T16:18:09 AMT" name="tearDown" finished-at="2022-07-08T16:18:10 AMT" duration-ms="1224" status="PASS">
          <reporter-output>
          </reporter-output>
        </test-method> <!-- tearDown -->
        <test-method is-config="true" signature="setup()[pri:0, instance:testCases.LoginPopUpTest@298a5e20]" started-at="2022-07-08T16:18:10 AMT" name="setup" finished-at="2022-07-08T16:18:15 AMT" duration-ms="5642" status="PASS">
          <reporter-output>
          </reporter-output>
        </test-method> <!-- setup -->
        <test-method is-config="true" signature="goToLoginPopUp()[pri:0, instance:testCases.LoginPopUpTest@298a5e20]" started-at="2022-07-08T16:18:15 AMT" name="goToLoginPopUp" finished-at="2022-07-08T16:18:16 AMT" duration-ms="1001" status="PASS">
          <reporter-output>
          </reporter-output>
        </test-method> <!-- goToLoginPopUp -->
        <test-method signature="loginPopUpCloseButtonFunctionality_Test()[pri:3, instance:testCases.LoginPopUpTest@298a5e20]" started-at="2022-07-08T16:18:16 AMT" name="loginPopUpCloseButtonFunctionality_Test" description="Validate on Log_in Pop Up Close (X) button functionality" finished-at="2022-07-08T16:18:17 AMT" duration-ms="846" status="PASS">
          <reporter-output>
          </reporter-output>
        </test-method> <!-- loginPopUpCloseButtonFunctionality_Test -->
        <test-method is-config="true" signature="tearDown()[pri:0, instance:testCases.LoginPopUpTest@298a5e20]" started-at="2022-07-08T16:18:17 AMT" name="tearDown" finished-at="2022-07-08T16:18:20 AMT" duration-ms="2351" status="PASS">
          <reporter-output>
          </reporter-output>
        </test-method> <!-- tearDown -->
        <test-method is-config="true" signature="setup()[pri:0, instance:testCases.LoginPopUpTest@298a5e20]" started-at="2022-07-08T16:18:20 AMT" name="setup" finished-at="2022-07-08T16:18:27 AMT" duration-ms="7179" status="PASS">
          <reporter-output>
          </reporter-output>
        </test-method> <!-- setup -->
        <test-method is-config="true" signature="goToLoginPopUp()[pri:0, instance:testCases.LoginPopUpTest@298a5e20]" started-at="2022-07-08T16:18:27 AMT" name="goToLoginPopUp" finished-at="2022-07-08T16:18:29 AMT" duration-ms="1691" status="PASS">
          <reporter-output>
          </reporter-output>
        </test-method> <!-- goToLoginPopUp -->
        <test-method signature="loginPopUpEyeButtonFunctionality_Test()[pri:4, instance:testCases.LoginPopUpTest@298a5e20]" started-at="2022-07-08T16:18:29 AMT" name="loginPopUpEyeButtonFunctionality_Test" description="Validate on Log_in Pop Up eye functionality" finished-at="2022-07-08T16:18:29 AMT" duration-ms="967" status="PASS">
          <reporter-output>
          </reporter-output>
        </test-method> <!-- loginPopUpEyeButtonFunctionality_Test -->
        <test-method is-config="true" signature="tearDown()[pri:0, instance:testCases.LoginPopUpTest@298a5e20]" started-at="2022-07-08T16:18:29 AMT" name="tearDown" finished-at="2022-07-08T16:18:31 AMT" duration-ms="1070" status="PASS">
          <reporter-output>
          </reporter-output>
        </test-method> <!-- tearDown -->
        <test-method is-config="true" signature="setup()[pri:0, instance:testCases.LoginPopUpTest@298a5e20]" started-at="2022-07-08T16:18:31 AMT" name="setup" finished-at="2022-07-08T16:18:38 AMT" duration-ms="6977" status="PASS">
          <reporter-output>
          </reporter-output>
        </test-method> <!-- setup -->
        <test-method is-config="true" signature="goToLoginPopUp()[pri:0, instance:testCases.LoginPopUpTest@298a5e20]" started-at="2022-07-08T16:18:38 AMT" name="goToLoginPopUp" finished-at="2022-07-08T16:18:38 AMT" duration-ms="848" status="PASS">
          <reporter-output>
          </reporter-output>
        </test-method> <!-- goToLoginPopUp -->
        <test-method signature="loginPopUpRememberMeLabelClickAbility_Test()[pri:5, instance:testCases.LoginPopUpTest@298a5e20]" started-at="2022-07-08T16:18:38 AMT" name="loginPopUpRememberMeLabelClickAbility_Test" description="Validate on Log_in Pop Up Remember me label click-ability" finished-at="2022-07-08T16:18:39 AMT" duration-ms="993" status="PASS">
          <reporter-output>
          </reporter-output>
        </test-method> <!-- loginPopUpRememberMeLabelClickAbility_Test -->
        <test-method is-config="true" signature="tearDown()[pri:0, instance:testCases.LoginPopUpTest@298a5e20]" started-at="2022-07-08T16:18:39 AMT" name="tearDown" finished-at="2022-07-08T16:18:42 AMT" duration-ms="3032" status="PASS">
          <reporter-output>
          </reporter-output>
        </test-method> <!-- tearDown -->
        <test-method is-config="true" signature="setup()[pri:0, instance:testCases.LoginPopUpTest@298a5e20]" started-at="2022-07-08T16:18:42 AMT" name="setup" finished-at="2022-07-08T16:18:52 AMT" duration-ms="9895" status="PASS">
          <reporter-output>
          </reporter-output>
        </test-method> <!-- setup -->
        <test-method is-config="true" signature="goToLoginPopUp()[pri:0, instance:testCases.LoginPopUpTest@298a5e20]" started-at="2022-07-08T16:18:52 AMT" name="goToLoginPopUp" finished-at="2022-07-08T16:18:55 AMT" duration-ms="2727" status="PASS">
          <reporter-output>
          </reporter-output>
        </test-method> <!-- goToLoginPopUp -->
        <test-method signature="loginPopUpCheckBoxClickAbility_Test()[pri:6, instance:testCases.LoginPopUpTest@298a5e20]" started-at="2022-07-08T16:18:55 AMT" name="loginPopUpCheckBoxClickAbility_Test" description="Validate on Log_in Pop Up checkBox functionality" finished-at="2022-07-08T16:18:56 AMT" duration-ms="956" status="PASS">
          <reporter-output>
          </reporter-output>
        </test-method> <!-- loginPopUpCheckBoxClickAbility_Test -->
        <test-method is-config="true" signature="tearDown()[pri:0, instance:testCases.LoginPopUpTest@298a5e20]" started-at="2022-07-08T16:18:56 AMT" name="tearDown" finished-at="2022-07-08T16:18:57 AMT" duration-ms="1469" status="PASS">
          <reporter-output>
          </reporter-output>
        </test-method> <!-- tearDown -->
        <test-method is-config="true" signature="setup()[pri:0, instance:testCases.LoginPopUpTest@298a5e20]" started-at="2022-07-08T16:18:57 AMT" name="setup" finished-at="2022-07-08T16:19:03 AMT" duration-ms="5657" status="PASS">
          <reporter-output>
          </reporter-output>
        </test-method> <!-- setup -->
        <test-method is-config="true" signature="goToLoginPopUp()[pri:0, instance:testCases.LoginPopUpTest@298a5e20]" started-at="2022-07-08T16:19:03 AMT" name="goToLoginPopUp" finished-at="2022-07-08T16:19:04 AMT" duration-ms="949" status="PASS">
          <reporter-output>
          </reporter-output>
        </test-method> <!-- goToLoginPopUp -->
        <test-method signature="loginPopUpForgotPasswordLink_Test()[pri:7, instance:testCases.LoginPopUpTest@298a5e20]" started-at="2022-07-08T16:19:04 AMT" name="loginPopUpForgotPasswordLink_Test" description="Validate on Log_in Pop Up Forgot password link functionality" finished-at="2022-07-08T16:19:04 AMT" duration-ms="340" status="PASS">
          <reporter-output>
          </reporter-output>
        </test-method> <!-- loginPopUpForgotPasswordLink_Test -->
        <test-method is-config="true" signature="tearDown()[pri:0, instance:testCases.LoginPopUpTest@298a5e20]" started-at="2022-07-08T16:19:04 AMT" name="tearDown" finished-at="2022-07-08T16:19:06 AMT" duration-ms="1128" status="PASS">
          <reporter-output>
          </reporter-output>
        </test-method> <!-- tearDown -->
        <test-method is-config="true" signature="setup()[pri:0, instance:testCases.LoginPopUpTest@298a5e20]" started-at="2022-07-08T16:19:06 AMT" name="setup" finished-at="2022-07-08T16:19:10 AMT" duration-ms="4336" status="PASS">
          <reporter-output>
          </reporter-output>
        </test-method> <!-- setup -->
        <test-method is-config="true" signature="goToLoginPopUp()[pri:0, instance:testCases.LoginPopUpTest@298a5e20]" started-at="2022-07-08T16:19:10 AMT" name="goToLoginPopUp" finished-at="2022-07-08T16:19:11 AMT" duration-ms="726" status="PASS">
          <reporter-output>
          </reporter-output>
        </test-method> <!-- goToLoginPopUp -->
        <test-method signature="loginPopUpSignUpLink_Test()[pri:8, instance:testCases.LoginPopUpTest@298a5e20]" started-at="2022-07-08T16:19:11 AMT" name="loginPopUpSignUpLink_Test" description="Validate on Log_in Pop Up SignUp link functionality" finished-at="2022-07-08T16:19:11 AMT" duration-ms="413" status="PASS">
          <reporter-output>
          </reporter-output>
        </test-method> <!-- loginPopUpSignUpLink_Test -->
        <test-method is-config="true" signature="tearDown()[pri:0, instance:testCases.LoginPopUpTest@298a5e20]" started-at="2022-07-08T16:19:11 AMT" name="tearDown" finished-at="2022-07-08T16:19:12 AMT" duration-ms="1166" status="PASS">
          <reporter-output>
          </reporter-output>
        </test-method> <!-- tearDown -->
        <test-method is-config="true" signature="setup()[pri:0, instance:testCases.LoginPopUpTest@298a5e20]" started-at="2022-07-08T16:19:12 AMT" name="setup" finished-at="2022-07-08T16:19:18 AMT" duration-ms="5380" status="PASS">
          <reporter-output>
          </reporter-output>
        </test-method> <!-- setup -->
        <test-method is-config="true" signature="goToLoginPopUp()[pri:0, instance:testCases.LoginPopUpTest@298a5e20]" started-at="2022-07-08T16:19:18 AMT" name="goToLoginPopUp" finished-at="2022-07-08T16:19:19 AMT" duration-ms="993" status="PASS">
          <reporter-output>
          </reporter-output>
        </test-method> <!-- goToLoginPopUp -->
        <test-method signature="loginPopUpLogInPositiveTest()[pri:9, instance:testCases.LoginPopUpTest@298a5e20]" started-at="2022-07-08T16:19:19 AMT" name="loginPopUpLogInPositiveTest" description="Validate on Log_in Pop Up Log_In functionality with valid credentials" finished-at="2022-07-08T16:19:21 AMT" duration-ms="2439" status="PASS">
          <reporter-output>
          </reporter-output>
        </test-method> <!-- loginPopUpLogInPositiveTest -->
        <test-method is-config="true" signature="tearDown()[pri:0, instance:testCases.LoginPopUpTest@298a5e20]" started-at="2022-07-08T16:19:21 AMT" name="tearDown" finished-at="2022-07-08T16:19:22 AMT" duration-ms="1144" status="PASS">
          <reporter-output>
          </reporter-output>
        </test-method> <!-- tearDown -->
        <test-method is-config="true" signature="setup()[pri:0, instance:testCases.LoginPopUpTest@298a5e20]" started-at="2022-07-08T16:19:22 AMT" name="setup" finished-at="2022-07-08T16:19:30 AMT" duration-ms="7571" status="PASS">
          <reporter-output>
          </reporter-output>
        </test-method> <!-- setup -->
        <test-method is-config="true" signature="goToLoginPopUp()[pri:0, instance:testCases.LoginPopUpTest@298a5e20]" started-at="2022-07-08T16:19:30 AMT" name="goToLoginPopUp" finished-at="2022-07-08T16:19:31 AMT" duration-ms="966" status="PASS">
          <reporter-output>
          </reporter-output>
        </test-method> <!-- goToLoginPopUp -->
        <test-method signature="loginPopUpLogInNegativeTest(java.lang.String,java.lang.String)[pri:10, instance:testCases.LoginPopUpTest@298a5e20]" started-at="2022-07-08T16:19:31 AMT" name="loginPopUpLogInNegativeTest" description="Validate on Log_in Pop Up Log_In functionality with invalid data" data-provider="invalidLoginData" finished-at="2022-07-08T16:20:32 AMT" duration-ms="60857" status="PASS">
          <params>
            <param index="0">
              <value>
                <![CDATA[U1630370]]>
              </value>
            </param>
            <param index="1">
              <value>
                <![CDATA[N3 HU3]]>
              </value>
            </param>
          </params>
          <reporter-output>
          </reporter-output>
        </test-method> <!-- loginPopUpLogInNegativeTest -->
        <test-method is-config="true" signature="tearDown()[pri:0, instance:testCases.LoginPopUpTest@298a5e20]" started-at="2022-07-08T16:20:32 AMT" name="tearDown" finished-at="2022-07-08T16:20:33 AMT" duration-ms="944" status="PASS">
          <reporter-output>
          </reporter-output>
        </test-method> <!-- tearDown -->
        <test-method is-config="true" signature="setup()[pri:0, instance:testCases.LoginPopUpTest@298a5e20]" started-at="2022-07-08T16:20:33 AMT" name="setup" finished-at="2022-07-08T16:20:37 AMT" duration-ms="4823" status="PASS">
          <reporter-output>
          </reporter-output>
        </test-method> <!-- setup -->
        <test-method is-config="true" signature="goToLoginPopUp()[pri:0, instance:testCases.LoginPopUpTest@298a5e20]" started-at="2022-07-08T16:20:37 AMT" name="goToLoginPopUp" finished-at="2022-07-08T16:20:38 AMT" duration-ms="974" status="PASS">
          <reporter-output>
          </reporter-output>
        </test-method> <!-- goToLoginPopUp -->
        <test-method signature="loginPopUpLogInNegativeTest(java.lang.String,java.lang.String)[pri:10, instance:testCases.LoginPopUpTest@298a5e20]" started-at="2022-07-08T16:20:38 AMT" name="loginPopUpLogInNegativeTest" description="Validate on Log_in Pop Up Log_In functionality with invalid data" data-provider="invalidLoginData" finished-at="2022-07-08T16:20:40 AMT" duration-ms="2110" status="FAIL">
          <params>
            <param index="0">
              <value>
                <![CDATA[U1630370]]>
              </value>
            </param>
            <param index="1">
              <value>
                <![CDATA[N3HU3 ]]>
              </value>
            </param>
          </params>
          <exception class="java.lang.AssertionError">
            <message>
              <![CDATA[expected [false] but found [true]]]>
            </message>
            <full-stacktrace>
              <![CDATA[java.lang.AssertionError: expected [false] but found [true]
at org.testng.Assert.fail(Assert.java:110)
at org.testng.Assert.failNotEquals(Assert.java:1413)
at org.testng.Assert.assertEqualsImpl(Assert.java:149)
at org.testng.Assert.assertEquals(Assert.java:131)
at org.testng.Assert.assertEquals(Assert.java:976)
at org.testng.Assert.assertEquals(Assert.java:1010)
at testCases.LoginPopUpTest.loginPopUpLogInNegativeTest(LoginPopUpTest.java:191)
at java.base/jdk.internal.reflect.NativeMethodAccessorImpl.invoke0(Native Method)
at java.base/jdk.internal.reflect.NativeMethodAccessorImpl.invoke(NativeMethodAccessorImpl.java:77)
at java.base/jdk.internal.reflect.DelegatingMethodAccessorImpl.invoke(DelegatingMethodAccessorImpl.java:43)
at java.base/java.lang.reflect.Method.invoke(Method.java:568)
at org.testng.internal.invokers.MethodInvocationHelper.invokeMethod(MethodInvocationHelper.java:139)
at org.testng.internal.invokers.TestInvoker.invokeMethod(TestInvoker.java:677)
at org.testng.internal.invokers.TestInvoker.invokeTestMethod(TestInvoker.java:221)
at org.testng.internal.invokers.MethodRunner.runInSequence(MethodRunner.java:50)
at org.testng.internal.invokers.TestInvoker$MethodInvocationAgent.invoke(TestInvoker.java:962)
at org.testng.internal.invokers.TestInvoker.invokeTestMethods(TestInvoker.java:194)
at org.testng.internal.invokers.TestMethodWorker.invokeTestMethods(TestMethodWorker.java:148)
at org.testng.internal.invokers.TestMethodWorker.run(TestMethodWorker.java:128)
at java.base/java.util.ArrayList.forEach(ArrayList.java:1511)
at org.testng.TestRunner.privateRun(TestRunner.java:806)
at org.testng.TestRunner.run(TestRunner.java:601)
at org.testng.SuiteRunner.runTest(SuiteRunner.java:433)
at org.testng.SuiteRunner.runSequentially(SuiteRunner.java:427)
at org.testng.SuiteRunner.privateRun(SuiteRunner.java:387)
at org.testng.SuiteRunner.run(SuiteRunner.java:330)
at org.testng.SuiteRunnerWorker.runSuite(SuiteRunnerWorker.java:52)
at org.testng.SuiteRunnerWorker.run(SuiteRunnerWorker.java:95)
at org.testng.TestNG.runSuitesSequentially(TestNG.java:1256)
at org.testng.TestNG.runSuitesLocally(TestNG.java:1176)
at org.testng.TestNG.runSuites(TestNG.java:1099)
at org.testng.TestNG.run(TestNG.java:1067)
at com.intellij.rt.testng.IDEARemoteTestNG.run(IDEARemoteTestNG.java:66)
at com.intellij.rt.testng.RemoteTestNGStarter.main(RemoteTestNGStarter.java:109)
]]>
            </full-stacktrace>
          </exception> <!-- java.lang.AssertionError -->
          <reporter-output>
          </reporter-output>
        </test-method> <!-- loginPopUpLogInNegativeTest -->
        <test-method is-config="true" signature="tearDown()[pri:0, instance:testCases.LoginPopUpTest@298a5e20]" started-at="2022-07-08T16:20:41 AMT" name="tearDown" finished-at="2022-07-08T16:20:42 AMT" duration-ms="767" status="PASS">
          <reporter-output>
          </reporter-output>
        </test-method> <!-- tearDown -->
        <test-method is-config="true" signature="setup()[pri:0, instance:testCases.LoginPopUpTest@298a5e20]" started-at="2022-07-08T16:20:42 AMT" name="setup" finished-at="2022-07-08T16:20:47 AMT" duration-ms="4815" status="FAIL">
          <exception class="org.openqa.selenium.WebDriverException">
            <message>
              <![CDATA[Reached error page: about:neterror?e=networkProtocolError&u=https%3A//craftbet.com/home&c=UTF-8&d=Firefox%20has%20experienced%20a%20network%20protocol%20violation%20that%20cannot%20be%20repaired.
Build info: version: '4.2.1', revision: 'ac4d0fdd4a'
System info: host: 'DESKTOP-PO3T4V3', ip: '10.50.17.112', os.name: 'Windows 10', os.arch: 'amd64', os.version: '10.0', java.version: '17.0.2'
Driver info: org.openqa.selenium.firefox.FirefoxDriver
Command: [0756a71a-fac3-448f-9f8f-560fe13550a5, clickElement {id=c78e9c25-2a1d-46ba-99ff-528de38bedc2}]
Capabilities {acceptInsecureCerts: true, browserName: firefox, browserVersion: 101.0, moz:accessibilityChecks: false, moz:buildID: 20220526203855, moz:debuggerAddress: localhost:53188, moz:geckodriverVersion: 0.31.0, moz:headless: true, moz:processID: 30316, moz:profile: C:\Users\NERSES~1\AppData\L..., moz:shutdownTimeout: 60000, moz:useNonSpecCompliantPointerOrigin: false, moz:webdriverClick: true, pageLoadStrategy: normal, platformName: WINDOWS, platformVersion: 10.0, proxy: Proxy(), se:cdp: ws://localhost:53188/devtoo..., se:cdpVersion: 85.0, setWindowRect: true, strictFileInteractability: false, timeouts: {implicit: 0, pageLoad: 300000, script: 30000}, unhandledPromptBehavior: dismiss and notify}
Element: [[FirefoxDriver: firefox on WINDOWS (0756a71a-fac3-448f-9f8f-560fe13550a5)] -> xpath: //span[text()= 'English']]
Session ID: 0756a71a-fac3-448f-9f8f-560fe13550a5]]>
            </message>
            <full-stacktrace>
              <![CDATA[org.openqa.selenium.WebDriverException: Reached error page: about:neterror?e=networkProtocolError&u=https%3A//craftbet.com/home&c=UTF-8&d=Firefox%20has%20experienced%20a%20network%20protocol%20violation%20that%20cannot%20be%20repaired.
Build info: version: '4.2.1', revision: 'ac4d0fdd4a'
System info: host: 'DESKTOP-PO3T4V3', ip: '10.50.17.112', os.name: 'Windows 10', os.arch: 'amd64', os.version: '10.0', java.version: '17.0.2'
Driver info: org.openqa.selenium.firefox.FirefoxDriver
Command: [0756a71a-fac3-448f-9f8f-560fe13550a5, clickElement {id=c78e9c25-2a1d-46ba-99ff-528de38bedc2}]
Capabilities {acceptInsecureCerts: true, browserName: firefox, browserVersion: 101.0, moz:accessibilityChecks: false, moz:buildID: 20220526203855, moz:debuggerAddress: localhost:53188, moz:geckodriverVersion: 0.31.0, moz:headless: true, moz:processID: 30316, moz:profile: C:\Users\NERSES~1\AppData\L..., moz:shutdownTimeout: 60000, moz:useNonSpecCompliantPointerOrigin: false, moz:webdriverClick: true, pageLoadStrategy: normal, platformName: WINDOWS, platformVersion: 10.0, proxy: Proxy(), se:cdp: ws://localhost:53188/devtoo..., se:cdpVersion: 85.0, setWindowRect: true, strictFileInteractability: false, timeouts: {implicit: 0, pageLoad: 300000, script: 30000}, unhandledPromptBehavior: dismiss and notify}
Element: [[FirefoxDriver: firefox on WINDOWS (0756a71a-fac3-448f-9f8f-560fe13550a5)] -> xpath: //span[text()= 'English']]
Session ID: 0756a71a-fac3-448f-9f8f-560fe13550a5
at java.base/jdk.internal.reflect.NativeConstructorAccessorImpl.newInstance0(Native Method)
at java.base/jdk.internal.reflect.NativeConstructorAccessorImpl.newInstance(NativeConstructorAccessorImpl.java:77)
at java.base/jdk.internal.reflect.DelegatingConstructorAccessorImpl.newInstance(DelegatingConstructorAccessorImpl.java:45)
at java.base/java.lang.reflect.Constructor.newInstanceWithCaller(Constructor.java:499)
at java.base/java.lang.reflect.Constructor.newInstance(Constructor.java:480)
at org.openqa.selenium.remote.codec.w3c.W3CHttpResponseCodec.createException(W3CHttpResponseCodec.java:200)
at org.openqa.selenium.remote.codec.w3c.W3CHttpResponseCodec.decode(W3CHttpResponseCodec.java:133)
at org.openqa.selenium.remote.codec.w3c.W3CHttpResponseCodec.decode(W3CHttpResponseCodec.java:53)
at org.openqa.selenium.remote.HttpCommandExecutor.execute(HttpCommandExecutor.java:184)
at org.openqa.selenium.remote.service.DriverCommandExecutor.invokeExecute(DriverCommandExecutor.java:167)
at org.openqa.selenium.remote.service.DriverCommandExecutor.execute(DriverCommandExecutor.java:142)
at org.openqa.selenium.remote.RemoteWebDriver.execute(RemoteWebDriver.java:551)
at org.openqa.selenium.remote.RemoteWebElement.execute(RemoteWebElement.java:257)
at org.openqa.selenium.remote.RemoteWebElement.click(RemoteWebElement.java:78)
at jdk.internal.reflect.GeneratedMethodAccessor10.invoke(Unknown Source)
at java.base/jdk.internal.reflect.DelegatingMethodAccessorImpl.invoke(DelegatingMethodAccessorImpl.java:43)
at java.base/java.lang.reflect.Method.invoke(Method.java:568)
at org.openqa.selenium.support.pagefactory.internal.LocatingElementHandler.invoke(LocatingElementHandler.java:52)
at jdk.proxy2/jdk.proxy2.$Proxy20.click(Unknown Source)
at pageObjects.BasePage.clickOnElementIfVisible(BasePage.java:85)
at pageObjects.CraftBet_Header_Page.selectEnglishLanguageFromDropDown(CraftBet_Header_Page.java:85)
at testCases.BaseTest.setup(BaseTest.java:68)
at java.base/jdk.internal.reflect.NativeMethodAccessorImpl.invoke0(Native Method)
at java.base/jdk.internal.reflect.NativeMethodAccessorImpl.invoke(NativeMethodAccessorImpl.java:77)
at java.base/jdk.internal.reflect.DelegatingMethodAccessorImpl.invoke(DelegatingMethodAccessorImpl.java:43)
at java.base/java.lang.reflect.Method.invoke(Method.java:568)
at org.testng.internal.invokers.MethodInvocationHelper.invokeMethod(MethodInvocationHelper.java:139)
at org.testng.internal.invokers.MethodInvocationHelper.invokeMethodConsideringTimeout(MethodInvocationHelper.java:69)
at org.testng.internal.invokers.ConfigInvoker.invokeConfigurationMethod(ConfigInvoker.java:361)
at org.testng.internal.invokers.ConfigInvoker.invokeConfigurations(ConfigInvoker.java:296)
at org.testng.internal.invokers.TestInvoker.runConfigMethods(TestInvoker.java:816)
at org.testng.internal.invokers.TestInvoker.invokeMethod(TestInvoker.java:590)
at org.testng.internal.invokers.TestInvoker.invokeTestMethod(TestInvoker.java:221)
at org.testng.internal.invokers.MethodRunner.runInSequence(MethodRunner.java:50)
at org.testng.internal.invokers.TestInvoker$MethodInvocationAgent.invoke(TestInvoker.java:962)
at org.testng.internal.invokers.TestInvoker.invokeTestMethods(TestInvoker.java:194)
at org.testng.internal.invokers.TestMethodWorker.invokeTestMethods(TestMethodWorker.java:148)
at org.testng.internal.invokers.TestMethodWorker.run(TestMethodWorker.java:128)
at java.base/java.util.ArrayList.forEach(ArrayList.java:1511)
at org.testng.TestRunner.privateRun(TestRunner.java:806)
at org.testng.TestRunner.run(TestRunner.java:601)
at org.testng.SuiteRunner.runTest(SuiteRunner.java:433)
at org.testng.SuiteRunner.runSequentially(SuiteRunner.java:427)
at org.testng.SuiteRunner.privateRun(SuiteRunner.java:387)
at org.testng.SuiteRunner.run(SuiteRunner.java:330)
at org.testng.SuiteRunnerWorker.runSuite(SuiteRunnerWorker.java:52)
at org.testng.SuiteRunnerWorker.run(SuiteRunnerWorker.java:95)
at org.testng.TestNG.runSuitesSequentially(TestNG.java:1256)
at org.testng.TestNG.runSuitesLocally(TestNG.java:1176)
at org.testng.TestNG.runSuites(TestNG.java:1099)
at org.testng.TestNG.run(TestNG.java:1067)
at com.intellij.rt.testng.IDEARemoteTestNG.run(IDEARemoteTestNG.java:66)
at com.intellij.rt.testng.RemoteTestNGStarter.main(RemoteTestNGStarter.java:109)
]]>
            </full-stacktrace>
          </exception> <!-- org.openqa.selenium.WebDriverException -->
          <reporter-output>
          </reporter-output>
        </test-method> <!-- setup -->
        <test-method is-config="true" signature="goToLoginPopUp()[pri:0, instance:testCases.LoginPopUpTest@298a5e20]" started-at="2022-07-08T16:20:47 AMT" name="goToLoginPopUp" finished-at="2022-07-08T16:20:47 AMT" duration-ms="0" status="SKIP">
          <reporter-output>
          </reporter-output>
        </test-method> <!-- goToLoginPopUp -->
        <test-method signature="loginPopUpLogInNegativeTest(java.lang.String,java.lang.String)[pri:10, instance:testCases.LoginPopUpTest@298a5e20]" started-at="2022-07-08T16:20:47 AMT" name="loginPopUpLogInNegativeTest" description="Validate on Log_in Pop Up Log_In functionality with invalid data" data-provider="invalidLoginData" finished-at="2022-07-08T16:20:47 AMT" duration-ms="0" status="SKIP">
          <params>
            <param index="0">
              <value>
                <![CDATA[U1630370]]>
              </value>
            </param>
            <param index="1">
              <value>
                <![CDATA[ N3HU3]]>
              </value>
            </param>
          </params>
          <exception class="org.openqa.selenium.WebDriverException">
            <message>
              <![CDATA[Reached error page: about:neterror?e=networkProtocolError&u=https%3A//craftbet.com/home&c=UTF-8&d=Firefox%20has%20experienced%20a%20network%20protocol%20violation%20that%20cannot%20be%20repaired.
Build info: version: '4.2.1', revision: 'ac4d0fdd4a'
System info: host: 'DESKTOP-PO3T4V3', ip: '10.50.17.112', os.name: 'Windows 10', os.arch: 'amd64', os.version: '10.0', java.version: '17.0.2'
Driver info: org.openqa.selenium.firefox.FirefoxDriver
Command: [0756a71a-fac3-448f-9f8f-560fe13550a5, clickElement {id=c78e9c25-2a1d-46ba-99ff-528de38bedc2}]
Capabilities {acceptInsecureCerts: true, browserName: firefox, browserVersion: 101.0, moz:accessibilityChecks: false, moz:buildID: 20220526203855, moz:debuggerAddress: localhost:53188, moz:geckodriverVersion: 0.31.0, moz:headless: true, moz:processID: 30316, moz:profile: C:\Users\NERSES~1\AppData\L..., moz:shutdownTimeout: 60000, moz:useNonSpecCompliantPointerOrigin: false, moz:webdriverClick: true, pageLoadStrategy: normal, platformName: WINDOWS, platformVersion: 10.0, proxy: Proxy(), se:cdp: ws://localhost:53188/devtoo..., se:cdpVersion: 85.0, setWindowRect: true, strictFileInteractability: false, timeouts: {implicit: 0, pageLoad: 300000, script: 30000}, unhandledPromptBehavior: dismiss and notify}
Element: [[FirefoxDriver: firefox on WINDOWS (0756a71a-fac3-448f-9f8f-560fe13550a5)] -> xpath: //span[text()= 'English']]
Session ID: 0756a71a-fac3-448f-9f8f-560fe13550a5]]>
            </message>
            <full-stacktrace>
              <![CDATA[org.openqa.selenium.WebDriverException: Reached error page: about:neterror?e=networkProtocolError&u=https%3A//craftbet.com/home&c=UTF-8&d=Firefox%20has%20experienced%20a%20network%20protocol%20violation%20that%20cannot%20be%20repaired.
Build info: version: '4.2.1', revision: 'ac4d0fdd4a'
System info: host: 'DESKTOP-PO3T4V3', ip: '10.50.17.112', os.name: 'Windows 10', os.arch: 'amd64', os.version: '10.0', java.version: '17.0.2'
Driver info: org.openqa.selenium.firefox.FirefoxDriver
Command: [0756a71a-fac3-448f-9f8f-560fe13550a5, clickElement {id=c78e9c25-2a1d-46ba-99ff-528de38bedc2}]
Capabilities {acceptInsecureCerts: true, browserName: firefox, browserVersion: 101.0, moz:accessibilityChecks: false, moz:buildID: 20220526203855, moz:debuggerAddress: localhost:53188, moz:geckodriverVersion: 0.31.0, moz:headless: true, moz:processID: 30316, moz:profile: C:\Users\NERSES~1\AppData\L..., moz:shutdownTimeout: 60000, moz:useNonSpecCompliantPointerOrigin: false, moz:webdriverClick: true, pageLoadStrategy: normal, platformName: WINDOWS, platformVersion: 10.0, proxy: Proxy(), se:cdp: ws://localhost:53188/devtoo..., se:cdpVersion: 85.0, setWindowRect: true, strictFileInteractability: false, timeouts: {implicit: 0, pageLoad: 300000, script: 30000}, unhandledPromptBehavior: dismiss and notify}
Element: [[FirefoxDriver: firefox on WINDOWS (0756a71a-fac3-448f-9f8f-560fe13550a5)] -> xpath: //span[text()= 'English']]
Session ID: 0756a71a-fac3-448f-9f8f-560fe13550a5
at java.base/jdk.internal.reflect.NativeConstructorAccessorImpl.newInstance0(Native Method)
at java.base/jdk.internal.reflect.NativeConstructorAccessorImpl.newInstance(NativeConstructorAccessorImpl.java:77)
at java.base/jdk.internal.reflect.DelegatingConstructorAccessorImpl.newInstance(DelegatingConstructorAccessorImpl.java:45)
at java.base/java.lang.reflect.Constructor.newInstanceWithCaller(Constructor.java:499)
at java.base/java.lang.reflect.Constructor.newInstance(Constructor.java:480)
at org.openqa.selenium.remote.codec.w3c.W3CHttpResponseCodec.createException(W3CHttpResponseCodec.java:200)
at org.openqa.selenium.remote.codec.w3c.W3CHttpResponseCodec.decode(W3CHttpResponseCodec.java:133)
at org.openqa.selenium.remote.codec.w3c.W3CHttpResponseCodec.decode(W3CHttpResponseCodec.java:53)
at org.openqa.selenium.remote.HttpCommandExecutor.execute(HttpCommandExecutor.java:184)
at org.openqa.selenium.remote.service.DriverCommandExecutor.invokeExecute(DriverCommandExecutor.java:167)
at org.openqa.selenium.remote.service.DriverCommandExecutor.execute(DriverCommandExecutor.java:142)
at org.openqa.selenium.remote.RemoteWebDriver.execute(RemoteWebDriver.java:551)
at org.openqa.selenium.remote.RemoteWebElement.execute(RemoteWebElement.java:257)
at org.openqa.selenium.remote.RemoteWebElement.click(RemoteWebElement.java:78)
at jdk.internal.reflect.GeneratedMethodAccessor10.invoke(Unknown Source)
at java.base/jdk.internal.reflect.DelegatingMethodAccessorImpl.invoke(DelegatingMethodAccessorImpl.java:43)
at java.base/java.lang.reflect.Method.invoke(Method.java:568)
at org.openqa.selenium.support.pagefactory.internal.LocatingElementHandler.invoke(LocatingElementHandler.java:52)
at jdk.proxy2/jdk.proxy2.$Proxy20.click(Unknown Source)
at pageObjects.BasePage.clickOnElementIfVisible(BasePage.java:85)
at pageObjects.CraftBet_Header_Page.selectEnglishLanguageFromDropDown(CraftBet_Header_Page.java:85)
at testCases.BaseTest.setup(BaseTest.java:68)
at java.base/jdk.internal.reflect.NativeMethodAccessorImpl.invoke0(Native Method)
at java.base/jdk.internal.reflect.NativeMethodAccessorImpl.invoke(NativeMethodAccessorImpl.java:77)
at java.base/jdk.internal.reflect.DelegatingMethodAccessorImpl.invoke(DelegatingMethodAccessorImpl.java:43)
at java.base/java.lang.reflect.Method.invoke(Method.java:568)
at org.testng.internal.invokers.MethodInvocationHelper.invokeMethod(MethodInvocationHelper.java:139)
at org.testng.internal.invokers.MethodInvocationHelper.invokeMethodConsideringTimeout(MethodInvocationHelper.java:69)
at org.testng.internal.invokers.ConfigInvoker.invokeConfigurationMethod(ConfigInvoker.java:361)
at org.testng.internal.invokers.ConfigInvoker.invokeConfigurations(ConfigInvoker.java:296)
at org.testng.internal.invokers.TestInvoker.runConfigMethods(TestInvoker.java:816)
at org.testng.internal.invokers.TestInvoker.invokeMethod(TestInvoker.java:590)
at org.testng.internal.invokers.TestInvoker.invokeTestMethod(TestInvoker.java:221)
at org.testng.internal.invokers.MethodRunner.runInSequence(MethodRunner.java:50)
at org.testng.internal.invokers.TestInvoker$MethodInvocationAgent.invoke(TestInvoker.java:962)
at org.testng.internal.invokers.TestInvoker.invokeTestMethods(TestInvoker.java:194)
at org.testng.internal.invokers.TestMethodWorker.invokeTestMethods(TestMethodWorker.java:148)
at org.testng.internal.invokers.TestMethodWorker.run(TestMethodWorker.java:128)
at java.base/java.util.ArrayList.forEach(ArrayList.java:1511)
at org.testng.TestRunner.privateRun(TestRunner.java:806)
at org.testng.TestRunner.run(TestRunner.java:601)
at org.testng.SuiteRunner.runTest(SuiteRunner.java:433)
at org.testng.SuiteRunner.runSequentially(SuiteRunner.java:427)
at org.testng.SuiteRunner.privateRun(SuiteRunner.java:387)
at org.testng.SuiteRunner.run(SuiteRunner.java:330)
at org.testng.SuiteRunnerWorker.runSuite(SuiteRunnerWorker.java:52)
at org.testng.SuiteRunnerWorker.run(SuiteRunnerWorker.java:95)
at org.testng.TestNG.runSuitesSequentially(TestNG.java:1256)
at org.testng.TestNG.runSuitesLocally(TestNG.java:1176)
at org.testng.TestNG.runSuites(TestNG.java:1099)
at org.testng.TestNG.run(TestNG.java:1067)
at com.intellij.rt.testng.IDEARemoteTestNG.run(IDEARemoteTestNG.java:66)
at com.intellij.rt.testng.RemoteTestNGStarter.main(RemoteTestNGStarter.java:109)
]]>
            </full-stacktrace>
          </exception> <!-- org.openqa.selenium.WebDriverException -->
          <reporter-output>
          </reporter-output>
        </test-method> <!-- loginPopUpLogInNegativeTest -->
        <test-method is-config="true" signature="tearDown()[pri:0, instance:testCases.LoginPopUpTest@298a5e20]" started-at="2022-07-08T16:20:47 AMT" name="tearDown" finished-at="2022-07-08T16:20:47 AMT" duration-ms="0" status="SKIP">
          <reporter-output>
          </reporter-output>
        </test-method> <!-- tearDown -->
        <test-method is-config="true" signature="setup()[pri:0, instance:testCases.LoginPopUpTest@298a5e20]" started-at="2022-07-08T16:20:47 AMT" name="setup" finished-at="2022-07-08T16:20:47 AMT" duration-ms="0" status="SKIP">
          <reporter-output>
          </reporter-output>
        </test-method> <!-- setup -->
        <test-method is-config="true" signature="goToLoginPopUp()[pri:0, instance:testCases.LoginPopUpTest@298a5e20]" started-at="2022-07-08T16:20:47 AMT" name="goToLoginPopUp" finished-at="2022-07-08T16:20:47 AMT" duration-ms="0" status="SKIP">
          <reporter-output>
          </reporter-output>
        </test-method> <!-- goToLoginPopUp -->
        <test-method signature="loginPopUpLogInNegativeTest(java.lang.String,java.lang.String)[pri:10, instance:testCases.LoginPopUpTest@298a5e20]" started-at="2022-07-08T16:20:47 AMT" name="loginPopUpLogInNegativeTest" description="Validate on Log_in Pop Up Log_In functionality with invalid data" data-provider="invalidLoginData" finished-at="2022-07-08T16:20:47 AMT" duration-ms="0" status="SKIP">
          <params>
            <param index="0">
              <value>
                <![CDATA[U1630370]]>
              </value>
            </param>
            <param index="1">
              <value>
                <![CDATA[     ]]>
              </value>
            </param>
          </params>
          <exception class="org.openqa.selenium.WebDriverException">
            <message>
              <![CDATA[Reached error page: about:neterror?e=networkProtocolError&u=https%3A//craftbet.com/home&c=UTF-8&d=Firefox%20has%20experienced%20a%20network%20protocol%20violation%20that%20cannot%20be%20repaired.
Build info: version: '4.2.1', revision: 'ac4d0fdd4a'
System info: host: 'DESKTOP-PO3T4V3', ip: '10.50.17.112', os.name: 'Windows 10', os.arch: 'amd64', os.version: '10.0', java.version: '17.0.2'
Driver info: org.openqa.selenium.firefox.FirefoxDriver
Command: [0756a71a-fac3-448f-9f8f-560fe13550a5, clickElement {id=c78e9c25-2a1d-46ba-99ff-528de38bedc2}]
Capabilities {acceptInsecureCerts: true, browserName: firefox, browserVersion: 101.0, moz:accessibilityChecks: false, moz:buildID: 20220526203855, moz:debuggerAddress: localhost:53188, moz:geckodriverVersion: 0.31.0, moz:headless: true, moz:processID: 30316, moz:profile: C:\Users\NERSES~1\AppData\L..., moz:shutdownTimeout: 60000, moz:useNonSpecCompliantPointerOrigin: false, moz:webdriverClick: true, pageLoadStrategy: normal, platformName: WINDOWS, platformVersion: 10.0, proxy: Proxy(), se:cdp: ws://localhost:53188/devtoo..., se:cdpVersion: 85.0, setWindowRect: true, strictFileInteractability: false, timeouts: {implicit: 0, pageLoad: 300000, script: 30000}, unhandledPromptBehavior: dismiss and notify}
Element: [[FirefoxDriver: firefox on WINDOWS (0756a71a-fac3-448f-9f8f-560fe13550a5)] -> xpath: //span[text()= 'English']]
Session ID: 0756a71a-fac3-448f-9f8f-560fe13550a5]]>
            </message>
            <full-stacktrace>
              <![CDATA[org.openqa.selenium.WebDriverException: Reached error page: about:neterror?e=networkProtocolError&u=https%3A//craftbet.com/home&c=UTF-8&d=Firefox%20has%20experienced%20a%20network%20protocol%20violation%20that%20cannot%20be%20repaired.
Build info: version: '4.2.1', revision: 'ac4d0fdd4a'
System info: host: 'DESKTOP-PO3T4V3', ip: '10.50.17.112', os.name: 'Windows 10', os.arch: 'amd64', os.version: '10.0', java.version: '17.0.2'
Driver info: org.openqa.selenium.firefox.FirefoxDriver
Command: [0756a71a-fac3-448f-9f8f-560fe13550a5, clickElement {id=c78e9c25-2a1d-46ba-99ff-528de38bedc2}]
Capabilities {acceptInsecureCerts: true, browserName: firefox, browserVersion: 101.0, moz:accessibilityChecks: false, moz:buildID: 20220526203855, moz:debuggerAddress: localhost:53188, moz:geckodriverVersion: 0.31.0, moz:headless: true, moz:processID: 30316, moz:profile: C:\Users\NERSES~1\AppData\L..., moz:shutdownTimeout: 60000, moz:useNonSpecCompliantPointerOrigin: false, moz:webdriverClick: true, pageLoadStrategy: normal, platformName: WINDOWS, platformVersion: 10.0, proxy: Proxy(), se:cdp: ws://localhost:53188/devtoo..., se:cdpVersion: 85.0, setWindowRect: true, strictFileInteractability: false, timeouts: {implicit: 0, pageLoad: 300000, script: 30000}, unhandledPromptBehavior: dismiss and notify}
Element: [[FirefoxDriver: firefox on WINDOWS (0756a71a-fac3-448f-9f8f-560fe13550a5)] -> xpath: //span[text()= 'English']]
Session ID: 0756a71a-fac3-448f-9f8f-560fe13550a5
at java.base/jdk.internal.reflect.NativeConstructorAccessorImpl.newInstance0(Native Method)
at java.base/jdk.internal.reflect.NativeConstructorAccessorImpl.newInstance(NativeConstructorAccessorImpl.java:77)
at java.base/jdk.internal.reflect.DelegatingConstructorAccessorImpl.newInstance(DelegatingConstructorAccessorImpl.java:45)
at java.base/java.lang.reflect.Constructor.newInstanceWithCaller(Constructor.java:499)
at java.base/java.lang.reflect.Constructor.newInstance(Constructor.java:480)
at org.openqa.selenium.remote.codec.w3c.W3CHttpResponseCodec.createException(W3CHttpResponseCodec.java:200)
at org.openqa.selenium.remote.codec.w3c.W3CHttpResponseCodec.decode(W3CHttpResponseCodec.java:133)
at org.openqa.selenium.remote.codec.w3c.W3CHttpResponseCodec.decode(W3CHttpResponseCodec.java:53)
at org.openqa.selenium.remote.HttpCommandExecutor.execute(HttpCommandExecutor.java:184)
at org.openqa.selenium.remote.service.DriverCommandExecutor.invokeExecute(DriverCommandExecutor.java:167)
at org.openqa.selenium.remote.service.DriverCommandExecutor.execute(DriverCommandExecutor.java:142)
at org.openqa.selenium.remote.RemoteWebDriver.execute(RemoteWebDriver.java:551)
at org.openqa.selenium.remote.RemoteWebElement.execute(RemoteWebElement.java:257)
at org.openqa.selenium.remote.RemoteWebElement.click(RemoteWebElement.java:78)
at jdk.internal.reflect.GeneratedMethodAccessor10.invoke(Unknown Source)
at java.base/jdk.internal.reflect.DelegatingMethodAccessorImpl.invoke(DelegatingMethodAccessorImpl.java:43)
at java.base/java.lang.reflect.Method.invoke(Method.java:568)
at org.openqa.selenium.support.pagefactory.internal.LocatingElementHandler.invoke(LocatingElementHandler.java:52)
at jdk.proxy2/jdk.proxy2.$Proxy20.click(Unknown Source)
at pageObjects.BasePage.clickOnElementIfVisible(BasePage.java:85)
at pageObjects.CraftBet_Header_Page.selectEnglishLanguageFromDropDown(CraftBet_Header_Page.java:85)
at testCases.BaseTest.setup(BaseTest.java:68)
at java.base/jdk.internal.reflect.NativeMethodAccessorImpl.invoke0(Native Method)
at java.base/jdk.internal.reflect.NativeMethodAccessorImpl.invoke(NativeMethodAccessorImpl.java:77)
at java.base/jdk.internal.reflect.DelegatingMethodAccessorImpl.invoke(DelegatingMethodAccessorImpl.java:43)
at java.base/java.lang.reflect.Method.invoke(Method.java:568)
at org.testng.internal.invokers.MethodInvocationHelper.invokeMethod(MethodInvocationHelper.java:139)
at org.testng.internal.invokers.MethodInvocationHelper.invokeMethodConsideringTimeout(MethodInvocationHelper.java:69)
at org.testng.internal.invokers.ConfigInvoker.invokeConfigurationMethod(ConfigInvoker.java:361)
at org.testng.internal.invokers.ConfigInvoker.invokeConfigurations(ConfigInvoker.java:296)
at org.testng.internal.invokers.TestInvoker.runConfigMethods(TestInvoker.java:816)
at org.testng.internal.invokers.TestInvoker.invokeMethod(TestInvoker.java:590)
at org.testng.internal.invokers.TestInvoker.invokeTestMethod(TestInvoker.java:221)
at org.testng.internal.invokers.MethodRunner.runInSequence(MethodRunner.java:50)
at org.testng.internal.invokers.TestInvoker$MethodInvocationAgent.invoke(TestInvoker.java:962)
at org.testng.internal.invokers.TestInvoker.invokeTestMethods(TestInvoker.java:194)
at org.testng.internal.invokers.TestMethodWorker.invokeTestMethods(TestMethodWorker.java:148)
at org.testng.internal.invokers.TestMethodWorker.run(TestMethodWorker.java:128)
at java.base/java.util.ArrayList.forEach(ArrayList.java:1511)
at org.testng.TestRunner.privateRun(TestRunner.java:806)
at org.testng.TestRunner.run(TestRunner.java:601)
at org.testng.SuiteRunner.runTest(SuiteRunner.java:433)
at org.testng.SuiteRunner.runSequentially(SuiteRunner.java:427)
at org.testng.SuiteRunner.privateRun(SuiteRunner.java:387)
at org.testng.SuiteRunner.run(SuiteRunner.java:330)
at org.testng.SuiteRunnerWorker.runSuite(SuiteRunnerWorker.java:52)
at org.testng.SuiteRunnerWorker.run(SuiteRunnerWorker.java:95)
at org.testng.TestNG.runSuitesSequentially(TestNG.java:1256)
at org.testng.TestNG.runSuitesLocally(TestNG.java:1176)
at org.testng.TestNG.runSuites(TestNG.java:1099)
at org.testng.TestNG.run(TestNG.java:1067)
at com.intellij.rt.testng.IDEARemoteTestNG.run(IDEARemoteTestNG.java:66)
at com.intellij.rt.testng.RemoteTestNGStarter.main(RemoteTestNGStarter.java:109)
]]>
            </full-stacktrace>
          </exception> <!-- org.openqa.selenium.WebDriverException -->
          <reporter-output>
          </reporter-output>
        </test-method> <!-- loginPopUpLogInNegativeTest -->
        <test-method is-config="true" signature="tearDown()[pri:0, instance:testCases.LoginPopUpTest@298a5e20]" started-at="2022-07-08T16:20:47 AMT" name="tearDown" finished-at="2022-07-08T16:20:47 AMT" duration-ms="0" status="SKIP">
          <reporter-output>
          </reporter-output>
        </test-method> <!-- tearDown -->
        <test-method is-config="true" signature="setup()[pri:0, instance:testCases.LoginPopUpTest@298a5e20]" started-at="2022-07-08T16:20:47 AMT" name="setup" finished-at="2022-07-08T16:20:47 AMT" duration-ms="0" status="SKIP">
          <reporter-output>
          </reporter-output>
        </test-method> <!-- setup -->
        <test-method is-config="true" signature="goToLoginPopUp()[pri:0, instance:testCases.LoginPopUpTest@298a5e20]" started-at="2022-07-08T16:20:47 AMT" name="goToLoginPopUp" finished-at="2022-07-08T16:20:47 AMT" duration-ms="0" status="SKIP">
          <reporter-output>
          </reporter-output>
        </test-method> <!-- goToLoginPopUp -->
        <test-method signature="loginPopUpLogInNegativeTest(java.lang.String,java.lang.String)[pri:10, instance:testCases.LoginPopUpTest@298a5e20]" started-at="2022-07-08T16:20:47 AMT" name="loginPopUpLogInNegativeTest" description="Validate on Log_in Pop Up Log_In functionality with invalid data" data-provider="invalidLoginData" finished-at="2022-07-08T16:20:47 AMT" duration-ms="0" status="SKIP">
          <params>
            <param index="0">
              <value>
                <![CDATA[U1630370]]>
              </value>
            </param>
            <param index="1">
              <value>
                <![CDATA[?N3HU3]]>
              </value>
            </param>
          </params>
          <exception class="org.openqa.selenium.WebDriverException">
            <message>
              <![CDATA[Reached error page: about:neterror?e=networkProtocolError&u=https%3A//craftbet.com/home&c=UTF-8&d=Firefox%20has%20experienced%20a%20network%20protocol%20violation%20that%20cannot%20be%20repaired.
Build info: version: '4.2.1', revision: 'ac4d0fdd4a'
System info: host: 'DESKTOP-PO3T4V3', ip: '10.50.17.112', os.name: 'Windows 10', os.arch: 'amd64', os.version: '10.0', java.version: '17.0.2'
Driver info: org.openqa.selenium.firefox.FirefoxDriver
Command: [0756a71a-fac3-448f-9f8f-560fe13550a5, clickElement {id=c78e9c25-2a1d-46ba-99ff-528de38bedc2}]
Capabilities {acceptInsecureCerts: true, browserName: firefox, browserVersion: 101.0, moz:accessibilityChecks: false, moz:buildID: 20220526203855, moz:debuggerAddress: localhost:53188, moz:geckodriverVersion: 0.31.0, moz:headless: true, moz:processID: 30316, moz:profile: C:\Users\NERSES~1\AppData\L..., moz:shutdownTimeout: 60000, moz:useNonSpecCompliantPointerOrigin: false, moz:webdriverClick: true, pageLoadStrategy: normal, platformName: WINDOWS, platformVersion: 10.0, proxy: Proxy(), se:cdp: ws://localhost:53188/devtoo..., se:cdpVersion: 85.0, setWindowRect: true, strictFileInteractability: false, timeouts: {implicit: 0, pageLoad: 300000, script: 30000}, unhandledPromptBehavior: dismiss and notify}
Element: [[FirefoxDriver: firefox on WINDOWS (0756a71a-fac3-448f-9f8f-560fe13550a5)] -> xpath: //span[text()= 'English']]
Session ID: 0756a71a-fac3-448f-9f8f-560fe13550a5]]>
            </message>
            <full-stacktrace>
              <![CDATA[org.openqa.selenium.WebDriverException: Reached error page: about:neterror?e=networkProtocolError&u=https%3A//craftbet.com/home&c=UTF-8&d=Firefox%20has%20experienced%20a%20network%20protocol%20violation%20that%20cannot%20be%20repaired.
Build info: version: '4.2.1', revision: 'ac4d0fdd4a'
System info: host: 'DESKTOP-PO3T4V3', ip: '10.50.17.112', os.name: 'Windows 10', os.arch: 'amd64', os.version: '10.0', java.version: '17.0.2'
Driver info: org.openqa.selenium.firefox.FirefoxDriver
Command: [0756a71a-fac3-448f-9f8f-560fe13550a5, clickElement {id=c78e9c25-2a1d-46ba-99ff-528de38bedc2}]
Capabilities {acceptInsecureCerts: true, browserName: firefox, browserVersion: 101.0, moz:accessibilityChecks: false, moz:buildID: 20220526203855, moz:debuggerAddress: localhost:53188, moz:geckodriverVersion: 0.31.0, moz:headless: true, moz:processID: 30316, moz:profile: C:\Users\NERSES~1\AppData\L..., moz:shutdownTimeout: 60000, moz:useNonSpecCompliantPointerOrigin: false, moz:webdriverClick: true, pageLoadStrategy: normal, platformName: WINDOWS, platformVersion: 10.0, proxy: Proxy(), se:cdp: ws://localhost:53188/devtoo..., se:cdpVersion: 85.0, setWindowRect: true, strictFileInteractability: false, timeouts: {implicit: 0, pageLoad: 300000, script: 30000}, unhandledPromptBehavior: dismiss and notify}
Element: [[FirefoxDriver: firefox on WINDOWS (0756a71a-fac3-448f-9f8f-560fe13550a5)] -> xpath: //span[text()= 'English']]
Session ID: 0756a71a-fac3-448f-9f8f-560fe13550a5
at java.base/jdk.internal.reflect.NativeConstructorAccessorImpl.newInstance0(Native Method)
at java.base/jdk.internal.reflect.NativeConstructorAccessorImpl.newInstance(NativeConstructorAccessorImpl.java:77)
at java.base/jdk.internal.reflect.DelegatingConstructorAccessorImpl.newInstance(DelegatingConstructorAccessorImpl.java:45)
at java.base/java.lang.reflect.Constructor.newInstanceWithCaller(Constructor.java:499)
at java.base/java.lang.reflect.Constructor.newInstance(Constructor.java:480)
at org.openqa.selenium.remote.codec.w3c.W3CHttpResponseCodec.createException(W3CHttpResponseCodec.java:200)
at org.openqa.selenium.remote.codec.w3c.W3CHttpResponseCodec.decode(W3CHttpResponseCodec.java:133)
at org.openqa.selenium.remote.codec.w3c.W3CHttpResponseCodec.decode(W3CHttpResponseCodec.java:53)
at org.openqa.selenium.remote.HttpCommandExecutor.execute(HttpCommandExecutor.java:184)
at org.openqa.selenium.remote.service.DriverCommandExecutor.invokeExecute(DriverCommandExecutor.java:167)
at org.openqa.selenium.remote.service.DriverCommandExecutor.execute(DriverCommandExecutor.java:142)
at org.openqa.selenium.remote.RemoteWebDriver.execute(RemoteWebDriver.java:551)
at org.openqa.selenium.remote.RemoteWebElement.execute(RemoteWebElement.java:257)
at org.openqa.selenium.remote.RemoteWebElement.click(RemoteWebElement.java:78)
at jdk.internal.reflect.GeneratedMethodAccessor10.invoke(Unknown Source)
at java.base/jdk.internal.reflect.DelegatingMethodAccessorImpl.invoke(DelegatingMethodAccessorImpl.java:43)
at java.base/java.lang.reflect.Method.invoke(Method.java:568)
at org.openqa.selenium.support.pagefactory.internal.LocatingElementHandler.invoke(LocatingElementHandler.java:52)
at jdk.proxy2/jdk.proxy2.$Proxy20.click(Unknown Source)
at pageObjects.BasePage.clickOnElementIfVisible(BasePage.java:85)
at pageObjects.CraftBet_Header_Page.selectEnglishLanguageFromDropDown(CraftBet_Header_Page.java:85)
at testCases.BaseTest.setup(BaseTest.java:68)
at java.base/jdk.internal.reflect.NativeMethodAccessorImpl.invoke0(Native Method)
at java.base/jdk.internal.reflect.NativeMethodAccessorImpl.invoke(NativeMethodAccessorImpl.java:77)
at java.base/jdk.internal.reflect.DelegatingMethodAccessorImpl.invoke(DelegatingMethodAccessorImpl.java:43)
at java.base/java.lang.reflect.Method.invoke(Method.java:568)
at org.testng.internal.invokers.MethodInvocationHelper.invokeMethod(MethodInvocationHelper.java:139)
at org.testng.internal.invokers.MethodInvocationHelper.invokeMethodConsideringTimeout(MethodInvocationHelper.java:69)
at org.testng.internal.invokers.ConfigInvoker.invokeConfigurationMethod(ConfigInvoker.java:361)
at org.testng.internal.invokers.ConfigInvoker.invokeConfigurations(ConfigInvoker.java:296)
at org.testng.internal.invokers.TestInvoker.runConfigMethods(TestInvoker.java:816)
at org.testng.internal.invokers.TestInvoker.invokeMethod(TestInvoker.java:590)
at org.testng.internal.invokers.TestInvoker.invokeTestMethod(TestInvoker.java:221)
at org.testng.internal.invokers.MethodRunner.runInSequence(MethodRunner.java:50)
at org.testng.internal.invokers.TestInvoker$MethodInvocationAgent.invoke(TestInvoker.java:962)
at org.testng.internal.invokers.TestInvoker.invokeTestMethods(TestInvoker.java:194)
at org.testng.internal.invokers.TestMethodWorker.invokeTestMethods(TestMethodWorker.java:148)
at org.testng.internal.invokers.TestMethodWorker.run(TestMethodWorker.java:128)
at java.base/java.util.ArrayList.forEach(ArrayList.java:1511)
at org.testng.TestRunner.privateRun(TestRunner.java:806)
at org.testng.TestRunner.run(TestRunner.java:601)
at org.testng.SuiteRunner.runTest(SuiteRunner.java:433)
at org.testng.SuiteRunner.runSequentially(SuiteRunner.java:427)
at org.testng.SuiteRunner.privateRun(SuiteRunner.java:387)
at org.testng.SuiteRunner.run(SuiteRunner.java:330)
at org.testng.SuiteRunnerWorker.runSuite(SuiteRunnerWorker.java:52)
at org.testng.SuiteRunnerWorker.run(SuiteRunnerWorker.java:95)
at org.testng.TestNG.runSuitesSequentially(TestNG.java:1256)
at org.testng.TestNG.runSuitesLocally(TestNG.java:1176)
at org.testng.TestNG.runSuites(TestNG.java:1099)
at org.testng.TestNG.run(TestNG.java:1067)
at com.intellij.rt.testng.IDEARemoteTestNG.run(IDEARemoteTestNG.java:66)
at com.intellij.rt.testng.RemoteTestNGStarter.main(RemoteTestNGStarter.java:109)
]]>
            </full-stacktrace>
          </exception> <!-- org.openqa.selenium.WebDriverException -->
          <reporter-output>
          </reporter-output>
        </test-method> <!-- loginPopUpLogInNegativeTest -->
        <test-method is-config="true" signature="tearDown()[pri:0, instance:testCases.LoginPopUpTest@298a5e20]" started-at="2022-07-08T16:20:47 AMT" name="tearDown" finished-at="2022-07-08T16:20:47 AMT" duration-ms="0" status="SKIP">
          <reporter-output>
          </reporter-output>
        </test-method> <!-- tearDown -->
        <test-method is-config="true" signature="setup()[pri:0, instance:testCases.LoginPopUpTest@298a5e20]" started-at="2022-07-08T16:20:47 AMT" name="setup" finished-at="2022-07-08T16:20:47 AMT" duration-ms="0" status="SKIP">
          <reporter-output>
          </reporter-output>
        </test-method> <!-- setup -->
        <test-method is-config="true" signature="goToLoginPopUp()[pri:0, instance:testCases.LoginPopUpTest@298a5e20]" started-at="2022-07-08T16:20:47 AMT" name="goToLoginPopUp" finished-at="2022-07-08T16:20:47 AMT" duration-ms="0" status="SKIP">
          <reporter-output>
          </reporter-output>
        </test-method> <!-- goToLoginPopUp -->
        <test-method signature="loginPopUpLogInNegativeTest(java.lang.String,java.lang.String)[pri:10, instance:testCases.LoginPopUpTest@298a5e20]" started-at="2022-07-08T16:20:47 AMT" name="loginPopUpLogInNegativeTest" description="Validate on Log_in Pop Up Log_In functionality with invalid data" data-provider="invalidLoginData" finished-at="2022-07-08T16:20:47 AMT" duration-ms="0" status="SKIP">
          <params>
            <param index="0">
              <value>
                <![CDATA[U1630370 ]]>
              </value>
            </param>
            <param index="1">
              <value>
                <![CDATA[N3HU3]]>
              </value>
            </param>
          </params>
          <exception class="org.openqa.selenium.WebDriverException">
            <message>
              <![CDATA[Reached error page: about:neterror?e=networkProtocolError&u=https%3A//craftbet.com/home&c=UTF-8&d=Firefox%20has%20experienced%20a%20network%20protocol%20violation%20that%20cannot%20be%20repaired.
Build info: version: '4.2.1', revision: 'ac4d0fdd4a'
System info: host: 'DESKTOP-PO3T4V3', ip: '10.50.17.112', os.name: 'Windows 10', os.arch: 'amd64', os.version: '10.0', java.version: '17.0.2'
Driver info: org.openqa.selenium.firefox.FirefoxDriver
Command: [0756a71a-fac3-448f-9f8f-560fe13550a5, clickElement {id=c78e9c25-2a1d-46ba-99ff-528de38bedc2}]
Capabilities {acceptInsecureCerts: true, browserName: firefox, browserVersion: 101.0, moz:accessibilityChecks: false, moz:buildID: 20220526203855, moz:debuggerAddress: localhost:53188, moz:geckodriverVersion: 0.31.0, moz:headless: true, moz:processID: 30316, moz:profile: C:\Users\NERSES~1\AppData\L..., moz:shutdownTimeout: 60000, moz:useNonSpecCompliantPointerOrigin: false, moz:webdriverClick: true, pageLoadStrategy: normal, platformName: WINDOWS, platformVersion: 10.0, proxy: Proxy(), se:cdp: ws://localhost:53188/devtoo..., se:cdpVersion: 85.0, setWindowRect: true, strictFileInteractability: false, timeouts: {implicit: 0, pageLoad: 300000, script: 30000}, unhandledPromptBehavior: dismiss and notify}
Element: [[FirefoxDriver: firefox on WINDOWS (0756a71a-fac3-448f-9f8f-560fe13550a5)] -> xpath: //span[text()= 'English']]
Session ID: 0756a71a-fac3-448f-9f8f-560fe13550a5]]>
            </message>
            <full-stacktrace>
              <![CDATA[org.openqa.selenium.WebDriverException: Reached error page: about:neterror?e=networkProtocolError&u=https%3A//craftbet.com/home&c=UTF-8&d=Firefox%20has%20experienced%20a%20network%20protocol%20violation%20that%20cannot%20be%20repaired.
Build info: version: '4.2.1', revision: 'ac4d0fdd4a'
System info: host: 'DESKTOP-PO3T4V3', ip: '10.50.17.112', os.name: 'Windows 10', os.arch: 'amd64', os.version: '10.0', java.version: '17.0.2'
Driver info: org.openqa.selenium.firefox.FirefoxDriver
Command: [0756a71a-fac3-448f-9f8f-560fe13550a5, clickElement {id=c78e9c25-2a1d-46ba-99ff-528de38bedc2}]
Capabilities {acceptInsecureCerts: true, browserName: firefox, browserVersion: 101.0, moz:accessibilityChecks: false, moz:buildID: 20220526203855, moz:debuggerAddress: localhost:53188, moz:geckodriverVersion: 0.31.0, moz:headless: true, moz:processID: 30316, moz:profile: C:\Users\NERSES~1\AppData\L..., moz:shutdownTimeout: 60000, moz:useNonSpecCompliantPointerOrigin: false, moz:webdriverClick: true, pageLoadStrategy: normal, platformName: WINDOWS, platformVersion: 10.0, proxy: Proxy(), se:cdp: ws://localhost:53188/devtoo..., se:cdpVersion: 85.0, setWindowRect: true, strictFileInteractability: false, timeouts: {implicit: 0, pageLoad: 300000, script: 30000}, unhandledPromptBehavior: dismiss and notify}
Element: [[FirefoxDriver: firefox on WINDOWS (0756a71a-fac3-448f-9f8f-560fe13550a5)] -> xpath: //span[text()= 'English']]
Session ID: 0756a71a-fac3-448f-9f8f-560fe13550a5
at java.base/jdk.internal.reflect.NativeConstructorAccessorImpl.newInstance0(Native Method)
at java.base/jdk.internal.reflect.NativeConstructorAccessorImpl.newInstance(NativeConstructorAccessorImpl.java:77)
at java.base/jdk.internal.reflect.DelegatingConstructorAccessorImpl.newInstance(DelegatingConstructorAccessorImpl.java:45)
at java.base/java.lang.reflect.Constructor.newInstanceWithCaller(Constructor.java:499)
at java.base/java.lang.reflect.Constructor.newInstance(Constructor.java:480)
at org.openqa.selenium.remote.codec.w3c.W3CHttpResponseCodec.createException(W3CHttpResponseCodec.java:200)
at org.openqa.selenium.remote.codec.w3c.W3CHttpResponseCodec.decode(W3CHttpResponseCodec.java:133)
at org.openqa.selenium.remote.codec.w3c.W3CHttpResponseCodec.decode(W3CHttpResponseCodec.java:53)
at org.openqa.selenium.remote.HttpCommandExecutor.execute(HttpCommandExecutor.java:184)
at org.openqa.selenium.remote.service.DriverCommandExecutor.invokeExecute(DriverCommandExecutor.java:167)
at org.openqa.selenium.remote.service.DriverCommandExecutor.execute(DriverCommandExecutor.java:142)
at org.openqa.selenium.remote.RemoteWebDriver.execute(RemoteWebDriver.java:551)
at org.openqa.selenium.remote.RemoteWebElement.execute(RemoteWebElement.java:257)
at org.openqa.selenium.remote.RemoteWebElement.click(RemoteWebElement.java:78)
at jdk.internal.reflect.GeneratedMethodAccessor10.invoke(Unknown Source)
at java.base/jdk.internal.reflect.DelegatingMethodAccessorImpl.invoke(DelegatingMethodAccessorImpl.java:43)
at java.base/java.lang.reflect.Method.invoke(Method.java:568)
at org.openqa.selenium.support.pagefactory.internal.LocatingElementHandler.invoke(LocatingElementHandler.java:52)
at jdk.proxy2/jdk.proxy2.$Proxy20.click(Unknown Source)
at pageObjects.BasePage.clickOnElementIfVisible(BasePage.java:85)
at pageObjects.CraftBet_Header_Page.selectEnglishLanguageFromDropDown(CraftBet_Header_Page.java:85)
at testCases.BaseTest.setup(BaseTest.java:68)
at java.base/jdk.internal.reflect.NativeMethodAccessorImpl.invoke0(Native Method)
at java.base/jdk.internal.reflect.NativeMethodAccessorImpl.invoke(NativeMethodAccessorImpl.java:77)
at java.base/jdk.internal.reflect.DelegatingMethodAccessorImpl.invoke(DelegatingMethodAccessorImpl.java:43)
at java.base/java.lang.reflect.Method.invoke(Method.java:568)
at org.testng.internal.invokers.MethodInvocationHelper.invokeMethod(MethodInvocationHelper.java:139)
at org.testng.internal.invokers.MethodInvocationHelper.invokeMethodConsideringTimeout(MethodInvocationHelper.java:69)
at org.testng.internal.invokers.ConfigInvoker.invokeConfigurationMethod(ConfigInvoker.java:361)
at org.testng.internal.invokers.ConfigInvoker.invokeConfigurations(ConfigInvoker.java:296)
at org.testng.internal.invokers.TestInvoker.runConfigMethods(TestInvoker.java:816)
at org.testng.internal.invokers.TestInvoker.invokeMethod(TestInvoker.java:590)
at org.testng.internal.invokers.TestInvoker.invokeTestMethod(TestInvoker.java:221)
at org.testng.internal.invokers.MethodRunner.runInSequence(MethodRunner.java:50)
at org.testng.internal.invokers.TestInvoker$MethodInvocationAgent.invoke(TestInvoker.java:962)
at org.testng.internal.invokers.TestInvoker.invokeTestMethods(TestInvoker.java:194)
at org.testng.internal.invokers.TestMethodWorker.invokeTestMethods(TestMethodWorker.java:148)
at org.testng.internal.invokers.TestMethodWorker.run(TestMethodWorker.java:128)
at java.base/java.util.ArrayList.forEach(ArrayList.java:1511)
at org.testng.TestRunner.privateRun(TestRunner.java:806)
at org.testng.TestRunner.run(TestRunner.java:601)
at org.testng.SuiteRunner.runTest(SuiteRunner.java:433)
at org.testng.SuiteRunner.runSequentially(SuiteRunner.java:427)
at org.testng.SuiteRunner.privateRun(SuiteRunner.java:387)
at org.testng.SuiteRunner.run(SuiteRunner.java:330)
at org.testng.SuiteRunnerWorker.runSuite(SuiteRunnerWorker.java:52)
at org.testng.SuiteRunnerWorker.run(SuiteRunnerWorker.java:95)
at org.testng.TestNG.runSuitesSequentially(TestNG.java:1256)
at org.testng.TestNG.runSuitesLocally(TestNG.java:1176)
at org.testng.TestNG.runSuites(TestNG.java:1099)
at org.testng.TestNG.run(TestNG.java:1067)
at com.intellij.rt.testng.IDEARemoteTestNG.run(IDEARemoteTestNG.java:66)
at com.intellij.rt.testng.RemoteTestNGStarter.main(RemoteTestNGStarter.java:109)
]]>
            </full-stacktrace>
          </exception> <!-- org.openqa.selenium.WebDriverException -->
          <reporter-output>
          </reporter-output>
        </test-method> <!-- loginPopUpLogInNegativeTest -->
        <test-method is-config="true" signature="tearDown()[pri:0, instance:testCases.LoginPopUpTest@298a5e20]" started-at="2022-07-08T16:20:47 AMT" name="tearDown" finished-at="2022-07-08T16:20:47 AMT" duration-ms="0" status="SKIP">
          <reporter-output>
          </reporter-output>
        </test-method> <!-- tearDown -->
        <test-method is-config="true" signature="setup()[pri:0, instance:testCases.LoginPopUpTest@298a5e20]" started-at="2022-07-08T16:20:47 AMT" name="setup" finished-at="2022-07-08T16:20:47 AMT" duration-ms="0" status="SKIP">
          <reporter-output>
          </reporter-output>
        </test-method> <!-- setup -->
        <test-method is-config="true" signature="goToLoginPopUp()[pri:0, instance:testCases.LoginPopUpTest@298a5e20]" started-at="2022-07-08T16:20:47 AMT" name="goToLoginPopUp" finished-at="2022-07-08T16:20:47 AMT" duration-ms="0" status="SKIP">
          <reporter-output>
          </reporter-output>
        </test-method> <!-- goToLoginPopUp -->
        <test-method signature="loginPopUpLogInNegativeTest(java.lang.String,java.lang.String)[pri:10, instance:testCases.LoginPopUpTest@298a5e20]" started-at="2022-07-08T16:20:47 AMT" name="loginPopUpLogInNegativeTest" description="Validate on Log_in Pop Up Log_In functionality with invalid data" data-provider="invalidLoginData" finished-at="2022-07-08T16:20:47 AMT" duration-ms="0" status="SKIP">
          <params>
            <param index="0">
              <value>
                <![CDATA[U163 0370]]>
              </value>
            </param>
            <param index="1">
              <value>
                <![CDATA[N3HU3]]>
              </value>
            </param>
          </params>
          <exception class="org.openqa.selenium.WebDriverException">
            <message>
              <![CDATA[Reached error page: about:neterror?e=networkProtocolError&u=https%3A//craftbet.com/home&c=UTF-8&d=Firefox%20has%20experienced%20a%20network%20protocol%20violation%20that%20cannot%20be%20repaired.
Build info: version: '4.2.1', revision: 'ac4d0fdd4a'
System info: host: 'DESKTOP-PO3T4V3', ip: '10.50.17.112', os.name: 'Windows 10', os.arch: 'amd64', os.version: '10.0', java.version: '17.0.2'
Driver info: org.openqa.selenium.firefox.FirefoxDriver
Command: [0756a71a-fac3-448f-9f8f-560fe13550a5, clickElement {id=c78e9c25-2a1d-46ba-99ff-528de38bedc2}]
Capabilities {acceptInsecureCerts: true, browserName: firefox, browserVersion: 101.0, moz:accessibilityChecks: false, moz:buildID: 20220526203855, moz:debuggerAddress: localhost:53188, moz:geckodriverVersion: 0.31.0, moz:headless: true, moz:processID: 30316, moz:profile: C:\Users\NERSES~1\AppData\L..., moz:shutdownTimeout: 60000, moz:useNonSpecCompliantPointerOrigin: false, moz:webdriverClick: true, pageLoadStrategy: normal, platformName: WINDOWS, platformVersion: 10.0, proxy: Proxy(), se:cdp: ws://localhost:53188/devtoo..., se:cdpVersion: 85.0, setWindowRect: true, strictFileInteractability: false, timeouts: {implicit: 0, pageLoad: 300000, script: 30000}, unhandledPromptBehavior: dismiss and notify}
Element: [[FirefoxDriver: firefox on WINDOWS (0756a71a-fac3-448f-9f8f-560fe13550a5)] -> xpath: //span[text()= 'English']]
Session ID: 0756a71a-fac3-448f-9f8f-560fe13550a5]]>
            </message>
            <full-stacktrace>
              <![CDATA[org.openqa.selenium.WebDriverException: Reached error page: about:neterror?e=networkProtocolError&u=https%3A//craftbet.com/home&c=UTF-8&d=Firefox%20has%20experienced%20a%20network%20protocol%20violation%20that%20cannot%20be%20repaired.
Build info: version: '4.2.1', revision: 'ac4d0fdd4a'
System info: host: 'DESKTOP-PO3T4V3', ip: '10.50.17.112', os.name: 'Windows 10', os.arch: 'amd64', os.version: '10.0', java.version: '17.0.2'
Driver info: org.openqa.selenium.firefox.FirefoxDriver
Command: [0756a71a-fac3-448f-9f8f-560fe13550a5, clickElement {id=c78e9c25-2a1d-46ba-99ff-528de38bedc2}]
Capabilities {acceptInsecureCerts: true, browserName: firefox, browserVersion: 101.0, moz:accessibilityChecks: false, moz:buildID: 20220526203855, moz:debuggerAddress: localhost:53188, moz:geckodriverVersion: 0.31.0, moz:headless: true, moz:processID: 30316, moz:profile: C:\Users\NERSES~1\AppData\L..., moz:shutdownTimeout: 60000, moz:useNonSpecCompliantPointerOrigin: false, moz:webdriverClick: true, pageLoadStrategy: normal, platformName: WINDOWS, platformVersion: 10.0, proxy: Proxy(), se:cdp: ws://localhost:53188/devtoo..., se:cdpVersion: 85.0, setWindowRect: true, strictFileInteractability: false, timeouts: {implicit: 0, pageLoad: 300000, script: 30000}, unhandledPromptBehavior: dismiss and notify}
Element: [[FirefoxDriver: firefox on WINDOWS (0756a71a-fac3-448f-9f8f-560fe13550a5)] -> xpath: //span[text()= 'English']]
Session ID: 0756a71a-fac3-448f-9f8f-560fe13550a5
at java.base/jdk.internal.reflect.NativeConstructorAccessorImpl.newInstance0(Native Method)
at java.base/jdk.internal.reflect.NativeConstructorAccessorImpl.newInstance(NativeConstructorAccessorImpl.java:77)
at java.base/jdk.internal.reflect.DelegatingConstructorAccessorImpl.newInstance(DelegatingConstructorAccessorImpl.java:45)
at java.base/java.lang.reflect.Constructor.newInstanceWithCaller(Constructor.java:499)
at java.base/java.lang.reflect.Constructor.newInstance(Constructor.java:480)
at org.openqa.selenium.remote.codec.w3c.W3CHttpResponseCodec.createException(W3CHttpResponseCodec.java:200)
at org.openqa.selenium.remote.codec.w3c.W3CHttpResponseCodec.decode(W3CHttpResponseCodec.java:133)
at org.openqa.selenium.remote.codec.w3c.W3CHttpResponseCodec.decode(W3CHttpResponseCodec.java:53)
at org.openqa.selenium.remote.HttpCommandExecutor.execute(HttpCommandExecutor.java:184)
at org.openqa.selenium.remote.service.DriverCommandExecutor.invokeExecute(DriverCommandExecutor.java:167)
at org.openqa.selenium.remote.service.DriverCommandExecutor.execute(DriverCommandExecutor.java:142)
at org.openqa.selenium.remote.RemoteWebDriver.execute(RemoteWebDriver.java:551)
at org.openqa.selenium.remote.RemoteWebElement.execute(RemoteWebElement.java:257)
at org.openqa.selenium.remote.RemoteWebElement.click(RemoteWebElement.java:78)
at jdk.internal.reflect.GeneratedMethodAccessor10.invoke(Unknown Source)
at java.base/jdk.internal.reflect.DelegatingMethodAccessorImpl.invoke(DelegatingMethodAccessorImpl.java:43)
at java.base/java.lang.reflect.Method.invoke(Method.java:568)
at org.openqa.selenium.support.pagefactory.internal.LocatingElementHandler.invoke(LocatingElementHandler.java:52)
at jdk.proxy2/jdk.proxy2.$Proxy20.click(Unknown Source)
at pageObjects.BasePage.clickOnElementIfVisible(BasePage.java:85)
at pageObjects.CraftBet_Header_Page.selectEnglishLanguageFromDropDown(CraftBet_Header_Page.java:85)
at testCases.BaseTest.setup(BaseTest.java:68)
at java.base/jdk.internal.reflect.NativeMethodAccessorImpl.invoke0(Native Method)
at java.base/jdk.internal.reflect.NativeMethodAccessorImpl.invoke(NativeMethodAccessorImpl.java:77)
at java.base/jdk.internal.reflect.DelegatingMethodAccessorImpl.invoke(DelegatingMethodAccessorImpl.java:43)
at java.base/java.lang.reflect.Method.invoke(Method.java:568)
at org.testng.internal.invokers.MethodInvocationHelper.invokeMethod(MethodInvocationHelper.java:139)
at org.testng.internal.invokers.MethodInvocationHelper.invokeMethodConsideringTimeout(MethodInvocationHelper.java:69)
at org.testng.internal.invokers.ConfigInvoker.invokeConfigurationMethod(ConfigInvoker.java:361)
at org.testng.internal.invokers.ConfigInvoker.invokeConfigurations(ConfigInvoker.java:296)
at org.testng.internal.invokers.TestInvoker.runConfigMethods(TestInvoker.java:816)
at org.testng.internal.invokers.TestInvoker.invokeMethod(TestInvoker.java:590)
at org.testng.internal.invokers.TestInvoker.invokeTestMethod(TestInvoker.java:221)
at org.testng.internal.invokers.MethodRunner.runInSequence(MethodRunner.java:50)
at org.testng.internal.invokers.TestInvoker$MethodInvocationAgent.invoke(TestInvoker.java:962)
at org.testng.internal.invokers.TestInvoker.invokeTestMethods(TestInvoker.java:194)
at org.testng.internal.invokers.TestMethodWorker.invokeTestMethods(TestMethodWorker.java:148)
at org.testng.internal.invokers.TestMethodWorker.run(TestMethodWorker.java:128)
at java.base/java.util.ArrayList.forEach(ArrayList.java:1511)
at org.testng.TestRunner.privateRun(TestRunner.java:806)
at org.testng.TestRunner.run(TestRunner.java:601)
at org.testng.SuiteRunner.runTest(SuiteRunner.java:433)
at org.testng.SuiteRunner.runSequentially(SuiteRunner.java:427)
at org.testng.SuiteRunner.privateRun(SuiteRunner.java:387)
at org.testng.SuiteRunner.run(SuiteRunner.java:330)
at org.testng.SuiteRunnerWorker.runSuite(SuiteRunnerWorker.java:52)
at org.testng.SuiteRunnerWorker.run(SuiteRunnerWorker.java:95)
at org.testng.TestNG.runSuitesSequentially(TestNG.java:1256)
at org.testng.TestNG.runSuitesLocally(TestNG.java:1176)
at org.testng.TestNG.runSuites(TestNG.java:1099)
at org.testng.TestNG.run(TestNG.java:1067)
at com.intellij.rt.testng.IDEARemoteTestNG.run(IDEARemoteTestNG.java:66)
at com.intellij.rt.testng.RemoteTestNGStarter.main(RemoteTestNGStarter.java:109)
]]>
            </full-stacktrace>
          </exception> <!-- org.openqa.selenium.WebDriverException -->
          <reporter-output>
          </reporter-output>
        </test-method> <!-- loginPopUpLogInNegativeTest -->
        <test-method is-config="true" signature="tearDown()[pri:0, instance:testCases.LoginPopUpTest@298a5e20]" started-at="2022-07-08T16:20:47 AMT" name="tearDown" finished-at="2022-07-08T16:20:47 AMT" duration-ms="0" status="SKIP">
          <reporter-output>
          </reporter-output>
        </test-method> <!-- tearDown -->
        <test-method is-config="true" signature="setup()[pri:0, instance:testCases.LoginPopUpTest@298a5e20]" started-at="2022-07-08T16:20:47 AMT" name="setup" finished-at="2022-07-08T16:20:47 AMT" duration-ms="0" status="SKIP">
          <reporter-output>
          </reporter-output>
        </test-method> <!-- setup -->
        <test-method is-config="true" signature="goToLoginPopUp()[pri:0, instance:testCases.LoginPopUpTest@298a5e20]" started-at="2022-07-08T16:20:47 AMT" name="goToLoginPopUp" finished-at="2022-07-08T16:20:47 AMT" duration-ms="0" status="SKIP">
          <reporter-output>
          </reporter-output>
        </test-method> <!-- goToLoginPopUp -->
        <test-method signature="loginPopUpLogInNegativeTest(java.lang.String,java.lang.String)[pri:10, instance:testCases.LoginPopUpTest@298a5e20]" started-at="2022-07-08T16:20:47 AMT" name="loginPopUpLogInNegativeTest" description="Validate on Log_in Pop Up Log_In functionality with invalid data" data-provider="invalidLoginData" finished-at="2022-07-08T16:20:47 AMT" duration-ms="0" status="SKIP">
          <params>
            <param index="0">
              <value>
                <![CDATA[ U1630370]]>
              </value>
            </param>
            <param index="1">
              <value>
                <![CDATA[N3HU3]]>
              </value>
            </param>
          </params>
          <exception class="org.openqa.selenium.WebDriverException">
            <message>
              <![CDATA[Reached error page: about:neterror?e=networkProtocolError&u=https%3A//craftbet.com/home&c=UTF-8&d=Firefox%20has%20experienced%20a%20network%20protocol%20violation%20that%20cannot%20be%20repaired.
Build info: version: '4.2.1', revision: 'ac4d0fdd4a'
System info: host: 'DESKTOP-PO3T4V3', ip: '10.50.17.112', os.name: 'Windows 10', os.arch: 'amd64', os.version: '10.0', java.version: '17.0.2'
Driver info: org.openqa.selenium.firefox.FirefoxDriver
Command: [0756a71a-fac3-448f-9f8f-560fe13550a5, clickElement {id=c78e9c25-2a1d-46ba-99ff-528de38bedc2}]
Capabilities {acceptInsecureCerts: true, browserName: firefox, browserVersion: 101.0, moz:accessibilityChecks: false, moz:buildID: 20220526203855, moz:debuggerAddress: localhost:53188, moz:geckodriverVersion: 0.31.0, moz:headless: true, moz:processID: 30316, moz:profile: C:\Users\NERSES~1\AppData\L..., moz:shutdownTimeout: 60000, moz:useNonSpecCompliantPointerOrigin: false, moz:webdriverClick: true, pageLoadStrategy: normal, platformName: WINDOWS, platformVersion: 10.0, proxy: Proxy(), se:cdp: ws://localhost:53188/devtoo..., se:cdpVersion: 85.0, setWindowRect: true, strictFileInteractability: false, timeouts: {implicit: 0, pageLoad: 300000, script: 30000}, unhandledPromptBehavior: dismiss and notify}
Element: [[FirefoxDriver: firefox on WINDOWS (0756a71a-fac3-448f-9f8f-560fe13550a5)] -> xpath: //span[text()= 'English']]
Session ID: 0756a71a-fac3-448f-9f8f-560fe13550a5]]>
            </message>
            <full-stacktrace>
              <![CDATA[org.openqa.selenium.WebDriverException: Reached error page: about:neterror?e=networkProtocolError&u=https%3A//craftbet.com/home&c=UTF-8&d=Firefox%20has%20experienced%20a%20network%20protocol%20violation%20that%20cannot%20be%20repaired.
Build info: version: '4.2.1', revision: 'ac4d0fdd4a'
System info: host: 'DESKTOP-PO3T4V3', ip: '10.50.17.112', os.name: 'Windows 10', os.arch: 'amd64', os.version: '10.0', java.version: '17.0.2'
Driver info: org.openqa.selenium.firefox.FirefoxDriver
Command: [0756a71a-fac3-448f-9f8f-560fe13550a5, clickElement {id=c78e9c25-2a1d-46ba-99ff-528de38bedc2}]
Capabilities {acceptInsecureCerts: true, browserName: firefox, browserVersion: 101.0, moz:accessibilityChecks: false, moz:buildID: 20220526203855, moz:debuggerAddress: localhost:53188, moz:geckodriverVersion: 0.31.0, moz:headless: true, moz:processID: 30316, moz:profile: C:\Users\NERSES~1\AppData\L..., moz:shutdownTimeout: 60000, moz:useNonSpecCompliantPointerOrigin: false, moz:webdriverClick: true, pageLoadStrategy: normal, platformName: WINDOWS, platformVersion: 10.0, proxy: Proxy(), se:cdp: ws://localhost:53188/devtoo..., se:cdpVersion: 85.0, setWindowRect: true, strictFileInteractability: false, timeouts: {implicit: 0, pageLoad: 300000, script: 30000}, unhandledPromptBehavior: dismiss and notify}
Element: [[FirefoxDriver: firefox on WINDOWS (0756a71a-fac3-448f-9f8f-560fe13550a5)] -> xpath: //span[text()= 'English']]
Session ID: 0756a71a-fac3-448f-9f8f-560fe13550a5
at java.base/jdk.internal.reflect.NativeConstructorAccessorImpl.newInstance0(Native Method)
at java.base/jdk.internal.reflect.NativeConstructorAccessorImpl.newInstance(NativeConstructorAccessorImpl.java:77)
[...]
at org.testng.TestRunner.run(TestRunner.java:601)
at org.testng.SuiteRunner.runTest(SuiteRunner.java:433)
at org.testng.SuiteRunner.runSequentially(SuiteRunner.java:427)
at org.testng.SuiteRunner.privateRun(SuiteRunner.java:387)
at org.testng.SuiteRunner.run(SuiteRunner.java:330)
at org.testng.SuiteRunnerWorker.runSuite(SuiteRunnerWorker.java:52)
at org.testng.SuiteRunnerWorker.run(SuiteRunnerWorker.java:95)
at org.testng.TestNG.runSuitesSequentially(TestNG.java:1256)
at org.testng.TestNG.runSuitesLocally(TestNG.java:1176)
at org.testng.TestNG.runSuites(TestNG.java:1099)
at org.testng.TestNG.run(TestNG.java:1067)
at com.intellij.rt.testng.IDEARemoteTestNG.run(IDEARemoteTestNG.java:66)
at com.intellij.rt.testng.RemoteTestNGStarter.main(RemoteTestNGStarter.java:109)
]]>
            </full-stacktrace>
          </exception> <!-- org.openqa.selenium.WebDriverException -->
          <reporter-output>
          </reporter-output>
        </test-method> <!-- loginPopUpLogInNegativeTest -->
        <test-method is-config="true" signature="tearDown()[pri:0, instance:testCases.LoginPopUpTest@298a5e20]" started-at="2022-07-08T16:20:47 AMT" name="tearDown" finished-at="2022-07-08T16:20:47 AMT" duration-ms="0" status="SKIP">
          <reporter-output>
          </reporter-output>
        </test-method> <!-- tearDown -->
        <test-method is-config="true" signature="setup()[pri:0, instance:testCases.LoginPopUpTest@298a5e20]" started-at="2022-07-08T16:20:47 AMT" name="setup" finished-at="2022-07-08T16:20:47 AMT" duration-ms="0" status="SKIP">
          <reporter-output>
          </reporter-output>
        </test-method> <!-- setup -->
        <test-method is-config="true" signature="goToLoginPopUp()[pri:0, instance:testCases.LoginPopUpTest@298a5e20]" started-at="2022-07-08T16:20:47 AMT" name="goToLoginPopUp" finished-at="2022-07-08T16:20:47 AMT" duration-ms="0" status="SKIP">
          <reporter-output>
          </reporter-output>
        </test-method> <!-- goToLoginPopUp -->
        <test-method signature="loginPopUpErrorMessageValidationInvalidUsername()[pri:11, instance:testCases.LoginPopUpTest@298a5e20]" started-at="2022-07-08T16:20:47 AMT" name="loginPopUpErrorMessageValidationInvalidUsername" description="Validate on Log_in Pop Up Error message with invalid password" finished-at="2022-07-08T16:20:47 AMT" duration-ms="0" status="SKIP">
          <exception class="org.openqa.selenium.WebDriverException">
            <message>
              <![CDATA[Reached error page: about:neterror?e=networkProtocolError&u=https%3A//craftbet.com/home&c=UTF-8&d=Firefox%20has%20experienced%20a%20network%20protocol%20violation%20that%20cannot%20be%20repaired.
Build info: version: '4.2.1', revision: 'ac4d0fdd4a'
System info: host: 'DESKTOP-PO3T4V3', ip: '10.50.17.112', os.name: 'Windows 10', os.arch: 'amd64', os.version: '10.0', java.version: '17.0.2'
Driver info: org.openqa.selenium.firefox.FirefoxDriver
Command: [0756a71a-fac3-448f-9f8f-560fe13550a5, clickElement {id=c78e9c25-2a1d-46ba-99ff-528de38bedc2}]
Capabilities {acceptInsecureCerts: true, browserName: firefox, browserVersion: 101.0, moz:accessibilityChecks: false, moz:buildID: 20220526203855, moz:debuggerAddress: localhost:53188, moz:geckodriverVersion: 0.31.0, moz:headless: true, moz:processID: 30316, moz:profile: C:\Users\NERSES~1\AppData\L..., moz:shutdownTimeout: 60000, moz:useNonSpecCompliantPointerOrigin: false, moz:webdriverClick: true, pageLoadStrategy: normal, platformName: WINDOWS, platformVersion: 10.0, proxy: Proxy(), se:cdp: ws://localhost:53188/devtoo..., se:cdpVersion: 85.0, setWindowRect: true, strictFileInteractability: false, timeouts: {implicit: 0, pageLoad: 300000, script: 30000}, unhandledPromptBehavior: dismiss and notify}
Element: [[FirefoxDriver: firefox on WINDOWS (0756a71a-fac3-448f-9f8f-560fe13550a5)] -> xpath: //span[text()= 'English']]
Session ID: 0756a71a-fac3-448f-9f8f-560fe13550a5]]>
            </message>
            <full-stacktrace>
              <![CDATA[org.openqa.selenium.WebDriverException: Reached error page: about:neterror?e=networkProtocolError&u=https%3A//craftbet.com/home&c=UTF-8&d=Firefox%20has%20experienced%20a%20network%20protocol%20violation%20that%20cannot%20be%20repaired.
Build info: version: '4.2.1', revision: 'ac4d0fdd4a'
System info: host: 'DESKTOP-PO3T4V3', ip: '10.50.17.112', os.name: 'Windows 10', os.arch: 'amd64', os.version: '10.0', java.version: '17.0.2'
Driver info: org.openqa.selenium.firefox.FirefoxDriver
Command: [0756a71a-fac3-448f-9f8f-560fe13550a5, clickElement {id=c78e9c25-2a1d-46ba-99ff-528de38bedc2}]
Capabilities {acceptInsecureCerts: true, browserName: firefox, browserVersion: 101.0, moz:accessibilityChecks: false, moz:buildID: 20220526203855, moz:debuggerAddress: localhost:53188, moz:geckodriverVersion: 0.31.0, moz:headless: true, moz:processID: 30316, moz:profile: C:\Users\NERSES~1\AppData\L..., moz:shutdownTimeout: 60000, moz:useNonSpecCompliantPointerOrigin: false, moz:webdriverClick: true, pageLoadStrategy: normal, platformName: WINDOWS, platformVersion: 10.0, proxy: Proxy(), se:cdp: ws://localhost:53188/devtoo..., se:cdpVersion: 85.0, setWindowRect: true, strictFileInteractability: false, timeouts: {implicit: 0, pageLoad: 300000, script: 30000}, unhandledPromptBehavior: dismiss and notify}
Element: [[FirefoxDriver: firefox on WINDOWS (0756a71a-fac3-448f-9f8f-560fe13550a5)] -> xpath: //span[text()= 'English']]
Session ID: 0756a71a-fac3-448f-9f8f-560fe13550a5
at java.base/jdk.internal.reflect.NativeConstructorAccessorImpl.newInstance0(Native Method)
at java.base/jdk.internal.reflect.NativeConstructorAccessorImpl.newInstance(NativeConstructorAccessorImpl.java:77)
at java.base/jdk.internal.reflect.DelegatingConstructorAccessorImpl.newInstance(DelegatingConstructorAccessorImpl.java:45)
at java.base/java.lang.reflect.Constructor.newInstanceWithCaller(Constructor.java:499)
at java.base/java.lang.reflect.Constructor.newInstance(Constructor.java:480)
at org.openqa.selenium.remote.codec.w3c.W3CHttpResponseCodec.createException(W3CHttpResponseCodec.java:200)
at org.openqa.selenium.remote.codec.w3c.W3CHttpResponseCodec.decode(W3CHttpResponseCodec.java:133)
at org.openqa.selenium.remote.codec.w3c.W3CHttpResponseCodec.decode(W3CHttpResponseCodec.java:53)
at org.openqa.selenium.remote.HttpCommandExecutor.execute(HttpCommandExecutor.java:184)
at org.openqa.selenium.remote.service.DriverCommandExecutor.invokeExecute(DriverCommandExecutor.java:167)
at org.openqa.selenium.remote.service.DriverCommandExecutor.execute(DriverCommandExecutor.java:142)
at org.openqa.selenium.remote.RemoteWebDriver.execute(RemoteWebDriver.java:551)
at org.openqa.selenium.remote.RemoteWebElement.execute(RemoteWebElement.java:257)
at org.openqa.selenium.remote.RemoteWebElement.click(RemoteWebElement.java:78)
at jdk.internal.reflect.GeneratedMethodAccessor10.invoke(Unknown Source)
at java.base/jdk.internal.reflect.DelegatingMethodAccessorImpl.invoke(DelegatingMethodAccessorImpl.java:43)
at java.base/java.lang.reflect.Method.invoke(Method.java:568)
at org.openqa.selenium.support.pagefactory.internal.LocatingElementHandler.invoke(LocatingElementHandler.java:52)
at jdk.proxy2/jdk.proxy2.$Proxy20.click(Unknown Source)
at pageObjects.BasePage.clickOnElementIfVisible(BasePage.java:85)
at pageObjects.CraftBet_Header_Page.selectEnglishLanguageFromDropDown(CraftBet_Header_Page.java:85)
at testCases.BaseTest.setup(BaseTest.java:68)
at java.base/jdk.internal.reflect.NativeMethodAccessorImpl.invoke0(Native Method)
at java.base/jdk.internal.reflect.NativeMethodAccessorImpl.invoke(NativeMethodAccessorImpl.java:77)
at java.base/jdk.internal.reflect.DelegatingMethodAccessorImpl.invoke(DelegatingMethodAccessorImpl.java:43)
at java.base/java.lang.reflect.Method.invoke(Method.java:568)
at org.testng.internal.invokers.MethodInvocationHelper.invokeMethod(MethodInvocationHelper.java:139)
at org.testng.internal.invokers.MethodInvocationHelper.invokeMethodConsideringTimeout(MethodInvocationHelper.java:69)
at org.testng.internal.invokers.ConfigInvoker.invokeConfigurationMethod(ConfigInvoker.java:361)
at org.testng.internal.invokers.ConfigInvoker.invokeConfigurations(ConfigInvoker.java:296)
at org.testng.internal.invokers.TestInvoker.runConfigMethods(TestInvoker.java:816)
at org.testng.internal.invokers.TestInvoker.invokeMethod(TestInvoker.java:590)
at org.testng.internal.invokers.TestInvoker.invokeTestMethod(TestInvoker.java:221)
at org.testng.internal.invokers.MethodRunner.runInSequence(MethodRunner.java:50)
at org.testng.internal.invokers.TestInvoker$MethodInvocationAgent.invoke(TestInvoker.java:962)
at org.testng.internal.invokers.TestInvoker.invokeTestMethods(TestInvoker.java:194)
at org.testng.internal.invokers.TestMethodWorker.invokeTestMethods(TestMethodWorker.java:148)
at org.testng.internal.invokers.TestMethodWorker.run(TestMethodWorker.java:128)
at java.base/java.util.ArrayList.forEach(ArrayList.java:1511)
at org.testng.TestRunner.privateRun(TestRunner.java:806)
at org.testng.TestRunner.run(TestRunner.java:601)
at org.testng.SuiteRunner.runTest(SuiteRunner.java:433)
at org.testng.SuiteRunner.runSequentially(SuiteRunner.java:427)
at org.testng.SuiteRunner.privateRun(SuiteRunner.java:387)
at org.testng.SuiteRunner.run(SuiteRunner.java:330)
at org.testng.SuiteRunnerWorker.runSuite(SuiteRunnerWorker.java:52)
at org.testng.SuiteRunnerWorker.run(SuiteRunnerWorker.java:95)
at org.testng.TestNG.runSuitesSequentially(TestNG.java:1256)
at org.testng.TestNG.runSuitesLocally(TestNG.java:1176)
at org.testng.TestNG.runSuites(TestNG.java:1099)
at org.testng.TestNG.run(TestNG.java:1067)
at com.intellij.rt.testng.IDEARemoteTestNG.run(IDEARemoteTestNG.java:66)
at com.intellij.rt.testng.RemoteTestNGStarter.main(RemoteTestNGStarter.java:109)
]]>
            </full-stacktrace>
          </exception> <!-- org.openqa.selenium.WebDriverException -->
          <reporter-output>
          </reporter-output>
        </test-method> <!-- loginPopUpErrorMessageValidationInvalidUsername -->
        <test-method is-config="true" signature="tearDown()[pri:0, instance:testCases.LoginPopUpTest@298a5e20]" started-at="2022-07-08T16:20:47 AMT" name="tearDown" finished-at="2022-07-08T16:20:47 AMT" duration-ms="0" status="SKIP">
          <reporter-output>
          </reporter-output>
        </test-method> <!-- tearDown -->
        <test-method is-config="true" signature="setup()[pri:0, instance:testCases.LoginPopUpTest@298a5e20]" started-at="2022-07-08T16:20:47 AMT" name="setup" finished-at="2022-07-08T16:20:47 AMT" duration-ms="0" status="SKIP">
          <reporter-output>
          </reporter-output>
        </test-method> <!-- setup -->
        <test-method is-config="true" signature="goToLoginPopUp()[pri:0, instance:testCases.LoginPopUpTest@298a5e20]" started-at="2022-07-08T16:20:47 AMT" name="goToLoginPopUp" finished-at="2022-07-08T16:20:47 AMT" duration-ms="0" status="SKIP">
          <reporter-output>
          </reporter-output>
        </test-method> <!-- goToLoginPopUp -->
        <test-method signature="loginPopUpErrorMessageValidationInvalidPassword()[pri:12, instance:testCases.LoginPopUpTest@298a5e20]" started-at="2022-07-08T16:20:47 AMT" name="loginPopUpErrorMessageValidationInvalidPassword" description="Validate on Log_in Pop Up error message with invalid username" finished-at="2022-07-08T16:20:47 AMT" duration-ms="0" status="SKIP">
          <exception class="org.openqa.selenium.WebDriverException">
            <message>
              <![CDATA[Reached error page: about:neterror?e=networkProtocolError&u=https%3A//craftbet.com/home&c=UTF-8&d=Firefox%20has%20experienced%20a%20network%20protocol%20violation%20that%20cannot%20be%20repaired.
Build info: version: '4.2.1', revision: 'ac4d0fdd4a'
System info: host: 'DESKTOP-PO3T4V3', ip: '10.50.17.112', os.name: 'Windows 10', os.arch: 'amd64', os.version: '10.0', java.version: '17.0.2'
Driver info: org.openqa.selenium.firefox.FirefoxDriver
Command: [0756a71a-fac3-448f-9f8f-560fe13550a5, clickElement {id=c78e9c25-2a1d-46ba-99ff-528de38bedc2}]
Capabilities {acceptInsecureCerts: true, browserName: firefox, browserVersion: 101.0, moz:accessibilityChecks: false, moz:buildID: 20220526203855, moz:debuggerAddress: localhost:53188, moz:geckodriverVersion: 0.31.0, moz:headless: true, moz:processID: 30316, moz:profile: C:\Users\NERSES~1\AppData\L..., moz:shutdownTimeout: 60000, moz:useNonSpecCompliantPointerOrigin: false, moz:webdriverClick: true, pageLoadStrategy: normal, platformName: WINDOWS, platformVersion: 10.0, proxy: Proxy(), se:cdp: ws://localhost:53188/devtoo..., se:cdpVersion: 85.0, setWindowRect: true, strictFileInteractability: false, timeouts: {implicit: 0, pageLoad: 300000, script: 30000}, unhandledPromptBehavior: dismiss and notify}
Element: [[FirefoxDriver: firefox on WINDOWS (0756a71a-fac3-448f-9f8f-560fe13550a5)] -> xpath: //span[text()= 'English']]
Session ID: 0756a71a-fac3-448f-9f8f-560fe13550a5]]>
            </message>
            <full-stacktrace>
              <![CDATA[org.openqa.selenium.WebDriverException: Reached error page: about:neterror?e=networkProtocolError&u=https%3A//craftbet.com/home&c=UTF-8&d=Firefox%20has%20experienced%20a%20network%20protocol%20violation%20that%20cannot%20be%20repaired.
Build info: version: '4.2.1', revision: 'ac4d0fdd4a'
System info: host: 'DESKTOP-PO3T4V3', ip: '10.50.17.112', os.name: 'Windows 10', os.arch: 'amd64', os.version: '10.0', java.version: '17.0.2'
Driver info: org.openqa.selenium.firefox.FirefoxDriver
Command: [0756a71a-fac3-448f-9f8f-560fe13550a5, clickElement {id=c78e9c25-2a1d-46ba-99ff-528de38bedc2}]
Capabilities {acceptInsecureCerts: true, browserName: firefox, browserVersion: 101.0, moz:accessibilityChecks: false, moz:buildID: 20220526203855, moz:debuggerAddress: localhost:53188, moz:geckodriverVersion: 0.31.0, moz:headless: true, moz:processID: 30316, moz:profile: C:\Users\NERSES~1\AppData\L..., moz:shutdownTimeout: 60000, moz:useNonSpecCompliantPointerOrigin: false, moz:webdriverClick: true, pageLoadStrategy: normal, platformName: WINDOWS, platformVersion: 10.0, proxy: Proxy(), se:cdp: ws://localhost:53188/devtoo..., se:cdpVersion: 85.0, setWindowRect: true, strictFileInteractability: false, timeouts: {implicit: 0, pageLoad: 300000, script: 30000}, unhandledPromptBehavior: dismiss and notify}
Element: [[FirefoxDriver: firefox on WINDOWS (0756a71a-fac3-448f-9f8f-560fe13550a5)] -> xpath: //span[text()= 'English']]
Session ID: 0756a71a-fac3-448f-9f8f-560fe13550a5
at java.base/jdk.internal.reflect.NativeConstructorAccessorImpl.newInstance0(Native Method)
at java.base/jdk.internal.reflect.NativeConstructorAccessorImpl.newInstance(NativeConstructorAccessorImpl.java:77)
at java.base/jdk.internal.reflect.DelegatingConstructorAccessorImpl.newInstance(DelegatingConstructorAccessorImpl.java:45)
at java.base/java.lang.reflect.Constructor.newInstanceWithCaller(Constructor.java:499)
at java.base/java.lang.reflect.Constructor.newInstance(Constructor.java:480)
at org.openqa.selenium.remote.codec.w3c.W3CHttpResponseCodec.createException(W3CHttpResponseCodec.java:200)
at org.openqa.selenium.remote.codec.w3c.W3CHttpResponseCodec.decode(W3CHttpResponseCodec.java:133)
at org.openqa.selenium.remote.codec.w3c.W3CHttpResponseCodec.decode(W3CHttpResponseCodec.java:53)
at org.openqa.selenium.remote.HttpCommandExecutor.execute(HttpCommandExecutor.java:184)
at org.openqa.selenium.remote.service.DriverCommandExecutor.invokeExecute(DriverCommandExecutor.java:167)
at org.openqa.selenium.remote.service.DriverCommandExecutor.execute(DriverCommandExecutor.java:142)
at org.openqa.selenium.remote.RemoteWebDriver.execute(RemoteWebDriver.java:551)
at org.openqa.selenium.remote.RemoteWebElement.execute(RemoteWebElement.java:257)
at org.openqa.selenium.remote.RemoteWebElement.click(RemoteWebElement.java:78)
at jdk.internal.reflect.GeneratedMethodAccessor10.invoke(Unknown Source)
at java.base/jdk.internal.reflect.DelegatingMethodAccessorImpl.invoke(DelegatingMethodAccessorImpl.java:43)
at java.base/java.lang.reflect.Method.invoke(Method.java:568)
at org.openqa.selenium.support.pagefactory.internal.LocatingElementHandler.invoke(LocatingElementHandler.java:52)
at jdk.proxy2/jdk.proxy2.$Proxy20.click(Unknown Source)
at pageObjects.BasePage.clickOnElementIfVisible(BasePage.java:85)
at pageObjects.CraftBet_Header_Page.selectEnglishLanguageFromDropDown(CraftBet_Header_Page.java:85)
at testCases.BaseTest.setup(BaseTest.java:68)
at java.base/jdk.internal.reflect.NativeMethodAccessorImpl.invoke0(Native Method)
at java.base/jdk.internal.reflect.NativeMethodAccessorImpl.invoke(NativeMethodAccessorImpl.java:77)
at java.base/jdk.internal.reflect.DelegatingMethodAccessorImpl.invoke(DelegatingMethodAccessorImpl.java:43)
at java.base/java.lang.reflect.Method.invoke(Method.java:568)
at org.testng.internal.invokers.MethodInvocationHelper.invokeMethod(MethodInvocationHelper.java:139)
at org.testng.internal.invokers.MethodInvocationHelper.invokeMethodConsideringTimeout(MethodInvocationHelper.java:69)
at org.testng.internal.invokers.ConfigInvoker.invokeConfigurationMethod(ConfigInvoker.java:361)
at org.testng.internal.invokers.ConfigInvoker.invokeConfigurations(ConfigInvoker.java:296)
at org.testng.internal.invokers.TestInvoker.runConfigMethods(TestInvoker.java:816)
at org.testng.internal.invokers.TestInvoker.invokeMethod(TestInvoker.java:590)
at org.testng.internal.invokers.TestInvoker.invokeTestMethod(TestInvoker.java:221)
at org.testng.internal.invokers.MethodRunner.runInSequence(MethodRunner.java:50)
at org.testng.internal.invokers.TestInvoker$MethodInvocationAgent.invoke(TestInvoker.java:962)
at org.testng.internal.invokers.TestInvoker.invokeTestMethods(TestInvoker.java:194)
at org.testng.internal.invokers.TestMethodWorker.invokeTestMethods(TestMethodWorker.java:148)
at org.testng.internal.invokers.TestMethodWorker.run(TestMethodWorker.java:128)
at java.base/java.util.ArrayList.forEach(ArrayList.java:1511)
at org.testng.TestRunner.privateRun(TestRunner.java:806)
at org.testng.TestRunner.run(TestRunner.java:601)
at org.testng.SuiteRunner.runTest(SuiteRunner.java:433)
at org.testng.SuiteRunner.runSequentially(SuiteRunner.java:427)
at org.testng.SuiteRunner.privateRun(SuiteRunner.java:387)
at org.testng.SuiteRunner.run(SuiteRunner.java:330)
at org.testng.SuiteRunnerWorker.runSuite(SuiteRunnerWorker.java:52)
at org.testng.SuiteRunnerWorker.run(SuiteRunnerWorker.java:95)
at org.testng.TestNG.runSuitesSequentially(TestNG.java:1256)
at org.testng.TestNG.runSuitesLocally(TestNG.java:1176)
at org.testng.TestNG.runSuites(TestNG.java:1099)
at org.testng.TestNG.run(TestNG.java:1067)
at com.intellij.rt.testng.IDEARemoteTestNG.run(IDEARemoteTestNG.java:66)
at com.intellij.rt.testng.RemoteTestNGStarter.main(RemoteTestNGStarter.java:109)
]]>
            </full-stacktrace>
          </exception> <!-- org.openqa.selenium.WebDriverException -->
          <reporter-output>
          </reporter-output>
        </test-method> <!-- loginPopUpErrorMessageValidationInvalidPassword -->
        <test-method is-config="true" signature="tearDown()[pri:0, instance:testCases.LoginPopUpTest@298a5e20]" started-at="2022-07-08T16:20:47 AMT" name="tearDown" finished-at="2022-07-08T16:20:47 AMT" duration-ms="0" status="SKIP">
          <reporter-output>
          </reporter-output>
        </test-method> <!-- tearDown -->
        <test-method is-config="true" signature="finish()[pri:0, instance:testCases.LoginPopUpTest@298a5e20]" started-at="2022-07-08T16:20:47 AMT" name="finish" finished-at="2022-07-08T16:20:47 AMT" duration-ms="0" status="SKIP">
          <reporter-output>
          </reporter-output>
        </test-method> <!-- finish -->
      </class> <!-- testCases.LoginPopUpTest -->
    </test> <!-- craftBetAutomation -->
  </suite> <!-- Default Suite -->
</testng-results>
