<?xml version="1.0" encoding="UTF-8"?>
<testng-results ignored="2" total="44" passed="29" failed="12" skipped="1">
  <reporter-output>
  </reporter-output>
  <suite started-at="2022-07-13T11:53:33 AMT" name="All Test Suite" finished-at="2022-07-13T12:01:29 AMT" duration-ms="476305">
    <groups>
    </groups>
    <test started-at="2022-07-13T11:53:33 AMT" name="testCases.LoginPopUpTest" finished-at="2022-07-13T12:01:29 AMT" duration-ms="476305">
      <class name="testCases.SignUpQuickRegisterTest">
        <test-method is-config="true" signature="setup()[pri:0, instance:testCases.SignUpQuickRegisterTest@53045c6c]" started-at="2022-07-13T11:57:53 AMT" name="setup" finished-at="2022-07-13T11:57:58 AMT" duration-ms="4368" status="PASS">
          <reporter-output>
          </reporter-output>
        </test-method> <!-- setup -->
        <test-method is-config="true" signature="goToLoginPopUp()[pri:0, instance:testCases.SignUpQuickRegisterTest@53045c6c]" started-at="2022-07-13T11:57:58 AMT" name="goToLoginPopUp" finished-at="2022-07-13T11:57:59 AMT" duration-ms="877" status="PASS">
          <reporter-output>
          </reporter-output>
        </test-method> <!-- goToLoginPopUp -->
        <test-method signature="SignUpPopUpQuickRegisterLabelsPresenceVerification_Test()[pri:1, instance:testCases.SignUpQuickRegisterTest@53045c6c]" started-at="2022-07-13T11:57:59 AMT" name="SignUpPopUpQuickRegisterLabelsPresenceVerification_Test" description="Validate SignUp PopUps labels" finished-at="2022-07-13T11:57:59 AMT" duration-ms="407" status="PASS">
          <reporter-output>
          </reporter-output>
        </test-method> <!-- SignUpPopUpQuickRegisterLabelsPresenceVerification_Test -->
        <test-method is-config="true" signature="tearDown()[pri:0, instance:testCases.SignUpQuickRegisterTest@53045c6c]" started-at="2022-07-13T11:57:59 AMT" name="tearDown" finished-at="2022-07-13T11:57:59 AMT" duration-ms="190" status="PASS">
          <reporter-output>
          </reporter-output>
        </test-method> <!-- tearDown -->
        <test-method is-config="true" signature="setup()[pri:0, instance:testCases.SignUpQuickRegisterTest@53045c6c]" started-at="2022-07-13T11:57:59 AMT" name="setup" finished-at="2022-07-13T11:58:02 AMT" duration-ms="3181" status="PASS">
          <reporter-output>
          </reporter-output>
        </test-method> <!-- setup -->
        <test-method is-config="true" signature="goToLoginPopUp()[pri:0, instance:testCases.SignUpQuickRegisterTest@53045c6c]" started-at="2022-07-13T11:58:02 AMT" name="goToLoginPopUp" finished-at="2022-07-13T11:58:03 AMT" duration-ms="624" status="PASS">
          <reporter-output>
          </reporter-output>
        </test-method> <!-- goToLoginPopUp -->
        <test-method signature="SignUpPopUpQuickRegisterLogoPresenceVerification_Test()[pri:2, instance:testCases.SignUpQuickRegisterTest@53045c6c]" started-at="2022-07-13T11:58:03 AMT" name="SignUpPopUpQuickRegisterLogoPresenceVerification_Test" description="Validate on Sign Up Pop Up Logo Presence" finished-at="2022-07-13T11:58:03 AMT" duration-ms="70" status="PASS">
          <reporter-output>
          </reporter-output>
        </test-method> <!-- SignUpPopUpQuickRegisterLogoPresenceVerification_Test -->
        <test-method is-config="true" signature="tearDown()[pri:0, instance:testCases.SignUpQuickRegisterTest@53045c6c]" started-at="2022-07-13T11:58:03 AMT" name="tearDown" finished-at="2022-07-13T11:58:03 AMT" duration-ms="182" status="PASS">
          <reporter-output>
          </reporter-output>
        </test-method> <!-- tearDown -->
        <test-method is-config="true" signature="setup()[pri:0, instance:testCases.SignUpQuickRegisterTest@53045c6c]" started-at="2022-07-13T11:58:03 AMT" name="setup" finished-at="2022-07-13T11:58:07 AMT" duration-ms="3465" status="PASS">
          <reporter-output>
          </reporter-output>
        </test-method> <!-- setup -->
        <test-method is-config="true" signature="goToLoginPopUp()[pri:0, instance:testCases.SignUpQuickRegisterTest@53045c6c]" started-at="2022-07-13T11:58:07 AMT" name="goToLoginPopUp" finished-at="2022-07-13T11:58:07 AMT" duration-ms="646" status="PASS">
          <reporter-output>
          </reporter-output>
        </test-method> <!-- goToLoginPopUp -->
        <test-method signature="SignUpPopUpQuickRegisterRegisterByDropDownVerification_Test()[pri:3, instance:testCases.SignUpQuickRegisterTest@53045c6c]" started-at="2022-07-13T11:58:07 AMT" name="SignUpPopUpQuickRegisterRegisterByDropDownVerification_Test" description="Validate on Sign Up Pop Up Email/Mobile Drop down" finished-at="2022-07-13T11:58:08 AMT" duration-ms="250" status="PASS">
          <reporter-output>
          </reporter-output>
        </test-method> <!-- SignUpPopUpQuickRegisterRegisterByDropDownVerification_Test -->
        <test-method is-config="true" signature="tearDown()[pri:0, instance:testCases.SignUpQuickRegisterTest@53045c6c]" started-at="2022-07-13T11:58:08 AMT" name="tearDown" finished-at="2022-07-13T11:58:08 AMT" duration-ms="231" status="PASS">
          <reporter-output>
          </reporter-output>
        </test-method> <!-- tearDown -->
        <test-method is-config="true" signature="setup()[pri:0, instance:testCases.SignUpQuickRegisterTest@53045c6c]" started-at="2022-07-13T11:58:08 AMT" name="setup" finished-at="2022-07-13T11:58:11 AMT" duration-ms="3093" status="PASS">
          <reporter-output>
          </reporter-output>
        </test-method> <!-- setup -->
        <test-method is-config="true" signature="goToLoginPopUp()[pri:0, instance:testCases.SignUpQuickRegisterTest@53045c6c]" started-at="2022-07-13T11:58:11 AMT" name="goToLoginPopUp" finished-at="2022-07-13T11:58:12 AMT" duration-ms="529" status="PASS">
          <reporter-output>
          </reporter-output>
        </test-method> <!-- goToLoginPopUp -->
        <test-method signature="SignUpPopUpQuickRegisterRegisterPrivacyPolicy()[pri:3, instance:testCases.SignUpQuickRegisterTest@53045c6c]" started-at="2022-07-13T11:58:12 AMT" name="SignUpPopUpQuickRegisterRegisterPrivacyPolicy" description="Validate on Sign Up Pop Up Terms  and conditions check box need to be checked" finished-at="2022-07-13T11:58:12 AMT" duration-ms="393" status="PASS">
          <reporter-output>
          </reporter-output>
        </test-method> <!-- SignUpPopUpQuickRegisterRegisterPrivacyPolicy -->
        <test-method is-config="true" signature="tearDown()[pri:0, instance:testCases.SignUpQuickRegisterTest@53045c6c]" started-at="2022-07-13T11:58:12 AMT" name="tearDown" finished-at="2022-07-13T11:58:12 AMT" duration-ms="178" status="PASS">
          <reporter-output>
          </reporter-output>
        </test-method> <!-- tearDown -->
        <test-method is-config="true" signature="setup()[pri:0, instance:testCases.SignUpQuickRegisterTest@53045c6c]" started-at="2022-07-13T11:58:12 AMT" name="setup" finished-at="2022-07-13T11:58:15 AMT" duration-ms="3293" status="PASS">
          <reporter-output>
          </reporter-output>
        </test-method> <!-- setup -->
        <test-method is-config="true" signature="goToLoginPopUp()[pri:0, instance:testCases.SignUpQuickRegisterTest@53045c6c]" started-at="2022-07-13T11:58:15 AMT" name="goToLoginPopUp" finished-at="2022-07-13T11:58:16 AMT" duration-ms="686" status="PASS">
          <reporter-output>
          </reporter-output>
        </test-method> <!-- goToLoginPopUp -->
        <test-method signature="SignUpPopUpQuickRegisterNegativeTest(java.lang.String)[pri:4, instance:testCases.SignUpQuickRegisterTest@53045c6c]" started-at="2022-07-13T11:58:16 AMT" name="SignUpPopUpQuickRegisterNegativeTest" description="Validate on Sign Up Pop Up sign up with valid Email" data-provider="invalidData" finished-at="2022-07-13T11:58:37 AMT" duration-ms="20389" status="FAIL">
          <params>
            <param index="0">
              <value>
                <![CDATA[EtQxOGOLqK.gmail.com]]>
              </value>
            </param>
          </params>
          <exception class="java.lang.AssertionError">
            <message>
              <![CDATA[expected [Invalid email address] but found [There is no ErrorMessage element]]]>
            </message>
            <full-stacktrace>
              <![CDATA[java.lang.AssertionError: expected [Invalid email address] but found [There is no ErrorMessage element]
at org.testng.Assert.fail(Assert.java:110)
at org.testng.Assert.failNotEquals(Assert.java:1413)
at org.testng.Assert.assertEqualsImpl(Assert.java:149)
at org.testng.Assert.assertEquals(Assert.java:131)
at org.testng.Assert.assertEquals(Assert.java:655)
at org.testng.Assert.assertEquals(Assert.java:665)
at testCases.SignUpQuickRegisterTest.SignUpPopUpQuickRegisterNegativeTest(SignUpQuickRegisterTest.java:160)
at java.base/jdk.internal.reflect.NativeMethodAccessorImpl.invoke0(Native Method)
at java.base/jdk.internal.reflect.NativeMethodAccessorImpl.invoke(NativeMethodAccessorImpl.java:77)
at java.base/jdk.internal.reflect.DelegatingMethodAccessorImpl.invoke(DelegatingMethodAccessorImpl.java:43)
at java.base/java.lang.reflect.Method.invoke(Method.java:568)
at org.testng.internal.invokers.MethodInvocationHelper.invokeMethod(MethodInvocationHelper.java:139)
at org.testng.internal.invokers.TestInvoker.invokeMethod(TestInvoker.java:677)
at org.testng.internal.invokers.TestInvoker.invokeTestMethod(TestInvoker.java:221)
at org.testng.internal.invokers.MethodRunner.runInSequence(MethodRunner.java:50)
at org.testng.internal.invokers.TestInvoker$MethodInvocationAgent.invoke(TestInvoker.java:962)
at org.testng.internal.invokers.TestInvoker.invokeTestMethods(TestInvoker.java:194)
at org.testng.internal.invokers.TestMethodWorker.invokeTestMethods(TestMethodWorker.java:148)
at org.testng.internal.invokers.TestMethodWorker.run(TestMethodWorker.java:128)
at java.base/java.util.ArrayList.forEach(ArrayList.java:1511)
at org.testng.TestRunner.privateRun(TestRunner.java:806)
at org.testng.TestRunner.run(TestRunner.java:601)
at org.testng.SuiteRunner.runTest(SuiteRunner.java:433)
at org.testng.SuiteRunner.runSequentially(SuiteRunner.java:427)
at org.testng.SuiteRunner.privateRun(SuiteRunner.java:387)
at org.testng.SuiteRunner.run(SuiteRunner.java:330)
at org.testng.SuiteRunnerWorker.runSuite(SuiteRunnerWorker.java:52)
at org.testng.SuiteRunnerWorker.run(SuiteRunnerWorker.java:95)
at org.testng.TestNG.runSuitesSequentially(TestNG.java:1256)
at org.testng.TestNG.runSuitesLocally(TestNG.java:1176)
at org.testng.TestNG.runSuites(TestNG.java:1099)
at org.testng.TestNG.run(TestNG.java:1067)
at com.intellij.rt.testng.IDEARemoteTestNG.run(IDEARemoteTestNG.java:66)
at com.intellij.rt.testng.RemoteTestNGStarter.main(RemoteTestNGStarter.java:109)
]]>
            </full-stacktrace>
          </exception> <!-- java.lang.AssertionError -->
          <reporter-output>
          </reporter-output>
        </test-method> <!-- SignUpPopUpQuickRegisterNegativeTest -->
        <test-method is-config="true" signature="tearDown()[pri:0, instance:testCases.SignUpQuickRegisterTest@53045c6c]" started-at="2022-07-13T11:58:38 AMT" name="tearDown" finished-at="2022-07-13T11:58:38 AMT" duration-ms="331" status="PASS">
          <reporter-output>
          </reporter-output>
        </test-method> <!-- tearDown -->
        <test-method is-config="true" signature="setup()[pri:0, instance:testCases.SignUpQuickRegisterTest@53045c6c]" started-at="2022-07-13T11:58:38 AMT" name="setup" finished-at="2022-07-13T11:58:43 AMT" duration-ms="4938" status="PASS">
          <reporter-output>
          </reporter-output>
        </test-method> <!-- setup -->
        <test-method is-config="true" signature="goToLoginPopUp()[pri:0, instance:testCases.SignUpQuickRegisterTest@53045c6c]" started-at="2022-07-13T11:58:43 AMT" name="goToLoginPopUp" finished-at="2022-07-13T11:58:44 AMT" duration-ms="727" status="PASS">
          <reporter-output>
          </reporter-output>
        </test-method> <!-- goToLoginPopUp -->
        <test-method signature="SignUpPopUpQuickRegisterNegativeTest(java.lang.String)[pri:4, instance:testCases.SignUpQuickRegisterTest@53045c6c]" started-at="2022-07-13T11:58:44 AMT" name="SignUpPopUpQuickRegisterNegativeTest" description="Validate on Sign Up Pop Up sign up with valid Email" data-provider="invalidData" finished-at="2022-07-13T11:59:04 AMT" duration-ms="20391" status="FAIL">
          <params>
            <param index="0">
              <value>
                <![CDATA[w10PT@ziwvT@gmail.com]]>
              </value>
            </param>
          </params>
          <exception class="java.lang.AssertionError">
            <message>
              <![CDATA[expected [Invalid email address] but found [There is no ErrorMessage element]]]>
            </message>
            <full-stacktrace>
              <![CDATA[java.lang.AssertionError: expected [Invalid email address] but found [There is no ErrorMessage element]
at org.testng.Assert.fail(Assert.java:110)
at org.testng.Assert.failNotEquals(Assert.java:1413)
at org.testng.Assert.assertEqualsImpl(Assert.java:149)
at org.testng.Assert.assertEquals(Assert.java:131)
at org.testng.Assert.assertEquals(Assert.java:655)
at org.testng.Assert.assertEquals(Assert.java:665)
at testCases.SignUpQuickRegisterTest.SignUpPopUpQuickRegisterNegativeTest(SignUpQuickRegisterTest.java:160)
at java.base/jdk.internal.reflect.NativeMethodAccessorImpl.invoke0(Native Method)
at java.base/jdk.internal.reflect.NativeMethodAccessorImpl.invoke(NativeMethodAccessorImpl.java:77)
at java.base/jdk.internal.reflect.DelegatingMethodAccessorImpl.invoke(DelegatingMethodAccessorImpl.java:43)
at java.base/java.lang.reflect.Method.invoke(Method.java:568)
at org.testng.internal.invokers.MethodInvocationHelper.invokeMethod(MethodInvocationHelper.java:139)
at org.testng.internal.invokers.TestInvoker.invokeMethod(TestInvoker.java:677)
at org.testng.internal.invokers.TestInvoker.invokeTestMethod(TestInvoker.java:221)
at org.testng.internal.invokers.MethodRunner.runInSequence(MethodRunner.java:50)
at org.testng.internal.invokers.TestInvoker$MethodInvocationAgent.invoke(TestInvoker.java:962)
at org.testng.internal.invokers.TestInvoker.invokeTestMethods(TestInvoker.java:194)
at org.testng.internal.invokers.TestMethodWorker.invokeTestMethods(TestMethodWorker.java:148)
at org.testng.internal.invokers.TestMethodWorker.run(TestMethodWorker.java:128)
at java.base/java.util.ArrayList.forEach(ArrayList.java:1511)
at org.testng.TestRunner.privateRun(TestRunner.java:806)
at org.testng.TestRunner.run(TestRunner.java:601)
at org.testng.SuiteRunner.runTest(SuiteRunner.java:433)
at org.testng.SuiteRunner.runSequentially(SuiteRunner.java:427)
at org.testng.SuiteRunner.privateRun(SuiteRunner.java:387)
at org.testng.SuiteRunner.run(SuiteRunner.java:330)
at org.testng.SuiteRunnerWorker.runSuite(SuiteRunnerWorker.java:52)
at org.testng.SuiteRunnerWorker.run(SuiteRunnerWorker.java:95)
at org.testng.TestNG.runSuitesSequentially(TestNG.java:1256)
at org.testng.TestNG.runSuitesLocally(TestNG.java:1176)
at org.testng.TestNG.runSuites(TestNG.java:1099)
at org.testng.TestNG.run(TestNG.java:1067)
at com.intellij.rt.testng.IDEARemoteTestNG.run(IDEARemoteTestNG.java:66)
at com.intellij.rt.testng.RemoteTestNGStarter.main(RemoteTestNGStarter.java:109)
]]>
            </full-stacktrace>
          </exception> <!-- java.lang.AssertionError -->
          <reporter-output>
          </reporter-output>
        </test-method> <!-- SignUpPopUpQuickRegisterNegativeTest -->
        <test-method is-config="true" signature="tearDown()[pri:0, instance:testCases.SignUpQuickRegisterTest@53045c6c]" started-at="2022-07-13T11:59:06 AMT" name="tearDown" finished-at="2022-07-13T11:59:06 AMT" duration-ms="304" status="PASS">
          <reporter-output>
          </reporter-output>
        </test-method> <!-- tearDown -->
        <test-method is-config="true" signature="setup()[pri:0, instance:testCases.SignUpQuickRegisterTest@53045c6c]" started-at="2022-07-13T11:59:06 AMT" name="setup" finished-at="2022-07-13T11:59:10 AMT" duration-ms="3483" status="PASS">
          <reporter-output>
          </reporter-output>
        </test-method> <!-- setup -->
        <test-method is-config="true" signature="goToLoginPopUp()[pri:0, instance:testCases.SignUpQuickRegisterTest@53045c6c]" started-at="2022-07-13T11:59:10 AMT" name="goToLoginPopUp" finished-at="2022-07-13T11:59:10 AMT" duration-ms="663" status="PASS">
          <reporter-output>
          </reporter-output>
        </test-method> <!-- goToLoginPopUp -->
        <test-method signature="SignUpPopUpQuickRegisterNegativeTest(java.lang.String)[pri:4, instance:testCases.SignUpQuickRegisterTest@53045c6c]" started-at="2022-07-13T11:59:10 AMT" name="SignUpPopUpQuickRegisterNegativeTest" description="Validate on Sign Up Pop Up sign up with valid Email" data-provider="invalidData" finished-at="2022-07-13T11:59:31 AMT" duration-ms="20600" status="FAIL">
          <params>
            <param index="0">
              <value>
                <![CDATA[5a\p4@gmail.com]]>
              </value>
            </param>
          </params>
          <exception class="java.lang.AssertionError">
            <message>
              <![CDATA[expected [Invalid email address] but found [There is no ErrorMessage element]]]>
            </message>
            <full-stacktrace>
              <![CDATA[java.lang.AssertionError: expected [Invalid email address] but found [There is no ErrorMessage element]
at org.testng.Assert.fail(Assert.java:110)
at org.testng.Assert.failNotEquals(Assert.java:1413)
at org.testng.Assert.assertEqualsImpl(Assert.java:149)
at org.testng.Assert.assertEquals(Assert.java:131)
at org.testng.Assert.assertEquals(Assert.java:655)
at org.testng.Assert.assertEquals(Assert.java:665)
at testCases.SignUpQuickRegisterTest.SignUpPopUpQuickRegisterNegativeTest(SignUpQuickRegisterTest.java:160)
at java.base/jdk.internal.reflect.NativeMethodAccessorImpl.invoke0(Native Method)
at java.base/jdk.internal.reflect.NativeMethodAccessorImpl.invoke(NativeMethodAccessorImpl.java:77)
at java.base/jdk.internal.reflect.DelegatingMethodAccessorImpl.invoke(DelegatingMethodAccessorImpl.java:43)
at java.base/java.lang.reflect.Method.invoke(Method.java:568)
at org.testng.internal.invokers.MethodInvocationHelper.invokeMethod(MethodInvocationHelper.java:139)
at org.testng.internal.invokers.TestInvoker.invokeMethod(TestInvoker.java:677)
at org.testng.internal.invokers.TestInvoker.invokeTestMethod(TestInvoker.java:221)
at org.testng.internal.invokers.MethodRunner.runInSequence(MethodRunner.java:50)
at org.testng.internal.invokers.TestInvoker$MethodInvocationAgent.invoke(TestInvoker.java:962)
at org.testng.internal.invokers.TestInvoker.invokeTestMethods(TestInvoker.java:194)
at org.testng.internal.invokers.TestMethodWorker.invokeTestMethods(TestMethodWorker.java:148)
at org.testng.internal.invokers.TestMethodWorker.run(TestMethodWorker.java:128)
at java.base/java.util.ArrayList.forEach(ArrayList.java:1511)
at org.testng.TestRunner.privateRun(TestRunner.java:806)
at org.testng.TestRunner.run(TestRunner.java:601)
at org.testng.SuiteRunner.runTest(SuiteRunner.java:433)
at org.testng.SuiteRunner.runSequentially(SuiteRunner.java:427)
at org.testng.SuiteRunner.privateRun(SuiteRunner.java:387)
at org.testng.SuiteRunner.run(SuiteRunner.java:330)
at org.testng.SuiteRunnerWorker.runSuite(SuiteRunnerWorker.java:52)
at org.testng.SuiteRunnerWorker.run(SuiteRunnerWorker.java:95)
at org.testng.TestNG.runSuitesSequentially(TestNG.java:1256)
at org.testng.TestNG.runSuitesLocally(TestNG.java:1176)
at org.testng.TestNG.runSuites(TestNG.java:1099)
at org.testng.TestNG.run(TestNG.java:1067)
at com.intellij.rt.testng.IDEARemoteTestNG.run(IDEARemoteTestNG.java:66)
at com.intellij.rt.testng.RemoteTestNGStarter.main(RemoteTestNGStarter.java:109)
]]>
            </full-stacktrace>
          </exception> <!-- java.lang.AssertionError -->
          <reporter-output>
          </reporter-output>
        </test-method> <!-- SignUpPopUpQuickRegisterNegativeTest -->
        <test-method is-config="true" signature="tearDown()[pri:0, instance:testCases.SignUpQuickRegisterTest@53045c6c]" started-at="2022-07-13T11:59:32 AMT" name="tearDown" finished-at="2022-07-13T11:59:32 AMT" duration-ms="192" status="PASS">
          <reporter-output>
          </reporter-output>
        </test-method> <!-- tearDown -->
        <test-method is-config="true" signature="setup()[pri:0, instance:testCases.SignUpQuickRegisterTest@53045c6c]" started-at="2022-07-13T11:59:32 AMT" name="setup" finished-at="2022-07-13T11:59:37 AMT" duration-ms="4723" status="PASS">
          <reporter-output>
          </reporter-output>
        </test-method> <!-- setup -->
        <test-method is-config="true" signature="goToLoginPopUp()[pri:0, instance:testCases.SignUpQuickRegisterTest@53045c6c]" started-at="2022-07-13T11:59:37 AMT" name="goToLoginPopUp" finished-at="2022-07-13T11:59:38 AMT" duration-ms="562" status="PASS">
          <reporter-output>
          </reporter-output>
        </test-method> <!-- goToLoginPopUp -->
        <test-method signature="SignUpPopUpQuickRegisterNegativeTest(java.lang.String)[pri:4, instance:testCases.SignUpQuickRegisterTest@53045c6c]" started-at="2022-07-13T11:59:38 AMT" name="SignUpPopUpQuickRegisterNegativeTest" description="Validate on Sign Up Pop Up sign up with valid Email" data-provider="invalidData" finished-at="2022-07-13T11:59:58 AMT" duration-ms="20451" status="FAIL">
          <params>
            <param index="0">
              <value>
                <![CDATA[8b"U2@gmail.com]]>
              </value>
            </param>
          </params>
          <exception class="java.lang.AssertionError">
            <message>
              <![CDATA[expected [Invalid email address] but found [There is no ErrorMessage element]]]>
            </message>
            <full-stacktrace>
              <![CDATA[java.lang.AssertionError: expected [Invalid email address] but found [There is no ErrorMessage element]
at org.testng.Assert.fail(Assert.java:110)
at org.testng.Assert.failNotEquals(Assert.java:1413)
at org.testng.Assert.assertEqualsImpl(Assert.java:149)
at org.testng.Assert.assertEquals(Assert.java:131)
at org.testng.Assert.assertEquals(Assert.java:655)
at org.testng.Assert.assertEquals(Assert.java:665)
at testCases.SignUpQuickRegisterTest.SignUpPopUpQuickRegisterNegativeTest(SignUpQuickRegisterTest.java:160)
at java.base/jdk.internal.reflect.NativeMethodAccessorImpl.invoke0(Native Method)
at java.base/jdk.internal.reflect.NativeMethodAccessorImpl.invoke(NativeMethodAccessorImpl.java:77)
at java.base/jdk.internal.reflect.DelegatingMethodAccessorImpl.invoke(DelegatingMethodAccessorImpl.java:43)
at java.base/java.lang.reflect.Method.invoke(Method.java:568)
at org.testng.internal.invokers.MethodInvocationHelper.invokeMethod(MethodInvocationHelper.java:139)
at org.testng.internal.invokers.TestInvoker.invokeMethod(TestInvoker.java:677)
at org.testng.internal.invokers.TestInvoker.invokeTestMethod(TestInvoker.java:221)
at org.testng.internal.invokers.MethodRunner.runInSequence(MethodRunner.java:50)
at org.testng.internal.invokers.TestInvoker$MethodInvocationAgent.invoke(TestInvoker.java:962)
at org.testng.internal.invokers.TestInvoker.invokeTestMethods(TestInvoker.java:194)
at org.testng.internal.invokers.TestMethodWorker.invokeTestMethods(TestMethodWorker.java:148)
at org.testng.internal.invokers.TestMethodWorker.run(TestMethodWorker.java:128)
at java.base/java.util.ArrayList.forEach(ArrayList.java:1511)
at org.testng.TestRunner.privateRun(TestRunner.java:806)
at org.testng.TestRunner.run(TestRunner.java:601)
at org.testng.SuiteRunner.runTest(SuiteRunner.java:433)
at org.testng.SuiteRunner.runSequentially(SuiteRunner.java:427)
at org.testng.SuiteRunner.privateRun(SuiteRunner.java:387)
at org.testng.SuiteRunner.run(SuiteRunner.java:330)
at org.testng.SuiteRunnerWorker.runSuite(SuiteRunnerWorker.java:52)
at org.testng.SuiteRunnerWorker.run(SuiteRunnerWorker.java:95)
at org.testng.TestNG.runSuitesSequentially(TestNG.java:1256)
at org.testng.TestNG.runSuitesLocally(TestNG.java:1176)
at org.testng.TestNG.runSuites(TestNG.java:1099)
at org.testng.TestNG.run(TestNG.java:1067)
at com.intellij.rt.testng.IDEARemoteTestNG.run(IDEARemoteTestNG.java:66)
at com.intellij.rt.testng.RemoteTestNGStarter.main(RemoteTestNGStarter.java:109)
]]>
            </full-stacktrace>
          </exception> <!-- java.lang.AssertionError -->
          <reporter-output>
          </reporter-output>
        </test-method> <!-- SignUpPopUpQuickRegisterNegativeTest -->
        <test-method is-config="true" signature="tearDown()[pri:0, instance:testCases.SignUpQuickRegisterTest@53045c6c]" started-at="2022-07-13T12:00:00 AMT" name="tearDown" finished-at="2022-07-13T12:00:00 AMT" duration-ms="300" status="PASS">
          <reporter-output>
          </reporter-output>
        </test-method> <!-- tearDown -->
        <test-method is-config="true" signature="setup()[pri:0, instance:testCases.SignUpQuickRegisterTest@53045c6c]" started-at="2022-07-13T12:00:00 AMT" name="setup" finished-at="2022-07-13T12:00:04 AMT" duration-ms="3981" status="PASS">
          <reporter-output>
          </reporter-output>
        </test-method> <!-- setup -->
        <test-method is-config="true" signature="goToLoginPopUp()[pri:0, instance:testCases.SignUpQuickRegisterTest@53045c6c]" started-at="2022-07-13T12:00:04 AMT" name="goToLoginPopUp" finished-at="2022-07-13T12:00:05 AMT" duration-ms="716" status="PASS">
          <reporter-output>
          </reporter-output>
        </test-method> <!-- goToLoginPopUp -->
        <test-method signature="SignUpPopUpQuickRegisterNegativeTest(java.lang.String)[pri:4, instance:testCases.SignUpQuickRegisterTest@53045c6c]" started-at="2022-07-13T12:00:05 AMT" name="SignUpPopUpQuickRegisterNegativeTest" description="Validate on Sign Up Pop Up sign up with valid Email" data-provider="invalidData" finished-at="2022-07-13T12:00:25 AMT" duration-ms="20353" status="FAIL">
          <params>
            <param index="0">
              <value>
                <![CDATA[Yi 0K@gmail.com]]>
              </value>
            </param>
          </params>
          <exception class="java.lang.AssertionError">
            <message>
              <![CDATA[expected [Invalid email address] but found [There is no ErrorMessage element]]]>
            </message>
            <full-stacktrace>
              <![CDATA[java.lang.AssertionError: expected [Invalid email address] but found [There is no ErrorMessage element]
at org.testng.Assert.fail(Assert.java:110)
at org.testng.Assert.failNotEquals(Assert.java:1413)
at org.testng.Assert.assertEqualsImpl(Assert.java:149)
at org.testng.Assert.assertEquals(Assert.java:131)
at org.testng.Assert.assertEquals(Assert.java:655)
at org.testng.Assert.assertEquals(Assert.java:665)
at testCases.SignUpQuickRegisterTest.SignUpPopUpQuickRegisterNegativeTest(SignUpQuickRegisterTest.java:160)
at java.base/jdk.internal.reflect.NativeMethodAccessorImpl.invoke0(Native Method)
at java.base/jdk.internal.reflect.NativeMethodAccessorImpl.invoke(NativeMethodAccessorImpl.java:77)
at java.base/jdk.internal.reflect.DelegatingMethodAccessorImpl.invoke(DelegatingMethodAccessorImpl.java:43)
at java.base/java.lang.reflect.Method.invoke(Method.java:568)
at org.testng.internal.invokers.MethodInvocationHelper.invokeMethod(MethodInvocationHelper.java:139)
at org.testng.internal.invokers.TestInvoker.invokeMethod(TestInvoker.java:677)
at org.testng.internal.invokers.TestInvoker.invokeTestMethod(TestInvoker.java:221)
at org.testng.internal.invokers.MethodRunner.runInSequence(MethodRunner.java:50)
at org.testng.internal.invokers.TestInvoker$MethodInvocationAgent.invoke(TestInvoker.java:962)
at org.testng.internal.invokers.TestInvoker.invokeTestMethods(TestInvoker.java:194)
at org.testng.internal.invokers.TestMethodWorker.invokeTestMethods(TestMethodWorker.java:148)
at org.testng.internal.invokers.TestMethodWorker.run(TestMethodWorker.java:128)
at java.base/java.util.ArrayList.forEach(ArrayList.java:1511)
at org.testng.TestRunner.privateRun(TestRunner.java:806)
at org.testng.TestRunner.run(TestRunner.java:601)
at org.testng.SuiteRunner.runTest(SuiteRunner.java:433)
at org.testng.SuiteRunner.runSequentially(SuiteRunner.java:427)
at org.testng.SuiteRunner.privateRun(SuiteRunner.java:387)
at org.testng.SuiteRunner.run(SuiteRunner.java:330)
at org.testng.SuiteRunnerWorker.runSuite(SuiteRunnerWorker.java:52)
at org.testng.SuiteRunnerWorker.run(SuiteRunnerWorker.java:95)
at org.testng.TestNG.runSuitesSequentially(TestNG.java:1256)
at org.testng.TestNG.runSuitesLocally(TestNG.java:1176)
at org.testng.TestNG.runSuites(TestNG.java:1099)
at org.testng.TestNG.run(TestNG.java:1067)
at com.intellij.rt.testng.IDEARemoteTestNG.run(IDEARemoteTestNG.java:66)
at com.intellij.rt.testng.RemoteTestNGStarter.main(RemoteTestNGStarter.java:109)
]]>
            </full-stacktrace>
          </exception> <!-- java.lang.AssertionError -->
          <reporter-output>
          </reporter-output>
        </test-method> <!-- SignUpPopUpQuickRegisterNegativeTest -->
        <test-method is-config="true" signature="tearDown()[pri:0, instance:testCases.SignUpQuickRegisterTest@53045c6c]" started-at="2022-07-13T12:00:27 AMT" name="tearDown" finished-at="2022-07-13T12:00:27 AMT" duration-ms="352" status="PASS">
          <reporter-output>
          </reporter-output>
        </test-method> <!-- tearDown -->
        <test-method is-config="true" signature="setup()[pri:0, instance:testCases.SignUpQuickRegisterTest@53045c6c]" started-at="2022-07-13T12:00:27 AMT" name="setup" finished-at="2022-07-13T12:00:31 AMT" duration-ms="4305" status="PASS">
          <reporter-output>
          </reporter-output>
        </test-method> <!-- setup -->
        <test-method is-config="true" signature="goToLoginPopUp()[pri:0, instance:testCases.SignUpQuickRegisterTest@53045c6c]" started-at="2022-07-13T12:00:31 AMT" name="goToLoginPopUp" finished-at="2022-07-13T12:00:32 AMT" duration-ms="526" status="PASS">
          <reporter-output>
          </reporter-output>
        </test-method> <!-- goToLoginPopUp -->
        <test-method signature="SignUpPopUpQuickRegisterNegativeTest(java.lang.String)[pri:4, instance:testCases.SignUpQuickRegisterTest@53045c6c]" started-at="2022-07-13T12:00:32 AMT" name="SignUpPopUpQuickRegisterNegativeTest" description="Validate on Sign Up Pop Up sign up with valid Email" data-provider="invalidData" finished-at="2022-07-13T12:01:04 AMT" duration-ms="31998" status="FAIL">
          <params>
            <param index="0">
              <value>
                <![CDATA[g4_wU@gmail.com]]>
              </value>
            </param>
          </params>
          <exception class="java.lang.AssertionError">
            <message>
              <![CDATA[expected [Invalid email address] but found [There is no ErrorMessage element]]]>
            </message>
            <full-stacktrace>
              <![CDATA[java.lang.AssertionError: expected [Invalid email address] but found [There is no ErrorMessage element]
at org.testng.Assert.fail(Assert.java:110)
at org.testng.Assert.failNotEquals(Assert.java:1413)
at org.testng.Assert.assertEqualsImpl(Assert.java:149)
at org.testng.Assert.assertEquals(Assert.java:131)
at org.testng.Assert.assertEquals(Assert.java:655)
at org.testng.Assert.assertEquals(Assert.java:665)
at testCases.SignUpQuickRegisterTest.SignUpPopUpQuickRegisterNegativeTest(SignUpQuickRegisterTest.java:160)
at java.base/jdk.internal.reflect.NativeMethodAccessorImpl.invoke0(Native Method)
at java.base/jdk.internal.reflect.NativeMethodAccessorImpl.invoke(NativeMethodAccessorImpl.java:77)
at java.base/jdk.internal.reflect.DelegatingMethodAccessorImpl.invoke(DelegatingMethodAccessorImpl.java:43)
at java.base/java.lang.reflect.Method.invoke(Method.java:568)
at org.testng.internal.invokers.MethodInvocationHelper.invokeMethod(MethodInvocationHelper.java:139)
at org.testng.internal.invokers.TestInvoker.invokeMethod(TestInvoker.java:677)
at org.testng.internal.invokers.TestInvoker.invokeTestMethod(TestInvoker.java:221)
at org.testng.internal.invokers.MethodRunner.runInSequence(MethodRunner.java:50)
at org.testng.internal.invokers.TestInvoker$MethodInvocationAgent.invoke(TestInvoker.java:962)
at org.testng.internal.invokers.TestInvoker.invokeTestMethods(TestInvoker.java:194)
at org.testng.internal.invokers.TestMethodWorker.invokeTestMethods(TestMethodWorker.java:148)
at org.testng.internal.invokers.TestMethodWorker.run(TestMethodWorker.java:128)
at java.base/java.util.ArrayList.forEach(ArrayList.java:1511)
at org.testng.TestRunner.privateRun(TestRunner.java:806)
at org.testng.TestRunner.run(TestRunner.java:601)
at org.testng.SuiteRunner.runTest(SuiteRunner.java:433)
at org.testng.SuiteRunner.runSequentially(SuiteRunner.java:427)
at org.testng.SuiteRunner.privateRun(SuiteRunner.java:387)
at org.testng.SuiteRunner.run(SuiteRunner.java:330)
at org.testng.SuiteRunnerWorker.runSuite(SuiteRunnerWorker.java:52)
at org.testng.SuiteRunnerWorker.run(SuiteRunnerWorker.java:95)
at org.testng.TestNG.runSuitesSequentially(TestNG.java:1256)
at org.testng.TestNG.runSuitesLocally(TestNG.java:1176)
at org.testng.TestNG.runSuites(TestNG.java:1099)
at org.testng.TestNG.run(TestNG.java:1067)
at com.intellij.rt.testng.IDEARemoteTestNG.run(IDEARemoteTestNG.java:66)
at com.intellij.rt.testng.RemoteTestNGStarter.main(RemoteTestNGStarter.java:109)
]]>
            </full-stacktrace>
          </exception> <!-- java.lang.AssertionError -->
          <reporter-output>
          </reporter-output>
        </test-method> <!-- SignUpPopUpQuickRegisterNegativeTest -->
        <test-method is-config="true" signature="tearDown()[pri:0, instance:testCases.SignUpQuickRegisterTest@53045c6c]" started-at="2022-07-13T12:01:06 AMT" name="tearDown" finished-at="2022-07-13T12:01:07 AMT" duration-ms="466" status="PASS">
          <reporter-output>
          </reporter-output>
        </test-method> <!-- tearDown -->
        <test-method is-config="true" signature="setup()[pri:0, instance:testCases.SignUpQuickRegisterTest@53045c6c]" started-at="2022-07-13T12:01:07 AMT" name="setup" finished-at="2022-07-13T12:01:29 AMT" duration-ms="22521" status="FAIL">
          <exception class="org.openqa.selenium.TimeoutException">
            <message>
              <![CDATA[Expected condition failed: waiting for visibility of Proxy element for: DefaultElementLocator 'By.xpath: //*[@class = 'dropdown-style1-type-Dpd']' (tried for 5 second(s) with 500 milliseconds interval)]]>
            </message>
            <full-stacktrace>
              <![CDATA[org.openqa.selenium.TimeoutException: Expected condition failed: waiting for visibility of Proxy element for: DefaultElementLocator 'By.xpath: //*[@class = 'dropdown-style1-type-Dpd']' (tried for 5 second(s) with 500 milliseconds interval)
at org.openqa.selenium.support.ui.WebDriverWait.timeoutException(WebDriverWait.java:87)
at org.openqa.selenium.support.ui.FluentWait.until(FluentWait.java:231)
at pageObjects.BasePage.waitElementToBeVisible(BasePage.java:73)
at pageObjects.BasePage.clickOnElementIfVisible(BasePage.java:84)
at pageObjects.CraftBet_Header_Page.selectEnglishLanguageFromDropDown(CraftBet_Header_Page.java:90)
at testCases.BaseTest.setup(BaseTest.java:69)
at jdk.internal.reflect.GeneratedMethodAccessor37.invoke(Unknown Source)
at java.base/jdk.internal.reflect.DelegatingMethodAccessorImpl.invoke(DelegatingMethodAccessorImpl.java:43)
at java.base/java.lang.reflect.Method.invoke(Method.java:568)
at org.testng.internal.invokers.MethodInvocationHelper.invokeMethod(MethodInvocationHelper.java:139)
at org.testng.internal.invokers.MethodInvocationHelper.invokeMethodConsideringTimeout(MethodInvocationHelper.java:69)
at org.testng.internal.invokers.ConfigInvoker.invokeConfigurationMethod(ConfigInvoker.java:361)
at org.testng.internal.invokers.ConfigInvoker.invokeConfigurations(ConfigInvoker.java:296)
at org.testng.internal.invokers.TestInvoker.runConfigMethods(TestInvoker.java:816)
at org.testng.internal.invokers.TestInvoker.invokeMethod(TestInvoker.java:590)
at org.testng.internal.invokers.TestInvoker.invokeTestMethod(TestInvoker.java:221)
at org.testng.internal.invokers.MethodRunner.runInSequence(MethodRunner.java:50)
at org.testng.internal.invokers.TestInvoker$MethodInvocationAgent.invoke(TestInvoker.java:962)
at org.testng.internal.invokers.TestInvoker.invokeTestMethods(TestInvoker.java:194)
at org.testng.internal.invokers.TestMethodWorker.invokeTestMethods(TestMethodWorker.java:148)
at org.testng.internal.invokers.TestMethodWorker.run(TestMethodWorker.java:128)
at java.base/java.util.ArrayList.forEach(ArrayList.java:1511)
at org.testng.TestRunner.privateRun(TestRunner.java:806)
at org.testng.TestRunner.run(TestRunner.java:601)
at org.testng.SuiteRunner.runTest(SuiteRunner.java:433)
at org.testng.SuiteRunner.runSequentially(SuiteRunner.java:427)
at org.testng.SuiteRunner.privateRun(SuiteRunner.java:387)
at org.testng.SuiteRunner.run(SuiteRunner.java:330)
at org.testng.SuiteRunnerWorker.runSuite(SuiteRunnerWorker.java:52)
at org.testng.SuiteRunnerWorker.run(SuiteRunnerWorker.java:95)
at org.testng.TestNG.runSuitesSequentially(TestNG.java:1256)
at org.testng.TestNG.runSuitesLocally(TestNG.java:1176)
at org.testng.TestNG.runSuites(TestNG.java:1099)
at org.testng.TestNG.run(TestNG.java:1067)
at com.intellij.rt.testng.IDEARemoteTestNG.run(IDEARemoteTestNG.java:66)
at com.intellij.rt.testng.RemoteTestNGStarter.main(RemoteTestNGStarter.java:109)
Caused by: org.openqa.selenium.NoSuchElementException: no such element: Unable to locate element: {"method":"xpath","selector":"//*[@class = 'dropdown-style1-type-Dpd']"}
  (Session info: chrome=103.0.5060.114)
For documentation on this error, please visit: https://selenium.dev/exceptions/#no_such_element
Build info: version: '4.2.1', revision: 'ac4d0fdd4a'
System info: host: 'DESKTOP-PO3T4V3', ip: '10.50.17.113', os.name: 'Windows 10', os.arch: 'amd64', os.version: '10.0', java.version: '17.0.2'
Driver info: org.openqa.selenium.chrome.ChromeDriver
Command: [09b2c932ef0a1eb196a94d127e86a9fc, findElement {using=xpath, value=//*[@class = 'dropdown-style1-type-Dpd']}]
Capabilities {acceptInsecureCerts: false, browserName: chrome, browserVersion: 103.0.5060.114, chrome: {chromedriverVersion: 103.0.5060.53 (a1711811edd7..., userDataDir: C:\Users\NERSES~1\AppData\L...}, goog:chromeOptions: {debuggerAddress: localhost:51749}, networkConnectionEnabled: false, pageLoadStrategy: normal, platformName: WINDOWS, proxy: Proxy(), se:cdp: ws://localhost:51749/devtoo..., se:cdpVersion: 103.0.5060.114, setWindowRect: true, strictFileInteractability: false, timeouts: {implicit: 0, pageLoad: 300000, script: 30000}, unhandledPromptBehavior: dismiss and notify, webauthn:extension:credBlob: true, webauthn:extension:largeBlob: true, webauthn:virtualAuthenticators: true}
Session ID: 09b2c932ef0a1eb196a94d127e86a9fc
at jdk.internal.reflect.GeneratedConstructorAccessor56.newInstance(Unknown Source)
at java.base/jdk.internal.reflect.DelegatingConstructorAccessorImpl.newInstance(DelegatingConstructorAccessorImpl.java:45)
at java.base/java.lang.reflect.Constructor.newInstanceWithCaller(Constructor.java:499)
at java.base/java.lang.reflect.Constructor.newInstance(Constructor.java:480)
at org.openqa.selenium.remote.codec.w3c.W3CHttpResponseCodec.createException(W3CHttpResponseCodec.java:200)
at org.openqa.selenium.remote.codec.w3c.W3CHttpResponseCodec.decode(W3CHttpResponseCodec.java:133)
at org.openqa.selenium.remote.codec.w3c.W3CHttpResponseCodec.decode(W3CHttpResponseCodec.java:53)
at org.openqa.selenium.remote.HttpCommandExecutor.execute(HttpCommandExecutor.java:184)
at org.openqa.selenium.remote.service.DriverCommandExecutor.invokeExecute(DriverCommandExecutor.java:167)
at org.openqa.selenium.remote.service.DriverCommandExecutor.execute(DriverCommandExecutor.java:142)
at org.openqa.selenium.remote.RemoteWebDriver.execute(RemoteWebDriver.java:551)
at org.openqa.selenium.remote.ElementLocation$ElementFinder$2.findElement(ElementLocation.java:162)
at org.openqa.selenium.remote.ElementLocation.findElement(ElementLocation.java:60)
at org.openqa.selenium.remote.RemoteWebDriver.findElement(RemoteWebDriver.java:369)
at org.openqa.selenium.remote.RemoteWebDriver.findElement(RemoteWebDriver.java:361)
at org.openqa.selenium.support.pagefactory.DefaultElementLocator.findElement(DefaultElementLocator.java:70)
at org.openqa.selenium.support.pagefactory.internal.LocatingElementHandler.invoke(LocatingElementHandler.java:39)
at jdk.proxy2/jdk.proxy2.$Proxy21.isDisplayed(Unknown Source)
at org.openqa.selenium.support.ui.ExpectedConditions.elementIfVisible(ExpectedConditions.java:307)
at org.openqa.selenium.support.ui.ExpectedConditions.access$000(ExpectedConditions.java:40)
at org.openqa.selenium.support.ui.ExpectedConditions$10.apply(ExpectedConditions.java:293)
at org.openqa.selenium.support.ui.ExpectedConditions$10.apply(ExpectedConditions.java:290)
at org.openqa.selenium.support.ui.FluentWait.until(FluentWait.java:208)
... 34 more
]]>
            </full-stacktrace>
          </exception> <!-- org.openqa.selenium.TimeoutException -->
          <reporter-output>
          </reporter-output>
        </test-method> <!-- setup -->
        <test-method is-config="true" signature="goToLoginPopUp()[pri:0, instance:testCases.SignUpQuickRegisterTest@53045c6c]" started-at="2022-07-13T12:01:29 AMT" name="goToLoginPopUp" finished-at="2022-07-13T12:01:29 AMT" duration-ms="0" status="SKIP">
          <reporter-output>
          </reporter-output>
        </test-method> <!-- goToLoginPopUp -->
        <test-method signature="SignUpPopUpQuickRegisterPositiveTest()[pri:4, instance:testCases.SignUpQuickRegisterTest@53045c6c]" started-at="2022-07-13T12:01:29 AMT" name="SignUpPopUpQuickRegisterPositiveTest" description="Validate on Sign Up Pop Up sign up with valid Email" finished-at="2022-07-13T12:01:29 AMT" duration-ms="0" status="SKIP">
          <exception class="org.openqa.selenium.TimeoutException">
            <message>
              <![CDATA[Expected condition failed: waiting for visibility of Proxy element for: DefaultElementLocator 'By.xpath: //*[@class = 'dropdown-style1-type-Dpd']' (tried for 5 second(s) with 500 milliseconds interval)]]>
            </message>
            <full-stacktrace>
              <![CDATA[org.openqa.selenium.TimeoutException: Expected condition failed: waiting for visibility of Proxy element for: DefaultElementLocator 'By.xpath: //*[@class = 'dropdown-style1-type-Dpd']' (tried for 5 second(s) with 500 milliseconds interval)
at org.openqa.selenium.support.ui.WebDriverWait.timeoutException(WebDriverWait.java:87)
at org.openqa.selenium.support.ui.FluentWait.until(FluentWait.java:231)
at pageObjects.BasePage.waitElementToBeVisible(BasePage.java:73)
at pageObjects.BasePage.clickOnElementIfVisible(BasePage.java:84)
at pageObjects.CraftBet_Header_Page.selectEnglishLanguageFromDropDown(CraftBet_Header_Page.java:90)
at testCases.BaseTest.setup(BaseTest.java:69)
at jdk.internal.reflect.GeneratedMethodAccessor37.invoke(Unknown Source)
at java.base/jdk.internal.reflect.DelegatingMethodAccessorImpl.invoke(DelegatingMethodAccessorImpl.java:43)
at java.base/java.lang.reflect.Method.invoke(Method.java:568)
at org.testng.internal.invokers.MethodInvocationHelper.invokeMethod(MethodInvocationHelper.java:139)
at org.testng.internal.invokers.MethodInvocationHelper.invokeMethodConsideringTimeout(MethodInvocationHelper.java:69)
at org.testng.internal.invokers.ConfigInvoker.invokeConfigurationMethod(ConfigInvoker.java:361)
at org.testng.internal.invokers.ConfigInvoker.invokeConfigurations(ConfigInvoker.java:296)
at org.testng.internal.invokers.TestInvoker.runConfigMethods(TestInvoker.java:816)
at org.testng.internal.invokers.TestInvoker.invokeMethod(TestInvoker.java:590)
at org.testng.internal.invokers.TestInvoker.invokeTestMethod(TestInvoker.java:221)
at org.testng.internal.invokers.MethodRunner.runInSequence(MethodRunner.java:50)
at org.testng.internal.invokers.TestInvoker$MethodInvocationAgent.invoke(TestInvoker.java:962)
at org.testng.internal.invokers.TestInvoker.invokeTestMethods(TestInvoker.java:194)
at org.testng.internal.invokers.TestMethodWorker.invokeTestMethods(TestMethodWorker.java:148)
at org.testng.internal.invokers.TestMethodWorker.run(TestMethodWorker.java:128)
at java.base/java.util.ArrayList.forEach(ArrayList.java:1511)
at org.testng.TestRunner.privateRun(TestRunner.java:806)
at org.testng.TestRunner.run(TestRunner.java:601)
at org.testng.SuiteRunner.runTest(SuiteRunner.java:433)
at org.testng.SuiteRunner.runSequentially(SuiteRunner.java:427)
at org.testng.SuiteRunner.privateRun(SuiteRunner.java:387)
at org.testng.SuiteRunner.run(SuiteRunner.java:330)
at org.testng.SuiteRunnerWorker.runSuite(SuiteRunnerWorker.java:52)
at org.testng.SuiteRunnerWorker.run(SuiteRunnerWorker.java:95)
at org.testng.TestNG.runSuitesSequentially(TestNG.java:1256)
at org.testng.TestNG.runSuitesLocally(TestNG.java:1176)
at org.testng.TestNG.runSuites(TestNG.java:1099)
at org.testng.TestNG.run(TestNG.java:1067)
at com.intellij.rt.testng.IDEARemoteTestNG.run(IDEARemoteTestNG.java:66)
at com.intellij.rt.testng.RemoteTestNGStarter.main(RemoteTestNGStarter.java:109)
Caused by: org.openqa.selenium.NoSuchElementException: no such element: Unable to locate element: {"method":"xpath","selector":"//*[@class = 'dropdown-style1-type-Dpd']"}
  (Session info: chrome=103.0.5060.114)
For documentation on this error, please visit: https://selenium.dev/exceptions/#no_such_element
Build info: version: '4.2.1', revision: 'ac4d0fdd4a'
System info: host: 'DESKTOP-PO3T4V3', ip: '10.50.17.113', os.name: 'Windows 10', os.arch: 'amd64', os.version: '10.0', java.version: '17.0.2'
Driver info: org.openqa.selenium.chrome.ChromeDriver
Command: [09b2c932ef0a1eb196a94d127e86a9fc, findElement {using=xpath, value=//*[@class = 'dropdown-style1-type-Dpd']}]
Capabilities {acceptInsecureCerts: false, browserName: chrome, browserVersion: 103.0.5060.114, chrome: {chromedriverVersion: 103.0.5060.53 (a1711811edd7..., userDataDir: C:\Users\NERSES~1\AppData\L...}, goog:chromeOptions: {debuggerAddress: localhost:51749}, networkConnectionEnabled: false, pageLoadStrategy: normal, platformName: WINDOWS, proxy: Proxy(), se:cdp: ws://localhost:51749/devtoo..., se:cdpVersion: 103.0.5060.114, setWindowRect: true, strictFileInteractability: false, timeouts: {implicit: 0, pageLoad: 300000, script: 30000}, unhandledPromptBehavior: dismiss and notify, webauthn:extension:credBlob: true, webauthn:extension:largeBlob: true, webauthn:virtualAuthenticators: true}
Session ID: 09b2c932ef0a1eb196a94d127e86a9fc
at jdk.internal.reflect.GeneratedConstructorAccessor56.newInstance(Unknown Source)
at java.base/jdk.internal.reflect.DelegatingConstructorAccessorImpl.newInstance(DelegatingConstructorAccessorImpl.java:45)
at java.base/java.lang.reflect.Constructor.newInstanceWithCaller(Constructor.java:499)
at java.base/java.lang.reflect.Constructor.newInstance(Constructor.java:480)
at org.openqa.selenium.remote.codec.w3c.W3CHttpResponseCodec.createException(W3CHttpResponseCodec.java:200)
at org.openqa.selenium.remote.codec.w3c.W3CHttpResponseCodec.decode(W3CHttpResponseCodec.java:133)
at org.openqa.selenium.remote.codec.w3c.W3CHttpResponseCodec.decode(W3CHttpResponseCodec.java:53)
at org.openqa.selenium.remote.HttpCommandExecutor.execute(HttpCommandExecutor.java:184)
at org.openqa.selenium.remote.service.DriverCommandExecutor.invokeExecute(DriverCommandExecutor.java:167)
at org.openqa.selenium.remote.service.DriverCommandExecutor.execute(DriverCommandExecutor.java:142)
at org.openqa.selenium.remote.RemoteWebDriver.execute(RemoteWebDriver.java:551)
at org.openqa.selenium.remote.ElementLocation$ElementFinder$2.findElement(ElementLocation.java:162)
at org.openqa.selenium.remote.ElementLocation.findElement(ElementLocation.java:60)
at org.openqa.selenium.remote.RemoteWebDriver.findElement(RemoteWebDriver.java:369)
at org.openqa.selenium.remote.RemoteWebDriver.findElement(RemoteWebDriver.java:361)
at org.openqa.selenium.support.pagefactory.DefaultElementLocator.findElement(DefaultElementLocator.java:70)
at org.openqa.selenium.support.pagefactory.internal.LocatingElementHandler.invoke(LocatingElementHandler.java:39)
at jdk.proxy2/jdk.proxy2.$Proxy21.isDisplayed(Unknown Source)
at org.openqa.selenium.support.ui.ExpectedConditions.elementIfVisible(ExpectedConditions.java:307)
at org.openqa.selenium.support.ui.ExpectedConditions.access$000(ExpectedConditions.java:40)
at org.openqa.selenium.support.ui.ExpectedConditions$10.apply(ExpectedConditions.java:293)
at org.openqa.selenium.support.ui.ExpectedConditions$10.apply(ExpectedConditions.java:290)
at org.openqa.selenium.support.ui.FluentWait.until(FluentWait.java:208)
... 34 more
]]>
            </full-stacktrace>
          </exception> <!-- org.openqa.selenium.TimeoutException -->
          <reporter-output>
          </reporter-output>
        </test-method> <!-- SignUpPopUpQuickRegisterPositiveTest -->
        <test-method is-config="true" signature="tearDown()[pri:0, instance:testCases.SignUpQuickRegisterTest@53045c6c]" started-at="2022-07-13T12:01:29 AMT" name="tearDown" finished-at="2022-07-13T12:01:29 AMT" duration-ms="0" status="SKIP">
          <reporter-output>
          </reporter-output>
        </test-method> <!-- tearDown -->
      </class> <!-- testCases.SignUpQuickRegisterTest -->
      <class name="testCases.PasswordRecoveryTest">
        <test-method is-config="true" signature="setup()[pri:0, instance:testCases.PasswordRecoveryTest@795509d9]" started-at="2022-07-13T11:56:58 AMT" name="setup" finished-at="2022-07-13T11:57:02 AMT" duration-ms="3689" status="PASS">
          <reporter-output>
          </reporter-output>
        </test-method> <!-- setup -->
        <test-method is-config="true" signature="goToLoginPopUp()[pri:0, instance:testCases.PasswordRecoveryTest@795509d9]" started-at="2022-07-13T11:57:02 AMT" name="goToLoginPopUp" finished-at="2022-07-13T11:57:02 AMT" duration-ms="758" status="PASS">
          <reporter-output>
          </reporter-output>
        </test-method> <!-- goToLoginPopUp -->
        <test-method signature="RecoveryPopUpLabelsPresenceVerification_Test()[pri:1, instance:testCases.PasswordRecoveryTest@795509d9]" started-at="2022-07-13T11:57:02 AMT" name="RecoveryPopUpLabelsPresenceVerification_Test" description="Validate on Password Recovery PopUp Title, Email/mobile or username input Label, Info Message, Help message, Text on Send Me Recovery Button" finished-at="2022-07-13T11:57:03 AMT" duration-ms="217" status="PASS">
          <reporter-output>
          </reporter-output>
        </test-method> <!-- RecoveryPopUpLabelsPresenceVerification_Test -->
        <test-method is-config="true" signature="tearDown()[pri:0, instance:testCases.PasswordRecoveryTest@795509d9]" started-at="2022-07-13T11:57:03 AMT" name="tearDown" finished-at="2022-07-13T11:57:03 AMT" duration-ms="315" status="PASS">
          <reporter-output>
          </reporter-output>
        </test-method> <!-- tearDown -->
        <test-method is-config="true" signature="setup()[pri:0, instance:testCases.PasswordRecoveryTest@795509d9]" started-at="2022-07-13T11:57:03 AMT" name="setup" finished-at="2022-07-13T11:57:08 AMT" duration-ms="4871" status="PASS">
          <reporter-output>
          </reporter-output>
        </test-method> <!-- setup -->
        <test-method is-config="true" signature="goToLoginPopUp()[pri:0, instance:testCases.PasswordRecoveryTest@795509d9]" started-at="2022-07-13T11:57:08 AMT" name="goToLoginPopUp" finished-at="2022-07-13T11:57:09 AMT" duration-ms="961" status="PASS">
          <reporter-output>
          </reporter-output>
        </test-method> <!-- goToLoginPopUp -->
        <test-method signature="RecoveryPopUpLogoPresenceVerification_Test()[pri:2, instance:testCases.PasswordRecoveryTest@795509d9]" started-at="2022-07-13T11:57:09 AMT" name="RecoveryPopUpLogoPresenceVerification_Test" description="Validate on Password Recovery Pop Up Logo Presence" finished-at="2022-07-13T11:57:09 AMT" duration-ms="23" status="PASS">
          <reporter-output>
          </reporter-output>
        </test-method> <!-- RecoveryPopUpLogoPresenceVerification_Test -->
        <test-method is-config="true" signature="tearDown()[pri:0, instance:testCases.PasswordRecoveryTest@795509d9]" started-at="2022-07-13T11:57:09 AMT" name="tearDown" finished-at="2022-07-13T11:57:09 AMT" duration-ms="190" status="PASS">
          <reporter-output>
          </reporter-output>
        </test-method> <!-- tearDown -->
        <test-method is-config="true" signature="setup()[pri:0, instance:testCases.PasswordRecoveryTest@795509d9]" started-at="2022-07-13T11:57:09 AMT" name="setup" finished-at="2022-07-13T11:57:14 AMT" duration-ms="4744" status="PASS">
          <reporter-output>
          </reporter-output>
        </test-method> <!-- setup -->
        <test-method is-config="true" signature="goToLoginPopUp()[pri:0, instance:testCases.PasswordRecoveryTest@795509d9]" started-at="2022-07-13T11:57:14 AMT" name="goToLoginPopUp" finished-at="2022-07-13T11:57:15 AMT" duration-ms="951" status="PASS">
          <reporter-output>
          </reporter-output>
        </test-method> <!-- goToLoginPopUp -->
        <test-method signature="RecoveryPopUpSupportLink_Test()[pri:3, instance:testCases.PasswordRecoveryTest@795509d9]" started-at="2022-07-13T11:57:15 AMT" name="RecoveryPopUpSupportLink_Test" description="Validate on Password Recovery Pop Up Support link" finished-at="2022-07-13T11:57:15 AMT" duration-ms="299" status="FAIL">
          <exception class="java.lang.AssertionError">
            <message>
              <![CDATA[did not expect [https://craftbet.com/forgot-password] but found [https://craftbet.com/forgot-password]]]>
            </message>
            <full-stacktrace>
              <![CDATA[java.lang.AssertionError: did not expect [https://craftbet.com/forgot-password] but found [https://craftbet.com/forgot-password]
at org.testng.Assert.fail(Assert.java:110)
at org.testng.Assert.failEquals(Assert.java:1417)
at org.testng.Assert.assertNotEqualsImpl(Assert.java:156)
at org.testng.Assert.assertNotEquals(Assert.java:2033)
at org.testng.Assert.assertNotEquals(Assert.java:2055)
at testCases.PasswordRecoveryTest.RecoveryPopUpSupportLink_Test(PasswordRecoveryTest.java:78)
at java.base/jdk.internal.reflect.NativeMethodAccessorImpl.invoke0(Native Method)
at java.base/jdk.internal.reflect.NativeMethodAccessorImpl.invoke(NativeMethodAccessorImpl.java:77)
at java.base/jdk.internal.reflect.DelegatingMethodAccessorImpl.invoke(DelegatingMethodAccessorImpl.java:43)
at java.base/java.lang.reflect.Method.invoke(Method.java:568)
at org.testng.internal.invokers.MethodInvocationHelper.invokeMethod(MethodInvocationHelper.java:139)
at org.testng.internal.invokers.TestInvoker.invokeMethod(TestInvoker.java:677)
at org.testng.internal.invokers.TestInvoker.invokeTestMethod(TestInvoker.java:221)
at org.testng.internal.invokers.MethodRunner.runInSequence(MethodRunner.java:50)
at org.testng.internal.invokers.TestInvoker$MethodInvocationAgent.invoke(TestInvoker.java:962)
at org.testng.internal.invokers.TestInvoker.invokeTestMethods(TestInvoker.java:194)
at org.testng.internal.invokers.TestMethodWorker.invokeTestMethods(TestMethodWorker.java:148)
at org.testng.internal.invokers.TestMethodWorker.run(TestMethodWorker.java:128)
at java.base/java.util.ArrayList.forEach(ArrayList.java:1511)
at org.testng.TestRunner.privateRun(TestRunner.java:806)
at org.testng.TestRunner.run(TestRunner.java:601)
at org.testng.SuiteRunner.runTest(SuiteRunner.java:433)
at org.testng.SuiteRunner.runSequentially(SuiteRunner.java:427)
at org.testng.SuiteRunner.privateRun(SuiteRunner.java:387)
at org.testng.SuiteRunner.run(SuiteRunner.java:330)
at org.testng.SuiteRunnerWorker.runSuite(SuiteRunnerWorker.java:52)
at org.testng.SuiteRunnerWorker.run(SuiteRunnerWorker.java:95)
at org.testng.TestNG.runSuitesSequentially(TestNG.java:1256)
at org.testng.TestNG.runSuitesLocally(TestNG.java:1176)
at org.testng.TestNG.runSuites(TestNG.java:1099)
at org.testng.TestNG.run(TestNG.java:1067)
at com.intellij.rt.testng.IDEARemoteTestNG.run(IDEARemoteTestNG.java:66)
at com.intellij.rt.testng.RemoteTestNGStarter.main(RemoteTestNGStarter.java:109)
]]>
            </full-stacktrace>
          </exception> <!-- java.lang.AssertionError -->
          <reporter-output>
          </reporter-output>
        </test-method> <!-- RecoveryPopUpSupportLink_Test -->
        <test-method is-config="true" signature="tearDown()[pri:0, instance:testCases.PasswordRecoveryTest@795509d9]" started-at="2022-07-13T11:57:15 AMT" name="tearDown" finished-at="2022-07-13T11:57:16 AMT" duration-ms="191" status="PASS">
          <reporter-output>
          </reporter-output>
        </test-method> <!-- tearDown -->
        <test-method is-config="true" signature="setup()[pri:0, instance:testCases.PasswordRecoveryTest@795509d9]" started-at="2022-07-13T11:57:16 AMT" name="setup" finished-at="2022-07-13T11:57:20 AMT" duration-ms="4342" status="PASS">
          <reporter-output>
          </reporter-output>
        </test-method> <!-- setup -->
        <test-method is-config="true" signature="goToLoginPopUp()[pri:0, instance:testCases.PasswordRecoveryTest@795509d9]" started-at="2022-07-13T11:57:20 AMT" name="goToLoginPopUp" finished-at="2022-07-13T11:57:21 AMT" duration-ms="637" status="PASS">
          <reporter-output>
          </reporter-output>
        </test-method> <!-- goToLoginPopUp -->
        <test-method signature="RecoveryPopUpPositiveTest()[pri:4, instance:testCases.PasswordRecoveryTest@795509d9]" started-at="2022-07-13T11:57:21 AMT" name="RecoveryPopUpPositiveTest" description="Validate on Password recovery pop up functionality of Recovery with valid credentials" finished-at="2022-07-13T11:57:21 AMT" duration-ms="471" status="PASS">
          <reporter-output>
          </reporter-output>
        </test-method> <!-- RecoveryPopUpPositiveTest -->
        <test-method is-config="true" signature="tearDown()[pri:0, instance:testCases.PasswordRecoveryTest@795509d9]" started-at="2022-07-13T11:57:21 AMT" name="tearDown" finished-at="2022-07-13T11:57:21 AMT" duration-ms="295" status="PASS">
          <reporter-output>
          </reporter-output>
        </test-method> <!-- tearDown -->
        <test-method is-config="true" signature="setup()[pri:0, instance:testCases.PasswordRecoveryTest@795509d9]" started-at="2022-07-13T11:57:21 AMT" name="setup" finished-at="2022-07-13T11:57:26 AMT" duration-ms="4747" status="PASS">
          <reporter-output>
          </reporter-output>
        </test-method> <!-- setup -->
        <test-method is-config="true" signature="goToLoginPopUp()[pri:0, instance:testCases.PasswordRecoveryTest@795509d9]" started-at="2022-07-13T11:57:26 AMT" name="goToLoginPopUp" finished-at="2022-07-13T11:57:27 AMT" duration-ms="880" status="PASS">
          <reporter-output>
          </reporter-output>
        </test-method> <!-- goToLoginPopUp -->
        <test-method signature="RecoveryPopUpNegativeTest(java.lang.String)[pri:5, instance:testCases.PasswordRecoveryTest@795509d9]" started-at="2022-07-13T11:57:27 AMT" name="RecoveryPopUpNegativeTest" description="Validate on Password recovery pop up functionality of Recovery with invalid credentials" data-provider="invalidRecoveryData" finished-at="2022-07-13T11:57:27 AMT" duration-ms="213" status="PASS">
          <params>
            <param index="0">
              <value>
                <![CDATA[ g.babloyan@iqsoft.am]]>
              </value>
            </param>
          </params>
          <reporter-output>
          </reporter-output>
        </test-method> <!-- RecoveryPopUpNegativeTest -->
        <test-method is-config="true" signature="tearDown()[pri:0, instance:testCases.PasswordRecoveryTest@795509d9]" started-at="2022-07-13T11:57:27 AMT" name="tearDown" finished-at="2022-07-13T11:57:28 AMT" duration-ms="246" status="PASS">
          <reporter-output>
          </reporter-output>
        </test-method> <!-- tearDown -->
        <test-method is-config="true" signature="setup()[pri:0, instance:testCases.PasswordRecoveryTest@795509d9]" started-at="2022-07-13T11:57:28 AMT" name="setup" finished-at="2022-07-13T11:57:32 AMT" duration-ms="4301" status="PASS">
          <reporter-output>
          </reporter-output>
        </test-method> <!-- setup -->
        <test-method is-config="true" signature="goToLoginPopUp()[pri:0, instance:testCases.PasswordRecoveryTest@795509d9]" started-at="2022-07-13T11:57:32 AMT" name="goToLoginPopUp" finished-at="2022-07-13T11:57:32 AMT" duration-ms="576" status="PASS">
          <reporter-output>
          </reporter-output>
        </test-method> <!-- goToLoginPopUp -->
        <test-method signature="RecoveryPopUpNegativeTest(java.lang.String)[pri:5, instance:testCases.PasswordRecoveryTest@795509d9]" started-at="2022-07-13T11:57:32 AMT" name="RecoveryPopUpNegativeTest" description="Validate on Password recovery pop up functionality of Recovery with invalid credentials" data-provider="invalidRecoveryData" finished-at="2022-07-13T11:57:33 AMT" duration-ms="239" status="PASS">
          <params>
            <param index="0">
              <value>
                <![CDATA[g.babloyan@iqsoft.am ]]>
              </value>
            </param>
          </params>
          <reporter-output>
          </reporter-output>
        </test-method> <!-- RecoveryPopUpNegativeTest -->
        <test-method is-config="true" signature="tearDown()[pri:0, instance:testCases.PasswordRecoveryTest@795509d9]" started-at="2022-07-13T11:57:33 AMT" name="tearDown" finished-at="2022-07-13T11:57:33 AMT" duration-ms="252" status="PASS">
          <reporter-output>
          </reporter-output>
        </test-method> <!-- tearDown -->
        <test-method is-config="true" signature="setup()[pri:0, instance:testCases.PasswordRecoveryTest@795509d9]" started-at="2022-07-13T11:57:33 AMT" name="setup" finished-at="2022-07-13T11:57:38 AMT" duration-ms="4982" status="PASS">
          <reporter-output>
          </reporter-output>
        </test-method> <!-- setup -->
        <test-method is-config="true" signature="goToLoginPopUp()[pri:0, instance:testCases.PasswordRecoveryTest@795509d9]" started-at="2022-07-13T11:57:38 AMT" name="goToLoginPopUp" finished-at="2022-07-13T11:57:39 AMT" duration-ms="881" status="PASS">
          <reporter-output>
          </reporter-output>
        </test-method> <!-- goToLoginPopUp -->
        <test-method signature="RecoveryPopUpNegativeTest(java.lang.String)[pri:5, instance:testCases.PasswordRecoveryTest@795509d9]" started-at="2022-07-13T11:57:39 AMT" name="RecoveryPopUpNegativeTest" description="Validate on Password recovery pop up functionality of Recovery with invalid credentials" data-provider="invalidRecoveryData" finished-at="2022-07-13T11:57:39 AMT" duration-ms="244" status="PASS">
          <params>
            <param index="0">
              <value>
                <![CDATA[g .babloyan@iqsoft.am]]>
              </value>
            </param>
          </params>
          <reporter-output>
          </reporter-output>
        </test-method> <!-- RecoveryPopUpNegativeTest -->
        <test-method is-config="true" signature="tearDown()[pri:0, instance:testCases.PasswordRecoveryTest@795509d9]" started-at="2022-07-13T11:57:39 AMT" name="tearDown" finished-at="2022-07-13T11:57:39 AMT" duration-ms="227" status="PASS">
          <reporter-output>
          </reporter-output>
        </test-method> <!-- tearDown -->
        <test-method is-config="true" signature="setup()[pri:0, instance:testCases.PasswordRecoveryTest@795509d9]" started-at="2022-07-13T11:57:39 AMT" name="setup" finished-at="2022-07-13T11:57:43 AMT" duration-ms="3394" status="PASS">
          <reporter-output>
          </reporter-output>
        </test-method> <!-- setup -->
        <test-method is-config="true" signature="goToLoginPopUp()[pri:0, instance:testCases.PasswordRecoveryTest@795509d9]" started-at="2022-07-13T11:57:43 AMT" name="goToLoginPopUp" finished-at="2022-07-13T11:57:43 AMT" duration-ms="756" status="PASS">
          <reporter-output>
          </reporter-output>
        </test-method> <!-- goToLoginPopUp -->
        <test-method signature="RecoveryPopUpNegativeTest(java.lang.String)[pri:5, instance:testCases.PasswordRecoveryTest@795509d9]" started-at="2022-07-13T11:57:43 AMT" name="RecoveryPopUpNegativeTest" description="Validate on Password recovery pop up functionality of Recovery with invalid credentials" data-provider="invalidRecoveryData" finished-at="2022-07-13T11:57:44 AMT" duration-ms="197" status="PASS">
          <params>
            <param index="0">
              <value>
                <![CDATA[g. babloyan@iqsoft.am]]>
              </value>
            </param>
          </params>
          <reporter-output>
          </reporter-output>
        </test-method> <!-- RecoveryPopUpNegativeTest -->
        <test-method is-config="true" signature="tearDown()[pri:0, instance:testCases.PasswordRecoveryTest@795509d9]" started-at="2022-07-13T11:57:44 AMT" name="tearDown" finished-at="2022-07-13T11:57:44 AMT" duration-ms="307" status="PASS">
          <reporter-output>
          </reporter-output>
        </test-method> <!-- tearDown -->
        <test-method is-config="true" signature="setup()[pri:0, instance:testCases.PasswordRecoveryTest@795509d9]" started-at="2022-07-13T11:57:44 AMT" name="setup" finished-at="2022-07-13T11:57:47 AMT" duration-ms="3027" status="PASS">
          <reporter-output>
          </reporter-output>
        </test-method> <!-- setup -->
        <test-method is-config="true" signature="goToLoginPopUp()[pri:0, instance:testCases.PasswordRecoveryTest@795509d9]" started-at="2022-07-13T11:57:47 AMT" name="goToLoginPopUp" finished-at="2022-07-13T11:57:48 AMT" duration-ms="734" status="PASS">
          <reporter-output>
          </reporter-output>
        </test-method> <!-- goToLoginPopUp -->
        <test-method signature="RecoveryPopUpNegativeTest(java.lang.String)[pri:5, instance:testCases.PasswordRecoveryTest@795509d9]" started-at="2022-07-13T11:57:48 AMT" name="RecoveryPopUpNegativeTest" description="Validate on Password recovery pop up functionality of Recovery with invalid credentials" data-provider="invalidRecoveryData" finished-at="2022-07-13T11:57:48 AMT" duration-ms="191" status="PASS">
          <params>
            <param index="0">
              <value>
                <![CDATA[g.babloyan @iqsoft.am]]>
              </value>
            </param>
          </params>
          <reporter-output>
          </reporter-output>
        </test-method> <!-- RecoveryPopUpNegativeTest -->
        <test-method is-config="true" signature="tearDown()[pri:0, instance:testCases.PasswordRecoveryTest@795509d9]" started-at="2022-07-13T11:57:48 AMT" name="tearDown" finished-at="2022-07-13T11:57:48 AMT" duration-ms="249" status="PASS">
          <reporter-output>
          </reporter-output>
        </test-method> <!-- tearDown -->
        <test-method is-config="true" signature="setup()[pri:0, instance:testCases.PasswordRecoveryTest@795509d9]" started-at="2022-07-13T11:57:48 AMT" name="setup" finished-at="2022-07-13T11:57:52 AMT" duration-ms="3967" status="PASS">
          <reporter-output>
          </reporter-output>
        </test-method> <!-- setup -->
        <test-method is-config="true" signature="goToLoginPopUp()[pri:0, instance:testCases.PasswordRecoveryTest@795509d9]" started-at="2022-07-13T11:57:52 AMT" name="goToLoginPopUp" finished-at="2022-07-13T11:57:53 AMT" duration-ms="838" status="PASS">
          <reporter-output>
          </reporter-output>
        </test-method> <!-- goToLoginPopUp -->
        <test-method signature="RecoveryPopUpNegativeTest(java.lang.String)[pri:5, instance:testCases.PasswordRecoveryTest@795509d9]" started-at="2022-07-13T11:57:53 AMT" name="RecoveryPopUpNegativeTest" description="Validate on Password recovery pop up functionality of Recovery with invalid credentials" data-provider="invalidRecoveryData" finished-at="2022-07-13T11:57:53 AMT" duration-ms="226" status="PASS">
          <params>
            <param index="0">
              <value>
                <![CDATA[g.babloyan@iqsoft.a m]]>
              </value>
            </param>
          </params>
          <reporter-output>
          </reporter-output>
        </test-method> <!-- RecoveryPopUpNegativeTest -->
        <test-method is-config="true" signature="tearDown()[pri:0, instance:testCases.PasswordRecoveryTest@795509d9]" started-at="2022-07-13T11:57:53 AMT" name="tearDown" finished-at="2022-07-13T11:57:53 AMT" duration-ms="197" status="PASS">
          <reporter-output>
          </reporter-output>
        </test-method> <!-- tearDown -->
      </class> <!-- testCases.PasswordRecoveryTest -->
      <class name="testCases.LoginPopUpTest">
        <test-method is-config="true" signature="setup()[pri:0, instance:testCases.LoginPopUpTest@17f62e33]" started-at="2022-07-13T11:53:33 AMT" name="setup" finished-at="2022-07-13T11:53:38 AMT" duration-ms="5141" status="PASS">
          <reporter-output>
          </reporter-output>
        </test-method> <!-- setup -->
        <test-method is-config="true" signature="goToLoginPopUp()[pri:0, instance:testCases.LoginPopUpTest@17f62e33]" started-at="2022-07-13T11:53:38 AMT" name="goToLoginPopUp" finished-at="2022-07-13T11:53:39 AMT" duration-ms="581" status="PASS">
          <reporter-output>
          </reporter-output>
        </test-method> <!-- goToLoginPopUp -->
        <test-method signature="loginPopUpLabelsPresenceVerification_Test()[pri:1, instance:testCases.LoginPopUpTest@17f62e33]" started-at="2022-07-13T11:53:39 AMT" name="loginPopUpLabelsPresenceVerification_Test" description="Validate on Log_in Pop Up Header, Email/mobile or username, Password, Remember me, You can Sign in with, Don&#039;t have an account? Sign Up, Don&#039;t have an account? Sign Up, Safe and Secure labels, Login Buttons text" finished-at="2022-07-13T11:53:40 AMT" duration-ms="805" status="PASS">
          <reporter-output>
          </reporter-output>
        </test-method> <!-- loginPopUpLabelsPresenceVerification_Test -->
        <test-method is-config="true" signature="tearDown()[pri:0, instance:testCases.LoginPopUpTest@17f62e33]" started-at="2022-07-13T11:53:40 AMT" name="tearDown" finished-at="2022-07-13T11:53:40 AMT" duration-ms="236" status="PASS">
          <reporter-output>
          </reporter-output>
        </test-method> <!-- tearDown -->
        <test-method is-config="true" signature="setup()[pri:0, instance:testCases.LoginPopUpTest@17f62e33]" started-at="2022-07-13T11:53:40 AMT" name="setup" finished-at="2022-07-13T11:53:44 AMT" duration-ms="4438" status="PASS">
          <reporter-output>
          </reporter-output>
        </test-method> <!-- setup -->
        <test-method is-config="true" signature="goToLoginPopUp()[pri:0, instance:testCases.LoginPopUpTest@17f62e33]" started-at="2022-07-13T11:53:44 AMT" name="goToLoginPopUp" finished-at="2022-07-13T11:53:45 AMT" duration-ms="399" status="PASS">
          <reporter-output>
          </reporter-output>
        </test-method> <!-- goToLoginPopUp -->
        <test-method signature="loginPopUpLogoPresenceVerification_Test()[pri:2, instance:testCases.LoginPopUpTest@17f62e33]" started-at="2022-07-13T11:53:45 AMT" name="loginPopUpLogoPresenceVerification_Test" description="Validate on Log_in Pop Up Logo Presence" finished-at="2022-07-13T11:53:45 AMT" duration-ms="59" status="PASS">
          <reporter-output>
          </reporter-output>
        </test-method> <!-- loginPopUpLogoPresenceVerification_Test -->
        <test-method is-config="true" signature="tearDown()[pri:0, instance:testCases.LoginPopUpTest@17f62e33]" started-at="2022-07-13T11:53:45 AMT" name="tearDown" finished-at="2022-07-13T11:53:45 AMT" duration-ms="252" status="PASS">
          <reporter-output>
          </reporter-output>
        </test-method> <!-- tearDown -->
        <test-method is-config="true" signature="setup()[pri:0, instance:testCases.LoginPopUpTest@17f62e33]" started-at="2022-07-13T11:53:45 AMT" name="setup" finished-at="2022-07-13T11:53:50 AMT" duration-ms="4629" status="PASS">
          <reporter-output>
          </reporter-output>
        </test-method> <!-- setup -->
        <test-method is-config="true" signature="goToLoginPopUp()[pri:0, instance:testCases.LoginPopUpTest@17f62e33]" started-at="2022-07-13T11:53:50 AMT" name="goToLoginPopUp" finished-at="2022-07-13T11:53:50 AMT" duration-ms="416" status="PASS">
          <reporter-output>
          </reporter-output>
        </test-method> <!-- goToLoginPopUp -->
        <test-method signature="loginPopUpCloseButtonFunctionality_Test()[pri:3, instance:testCases.LoginPopUpTest@17f62e33]" started-at="2022-07-13T11:53:50 AMT" name="loginPopUpCloseButtonFunctionality_Test" description="Validate on Log_in Pop Up Close (X) button functionality" finished-at="2022-07-13T11:53:51 AMT" duration-ms="658" status="PASS">
          <reporter-output>
          </reporter-output>
        </test-method> <!-- loginPopUpCloseButtonFunctionality_Test -->
        <test-method is-config="true" signature="tearDown()[pri:0, instance:testCases.LoginPopUpTest@17f62e33]" started-at="2022-07-13T11:53:51 AMT" name="tearDown" finished-at="2022-07-13T11:53:51 AMT" duration-ms="218" status="PASS">
          <reporter-output>
          </reporter-output>
        </test-method> <!-- tearDown -->
        <test-method is-config="true" signature="setup()[pri:0, instance:testCases.LoginPopUpTest@17f62e33]" started-at="2022-07-13T11:53:51 AMT" name="setup" finished-at="2022-07-13T11:53:55 AMT" duration-ms="4026" status="PASS">
          <reporter-output>
          </reporter-output>
        </test-method> <!-- setup -->
        <test-method is-config="true" signature="goToLoginPopUp()[pri:0, instance:testCases.LoginPopUpTest@17f62e33]" started-at="2022-07-13T11:53:55 AMT" name="goToLoginPopUp" finished-at="2022-07-13T11:53:56 AMT" duration-ms="1028" status="PASS">
          <reporter-output>
          </reporter-output>
        </test-method> <!-- goToLoginPopUp -->
        <test-method signature="loginPopUpEyeButtonFunctionality_Test()[pri:4, instance:testCases.LoginPopUpTest@17f62e33]" started-at="2022-07-13T11:53:56 AMT" name="loginPopUpEyeButtonFunctionality_Test" description="Validate on Log_in Pop Up eye functionality" finished-at="2022-07-13T11:53:56 AMT" duration-ms="270" status="PASS">
          <reporter-output>
          </reporter-output>
        </test-method> <!-- loginPopUpEyeButtonFunctionality_Test -->
        <test-method is-config="true" signature="tearDown()[pri:0, instance:testCases.LoginPopUpTest@17f62e33]" started-at="2022-07-13T11:53:56 AMT" name="tearDown" finished-at="2022-07-13T11:53:57 AMT" duration-ms="251" status="PASS">
          <reporter-output>
          </reporter-output>
        </test-method> <!-- tearDown -->
        <test-method is-config="true" signature="setup()[pri:0, instance:testCases.LoginPopUpTest@17f62e33]" started-at="2022-07-13T11:53:57 AMT" name="setup" finished-at="2022-07-13T11:54:01 AMT" duration-ms="4346" status="PASS">
          <reporter-output>
          </reporter-output>
        </test-method> <!-- setup -->
        <test-method is-config="true" signature="goToLoginPopUp()[pri:0, instance:testCases.LoginPopUpTest@17f62e33]" started-at="2022-07-13T11:54:01 AMT" name="goToLoginPopUp" finished-at="2022-07-13T11:54:01 AMT" duration-ms="389" status="PASS">
          <reporter-output>
          </reporter-output>
        </test-method> <!-- goToLoginPopUp -->
        <test-method signature="loginPopUpRememberMeLabelClickAbility_Test()[pri:5, instance:testCases.LoginPopUpTest@17f62e33]" started-at="2022-07-13T11:54:01 AMT" name="loginPopUpRememberMeLabelClickAbility_Test" description="Validate on Log_in Pop Up Remember me label click-ability" finished-at="2022-07-13T11:54:02 AMT" duration-ms="288" status="PASS">
          <reporter-output>
          </reporter-output>
        </test-method> <!-- loginPopUpRememberMeLabelClickAbility_Test -->
        <test-method is-config="true" signature="tearDown()[pri:0, instance:testCases.LoginPopUpTest@17f62e33]" started-at="2022-07-13T11:54:02 AMT" name="tearDown" finished-at="2022-07-13T11:54:02 AMT" duration-ms="317" status="PASS">
          <reporter-output>
          </reporter-output>
        </test-method> <!-- tearDown -->
        <test-method is-config="true" signature="setup()[pri:0, instance:testCases.LoginPopUpTest@17f62e33]" started-at="2022-07-13T11:54:02 AMT" name="setup" finished-at="2022-07-13T11:54:06 AMT" duration-ms="3748" status="PASS">
          <reporter-output>
          </reporter-output>
        </test-method> <!-- setup -->
        <test-method is-config="true" signature="goToLoginPopUp()[pri:0, instance:testCases.LoginPopUpTest@17f62e33]" started-at="2022-07-13T11:54:06 AMT" name="goToLoginPopUp" finished-at="2022-07-13T11:54:06 AMT" duration-ms="680" status="PASS">
          <reporter-output>
          </reporter-output>
        </test-method> <!-- goToLoginPopUp -->
        <test-method signature="loginPopUpCheckBoxClickAbility_Test()[pri:6, instance:testCases.LoginPopUpTest@17f62e33]" started-at="2022-07-13T11:54:06 AMT" name="loginPopUpCheckBoxClickAbility_Test" description="Validate on Log_in Pop Up checkBox functionality" finished-at="2022-07-13T11:54:07 AMT" duration-ms="206" status="PASS">
          <reporter-output>
          </reporter-output>
        </test-method> <!-- loginPopUpCheckBoxClickAbility_Test -->
        <test-method is-config="true" signature="tearDown()[pri:0, instance:testCases.LoginPopUpTest@17f62e33]" started-at="2022-07-13T11:54:07 AMT" name="tearDown" finished-at="2022-07-13T11:54:07 AMT" duration-ms="243" status="PASS">
          <reporter-output>
          </reporter-output>
        </test-method> <!-- tearDown -->
        <test-method is-config="true" signature="setup()[pri:0, instance:testCases.LoginPopUpTest@17f62e33]" started-at="2022-07-13T11:54:07 AMT" name="setup" finished-at="2022-07-13T11:54:11 AMT" duration-ms="4571" status="PASS">
          <reporter-output>
          </reporter-output>
        </test-method> <!-- setup -->
        <test-method is-config="true" signature="goToLoginPopUp()[pri:0, instance:testCases.LoginPopUpTest@17f62e33]" started-at="2022-07-13T11:54:11 AMT" name="goToLoginPopUp" finished-at="2022-07-13T11:54:12 AMT" duration-ms="287" status="PASS">
          <reporter-output>
          </reporter-output>
        </test-method> <!-- goToLoginPopUp -->
[...]
            <param index="0">
              <value>
                <![CDATA[U1630370 ]]>
              </value>
            </param>
            <param index="1">
              <value>
                <![CDATA[N3HU3]]>
              </value>
            </param>
          </params>
          <exception class="java.lang.AssertionError">
            <message>
              <![CDATA[expected [false] but found [true]]]>
            </message>
            <full-stacktrace>
              <![CDATA[java.lang.AssertionError: expected [false] but found [true]
at org.testng.Assert.fail(Assert.java:110)
at org.testng.Assert.failNotEquals(Assert.java:1413)
at org.testng.Assert.assertEqualsImpl(Assert.java:149)
at org.testng.Assert.assertEquals(Assert.java:131)
at org.testng.Assert.assertEquals(Assert.java:976)
at org.testng.Assert.assertEquals(Assert.java:1010)
at testCases.LoginPopUpTest.loginPopUpLogInNegativeTest(LoginPopUpTest.java:198)
at java.base/jdk.internal.reflect.NativeMethodAccessorImpl.invoke0(Native Method)
at java.base/jdk.internal.reflect.NativeMethodAccessorImpl.invoke(NativeMethodAccessorImpl.java:77)
at java.base/jdk.internal.reflect.DelegatingMethodAccessorImpl.invoke(DelegatingMethodAccessorImpl.java:43)
at java.base/java.lang.reflect.Method.invoke(Method.java:568)
at org.testng.internal.invokers.MethodInvocationHelper.invokeMethod(MethodInvocationHelper.java:139)
at org.testng.internal.invokers.TestInvoker.invokeMethod(TestInvoker.java:677)
at org.testng.internal.invokers.TestInvoker.invokeTestMethod(TestInvoker.java:221)
at org.testng.internal.invokers.MethodRunner.runInSequence(MethodRunner.java:50)
at org.testng.internal.invokers.TestInvoker$MethodInvocationAgent.invoke(TestInvoker.java:962)
at org.testng.internal.invokers.TestInvoker.invokeTestMethods(TestInvoker.java:194)
at org.testng.internal.invokers.TestMethodWorker.invokeTestMethods(TestMethodWorker.java:148)
at org.testng.internal.invokers.TestMethodWorker.run(TestMethodWorker.java:128)
at java.base/java.util.ArrayList.forEach(ArrayList.java:1511)
at org.testng.TestRunner.privateRun(TestRunner.java:806)
at org.testng.TestRunner.run(TestRunner.java:601)
at org.testng.SuiteRunner.runTest(SuiteRunner.java:433)
at org.testng.SuiteRunner.runSequentially(SuiteRunner.java:427)
at org.testng.SuiteRunner.privateRun(SuiteRunner.java:387)
at org.testng.SuiteRunner.run(SuiteRunner.java:330)
at org.testng.SuiteRunnerWorker.runSuite(SuiteRunnerWorker.java:52)
at org.testng.SuiteRunnerWorker.run(SuiteRunnerWorker.java:95)
at org.testng.TestNG.runSuitesSequentially(TestNG.java:1256)
at org.testng.TestNG.runSuitesLocally(TestNG.java:1176)
at org.testng.TestNG.runSuites(TestNG.java:1099)
at org.testng.TestNG.run(TestNG.java:1067)
at com.intellij.rt.testng.IDEARemoteTestNG.run(IDEARemoteTestNG.java:66)
at com.intellij.rt.testng.RemoteTestNGStarter.main(RemoteTestNGStarter.java:109)
]]>
            </full-stacktrace>
          </exception> <!-- java.lang.AssertionError -->
          <reporter-output>
          </reporter-output>
        </test-method> <!-- loginPopUpLogInNegativeTest -->
        <test-method is-config="true" signature="tearDown()[pri:0, instance:testCases.LoginPopUpTest@17f62e33]" started-at="2022-07-13T11:55:35 AMT" name="tearDown" finished-at="2022-07-13T11:55:35 AMT" duration-ms="193" status="PASS">
          <reporter-output>
          </reporter-output>
        </test-method> <!-- tearDown -->
        <test-method is-config="true" signature="setup()[pri:0, instance:testCases.LoginPopUpTest@17f62e33]" started-at="2022-07-13T11:55:35 AMT" name="setup" finished-at="2022-07-13T11:55:40 AMT" duration-ms="4706" status="PASS">
          <reporter-output>
          </reporter-output>
        </test-method> <!-- setup -->
        <test-method is-config="true" signature="goToLoginPopUp()[pri:0, instance:testCases.LoginPopUpTest@17f62e33]" started-at="2022-07-13T11:55:40 AMT" name="goToLoginPopUp" finished-at="2022-07-13T11:55:41 AMT" duration-ms="415" status="PASS">
          <reporter-output>
          </reporter-output>
        </test-method> <!-- goToLoginPopUp -->
        <test-method signature="loginPopUpLogInNegativeTest(java.lang.String,java.lang.String)[pri:10, instance:testCases.LoginPopUpTest@17f62e33]" started-at="2022-07-13T11:55:41 AMT" name="loginPopUpLogInNegativeTest" description="Validate on Log_in Pop Up Log_In functionality with invalid data" data-provider="invalidLoginData" finished-at="2022-07-13T11:55:42 AMT" duration-ms="1587" status="FAIL">
          <params>
            <param index="0">
              <value>
                <![CDATA[U163 0370]]>
              </value>
            </param>
            <param index="1">
              <value>
                <![CDATA[N3HU3]]>
              </value>
            </param>
          </params>
          <exception class="java.lang.AssertionError">
            <message>
              <![CDATA[expected [false] but found [true]]]>
            </message>
            <full-stacktrace>
              <![CDATA[java.lang.AssertionError: expected [false] but found [true]
at org.testng.Assert.fail(Assert.java:110)
at org.testng.Assert.failNotEquals(Assert.java:1413)
at org.testng.Assert.assertEqualsImpl(Assert.java:149)
at org.testng.Assert.assertEquals(Assert.java:131)
at org.testng.Assert.assertEquals(Assert.java:976)
at org.testng.Assert.assertEquals(Assert.java:1010)
at testCases.LoginPopUpTest.loginPopUpLogInNegativeTest(LoginPopUpTest.java:198)
at java.base/jdk.internal.reflect.NativeMethodAccessorImpl.invoke0(Native Method)
at java.base/jdk.internal.reflect.NativeMethodAccessorImpl.invoke(NativeMethodAccessorImpl.java:77)
at java.base/jdk.internal.reflect.DelegatingMethodAccessorImpl.invoke(DelegatingMethodAccessorImpl.java:43)
at java.base/java.lang.reflect.Method.invoke(Method.java:568)
at org.testng.internal.invokers.MethodInvocationHelper.invokeMethod(MethodInvocationHelper.java:139)
at org.testng.internal.invokers.TestInvoker.invokeMethod(TestInvoker.java:677)
at org.testng.internal.invokers.TestInvoker.invokeTestMethod(TestInvoker.java:221)
at org.testng.internal.invokers.MethodRunner.runInSequence(MethodRunner.java:50)
at org.testng.internal.invokers.TestInvoker$MethodInvocationAgent.invoke(TestInvoker.java:962)
at org.testng.internal.invokers.TestInvoker.invokeTestMethods(TestInvoker.java:194)
at org.testng.internal.invokers.TestMethodWorker.invokeTestMethods(TestMethodWorker.java:148)
at org.testng.internal.invokers.TestMethodWorker.run(TestMethodWorker.java:128)
at java.base/java.util.ArrayList.forEach(ArrayList.java:1511)
at org.testng.TestRunner.privateRun(TestRunner.java:806)
at org.testng.TestRunner.run(TestRunner.java:601)
at org.testng.SuiteRunner.runTest(SuiteRunner.java:433)
at org.testng.SuiteRunner.runSequentially(SuiteRunner.java:427)
at org.testng.SuiteRunner.privateRun(SuiteRunner.java:387)
at org.testng.SuiteRunner.run(SuiteRunner.java:330)
at org.testng.SuiteRunnerWorker.runSuite(SuiteRunnerWorker.java:52)
at org.testng.SuiteRunnerWorker.run(SuiteRunnerWorker.java:95)
at org.testng.TestNG.runSuitesSequentially(TestNG.java:1256)
at org.testng.TestNG.runSuitesLocally(TestNG.java:1176)
at org.testng.TestNG.runSuites(TestNG.java:1099)
at org.testng.TestNG.run(TestNG.java:1067)
at com.intellij.rt.testng.IDEARemoteTestNG.run(IDEARemoteTestNG.java:66)
at com.intellij.rt.testng.RemoteTestNGStarter.main(RemoteTestNGStarter.java:109)
]]>
            </full-stacktrace>
          </exception> <!-- java.lang.AssertionError -->
          <reporter-output>
          </reporter-output>
        </test-method> <!-- loginPopUpLogInNegativeTest -->
        <test-method is-config="true" signature="tearDown()[pri:0, instance:testCases.LoginPopUpTest@17f62e33]" started-at="2022-07-13T11:55:43 AMT" name="tearDown" finished-at="2022-07-13T11:55:43 AMT" duration-ms="192" status="PASS">
          <reporter-output>
          </reporter-output>
        </test-method> <!-- tearDown -->
        <test-method is-config="true" signature="setup()[pri:0, instance:testCases.LoginPopUpTest@17f62e33]" started-at="2022-07-13T11:55:43 AMT" name="setup" finished-at="2022-07-13T11:55:48 AMT" duration-ms="4907" status="PASS">
          <reporter-output>
          </reporter-output>
        </test-method> <!-- setup -->
        <test-method is-config="true" signature="goToLoginPopUp()[pri:0, instance:testCases.LoginPopUpTest@17f62e33]" started-at="2022-07-13T11:55:48 AMT" name="goToLoginPopUp" finished-at="2022-07-13T11:55:49 AMT" duration-ms="821" status="PASS">
          <reporter-output>
          </reporter-output>
        </test-method> <!-- goToLoginPopUp -->
        <test-method signature="loginPopUpLogInNegativeTest(java.lang.String,java.lang.String)[pri:10, instance:testCases.LoginPopUpTest@17f62e33]" started-at="2022-07-13T11:55:49 AMT" name="loginPopUpLogInNegativeTest" description="Validate on Log_in Pop Up Log_In functionality with invalid data" data-provider="invalidLoginData" finished-at="2022-07-13T11:55:51 AMT" duration-ms="1589" status="FAIL">
          <params>
            <param index="0">
              <value>
                <![CDATA[ U1630370]]>
              </value>
            </param>
            <param index="1">
              <value>
                <![CDATA[N3HU3]]>
              </value>
            </param>
          </params>
          <exception class="java.lang.AssertionError">
            <message>
              <![CDATA[expected [false] but found [true]]]>
            </message>
            <full-stacktrace>
              <![CDATA[java.lang.AssertionError: expected [false] but found [true]
at org.testng.Assert.fail(Assert.java:110)
at org.testng.Assert.failNotEquals(Assert.java:1413)
at org.testng.Assert.assertEqualsImpl(Assert.java:149)
at org.testng.Assert.assertEquals(Assert.java:131)
at org.testng.Assert.assertEquals(Assert.java:976)
at org.testng.Assert.assertEquals(Assert.java:1010)
at testCases.LoginPopUpTest.loginPopUpLogInNegativeTest(LoginPopUpTest.java:198)
at java.base/jdk.internal.reflect.NativeMethodAccessorImpl.invoke0(Native Method)
at java.base/jdk.internal.reflect.NativeMethodAccessorImpl.invoke(NativeMethodAccessorImpl.java:77)
at java.base/jdk.internal.reflect.DelegatingMethodAccessorImpl.invoke(DelegatingMethodAccessorImpl.java:43)
at java.base/java.lang.reflect.Method.invoke(Method.java:568)
at org.testng.internal.invokers.MethodInvocationHelper.invokeMethod(MethodInvocationHelper.java:139)
at org.testng.internal.invokers.TestInvoker.invokeMethod(TestInvoker.java:677)
at org.testng.internal.invokers.TestInvoker.invokeTestMethod(TestInvoker.java:221)
at org.testng.internal.invokers.MethodRunner.runInSequence(MethodRunner.java:50)
at org.testng.internal.invokers.TestInvoker$MethodInvocationAgent.invoke(TestInvoker.java:962)
at org.testng.internal.invokers.TestInvoker.invokeTestMethods(TestInvoker.java:194)
at org.testng.internal.invokers.TestMethodWorker.invokeTestMethods(TestMethodWorker.java:148)
at org.testng.internal.invokers.TestMethodWorker.run(TestMethodWorker.java:128)
at java.base/java.util.ArrayList.forEach(ArrayList.java:1511)
at org.testng.TestRunner.privateRun(TestRunner.java:806)
at org.testng.TestRunner.run(TestRunner.java:601)
at org.testng.SuiteRunner.runTest(SuiteRunner.java:433)
at org.testng.SuiteRunner.runSequentially(SuiteRunner.java:427)
at org.testng.SuiteRunner.privateRun(SuiteRunner.java:387)
at org.testng.SuiteRunner.run(SuiteRunner.java:330)
at org.testng.SuiteRunnerWorker.runSuite(SuiteRunnerWorker.java:52)
at org.testng.SuiteRunnerWorker.run(SuiteRunnerWorker.java:95)
at org.testng.TestNG.runSuitesSequentially(TestNG.java:1256)
at org.testng.TestNG.runSuitesLocally(TestNG.java:1176)
at org.testng.TestNG.runSuites(TestNG.java:1099)
at org.testng.TestNG.run(TestNG.java:1067)
at com.intellij.rt.testng.IDEARemoteTestNG.run(IDEARemoteTestNG.java:66)
at com.intellij.rt.testng.RemoteTestNGStarter.main(RemoteTestNGStarter.java:109)
]]>
            </full-stacktrace>
          </exception> <!-- java.lang.AssertionError -->
          <reporter-output>
          </reporter-output>
        </test-method> <!-- loginPopUpLogInNegativeTest -->
        <test-method is-config="true" signature="tearDown()[pri:0, instance:testCases.LoginPopUpTest@17f62e33]" started-at="2022-07-13T11:55:52 AMT" name="tearDown" finished-at="2022-07-13T11:55:52 AMT" duration-ms="201" status="PASS">
          <reporter-output>
          </reporter-output>
        </test-method> <!-- tearDown -->
        <test-method is-config="true" signature="setup()[pri:0, instance:testCases.LoginPopUpTest@17f62e33]" started-at="2022-07-13T11:55:52 AMT" name="setup" finished-at="2022-07-13T11:55:56 AMT" duration-ms="4220" status="PASS">
          <reporter-output>
          </reporter-output>
        </test-method> <!-- setup -->
        <test-method is-config="true" signature="goToLoginPopUp()[pri:0, instance:testCases.LoginPopUpTest@17f62e33]" started-at="2022-07-13T11:55:56 AMT" name="goToLoginPopUp" finished-at="2022-07-13T11:55:56 AMT" duration-ms="435" status="PASS">
          <reporter-output>
          </reporter-output>
        </test-method> <!-- goToLoginPopUp -->
        <test-method signature="loginPopUpLogInNegativeTest(java.lang.String,java.lang.String)[pri:10, instance:testCases.LoginPopUpTest@17f62e33]" started-at="2022-07-13T11:55:56 AMT" name="loginPopUpLogInNegativeTest" description="Validate on Log_in Pop Up Log_In functionality with invalid data" data-provider="invalidLoginData" finished-at="2022-07-13T11:56:27 AMT" duration-ms="30403" status="PASS">
          <params>
            <param index="0">
              <value>
                <![CDATA[        ]]>
              </value>
            </param>
            <param index="1">
              <value>
                <![CDATA[N3HU3]]>
              </value>
            </param>
          </params>
          <reporter-output>
          </reporter-output>
        </test-method> <!-- loginPopUpLogInNegativeTest -->
        <test-method is-config="true" signature="tearDown()[pri:0, instance:testCases.LoginPopUpTest@17f62e33]" started-at="2022-07-13T11:56:27 AMT" name="tearDown" finished-at="2022-07-13T11:56:27 AMT" duration-ms="370" status="PASS">
          <reporter-output>
          </reporter-output>
        </test-method> <!-- tearDown -->
        <test-method is-config="true" signature="setup()[pri:0, instance:testCases.LoginPopUpTest@17f62e33]" started-at="2022-07-13T11:56:27 AMT" name="setup" finished-at="2022-07-13T11:56:32 AMT" duration-ms="5323" status="PASS">
          <reporter-output>
          </reporter-output>
        </test-method> <!-- setup -->
        <test-method is-config="true" signature="goToLoginPopUp()[pri:0, instance:testCases.LoginPopUpTest@17f62e33]" started-at="2022-07-13T11:56:32 AMT" name="goToLoginPopUp" finished-at="2022-07-13T11:56:33 AMT" duration-ms="735" status="PASS">
          <reporter-output>
          </reporter-output>
        </test-method> <!-- goToLoginPopUp -->
        <test-method signature="loginPopUpLogInNegativeTest(java.lang.String,java.lang.String)[pri:10, instance:testCases.LoginPopUpTest@17f62e33]" started-at="2022-07-13T11:56:33 AMT" name="loginPopUpLogInNegativeTest" description="Validate on Log_in Pop Up Log_In functionality with invalid data" data-provider="invalidLoginData" finished-at="2022-07-13T11:56:44 AMT" duration-ms="10593" status="PASS">
          <params>
            <param index="0">
              <value>
                <![CDATA[?U1630370]]>
              </value>
            </param>
            <param index="1">
              <value>
                <![CDATA[N3HU3]]>
              </value>
            </param>
          </params>
          <reporter-output>
          </reporter-output>
        </test-method> <!-- loginPopUpLogInNegativeTest -->
        <test-method is-config="true" signature="tearDown()[pri:0, instance:testCases.LoginPopUpTest@17f62e33]" started-at="2022-07-13T11:56:44 AMT" name="tearDown" finished-at="2022-07-13T11:56:44 AMT" duration-ms="241" status="PASS">
          <reporter-output>
          </reporter-output>
        </test-method> <!-- tearDown -->
        <test-method is-config="true" signature="setup()[pri:0, instance:testCases.LoginPopUpTest@17f62e33]" started-at="2022-07-13T11:56:44 AMT" name="setup" finished-at="2022-07-13T11:56:48 AMT" duration-ms="4249" status="PASS">
          <reporter-output>
          </reporter-output>
        </test-method> <!-- setup -->
        <test-method is-config="true" signature="goToLoginPopUp()[pri:0, instance:testCases.LoginPopUpTest@17f62e33]" started-at="2022-07-13T11:56:48 AMT" name="goToLoginPopUp" finished-at="2022-07-13T11:56:49 AMT" duration-ms="446" status="PASS">
          <reporter-output>
          </reporter-output>
        </test-method> <!-- goToLoginPopUp -->
        <test-method signature="loginPopUpErrorMessageValidationInvalidUsername()[pri:11, instance:testCases.LoginPopUpTest@17f62e33]" started-at="2022-07-13T11:56:49 AMT" name="loginPopUpErrorMessageValidationInvalidUsername" description="Validate on Log_in Pop Up Error message with invalid password" finished-at="2022-07-13T11:56:50 AMT" duration-ms="1411" status="PASS">
          <reporter-output>
          </reporter-output>
        </test-method> <!-- loginPopUpErrorMessageValidationInvalidUsername -->
        <test-method is-config="true" signature="tearDown()[pri:0, instance:testCases.LoginPopUpTest@17f62e33]" started-at="2022-07-13T11:56:50 AMT" name="tearDown" finished-at="2022-07-13T11:56:50 AMT" duration-ms="311" status="PASS">
          <reporter-output>
          </reporter-output>
        </test-method> <!-- tearDown -->
        <test-method is-config="true" signature="setup()[pri:0, instance:testCases.LoginPopUpTest@17f62e33]" started-at="2022-07-13T11:56:50 AMT" name="setup" finished-at="2022-07-13T11:56:55 AMT" duration-ms="4827" status="PASS">
          <reporter-output>
          </reporter-output>
        </test-method> <!-- setup -->
        <test-method is-config="true" signature="goToLoginPopUp()[pri:0, instance:testCases.LoginPopUpTest@17f62e33]" started-at="2022-07-13T11:56:55 AMT" name="goToLoginPopUp" finished-at="2022-07-13T11:56:56 AMT" duration-ms="732" status="PASS">
          <reporter-output>
          </reporter-output>
        </test-method> <!-- goToLoginPopUp -->
        <test-method signature="loginPopUpErrorMessageValidationInvalidPassword()[pri:12, instance:testCases.LoginPopUpTest@17f62e33]" started-at="2022-07-13T11:56:56 AMT" name="loginPopUpErrorMessageValidationInvalidPassword" description="Validate on Log_in Pop Up error message with invalid username" finished-at="2022-07-13T11:56:57 AMT" duration-ms="1409" status="PASS">
          <reporter-output>
          </reporter-output>
        </test-method> <!-- loginPopUpErrorMessageValidationInvalidPassword -->
        <test-method is-config="true" signature="tearDown()[pri:0, instance:testCases.LoginPopUpTest@17f62e33]" started-at="2022-07-13T11:56:58 AMT" name="tearDown" finished-at="2022-07-13T11:56:58 AMT" duration-ms="311" status="PASS">
          <reporter-output>
          </reporter-output>
        </test-method> <!-- tearDown -->
        <test-method is-config="true" signature="finish()[pri:0, instance:testCases.LoginPopUpTest@17f62e33]" started-at="2022-07-13T12:01:29 AMT" name="finish" finished-at="2022-07-13T12:01:29 AMT" duration-ms="0" status="PASS">
          <reporter-output>
          </reporter-output>
        </test-method> <!-- finish -->
      </class> <!-- testCases.LoginPopUpTest -->
    </test> <!-- testCases.LoginPopUpTest -->
  </suite> <!-- All Test Suite -->
</testng-results>
