<?xml version="1.0" encoding="UTF-8"?>
<testng-results ignored="0" total="21" passed="16" failed="5" skipped="0">
  <reporter-output>
  </reporter-output>
  <suite started-at="2022-07-08T16:54:15 AMT" name="Default Suite" finished-at="2022-07-08T17:03:54 AMT" duration-ms="578186">
    <groups>
    </groups>
    <test started-at="2022-07-08T16:54:15 AMT" name="craftBetAutomation" finished-at="2022-07-08T17:03:54 AMT" duration-ms="578186">
      <class name="testCases.LoginPopUpTest">
        <test-method is-config="true" signature="setup()[pri:0, instance:testCases.LoginPopUpTest@7526515b]" started-at="2022-07-08T16:54:16 AMT" name="setup" finished-at="2022-07-08T16:54:24 AMT" duration-ms="7897" status="PASS">
          <reporter-output>
          </reporter-output>
        </test-method> <!-- setup -->
        <test-method is-config="true" signature="goToLoginPopUp()[pri:0, instance:testCases.LoginPopUpTest@7526515b]" started-at="2022-07-08T16:54:24 AMT" name="goToLoginPopUp" finished-at="2022-07-08T16:54:25 AMT" duration-ms="914" status="PASS">
          <reporter-output>
          </reporter-output>
        </test-method> <!-- goToLoginPopUp -->
        <test-method signature="loginPopUpLabelsPresenceVerification_Test()[pri:1, instance:testCases.LoginPopUpTest@7526515b]" started-at="2022-07-08T16:54:25 AMT" name="loginPopUpLabelsPresenceVerification_Test" description="Validate on Log_in Pop Up Header, Email/mobile or username, Password, Remember me, You can Sign in with, Don&#039;t have an account? Sign Up, Don&#039;t have an account? Sign Up, Safe and Secure labels" finished-at="2022-07-08T16:54:25 AMT" duration-ms="360" status="PASS">
          <reporter-output>
          </reporter-output>
        </test-method> <!-- loginPopUpLabelsPresenceVerification_Test -->
        <test-method is-config="true" signature="tearDown()[pri:0, instance:testCases.LoginPopUpTest@7526515b]" started-at="2022-07-08T16:54:25 AMT" name="tearDown" finished-at="2022-07-08T16:54:26 AMT" duration-ms="561" status="PASS">
          <reporter-output>
          </reporter-output>
        </test-method> <!-- tearDown -->
        <test-method is-config="true" signature="setup()[pri:0, instance:testCases.LoginPopUpTest@7526515b]" started-at="2022-07-08T16:54:26 AMT" name="setup" finished-at="2022-07-08T16:54:30 AMT" duration-ms="4821" status="PASS">
          <reporter-output>
          </reporter-output>
        </test-method> <!-- setup -->
        <test-method is-config="true" signature="goToLoginPopUp()[pri:0, instance:testCases.LoginPopUpTest@7526515b]" started-at="2022-07-08T16:54:30 AMT" name="goToLoginPopUp" finished-at="2022-07-08T16:54:31 AMT" duration-ms="568" status="PASS">
          <reporter-output>
          </reporter-output>
        </test-method> <!-- goToLoginPopUp -->
        <test-method signature="loginPopUpLogoPresenceVerification_Test()[pri:2, instance:testCases.LoginPopUpTest@7526515b]" started-at="2022-07-08T16:54:31 AMT" name="loginPopUpLogoPresenceVerification_Test" description="Validate on Log_in Pop Up Logo Presence" finished-at="2022-07-08T16:54:31 AMT" duration-ms="34" status="PASS">
          <reporter-output>
          </reporter-output>
        </test-method> <!-- loginPopUpLogoPresenceVerification_Test -->
        <test-method is-config="true" signature="tearDown()[pri:0, instance:testCases.LoginPopUpTest@7526515b]" started-at="2022-07-08T16:54:31 AMT" name="tearDown" finished-at="2022-07-08T16:54:31 AMT" duration-ms="309" status="PASS">
          <reporter-output>
          </reporter-output>
        </test-method> <!-- tearDown -->
        <test-method is-config="true" signature="setup()[pri:0, instance:testCases.LoginPopUpTest@7526515b]" started-at="2022-07-08T16:54:31 AMT" name="setup" finished-at="2022-07-08T16:54:37 AMT" duration-ms="5773" status="PASS">
          <reporter-output>
          </reporter-output>
        </test-method> <!-- setup -->
        <test-method is-config="true" signature="goToLoginPopUp()[pri:0, instance:testCases.LoginPopUpTest@7526515b]" started-at="2022-07-08T16:54:37 AMT" name="goToLoginPopUp" finished-at="2022-07-08T16:54:38 AMT" duration-ms="504" status="PASS">
          <reporter-output>
          </reporter-output>
        </test-method> <!-- goToLoginPopUp -->
        <test-method signature="loginPopUpCloseButtonFunctionality_Test()[pri:3, instance:testCases.LoginPopUpTest@7526515b]" started-at="2022-07-08T16:54:38 AMT" name="loginPopUpCloseButtonFunctionality_Test" description="Validate on Log_in Pop Up Close (X) button functionality" finished-at="2022-07-08T16:54:38 AMT" duration-ms="667" status="PASS">
          <reporter-output>
          </reporter-output>
        </test-method> <!-- loginPopUpCloseButtonFunctionality_Test -->
        <test-method is-config="true" signature="tearDown()[pri:0, instance:testCases.LoginPopUpTest@7526515b]" started-at="2022-07-08T16:54:38 AMT" name="tearDown" finished-at="2022-07-08T16:54:39 AMT" duration-ms="379" status="PASS">
          <reporter-output>
          </reporter-output>
        </test-method> <!-- tearDown -->
        <test-method is-config="true" signature="setup()[pri:0, instance:testCases.LoginPopUpTest@7526515b]" started-at="2022-07-08T16:54:39 AMT" name="setup" finished-at="2022-07-08T16:54:44 AMT" duration-ms="5212" status="PASS">
          <reporter-output>
          </reporter-output>
        </test-method> <!-- setup -->
        <test-method is-config="true" signature="goToLoginPopUp()[pri:0, instance:testCases.LoginPopUpTest@7526515b]" started-at="2022-07-08T16:54:44 AMT" name="goToLoginPopUp" finished-at="2022-07-08T16:54:44 AMT" duration-ms="535" status="PASS">
          <reporter-output>
          </reporter-output>
        </test-method> <!-- goToLoginPopUp -->
        <test-method signature="loginPopUpEyeButtonFunctionality_Test()[pri:4, instance:testCases.LoginPopUpTest@7526515b]" started-at="2022-07-08T16:54:44 AMT" name="loginPopUpEyeButtonFunctionality_Test" description="Validate on Log_in Pop Up eye functionality" finished-at="2022-07-08T16:54:45 AMT" duration-ms="406" status="PASS">
          <reporter-output>
          </reporter-output>
        </test-method> <!-- loginPopUpEyeButtonFunctionality_Test -->
        <test-method is-config="true" signature="tearDown()[pri:0, instance:testCases.LoginPopUpTest@7526515b]" started-at="2022-07-08T16:54:45 AMT" name="tearDown" finished-at="2022-07-08T16:54:45 AMT" duration-ms="382" status="PASS">
          <reporter-output>
          </reporter-output>
        </test-method> <!-- tearDown -->
        <test-method is-config="true" signature="setup()[pri:0, instance:testCases.LoginPopUpTest@7526515b]" started-at="2022-07-08T16:54:45 AMT" name="setup" finished-at="2022-07-08T16:54:50 AMT" duration-ms="4988" status="PASS">
          <reporter-output>
          </reporter-output>
        </test-method> <!-- setup -->
        <test-method is-config="true" signature="goToLoginPopUp()[pri:0, instance:testCases.LoginPopUpTest@7526515b]" started-at="2022-07-08T16:54:50 AMT" name="goToLoginPopUp" finished-at="2022-07-08T16:54:51 AMT" duration-ms="513" status="PASS">
          <reporter-output>
          </reporter-output>
        </test-method> <!-- goToLoginPopUp -->
        <test-method signature="loginPopUpRememberMeLabelClickAbility_Test()[pri:5, instance:testCases.LoginPopUpTest@7526515b]" started-at="2022-07-08T16:54:51 AMT" name="loginPopUpRememberMeLabelClickAbility_Test" description="Validate on Log_in Pop Up Remember me label click-ability" finished-at="2022-07-08T16:54:51 AMT" duration-ms="283" status="PASS">
          <reporter-output>
          </reporter-output>
        </test-method> <!-- loginPopUpRememberMeLabelClickAbility_Test -->
        <test-method is-config="true" signature="tearDown()[pri:0, instance:testCases.LoginPopUpTest@7526515b]" started-at="2022-07-08T16:54:51 AMT" name="tearDown" finished-at="2022-07-08T16:54:51 AMT" duration-ms="347" status="PASS">
          <reporter-output>
          </reporter-output>
        </test-method> <!-- tearDown -->
        <test-method is-config="true" signature="setup()[pri:0, instance:testCases.LoginPopUpTest@7526515b]" started-at="2022-07-08T16:54:51 AMT" name="setup" finished-at="2022-07-08T16:54:57 AMT" duration-ms="5466" status="PASS">
          <reporter-output>
          </reporter-output>
        </test-method> <!-- setup -->
        <test-method is-config="true" signature="goToLoginPopUp()[pri:0, instance:testCases.LoginPopUpTest@7526515b]" started-at="2022-07-08T16:54:57 AMT" name="goToLoginPopUp" finished-at="2022-07-08T16:54:57 AMT" duration-ms="484" status="PASS">
          <reporter-output>
          </reporter-output>
        </test-method> <!-- goToLoginPopUp -->
        <test-method signature="loginPopUpCheckBoxClickAbility_Test()[pri:6, instance:testCases.LoginPopUpTest@7526515b]" started-at="2022-07-08T16:54:57 AMT" name="loginPopUpCheckBoxClickAbility_Test" description="Validate on Log_in Pop Up checkBox functionality" finished-at="2022-07-08T16:54:58 AMT" duration-ms="280" status="PASS">
          <reporter-output>
          </reporter-output>
        </test-method> <!-- loginPopUpCheckBoxClickAbility_Test -->
        <test-method is-config="true" signature="tearDown()[pri:0, instance:testCases.LoginPopUpTest@7526515b]" started-at="2022-07-08T16:54:58 AMT" name="tearDown" finished-at="2022-07-08T16:54:58 AMT" duration-ms="372" status="PASS">
          <reporter-output>
          </reporter-output>
        </test-method> <!-- tearDown -->
        <test-method is-config="true" signature="setup()[pri:0, instance:testCases.LoginPopUpTest@7526515b]" started-at="2022-07-08T16:54:58 AMT" name="setup" finished-at="2022-07-08T16:55:03 AMT" duration-ms="5144" status="PASS">
          <reporter-output>
          </reporter-output>
        </test-method> <!-- setup -->
        <test-method is-config="true" signature="goToLoginPopUp()[pri:0, instance:testCases.LoginPopUpTest@7526515b]" started-at="2022-07-08T16:55:03 AMT" name="goToLoginPopUp" finished-at="2022-07-08T16:55:04 AMT" duration-ms="585" status="PASS">
          <reporter-output>
          </reporter-output>
        </test-method> <!-- goToLoginPopUp -->
        <test-method signature="loginPopUpForgotPasswordLink_Test()[pri:7, instance:testCases.LoginPopUpTest@7526515b]" started-at="2022-07-08T16:55:04 AMT" name="loginPopUpForgotPasswordLink_Test" description="Validate on Log_in Pop Up Forgot password link functionality" finished-at="2022-07-08T16:55:04 AMT" duration-ms="162" status="PASS">
          <reporter-output>
          </reporter-output>
        </test-method> <!-- loginPopUpForgotPasswordLink_Test -->
        <test-method is-config="true" signature="tearDown()[pri:0, instance:testCases.LoginPopUpTest@7526515b]" started-at="2022-07-08T16:55:04 AMT" name="tearDown" finished-at="2022-07-08T16:55:04 AMT" duration-ms="407" status="PASS">
          <reporter-output>
          </reporter-output>
        </test-method> <!-- tearDown -->
        <test-method is-config="true" signature="setup()[pri:0, instance:testCases.LoginPopUpTest@7526515b]" started-at="2022-07-08T16:55:04 AMT" name="setup" finished-at="2022-07-08T16:55:09 AMT" duration-ms="4605" status="PASS">
          <reporter-output>
          </reporter-output>
        </test-method> <!-- setup -->
        <test-method is-config="true" signature="goToLoginPopUp()[pri:0, instance:testCases.LoginPopUpTest@7526515b]" started-at="2022-07-08T16:55:09 AMT" name="goToLoginPopUp" finished-at="2022-07-08T16:55:10 AMT" duration-ms="489" status="PASS">
          <reporter-output>
          </reporter-output>
        </test-method> <!-- goToLoginPopUp -->
        <test-method signature="loginPopUpSignUpLink_Test()[pri:8, instance:testCases.LoginPopUpTest@7526515b]" started-at="2022-07-08T16:55:10 AMT" name="loginPopUpSignUpLink_Test" description="Validate on Log_in Pop Up SignUp link functionality" finished-at="2022-07-08T16:55:10 AMT" duration-ms="213" status="PASS">
          <reporter-output>
          </reporter-output>
        </test-method> <!-- loginPopUpSignUpLink_Test -->
        <test-method is-config="true" signature="tearDown()[pri:0, instance:testCases.LoginPopUpTest@7526515b]" started-at="2022-07-08T16:55:10 AMT" name="tearDown" finished-at="2022-07-08T16:55:10 AMT" duration-ms="436" status="PASS">
          <reporter-output>
          </reporter-output>
        </test-method> <!-- tearDown -->
        <test-method is-config="true" signature="setup()[pri:0, instance:testCases.LoginPopUpTest@7526515b]" started-at="2022-07-08T16:55:10 AMT" name="setup" finished-at="2022-07-08T16:55:15 AMT" duration-ms="4586" status="PASS">
          <reporter-output>
          </reporter-output>
        </test-method> <!-- setup -->
        <test-method is-config="true" signature="goToLoginPopUp()[pri:0, instance:testCases.LoginPopUpTest@7526515b]" started-at="2022-07-08T16:55:15 AMT" name="goToLoginPopUp" finished-at="2022-07-08T16:55:15 AMT" duration-ms="555" status="PASS">
          <reporter-output>
          </reporter-output>
        </test-method> <!-- goToLoginPopUp -->
        <test-method signature="loginPopUpLogInPositiveTest()[pri:9, instance:testCases.LoginPopUpTest@7526515b]" started-at="2022-07-08T16:55:15 AMT" name="loginPopUpLogInPositiveTest" description="Validate on Log_in Pop Up Log_In functionality with valid credentials" finished-at="2022-07-08T16:55:18 AMT" duration-ms="2352" status="PASS">
          <reporter-output>
          </reporter-output>
        </test-method> <!-- loginPopUpLogInPositiveTest -->
        <test-method is-config="true" signature="tearDown()[pri:0, instance:testCases.LoginPopUpTest@7526515b]" started-at="2022-07-08T16:55:18 AMT" name="tearDown" finished-at="2022-07-08T16:55:18 AMT" duration-ms="327" status="PASS">
          <reporter-output>
          </reporter-output>
        </test-method> <!-- tearDown -->
        <test-method is-config="true" signature="setup()[pri:0, instance:testCases.LoginPopUpTest@7526515b]" started-at="2022-07-08T16:55:18 AMT" name="setup" finished-at="2022-07-08T16:55:23 AMT" duration-ms="4631" status="PASS">
          <reporter-output>
          </reporter-output>
        </test-method> <!-- setup -->
        <test-method is-config="true" signature="goToLoginPopUp()[pri:0, instance:testCases.LoginPopUpTest@7526515b]" started-at="2022-07-08T16:55:23 AMT" name="goToLoginPopUp" finished-at="2022-07-08T16:55:23 AMT" duration-ms="474" status="PASS">
          <reporter-output>
          </reporter-output>
        </test-method> <!-- goToLoginPopUp -->
        <test-method signature="loginPopUpLogInNegativeTest(java.lang.String,java.lang.String)[pri:10, instance:testCases.LoginPopUpTest@7526515b]" started-at="2022-07-08T16:55:23 AMT" name="loginPopUpLogInNegativeTest" description="Validate on Log_in Pop Up Log_In functionality with invalid data" data-provider="invalidLoginData" finished-at="2022-07-08T16:56:24 AMT" duration-ms="60407" status="PASS">
          <params>
            <param index="0">
              <value>
                <![CDATA[U1630370]]>
              </value>
            </param>
            <param index="1">
              <value>
                <![CDATA[N3 HU3]]>
              </value>
            </param>
          </params>
          <reporter-output>
          </reporter-output>
        </test-method> <!-- loginPopUpLogInNegativeTest -->
        <test-method is-config="true" signature="tearDown()[pri:0, instance:testCases.LoginPopUpTest@7526515b]" started-at="2022-07-08T16:56:24 AMT" name="tearDown" finished-at="2022-07-08T16:56:24 AMT" duration-ms="404" status="PASS">
          <reporter-output>
          </reporter-output>
        </test-method> <!-- tearDown -->
        <test-method is-config="true" signature="setup()[pri:0, instance:testCases.LoginPopUpTest@7526515b]" started-at="2022-07-08T16:56:24 AMT" name="setup" finished-at="2022-07-08T16:56:29 AMT" duration-ms="5174" status="PASS">
          <reporter-output>
          </reporter-output>
        </test-method> <!-- setup -->
        <test-method is-config="true" signature="goToLoginPopUp()[pri:0, instance:testCases.LoginPopUpTest@7526515b]" started-at="2022-07-08T16:56:29 AMT" name="goToLoginPopUp" finished-at="2022-07-08T16:56:30 AMT" duration-ms="500" status="PASS">
          <reporter-output>
          </reporter-output>
        </test-method> <!-- goToLoginPopUp -->
        <test-method signature="loginPopUpLogInNegativeTest(java.lang.String,java.lang.String)[pri:10, instance:testCases.LoginPopUpTest@7526515b]" started-at="2022-07-08T16:56:30 AMT" name="loginPopUpLogInNegativeTest" description="Validate on Log_in Pop Up Log_In functionality with invalid data" data-provider="invalidLoginData" finished-at="2022-07-08T16:56:31 AMT" duration-ms="1783" status="FAIL">
          <params>
            <param index="0">
              <value>
                <![CDATA[U1630370]]>
              </value>
            </param>
            <param index="1">
              <value>
                <![CDATA[N3HU3 ]]>
              </value>
            </param>
          </params>
          <exception class="java.lang.AssertionError">
            <message>
              <![CDATA[expected [false] but found [true]]]>
            </message>
            <full-stacktrace>
              <![CDATA[java.lang.AssertionError: expected [false] but found [true]
at org.testng.Assert.fail(Assert.java:110)
at org.testng.Assert.failNotEquals(Assert.java:1413)
at org.testng.Assert.assertEqualsImpl(Assert.java:149)
at org.testng.Assert.assertEquals(Assert.java:131)
at org.testng.Assert.assertEquals(Assert.java:976)
at org.testng.Assert.assertEquals(Assert.java:1010)
at testCases.LoginPopUpTest.loginPopUpLogInNegativeTest(LoginPopUpTest.java:191)
at java.base/jdk.internal.reflect.NativeMethodAccessorImpl.invoke0(Native Method)
at java.base/jdk.internal.reflect.NativeMethodAccessorImpl.invoke(NativeMethodAccessorImpl.java:77)
at java.base/jdk.internal.reflect.DelegatingMethodAccessorImpl.invoke(DelegatingMethodAccessorImpl.java:43)
at java.base/java.lang.reflect.Method.invoke(Method.java:568)
at org.testng.internal.invokers.MethodInvocationHelper.invokeMethod(MethodInvocationHelper.java:139)
at org.testng.internal.invokers.TestInvoker.invokeMethod(TestInvoker.java:677)
at org.testng.internal.invokers.TestInvoker.invokeTestMethod(TestInvoker.java:221)
at org.testng.internal.invokers.MethodRunner.runInSequence(MethodRunner.java:50)
at org.testng.internal.invokers.TestInvoker$MethodInvocationAgent.invoke(TestInvoker.java:962)
at org.testng.internal.invokers.TestInvoker.invokeTestMethods(TestInvoker.java:194)
at org.testng.internal.invokers.TestMethodWorker.invokeTestMethods(TestMethodWorker.java:148)
at org.testng.internal.invokers.TestMethodWorker.run(TestMethodWorker.java:128)
at java.base/java.util.ArrayList.forEach(ArrayList.java:1511)
at org.testng.TestRunner.privateRun(TestRunner.java:806)
at org.testng.TestRunner.run(TestRunner.java:601)
at org.testng.SuiteRunner.runTest(SuiteRunner.java:433)
at org.testng.SuiteRunner.runSequentially(SuiteRunner.java:427)
at org.testng.SuiteRunner.privateRun(SuiteRunner.java:387)
at org.testng.SuiteRunner.run(SuiteRunner.java:330)
at org.testng.SuiteRunnerWorker.runSuite(SuiteRunnerWorker.java:52)
at org.testng.SuiteRunnerWorker.run(SuiteRunnerWorker.java:95)
at org.testng.TestNG.runSuitesSequentially(TestNG.java:1256)
at org.testng.TestNG.runSuitesLocally(TestNG.java:1176)
at org.testng.TestNG.runSuites(TestNG.java:1099)
at org.testng.TestNG.run(TestNG.java:1067)
at com.intellij.rt.testng.IDEARemoteTestNG.run(IDEARemoteTestNG.java:66)
at com.intellij.rt.testng.RemoteTestNGStarter.main(RemoteTestNGStarter.java:109)
]]>
            </full-stacktrace>
          </exception> <!-- java.lang.AssertionError -->
          <reporter-output>
          </reporter-output>
        </test-method> <!-- loginPopUpLogInNegativeTest -->
        <test-method is-config="true" signature="tearDown()[pri:0, instance:testCases.LoginPopUpTest@7526515b]" started-at="2022-07-08T16:56:33 AMT" name="tearDown" finished-at="2022-07-08T16:56:33 AMT" duration-ms="318" status="PASS">
          <reporter-output>
          </reporter-output>
        </test-method> <!-- tearDown -->
        <test-method is-config="true" signature="setup()[pri:0, instance:testCases.LoginPopUpTest@7526515b]" started-at="2022-07-08T16:56:33 AMT" name="setup" finished-at="2022-07-08T16:56:38 AMT" duration-ms="4675" status="PASS">
          <reporter-output>
          </reporter-output>
        </test-method> <!-- setup -->
        <test-method is-config="true" signature="goToLoginPopUp()[pri:0, instance:testCases.LoginPopUpTest@7526515b]" started-at="2022-07-08T16:56:38 AMT" name="goToLoginPopUp" finished-at="2022-07-08T16:56:39 AMT" duration-ms="524" status="PASS">
          <reporter-output>
          </reporter-output>
        </test-method> <!-- goToLoginPopUp -->
        <test-method signature="loginPopUpLogInNegativeTest(java.lang.String,java.lang.String)[pri:10, instance:testCases.LoginPopUpTest@7526515b]" started-at="2022-07-08T16:56:39 AMT" name="loginPopUpLogInNegativeTest" description="Validate on Log_in Pop Up Log_In functionality with invalid data" data-provider="invalidLoginData" finished-at="2022-07-08T16:56:40 AMT" duration-ms="1756" status="FAIL">
          <params>
            <param index="0">
              <value>
                <![CDATA[U1630370]]>
              </value>
            </param>
            <param index="1">
              <value>
                <![CDATA[ N3HU3]]>
              </value>
            </param>
          </params>
          <exception class="java.lang.AssertionError">
            <message>
              <![CDATA[expected [false] but found [true]]]>
            </message>
            <full-stacktrace>
              <![CDATA[java.lang.AssertionError: expected [false] but found [true]
at org.testng.Assert.fail(Assert.java:110)
at org.testng.Assert.failNotEquals(Assert.java:1413)
at org.testng.Assert.assertEqualsImpl(Assert.java:149)
at org.testng.Assert.assertEquals(Assert.java:131)
at org.testng.Assert.assertEquals(Assert.java:976)
at org.testng.Assert.assertEquals(Assert.java:1010)
at testCases.LoginPopUpTest.loginPopUpLogInNegativeTest(LoginPopUpTest.java:191)
at java.base/jdk.internal.reflect.NativeMethodAccessorImpl.invoke0(Native Method)
at java.base/jdk.internal.reflect.NativeMethodAccessorImpl.invoke(NativeMethodAccessorImpl.java:77)
at java.base/jdk.internal.reflect.DelegatingMethodAccessorImpl.invoke(DelegatingMethodAccessorImpl.java:43)
at java.base/java.lang.reflect.Method.invoke(Method.java:568)
at org.testng.internal.invokers.MethodInvocationHelper.invokeMethod(MethodInvocationHelper.java:139)
at org.testng.internal.invokers.TestInvoker.invokeMethod(TestInvoker.java:677)
at org.testng.internal.invokers.TestInvoker.invokeTestMethod(TestInvoker.java:221)
at org.testng.internal.invokers.MethodRunner.runInSequence(MethodRunner.java:50)
at org.testng.internal.invokers.TestInvoker$MethodInvocationAgent.invoke(TestInvoker.java:962)
at org.testng.internal.invokers.TestInvoker.invokeTestMethods(TestInvoker.java:194)
at org.testng.internal.invokers.TestMethodWorker.invokeTestMethods(TestMethodWorker.java:148)
at org.testng.internal.invokers.TestMethodWorker.run(TestMethodWorker.java:128)
at java.base/java.util.ArrayList.forEach(ArrayList.java:1511)
at org.testng.TestRunner.privateRun(TestRunner.java:806)
at org.testng.TestRunner.run(TestRunner.java:601)
at org.testng.SuiteRunner.runTest(SuiteRunner.java:433)
at org.testng.SuiteRunner.runSequentially(SuiteRunner.java:427)
at org.testng.SuiteRunner.privateRun(SuiteRunner.java:387)
at org.testng.SuiteRunner.run(SuiteRunner.java:330)
at org.testng.SuiteRunnerWorker.runSuite(SuiteRunnerWorker.java:52)
at org.testng.SuiteRunnerWorker.run(SuiteRunnerWorker.java:95)
at org.testng.TestNG.runSuitesSequentially(TestNG.java:1256)
at org.testng.TestNG.runSuitesLocally(TestNG.java:1176)
at org.testng.TestNG.runSuites(TestNG.java:1099)
at org.testng.TestNG.run(TestNG.java:1067)
at com.intellij.rt.testng.IDEARemoteTestNG.run(IDEARemoteTestNG.java:66)
at com.intellij.rt.testng.RemoteTestNGStarter.main(RemoteTestNGStarter.java:109)
]]>
            </full-stacktrace>
          </exception> <!-- java.lang.AssertionError -->
          <reporter-output>
          </reporter-output>
        </test-method> <!-- loginPopUpLogInNegativeTest -->
        <test-method is-config="true" signature="tearDown()[pri:0, instance:testCases.LoginPopUpTest@7526515b]" started-at="2022-07-08T16:56:41 AMT" name="tearDown" finished-at="2022-07-08T16:56:42 AMT" duration-ms="318" status="PASS">
          <reporter-output>
          </reporter-output>
        </test-method> <!-- tearDown -->
        <test-method is-config="true" signature="setup()[pri:0, instance:testCases.LoginPopUpTest@7526515b]" started-at="2022-07-08T16:56:42 AMT" name="setup" finished-at="2022-07-08T16:56:47 AMT" duration-ms="5102" status="PASS">
          <reporter-output>
          </reporter-output>
        </test-method> <!-- setup -->
        <test-method is-config="true" signature="goToLoginPopUp()[pri:0, instance:testCases.LoginPopUpTest@7526515b]" started-at="2022-07-08T16:56:47 AMT" name="goToLoginPopUp" finished-at="2022-07-08T16:56:47 AMT" duration-ms="604" status="PASS">
          <reporter-output>
          </reporter-output>
        </test-method> <!-- goToLoginPopUp -->
        <test-method signature="loginPopUpLogInNegativeTest(java.lang.String,java.lang.String)[pri:10, instance:testCases.LoginPopUpTest@7526515b]" started-at="2022-07-08T16:56:47 AMT" name="loginPopUpLogInNegativeTest" description="Validate on Log_in Pop Up Log_In functionality with invalid data" data-provider="invalidLoginData" finished-at="2022-07-08T16:57:48 AMT" duration-ms="60491" status="PASS">
          <params>
            <param index="0">
              <value>
                <![CDATA[U1630370]]>
              </value>
            </param>
            <param index="1">
              <value>
                <![CDATA[     ]]>
              </value>
            </param>
          </params>
          <reporter-output>
          </reporter-output>
        </test-method> <!-- loginPopUpLogInNegativeTest -->
        <test-method is-config="true" signature="tearDown()[pri:0, instance:testCases.LoginPopUpTest@7526515b]" started-at="2022-07-08T16:57:48 AMT" name="tearDown" finished-at="2022-07-08T16:57:49 AMT" duration-ms="1188" status="PASS">
          <reporter-output>
          </reporter-output>
        </test-method> <!-- tearDown -->
        <test-method is-config="true" signature="setup()[pri:0, instance:testCases.LoginPopUpTest@7526515b]" started-at="2022-07-08T16:57:49 AMT" name="setup" finished-at="2022-07-08T16:57:54 AMT" duration-ms="4504" status="PASS">
          <reporter-output>
          </reporter-output>
        </test-method> <!-- setup -->
        <test-method is-config="true" signature="goToLoginPopUp()[pri:0, instance:testCases.LoginPopUpTest@7526515b]" started-at="2022-07-08T16:57:54 AMT" name="goToLoginPopUp" finished-at="2022-07-08T16:57:54 AMT" duration-ms="438" status="PASS">
          <reporter-output>
          </reporter-output>
        </test-method> <!-- goToLoginPopUp -->
        <test-method signature="loginPopUpLogInNegativeTest(java.lang.String,java.lang.String)[pri:10, instance:testCases.LoginPopUpTest@7526515b]" started-at="2022-07-08T16:57:54 AMT" name="loginPopUpLogInNegativeTest" description="Validate on Log_in Pop Up Log_In functionality with invalid data" data-provider="invalidLoginData" finished-at="2022-07-08T16:58:54 AMT" duration-ms="60365" status="PASS">
          <params>
            <param index="0">
              <value>
                <![CDATA[U1630370]]>
              </value>
            </param>
            <param index="1">
              <value>
                <![CDATA[?N3HU3]]>
              </value>
            </param>
          </params>
          <reporter-output>
          </reporter-output>
        </test-method> <!-- loginPopUpLogInNegativeTest -->
        <test-method is-config="true" signature="tearDown()[pri:0, instance:testCases.LoginPopUpTest@7526515b]" started-at="2022-07-08T16:58:54 AMT" name="tearDown" finished-at="2022-07-08T16:58:55 AMT" duration-ms="440" status="PASS">
          <reporter-output>
          </reporter-output>
        </test-method> <!-- tearDown -->
        <test-method is-config="true" signature="setup()[pri:0, instance:testCases.LoginPopUpTest@7526515b]" started-at="2022-07-08T16:58:55 AMT" name="setup" finished-at="2022-07-08T16:59:00 AMT" duration-ms="5037" status="PASS">
          <reporter-output>
          </reporter-output>
        </test-method> <!-- setup -->
        <test-method is-config="true" signature="goToLoginPopUp()[pri:0, instance:testCases.LoginPopUpTest@7526515b]" started-at="2022-07-08T16:59:00 AMT" name="goToLoginPopUp" finished-at="2022-07-08T16:59:00 AMT" duration-ms="552" status="PASS">
          <reporter-output>
          </reporter-output>
        </test-method> <!-- goToLoginPopUp -->
        <test-method signature="loginPopUpLogInNegativeTest(java.lang.String,java.lang.String)[pri:10, instance:testCases.LoginPopUpTest@7526515b]" started-at="2022-07-08T16:59:00 AMT" name="loginPopUpLogInNegativeTest" description="Validate on Log_in Pop Up Log_In functionality with invalid data" data-provider="invalidLoginData" finished-at="2022-07-08T16:59:04 AMT" duration-ms="3811" status="FAIL">
          <params>
            <param index="0">
              <value>
                <![CDATA[U1630370 ]]>
              </value>
            </param>
            <param index="1">
              <value>
                <![CDATA[N3HU3]]>
              </value>
            </param>
          </params>
          <exception class="java.lang.AssertionError">
            <message>
              <![CDATA[expected [false] but found [true]]]>
            </message>
            <full-stacktrace>
              <![CDATA[java.lang.AssertionError: expected [false] but found [true]
at org.testng.Assert.fail(Assert.java:110)
at org.testng.Assert.failNotEquals(Assert.java:1413)
at org.testng.Assert.assertEqualsImpl(Assert.java:149)
at org.testng.Assert.assertEquals(Assert.java:131)
at org.testng.Assert.assertEquals(Assert.java:976)
at org.testng.Assert.assertEquals(Assert.java:1010)
at testCases.LoginPopUpTest.loginPopUpLogInNegativeTest(LoginPopUpTest.java:191)
at java.base/jdk.internal.reflect.NativeMethodAccessorImpl.invoke0(Native Method)
at java.base/jdk.internal.reflect.NativeMethodAccessorImpl.invoke(NativeMethodAccessorImpl.java:77)
at java.base/jdk.internal.reflect.DelegatingMethodAccessorImpl.invoke(DelegatingMethodAccessorImpl.java:43)
at java.base/java.lang.reflect.Method.invoke(Method.java:568)
at org.testng.internal.invokers.MethodInvocationHelper.invokeMethod(MethodInvocationHelper.java:139)
at org.testng.internal.invokers.TestInvoker.invokeMethod(TestInvoker.java:677)
at org.testng.internal.invokers.TestInvoker.invokeTestMethod(TestInvoker.java:221)
at org.testng.internal.invokers.MethodRunner.runInSequence(MethodRunner.java:50)
at org.testng.internal.invokers.TestInvoker$MethodInvocationAgent.invoke(TestInvoker.java:962)
at org.testng.internal.invokers.TestInvoker.invokeTestMethods(TestInvoker.java:194)
at org.testng.internal.invokers.TestMethodWorker.invokeTestMethods(TestMethodWorker.java:148)
at org.testng.internal.invokers.TestMethodWorker.run(TestMethodWorker.java:128)
at java.base/java.util.ArrayList.forEach(ArrayList.java:1511)
at org.testng.TestRunner.privateRun(TestRunner.java:806)
at org.testng.TestRunner.run(TestRunner.java:601)
at org.testng.SuiteRunner.runTest(SuiteRunner.java:433)
at org.testng.SuiteRunner.runSequentially(SuiteRunner.java:427)
at org.testng.SuiteRunner.privateRun(SuiteRunner.java:387)
at org.testng.SuiteRunner.run(SuiteRunner.java:330)
at org.testng.SuiteRunnerWorker.runSuite(SuiteRunnerWorker.java:52)
at org.testng.SuiteRunnerWorker.run(SuiteRunnerWorker.java:95)
at org.testng.TestNG.runSuitesSequentially(TestNG.java:1256)
at org.testng.TestNG.runSuitesLocally(TestNG.java:1176)
at org.testng.TestNG.runSuites(TestNG.java:1099)
at org.testng.TestNG.run(TestNG.java:1067)
at com.intellij.rt.testng.IDEARemoteTestNG.run(IDEARemoteTestNG.java:66)
at com.intellij.rt.testng.RemoteTestNGStarter.main(RemoteTestNGStarter.java:109)
]]>
            </full-stacktrace>
          </exception> <!-- java.lang.AssertionError -->
          <reporter-output>
          </reporter-output>
        </test-method> <!-- loginPopUpLogInNegativeTest -->
        <test-method is-config="true" signature="tearDown()[pri:0, instance:testCases.LoginPopUpTest@7526515b]" started-at="2022-07-08T16:59:05 AMT" name="tearDown" finished-at="2022-07-08T16:59:05 AMT" duration-ms="313" status="PASS">
          <reporter-output>
          </reporter-output>
        </test-method> <!-- tearDown -->
        <test-method is-config="true" signature="setup()[pri:0, instance:testCases.LoginPopUpTest@7526515b]" started-at="2022-07-08T16:59:05 AMT" name="setup" finished-at="2022-07-08T16:59:11 AMT" duration-ms="5924" status="PASS">
          <reporter-output>
          </reporter-output>
        </test-method> <!-- setup -->
        <test-method is-config="true" signature="goToLoginPopUp()[pri:0, instance:testCases.LoginPopUpTest@7526515b]" started-at="2022-07-08T16:59:11 AMT" name="goToLoginPopUp" finished-at="2022-07-08T16:59:11 AMT" duration-ms="403" status="PASS">
          <reporter-output>
          </reporter-output>
        </test-method> <!-- goToLoginPopUp -->
        <test-method signature="loginPopUpLogInNegativeTest(java.lang.String,java.lang.String)[pri:10, instance:testCases.LoginPopUpTest@7526515b]" started-at="2022-07-08T16:59:11 AMT" name="loginPopUpLogInNegativeTest" description="Validate on Log_in Pop Up Log_In functionality with invalid data" data-provider="invalidLoginData" finished-at="2022-07-08T16:59:13 AMT" duration-ms="1856" status="FAIL">
          <params>
            <param index="0">
              <value>
                <![CDATA[U163 0370]]>
              </value>
            </param>
            <param index="1">
              <value>
                <![CDATA[N3HU3]]>
              </value>
            </param>
          </params>
          <exception class="java.lang.AssertionError">
            <message>
              <![CDATA[expected [false] but found [true]]]>
            </message>
            <full-stacktrace>
              <![CDATA[java.lang.AssertionError: expected [false] but found [true]
at org.testng.Assert.fail(Assert.java:110)
at org.testng.Assert.failNotEquals(Assert.java:1413)
at org.testng.Assert.assertEqualsImpl(Assert.java:149)
at org.testng.Assert.assertEquals(Assert.java:131)
at org.testng.Assert.assertEquals(Assert.java:976)
at org.testng.Assert.assertEquals(Assert.java:1010)
at testCases.LoginPopUpTest.loginPopUpLogInNegativeTest(LoginPopUpTest.java:191)
at java.base/jdk.internal.reflect.NativeMethodAccessorImpl.invoke0(Native Method)
at java.base/jdk.internal.reflect.NativeMethodAccessorImpl.invoke(NativeMethodAccessorImpl.java:77)
at java.base/jdk.internal.reflect.DelegatingMethodAccessorImpl.invoke(DelegatingMethodAccessorImpl.java:43)
at java.base/java.lang.reflect.Method.invoke(Method.java:568)
at org.testng.internal.invokers.MethodInvocationHelper.invokeMethod(MethodInvocationHelper.java:139)
at org.testng.internal.invokers.TestInvoker.invokeMethod(TestInvoker.java:677)
at org.testng.internal.invokers.TestInvoker.invokeTestMethod(TestInvoker.java:221)
at org.testng.internal.invokers.MethodRunner.runInSequence(MethodRunner.java:50)
at org.testng.internal.invokers.TestInvoker$MethodInvocationAgent.invoke(TestInvoker.java:962)
at org.testng.internal.invokers.TestInvoker.invokeTestMethods(TestInvoker.java:194)
at org.testng.internal.invokers.TestMethodWorker.invokeTestMethods(TestMethodWorker.java:148)
at org.testng.internal.invokers.TestMethodWorker.run(TestMethodWorker.java:128)
at java.base/java.util.ArrayList.forEach(ArrayList.java:1511)
at org.testng.TestRunner.privateRun(TestRunner.java:806)
at org.testng.TestRunner.run(TestRunner.java:601)
at org.testng.SuiteRunner.runTest(SuiteRunner.java:433)
at org.testng.SuiteRunner.runSequentially(SuiteRunner.java:427)
at org.testng.SuiteRunner.privateRun(SuiteRunner.java:387)
at org.testng.SuiteRunner.run(SuiteRunner.java:330)
at org.testng.SuiteRunnerWorker.runSuite(SuiteRunnerWorker.java:52)
at org.testng.SuiteRunnerWorker.run(SuiteRunnerWorker.java:95)
at org.testng.TestNG.runSuitesSequentially(TestNG.java:1256)
at org.testng.TestNG.runSuitesLocally(TestNG.java:1176)
at org.testng.TestNG.runSuites(TestNG.java:1099)
at org.testng.TestNG.run(TestNG.java:1067)
at com.intellij.rt.testng.IDEARemoteTestNG.run(IDEARemoteTestNG.java:66)
at com.intellij.rt.testng.RemoteTestNGStarter.main(RemoteTestNGStarter.java:109)
]]>
            </full-stacktrace>
          </exception> <!-- java.lang.AssertionError -->
          <reporter-output>
          </reporter-output>
        </test-method> <!-- loginPopUpLogInNegativeTest -->
        <test-method is-config="true" signature="tearDown()[pri:0, instance:testCases.LoginPopUpTest@7526515b]" started-at="2022-07-08T16:59:14 AMT" name="tearDown" finished-at="2022-07-08T16:59:14 AMT" duration-ms="302" status="PASS">
          <reporter-output>
          </reporter-output>
        </test-method> <!-- tearDown -->
        <test-method is-config="true" signature="setup()[pri:0, instance:testCases.LoginPopUpTest@7526515b]" started-at="2022-07-08T16:59:14 AMT" name="setup" finished-at="2022-07-08T16:59:19 AMT" duration-ms="4597" status="PASS">
          <reporter-output>
          </reporter-output>
        </test-method> <!-- setup -->
        <test-method is-config="true" signature="goToLoginPopUp()[pri:0, instance:testCases.LoginPopUpTest@7526515b]" started-at="2022-07-08T16:59:19 AMT" name="goToLoginPopUp" finished-at="2022-07-08T16:59:20 AMT" duration-ms="499" status="PASS">
          <reporter-output>
          </reporter-output>
        </test-method> <!-- goToLoginPopUp -->
        <test-method signature="loginPopUpLogInNegativeTest(java.lang.String,java.lang.String)[pri:10, instance:testCases.LoginPopUpTest@7526515b]" started-at="2022-07-08T16:59:20 AMT" name="loginPopUpLogInNegativeTest" description="Validate on Log_in Pop Up Log_In functionality with invalid data" data-provider="invalidLoginData" finished-at="2022-07-08T16:59:21 AMT" duration-ms="1665" status="FAIL">
          <params>
            <param index="0">
              <value>
                <![CDATA[ U1630370]]>
              </value>
            </param>
            <param index="1">
              <value>
                <![CDATA[N3HU3]]>
              </value>
            </param>
          </params>
          <exception class="java.lang.AssertionError">
            <message>
              <![CDATA[expected [false] but found [true]]]>
            </message>
            <full-stacktrace>
              <![CDATA[java.lang.AssertionError: expected [false] but found [true]
at org.testng.Assert.fail(Assert.java:110)
at org.testng.Assert.failNotEquals(Assert.java:1413)
at org.testng.Assert.assertEqualsImpl(Assert.java:149)
at org.testng.Assert.assertEquals(Assert.java:131)
at org.testng.Assert.assertEquals(Assert.java:976)
at org.testng.Assert.assertEquals(Assert.java:1010)
at testCases.LoginPopUpTest.loginPopUpLogInNegativeTest(LoginPopUpTest.java:191)
at java.base/jdk.internal.reflect.NativeMethodAccessorImpl.invoke0(Native Method)
at java.base/jdk.internal.reflect.NativeMethodAccessorImpl.invoke(NativeMethodAccessorImpl.java:77)
at java.base/jdk.internal.reflect.DelegatingMethodAccessorImpl.invoke(DelegatingMethodAccessorImpl.java:43)
at java.base/java.lang.reflect.Method.invoke(Method.java:568)
at org.testng.internal.invokers.MethodInvocationHelper.invokeMethod(MethodInvocationHelper.java:139)
at org.testng.internal.invokers.TestInvoker.invokeMethod(TestInvoker.java:677)
at org.testng.internal.invokers.TestInvoker.invokeTestMethod(TestInvoker.java:221)
at org.testng.internal.invokers.MethodRunner.runInSequence(MethodRunner.java:50)
at org.testng.internal.invokers.TestInvoker$MethodInvocationAgent.invoke(TestInvoker.java:962)
at org.testng.internal.invokers.TestInvoker.invokeTestMethods(TestInvoker.java:194)
at org.testng.internal.invokers.TestMethodWorker.invokeTestMethods(TestMethodWorker.java:148)
at org.testng.internal.invokers.TestMethodWorker.run(TestMethodWorker.java:128)
at java.base/java.util.ArrayList.forEach(ArrayList.java:1511)
at org.testng.TestRunner.privateRun(TestRunner.java:806)
at org.testng.TestRunner.run(TestRunner.java:601)
at org.testng.SuiteRunner.runTest(SuiteRunner.java:433)
at org.testng.SuiteRunner.runSequentially(SuiteRunner.java:427)
at org.testng.SuiteRunner.privateRun(SuiteRunner.java:387)
at org.testng.SuiteRunner.run(SuiteRunner.java:330)
at org.testng.SuiteRunnerWorker.runSuite(SuiteRunnerWorker.java:52)
at org.testng.SuiteRunnerWorker.run(SuiteRunnerWorker.java:95)
at org.testng.TestNG.runSuitesSequentially(TestNG.java:1256)
at org.testng.TestNG.runSuitesLocally(TestNG.java:1176)
at org.testng.TestNG.runSuites(TestNG.java:1099)
at org.testng.TestNG.run(TestNG.java:1067)
at com.intellij.rt.testng.IDEARemoteTestNG.run(IDEARemoteTestNG.java:66)
at com.intellij.rt.testng.RemoteTestNGStarter.main(RemoteTestNGStarter.java:109)
]]>
            </full-stacktrace>
          </exception> <!-- java.lang.AssertionError -->
          <reporter-output>
          </reporter-output>
        </test-method> <!-- loginPopUpLogInNegativeTest -->
        <test-method is-config="true" signature="tearDown()[pri:0, instance:testCases.LoginPopUpTest@7526515b]" started-at="2022-07-08T16:59:22 AMT" name="tearDown" finished-at="2022-07-08T16:59:23 AMT" duration-ms="322" status="PASS">
          <reporter-output>
          </reporter-output>
        </test-method> <!-- tearDown -->
        <test-method is-config="true" signature="setup()[pri:0, instance:testCases.LoginPopUpTest@7526515b]" started-at="2022-07-08T16:59:23 AMT" name="setup" finished-at="2022-07-08T16:59:27 AMT" duration-ms="4733" status="PASS">
          <reporter-output>
          </reporter-output>
        </test-method> <!-- setup -->
        <test-method is-config="true" signature="goToLoginPopUp()[pri:0, instance:testCases.LoginPopUpTest@7526515b]" started-at="2022-07-08T16:59:27 AMT" name="goToLoginPopUp" finished-at="2022-07-08T16:59:28 AMT" duration-ms="417" status="PASS">
          <reporter-output>
          </reporter-output>
        </test-method> <!-- goToLoginPopUp -->
        <test-method signature="loginPopUpLogInNegativeTest(java.lang.String,java.lang.String)[pri:10, instance:testCases.LoginPopUpTest@7526515b]" started-at="2022-07-08T16:59:28 AMT" name="loginPopUpLogInNegativeTest" description="Validate on Log_in Pop Up Log_In functionality with invalid data" data-provider="invalidLoginData" finished-at="2022-07-08T17:02:28 AMT" duration-ms="180405" status="PASS">
          <params>
            <param index="0">
              <value>
                <![CDATA[        ]]>
              </value>
            </param>
            <param index="1">
              <value>
                <![CDATA[N3HU3]]>
              </value>
            </param>
          </params>
          <reporter-output>
          </reporter-output>
        </test-method> <!-- loginPopUpLogInNegativeTest -->
        <test-method is-config="true" signature="tearDown()[pri:0, instance:testCases.LoginPopUpTest@7526515b]" started-at="2022-07-08T17:02:28 AMT" name="tearDown" finished-at="2022-07-08T17:02:29 AMT" duration-ms="497" status="PASS">
          <reporter-output>
          </reporter-output>
        </test-method> <!-- tearDown -->
        <test-method is-config="true" signature="setup()[pri:0, instance:testCases.LoginPopUpTest@7526515b]" started-at="2022-07-08T17:02:29 AMT" name="setup" finished-at="2022-07-08T17:02:34 AMT" duration-ms="5568" status="PASS">
          <reporter-output>
          </reporter-output>
        </test-method> <!-- setup -->
        <test-method is-config="true" signature="goToLoginPopUp()[pri:0, instance:testCases.LoginPopUpTest@7526515b]" started-at="2022-07-08T17:02:34 AMT" name="goToLoginPopUp" finished-at="2022-07-08T17:02:35 AMT" duration-ms="468" status="PASS">
          <reporter-output>
          </reporter-output>
        </test-method> <!-- goToLoginPopUp -->
        <test-method signature="loginPopUpLogInNegativeTest(java.lang.String,java.lang.String)[pri:10, instance:testCases.LoginPopUpTest@7526515b]" started-at="2022-07-08T17:02:35 AMT" name="loginPopUpLogInNegativeTest" description="Validate on Log_in Pop Up Log_In functionality with invalid data" data-provider="invalidLoginData" finished-at="2022-07-08T17:03:35 AMT" duration-ms="60482" status="PASS">
          <params>
            <param index="0">
              <value>
                <![CDATA[?U1630370]]>
              </value>
            </param>
            <param index="1">
              <value>
                <![CDATA[N3HU3]]>
              </value>
            </param>
          </params>
          <reporter-output>
          </reporter-output>
        </test-method> <!-- loginPopUpLogInNegativeTest -->
        <test-method is-config="true" signature="tearDown()[pri:0, instance:testCases.LoginPopUpTest@7526515b]" started-at="2022-07-08T17:03:35 AMT" name="tearDown" finished-at="2022-07-08T17:03:36 AMT" duration-ms="426" status="PASS">
          <reporter-output>
          </reporter-output>
        </test-method> <!-- tearDown -->
        <test-method is-config="true" signature="setup()[pri:0, instance:testCases.LoginPopUpTest@7526515b]" started-at="2022-07-08T17:03:36 AMT" name="setup" finished-at="2022-07-08T17:03:41 AMT" duration-ms="5469" status="PASS">
          <reporter-output>
          </reporter-output>
        </test-method> <!-- setup -->
        <test-method is-config="true" signature="goToLoginPopUp()[pri:0, instance:testCases.LoginPopUpTest@7526515b]" started-at="2022-07-08T17:03:41 AMT" name="goToLoginPopUp" finished-at="2022-07-08T17:03:42 AMT" duration-ms="734" status="PASS">
          <reporter-output>
          </reporter-output>
        </test-method> <!-- goToLoginPopUp -->
        <test-method signature="loginPopUpErrorMessageValidationInvalidUsername()[pri:11, instance:testCases.LoginPopUpTest@7526515b]" started-at="2022-07-08T17:03:42 AMT" name="loginPopUpErrorMessageValidationInvalidUsername" description="Validate on Log_in Pop Up Error message with invalid password" finished-at="2022-07-08T17:03:44 AMT" duration-ms="1885" status="PASS">
          <reporter-output>
          </reporter-output>
        </test-method> <!-- loginPopUpErrorMessageValidationInvalidUsername -->
        <test-method is-config="true" signature="tearDown()[pri:0, instance:testCases.LoginPopUpTest@7526515b]" started-at="2022-07-08T17:03:44 AMT" name="tearDown" finished-at="2022-07-08T17:03:44 AMT" duration-ms="699" status="PASS">
          <reporter-output>
          </reporter-output>
        </test-method> <!-- tearDown -->
        <test-method is-config="true" signature="setup()[pri:0, instance:testCases.LoginPopUpTest@7526515b]" started-at="2022-07-08T17:03:44 AMT" name="setup" finished-at="2022-07-08T17:03:50 AMT" duration-ms="5404" status="PASS">
          <reporter-output>
          </reporter-output>
        </test-method> <!-- setup -->
        <test-method is-config="true" signature="goToLoginPopUp()[pri:0, instance:testCases.LoginPopUpTest@7526515b]" started-at="2022-07-08T17:03:50 AMT" name="goToLoginPopUp" finished-at="2022-07-08T17:03:50 AMT" duration-ms="617" status="PASS">
          <reporter-output>
          </reporter-output>
        </test-method> <!-- goToLoginPopUp -->
        <test-method signature="loginPopUpErrorMessageValidationInvalidPassword()[pri:12, instance:testCases.LoginPopUpTest@7526515b]" started-at="2022-07-08T17:03:50 AMT" name="loginPopUpErrorMessageValidationInvalidPassword" description="Validate on Log_in Pop Up error message with invalid username" finished-at="2022-07-08T17:03:53 AMT" duration-ms="2905" status="PASS">
          <reporter-output>
          </reporter-output>
        </test-method> <!-- loginPopUpErrorMessageValidationInvalidPassword -->
        <test-method is-config="true" signature="tearDown()[pri:0, instance:testCases.LoginPopUpTest@7526515b]" started-at="2022-07-08T17:03:53 AMT" name="tearDown" finished-at="2022-07-08T17:03:54 AMT" duration-ms="214" status="PASS">
          <reporter-output>
          </reporter-output>
        </test-method> <!-- tearDown -->
        <test-method is-config="true" signature="finish()[pri:0, instance:testCases.LoginPopUpTest@7526515b]" started-at="2022-07-08T17:03:54 AMT" name="finish" finished-at="2022-07-08T17:03:54 AMT" duration-ms="1" status="PASS">
          <reporter-output>
          </reporter-output>
        </test-method> <!-- finish -->
      </class> <!-- testCases.LoginPopUpTest -->
    </test> <!-- craftBetAutomation -->
  </suite> <!-- Default Suite -->
</testng-results>
