<?xml version="1.0" encoding="UTF-8"?>
<!-- Generated by org.testng.reporters.JUnitXMLReporter -->
<testsuite ignored="0" hostname="DESKTOP-PO3T4V3" failures="0" tests="13" name="testCases.LoginPopUpTest" time="165.545" errors="0" timestamp="2022-07-07T12:15:14 AMT">
  <testcase classname="testCases.LoginPopUpTest" name="loginPopUpLabelsPresenceVerification_Test" time="0.374"/>
  <testcase classname="testCases.LoginPopUpTest" name="loginPopUpLogoPresenceVerification_Test" time="0.088"/>
  <testcase classname="testCases.LoginPopUpTest" name="loginPopUpCloseButtonFunctionality_Test" time="0.849"/>
  <testcase classname="testCases.LoginPopUpTest" name="loginPopUpEyeButtonFunctionality_Test" time="0.355"/>
  <testcase classname="testCases.LoginPopUpTest" name="loginPopUpRememberMeLabelClickAbility_Test" time="0.407"/>
  <testcase classname="testCases.LoginPopUpTest" name="loginPopUpCheckBoxClickAbility_Test" time="0.183"/>
  <testcase classname="testCases.LoginPopUpTest" name="loginPopUpForgotPasswordLink_Test" time="0.235"/>
  <testcase classname="testCases.LoginPopUpTest" name="loginPopUpSignUpLink_Test" time="0.272"/>
  <testcase classname="testCases.LoginPopUpTest" name="loginPopUpLogInPositiveTest" time="2.019"/>
  <testcase classname="testCases.LoginPopUpTest" name="loginPopUpLogInNegativeTest1" time="10.653"/>
  <testcase classname="testCases.LoginPopUpTest" name="loginPopUpLogInNegativeTest2" time="10.544"/>
  <testcase classname="testCases.LoginPopUpTest" name="loginPopUpErrorMessageValidationInvalidUsername" time="1.54"/>
  <testcase classname="testCases.LoginPopUpTest" name="loginPopUpErrorMessageValidationInvalidPassword" time="2.031"/>
</testsuite> <!-- testCases.LoginPopUpTest -->
