<?xml version="1.0" encoding="UTF-8"?>
<!-- Generated by org.testng.reporters.JUnitXMLReporter -->
<testsuite ignored="2" hostname="DESKTOP-PO3T4V3" failures="2" tests="16" name="testCases.LoginPopUpTest" time="66.363" errors="0" timestamp="2022-07-18T09:17:43 AMT">
  <testcase classname="testCases.BaseTest" name="@BeforeMethod setup" time="3.285">
    <failure type="org.openqa.selenium.WebDriverException" message="Reached error page: about:neterror?e=networkProtocolError&amp;amp;u=https%3A//craftbet.com/home&amp;amp;c=UTF-8&amp;amp;d=Firefox%20has%20experienced%20a%20network%20protocol%20violation%20that%20cannot%20be%20repaired.
Build info: version: &amp;apos;4.2.1&amp;apos;, revision: &amp;apos;ac4d0fdd4a&amp;apos;
System info: host: &amp;apos;DESKTOP-PO3T4V3&amp;apos;, ip: &amp;apos;10.50.17.112&amp;apos;, os.name: &amp;apos;Windows 10&amp;apos;, os.arch: &amp;apos;amd64&amp;apos;, os.version: &amp;apos;10.0&amp;apos;, java.version: &amp;apos;17.0.2&amp;apos;
Driver info: org.openqa.selenium.firefox.FirefoxDriver
Command: [d133e5b1-df81-4b61-b1c7-4691d06bd380, clickElement {id=1da63478-8f7d-46e4-986f-cf0fb45d908a}]
Capabilities {acceptInsecureCerts: true, browserName: firefox, browserVersion: 101.0, moz:accessibilityChecks: false, moz:buildID: 20220526203855, moz:debuggerAddress: localhost:58939, moz:geckodriverVersion: 0.31.0, moz:headless: true, moz:processID: 6684, moz:profile: C:\Users\NERSES~1\AppData\L..., moz:shutdownTimeout: 60000, moz:useNonSpecCompliantPointerOrigin: false, moz:webdriverClick: true, pageLoadStrategy: normal, platformName: WINDOWS, platformVersion: 10.0, proxy: Proxy(), se:cdp: ws://localhost:58939/devtoo..., se:cdpVersion: 85.0, setWindowRect: true, strictFileInteractability: false, timeouts: {implicit: 0, pageLoad: 300000, script: 30000}, unhandledPromptBehavior: dismiss and notify}
Element: [[FirefoxDriver: firefox on WINDOWS (d133e5b1-df81-4b61-b1c7-4691d06bd380)] -&amp;gt; xpath: //span[text()= &amp;apos;English&amp;apos;]]
Session ID: d133e5b1-df81-4b61-b1c7-4691d06bd380">
      <![CDATA[org.openqa.selenium.WebDriverException: Reached error page: about:neterror?e=networkProtocolError&u=https%3A//craftbet.com/home&c=UTF-8&d=Firefox%20has%20experienced%20a%20network%20protocol%20violation%20that%20cannot%20be%20repaired.
Build info: version: '4.2.1', revision: 'ac4d0fdd4a'
System info: host: 'DESKTOP-PO3T4V3', ip: '10.50.17.112', os.name: 'Windows 10', os.arch: 'amd64', os.version: '10.0', java.version: '17.0.2'
Driver info: org.openqa.selenium.firefox.FirefoxDriver
Command: [d133e5b1-df81-4b61-b1c7-4691d06bd380, clickElement {id=1da63478-8f7d-46e4-986f-cf0fb45d908a}]
Capabilities {acceptInsecureCerts: true, browserName: firefox, browserVersion: 101.0, moz:accessibilityChecks: false, moz:buildID: 20220526203855, moz:debuggerAddress: localhost:58939, moz:geckodriverVersion: 0.31.0, moz:headless: true, moz:processID: 6684, moz:profile: C:\Users\NERSES~1\AppData\L..., moz:shutdownTimeout: 60000, moz:useNonSpecCompliantPointerOrigin: false, moz:webdriverClick: true, pageLoadStrategy: normal, platformName: WINDOWS, platformVersion: 10.0, proxy: Proxy(), se:cdp: ws://localhost:58939/devtoo..., se:cdpVersion: 85.0, setWindowRect: true, strictFileInteractability: false, timeouts: {implicit: 0, pageLoad: 300000, script: 30000}, unhandledPromptBehavior: dismiss and notify}
Element: [[FirefoxDriver: firefox on WINDOWS (d133e5b1-df81-4b61-b1c7-4691d06bd380)] -> xpath: //span[text()= 'English']]
Session ID: d133e5b1-df81-4b61-b1c7-4691d06bd380
at org.openqa.selenium.remote.codec.w3c.W3CHttpResponseCodec.createException(W3CHttpResponseCodec.java:200)
at org.openqa.selenium.remote.codec.w3c.W3CHttpResponseCodec.decode(W3CHttpResponseCodec.java:133)
at org.openqa.selenium.remote.codec.w3c.W3CHttpResponseCodec.decode(W3CHttpResponseCodec.java:53)
at org.openqa.selenium.remote.HttpCommandExecutor.execute(HttpCommandExecutor.java:184)
at org.openqa.selenium.remote.service.DriverCommandExecutor.invokeExecute(DriverCommandExecutor.java:167)
at org.openqa.selenium.remote.service.DriverCommandExecutor.execute(DriverCommandExecutor.java:142)
at org.openqa.selenium.remote.RemoteWebDriver.execute(RemoteWebDriver.java:551)
at org.openqa.selenium.remote.RemoteWebElement.execute(RemoteWebElement.java:257)
at org.openqa.selenium.remote.RemoteWebElement.click(RemoteWebElement.java:78)
at org.openqa.selenium.support.pagefactory.internal.LocatingElementHandler.invoke(LocatingElementHandler.java:52)
at jdk.proxy2/jdk.proxy2.$Proxy19.click(Unknown Source)
at pageObjects.BasePage.clickOnElementIfVisible(BasePage.java:84)
at pageObjects.CraftBet_Header_Page.selectEnglishLanguageFromDropDown(CraftBet_Header_Page.java:242)
at testCases.BaseTest.setup(BaseTest.java:67)
at java.base/java.util.ArrayList.forEach(ArrayList.java:1511)
... Removed 42 stack frames]]>
    </failure>
  </testcase> <!-- @BeforeMethod setup -->
  <testcase classname="testCases.LoginPopUpTest" name="@BeforeMethod goToLoginPopUp" time="0.0">
    <skipped/>
  </testcase> <!-- @BeforeMethod goToLoginPopUp -->
  <testcase classname="testCases.BaseTest" name="@AfterMethod tearDown" time="0.0">
    <skipped/>
  </testcase> <!-- @AfterMethod tearDown -->
  <testcase classname="testCases.BaseTest" name="@BeforeMethod setup" time="0.0">
    <skipped/>
  </testcase> <!-- @BeforeMethod setup -->
  <testcase classname="testCases.LoginPopUpTest" name="@BeforeMethod goToLoginPopUp" time="0.0">
    <skipped/>
  </testcase> <!-- @BeforeMethod goToLoginPopUp -->
  <testcase classname="testCases.BaseTest" name="@AfterMethod tearDown" time="0.0">
    <skipped/>
  </testcase> <!-- @AfterMethod tearDown -->
  <testcase classname="testCases.BaseTest" name="@BeforeMethod setup" time="0.0">
    <skipped/>
  </testcase> <!-- @BeforeMethod setup -->
  <testcase classname="testCases.LoginPopUpTest" name="@BeforeMethod goToLoginPopUp" time="0.0">
    <skipped/>
  </testcase> <!-- @BeforeMethod goToLoginPopUp -->
  <testcase classname="testCases.BaseTest" name="@AfterMethod tearDown" time="0.0">
    <skipped/>
  </testcase> <!-- @AfterMethod tearDown -->
  <testcase classname="testCases.BaseTest" name="@BeforeMethod setup" time="0.0">
    <skipped/>
  </testcase> <!-- @BeforeMethod setup -->
  <testcase classname="testCases.LoginPopUpTest" name="@BeforeMethod goToLoginPopUp" time="0.0">
    <skipped/>
  </testcase> <!-- @BeforeMethod goToLoginPopUp -->
  <testcase classname="testCases.BaseTest" name="@AfterMethod tearDown" time="0.0">
    <skipped/>
  </testcase> <!-- @AfterMethod tearDown -->
  <testcase classname="testCases.BaseTest" name="@BeforeMethod setup" time="0.0">
    <skipped/>
  </testcase> <!-- @BeforeMethod setup -->
  <testcase classname="testCases.LoginPopUpTest" name="@BeforeMethod goToLoginPopUp" time="0.0">
    <skipped/>
  </testcase> <!-- @BeforeMethod goToLoginPopUp -->
  <testcase classname="testCases.BaseTest" name="@AfterMethod tearDown" time="0.0">
    <skipped/>
  </testcase> <!-- @AfterMethod tearDown -->
  <testcase classname="testCases.BaseTest" name="@BeforeMethod setup" time="0.0">
    <skipped/>
  </testcase> <!-- @BeforeMethod setup -->
  <testcase classname="testCases.LoginPopUpTest" name="@BeforeMethod goToLoginPopUp" time="0.0">
    <skipped/>
  </testcase> <!-- @BeforeMethod goToLoginPopUp -->
  <testcase classname="testCases.BaseTest" name="@AfterMethod tearDown" time="0.0">
    <skipped/>
  </testcase> <!-- @AfterMethod tearDown -->
  <testcase classname="testCases.LoginPopUpTest" name="loginPopUpLabelsPresenceVerification_Test" time="0.426"/>
  <testcase classname="testCases.LoginPopUpTest" name="loginPopUpLogoPresenceVerification_Test" time="0.02"/>
  <testcase classname="testCases.LoginPopUpTest" name="loginPopUpCloseButtonFunctionality_Test" time="0.799"/>
  <testcase classname="testCases.LoginPopUpTest" name="loginPopUpEyeButtonFunctionality_Test" time="0.636"/>
  <testcase classname="testCases.LoginPopUpTest" name="loginPopUpRememberMeLabelClickAbility_Test" time="0.551"/>
  <testcase classname="testCases.LoginPopUpTest" name="loginPopUpCheckBoxClickAbility_Test" time="0.0">
    <skipped/>
  </testcase> <!-- loginPopUpCheckBoxClickAbility_Test -->
  <testcase classname="testCases.LoginPopUpTest" name="loginPopUpForgotPasswordLink_Test" time="0.0">
    <skipped/>
  </testcase> <!-- loginPopUpForgotPasswordLink_Test -->
  <testcase classname="testCases.LoginPopUpTest" name="loginPopUpSignUpLink_Test" time="0.0">
    <skipped/>
  </testcase> <!-- loginPopUpSignUpLink_Test -->
  <testcase classname="testCases.LoginPopUpTest" name="loginPopUpLogInPositiveTest" time="0.0">
    <skipped/>
  </testcase> <!-- loginPopUpLogInPositiveTest -->
  <testcase classname="testCases.LoginPopUpTest" name="loginPopUpLogInNegativeTest" time="0.0">
    <failure type="java.lang.RuntimeException" message="java.io.FileNotFoundException: D:\IQsoft\Git_craftBet_javaFrameworkMavenTestNG\CraftBet_MyFrameWork\CraftBet_JavaFrameWork\craftBetAutomation\src\test\java\testData\InvalidData.xlsx (The system cannot find the path specified)">
      <![CDATA[java.lang.RuntimeException: java.io.FileNotFoundException: D:\IQsoft\Git_craftBet_javaFrameworkMavenTestNG\CraftBet_MyFrameWork\CraftBet_JavaFrameWork\craftBetAutomation\src\test\java\testData\InvalidData.xlsx (The system cannot find the path specified)
at java.base/java.util.ArrayList.forEach(ArrayList.java:1511)
Caused by: java.io.FileNotFoundException: D:\IQsoft\Git_craftBet_javaFrameworkMavenTestNG\CraftBet_MyFrameWork\CraftBet_JavaFrameWork\craftBetAutomation\src\test\java\testData\InvalidData.xlsx (The system cannot find the path specified)
at java.base/java.io.FileInputStream.open0(Native Method)
at java.base/java.io.FileInputStream.open(FileInputStream.java:216)
at java.base/java.io.FileInputStream.<init>(FileInputStream.java:157)
at java.base/java.io.FileInputStream.<init>(FileInputStream.java:111)
at testCases.LoginPopUpTest.loginDataInvalid(LoginPopUpTest.java:217)
... 28 more
... Removed 35 stack frames]]>
    </failure>
  </testcase> <!-- loginPopUpLogInNegativeTest -->
  <testcase classname="testCases.LoginPopUpTest" name="loginPopUpErrorMessageValidationInvalidUsername" time="0.0">
    <skipped/>
  </testcase> <!-- loginPopUpErrorMessageValidationInvalidUsername -->
  <testcase classname="testCases.LoginPopUpTest" name="loginPopUpErrorMessageValidationInvalidPassword" time="0.0">
    <skipped/>
  </testcase> <!-- loginPopUpErrorMessageValidationInvalidPassword -->
  <testcase classname="testCases.PasswordRecoveryTest" name="RecoveryPopUpLabelsPresenceVerification_Test" time="0.202"/>
  <testcase classname="testCases.PasswordRecoveryTest" name="RecoveryPopUpLogoPresenceVerification_Test" time="0.054"/>
  <testcase classname="testCases.PasswordRecoveryTest" name="RecoveryPopUpSupportLink_Test" time="0.566">
    <failure type="java.lang.AssertionError" message="did not expect [https://craftbet.com/forgot-password] but found [https://craftbet.com/forgot-password]">
      <![CDATA[java.lang.AssertionError: did not expect [https://craftbet.com/forgot-password] but found [https://craftbet.com/forgot-password]
at testCases.PasswordRecoveryTest.RecoveryPopUpSupportLink_Test(PasswordRecoveryTest.java:83)
at java.base/java.util.ArrayList.forEach(ArrayList.java:1511)
... Removed 35 stack frames]]>
    </failure>
  </testcase> <!-- RecoveryPopUpSupportLink_Test -->
  <testcase classname="testCases.PasswordRecoveryTest" name="RecoveryPopUpPositiveTest" time="0.626"/>
  <testcase classname="testCases.BaseTest" name="@AfterSuite finish" time="0.0">
    <ignored/>
  </testcase> <!-- @AfterSuite finish -->
  <testcase classname="testCases.BaseTest" name="@AfterSuite finish" time="0.0">
    <ignored/>
  </testcase> <!-- @AfterSuite finish -->
</testsuite> <!-- testCases.LoginPopUpTest -->
