<?xml version="1.0" encoding="UTF-8"?>
<!-- Generated by org.testng.reporters.JUnitXMLReporter -->
<testsuite ignored="2" hostname="DESKTOP-52C1ANV" failures="19" tests="52" name="testCases.LoginPopUpTest" time="405.288" errors="0" timestamp="2022-07-13T22:50:52 AMT">
  <testcase classname="testCases.LoginPopUpTest" name="loginPopUpLabelsPresenceVerification_Test" time="0.463"/>
  <testcase classname="testCases.LoginPopUpTest" name="loginPopUpLogoPresenceVerification_Test" time="0.066"/>
  <testcase classname="testCases.LoginPopUpTest" name="loginPopUpCloseButtonFunctionality_Test" time="0.646"/>
  <testcase classname="testCases.LoginPopUpTest" name="loginPopUpEyeButtonFunctionality_Test" time="0.252"/>
  <testcase classname="testCases.LoginPopUpTest" name="loginPopUpRememberMeLabelClickAbility_Test" time="0.191"/>
  <testcase classname="testCases.LoginPopUpTest" name="loginPopUpCheckBoxClickAbility_Test" time="0.183"/>
  <testcase classname="testCases.LoginPopUpTest" name="loginPopUpForgotPasswordLink_Test" time="0.128"/>
  <testcase classname="testCases.LoginPopUpTest" name="loginPopUpSignUpLink_Test" time="0.171"/>
  <testcase classname="testCases.LoginPopUpTest" name="loginPopUpLogInPositiveTest" time="1.499"/>
  <testcase classname="testCases.LoginPopUpTest" name="loginPopUpLogInNegativeTest" time="10.319"/>
  <testcase classname="testCases.LoginPopUpTest" name="loginPopUpLogInNegativeTest" time="1.825">
    <failure type="java.lang.AssertionError" message="expected [false] but found [true]">
      <![CDATA[java.lang.AssertionError: expected [false] but found [true]
at testCases.LoginPopUpTest.loginPopUpLogInNegativeTest(LoginPopUpTest.java:198)
at java.base/java.util.ArrayList.forEach(ArrayList.java:1511)
... Removed 36 stack frames]]>
    </failure>
  </testcase> <!-- loginPopUpLogInNegativeTest -->
  <testcase classname="testCases.LoginPopUpTest" name="loginPopUpLogInNegativeTest" time="1.568">
    <failure type="java.lang.AssertionError" message="expected [false] but found [true]">
      <![CDATA[java.lang.AssertionError: expected [false] but found [true]
at testCases.LoginPopUpTest.loginPopUpLogInNegativeTest(LoginPopUpTest.java:198)
at java.base/java.util.ArrayList.forEach(ArrayList.java:1511)
... Removed 36 stack frames]]>
    </failure>
  </testcase> <!-- loginPopUpLogInNegativeTest -->
  <testcase classname="testCases.LoginPopUpTest" name="loginPopUpLogInNegativeTest" time="10.303"/>
  <testcase classname="testCases.LoginPopUpTest" name="loginPopUpLogInNegativeTest" time="10.33"/>
  <testcase classname="testCases.LoginPopUpTest" name="loginPopUpLogInNegativeTest" time="1.425">
    <failure type="java.lang.AssertionError" message="expected [false] but found [true]">
      <![CDATA[java.lang.AssertionError: expected [false] but found [true]
at testCases.LoginPopUpTest.loginPopUpLogInNegativeTest(LoginPopUpTest.java:198)
at java.base/java.util.ArrayList.forEach(ArrayList.java:1511)
... Removed 36 stack frames]]>
    </failure>
  </testcase> <!-- loginPopUpLogInNegativeTest -->
  <testcase classname="testCases.LoginPopUpTest" name="loginPopUpLogInNegativeTest" time="1.768">
    <failure type="java.lang.AssertionError" message="expected [false] but found [true]">
      <![CDATA[java.lang.AssertionError: expected [false] but found [true]
at testCases.LoginPopUpTest.loginPopUpLogInNegativeTest(LoginPopUpTest.java:198)
at java.base/java.util.ArrayList.forEach(ArrayList.java:1511)
... Removed 36 stack frames]]>
    </failure>
  </testcase> <!-- loginPopUpLogInNegativeTest -->
  <testcase classname="testCases.LoginPopUpTest" name="loginPopUpLogInNegativeTest" time="1.496">
    <failure type="java.lang.AssertionError" message="expected [false] but found [true]">
      <![CDATA[java.lang.AssertionError: expected [false] but found [true]
at testCases.LoginPopUpTest.loginPopUpLogInNegativeTest(LoginPopUpTest.java:198)
at java.base/java.util.ArrayList.forEach(ArrayList.java:1511)
... Removed 36 stack frames]]>
    </failure>
  </testcase> <!-- loginPopUpLogInNegativeTest -->
  <testcase classname="testCases.LoginPopUpTest" name="loginPopUpLogInNegativeTest" time="30.319"/>
  <testcase classname="testCases.LoginPopUpTest" name="loginPopUpLogInNegativeTest" time="10.399"/>
  <testcase classname="testCases.LoginPopUpTest" name="loginPopUpErrorMessageValidationInvalidUsername" time="1.272"/>
  <testcase classname="testCases.LoginPopUpTest" name="loginPopUpErrorMessageValidationInvalidPassword" time="1.263"/>
  <testcase classname="testCases.PasswordRecoveryTest" name="RecoveryPopUpLabelsPresenceVerification_Test" time="0.673"/>
  <testcase classname="testCases.PasswordRecoveryTest" name="RecoveryPopUpLogoPresenceVerification_Test" time="0.018"/>
  <testcase classname="testCases.PasswordRecoveryTest" name="RecoveryPopUpSupportLink_Test" time="0.315">
    <failure type="java.lang.AssertionError" message="did not expect [https://craftbet.com/forgot-password] but found [https://craftbet.com/forgot-password]">
      <![CDATA[java.lang.AssertionError: did not expect [https://craftbet.com/forgot-password] but found [https://craftbet.com/forgot-password]
at testCases.PasswordRecoveryTest.RecoveryPopUpSupportLink_Test(PasswordRecoveryTest.java:78)
at java.base/java.util.ArrayList.forEach(ArrayList.java:1511)
... Removed 35 stack frames]]>
    </failure>
  </testcase> <!-- RecoveryPopUpSupportLink_Test -->
  <testcase classname="testCases.PasswordRecoveryTest" name="RecoveryPopUpPositiveTest" time="0.971"/>
  <testcase classname="testCases.PasswordRecoveryTest" name="RecoveryPopUpNegativeTest" time="0.65"/>
  <testcase classname="testCases.PasswordRecoveryTest" name="RecoveryPopUpNegativeTest" time="0.662"/>
  <testcase classname="testCases.PasswordRecoveryTest" name="RecoveryPopUpNegativeTest" time="0.765"/>
  <testcase classname="testCases.PasswordRecoveryTest" name="RecoveryPopUpNegativeTest" time="0.655"/>
  <testcase classname="testCases.PasswordRecoveryTest" name="RecoveryPopUpNegativeTest" time="0.654"/>
  <testcase classname="testCases.PasswordRecoveryTest" name="RecoveryPopUpNegativeTest" time="0.788"/>
  <testcase classname="testCases.SignUpQuickRegisterTest" name="SignUpPopUpQuickRegisterLabelsPresenceVerification_Test" time="15.797">
    <failure type="java.lang.AssertionError" message="The following asserts failed:
	expected [REGISTER] but found [Cant find element buttonRegisterQ],
	expected [Already have an account? Log In] but found [Cant find element labelAlreadyHaveAnAccount],
	expected [Safe and Secure] but found [Cant find element labelSafeAndSecure]">
      <![CDATA[java.lang.AssertionError: The following asserts failed:
expected [REGISTER] but found [Cant find element buttonRegisterQ],
expected [Already have an account? Log In] but found [Cant find element labelAlreadyHaveAnAccount],
expected [Safe and Secure] but found [Cant find element labelSafeAndSecure]
at testCases.SignUpQuickRegisterTest.SignUpPopUpQuickRegisterLabelsPresenceVerification_Test(SignUpQuickRegisterTest.java:96)
at java.base/java.util.ArrayList.forEach(ArrayList.java:1511)
... Removed 32 stack frames]]>
    </failure>
  </testcase> <!-- SignUpPopUpQuickRegisterLabelsPresenceVerification_Test -->
  <testcase classname="testCases.SignUpQuickRegisterTest" name="SignUpPopUpQuickRegisterLogoPresenceVerification_Test" time="0.097">
    <failure type="java.lang.AssertionError" message="The following asserts failed:
	expected [REGISTER] but found [Cant find element buttonRegisterQ],
	expected [Already have an account? Log In] but found [Cant find element labelAlreadyHaveAnAccount],
	expected [Safe and Secure] but found [Cant find element labelSafeAndSecure]">
      <![CDATA[java.lang.AssertionError: The following asserts failed:
expected [REGISTER] but found [Cant find element buttonRegisterQ],
expected [Already have an account? Log In] but found [Cant find element labelAlreadyHaveAnAccount],
expected [Safe and Secure] but found [Cant find element labelSafeAndSecure]
at testCases.SignUpQuickRegisterTest.SignUpPopUpQuickRegisterLogoPresenceVerification_Test(SignUpQuickRegisterTest.java:107)
at java.base/java.util.ArrayList.forEach(ArrayList.java:1511)
... Removed 32 stack frames]]>
    </failure>
  </testcase> <!-- SignUpPopUpQuickRegisterLogoPresenceVerification_Test -->
  <testcase classname="testCases.SignUpQuickRegisterTest" name="SignUpPopUpQuickRegisterRegisterByDropDownVerification_Test" time="0.197">
    <failure type="java.lang.AssertionError" message="The following asserts failed:
	expected [REGISTER] but found [Cant find element buttonRegisterQ],
	expected [Already have an account? Log In] but found [Cant find element labelAlreadyHaveAnAccount],
	expected [Safe and Secure] but found [Cant find element labelSafeAndSecure]">
      <![CDATA[java.lang.AssertionError: The following asserts failed:
expected [REGISTER] but found [Cant find element buttonRegisterQ],
expected [Already have an account? Log In] but found [Cant find element labelAlreadyHaveAnAccount],
expected [Safe and Secure] but found [Cant find element labelSafeAndSecure]
at testCases.SignUpQuickRegisterTest.SignUpPopUpQuickRegisterRegisterByDropDownVerification_Test(SignUpQuickRegisterTest.java:122)
at java.base/java.util.ArrayList.forEach(ArrayList.java:1511)
... Removed 32 stack frames]]>
    </failure>
  </testcase> <!-- SignUpPopUpQuickRegisterRegisterByDropDownVerification_Test -->
  <testcase classname="testCases.SignUpQuickRegisterTest" name="SignUpPopUpQuickRegisterCurrencyDropDownVerification_Test" time="0.367">
    <failure type="java.lang.AssertionError" message="The following asserts failed:
	expected [REGISTER] but found [Cant find element buttonRegisterQ],
	expected [Already have an account? Log In] but found [Cant find element labelAlreadyHaveAnAccount],
	expected [Safe and Secure] but found [Cant find element labelSafeAndSecure]">
      <![CDATA[java.lang.AssertionError: The following asserts failed:
expected [REGISTER] but found [Cant find element buttonRegisterQ],
expected [Already have an account? Log In] but found [Cant find element labelAlreadyHaveAnAccount],
expected [Safe and Secure] but found [Cant find element labelSafeAndSecure]
at testCases.SignUpQuickRegisterTest.SignUpPopUpQuickRegisterCurrencyDropDownVerification_Test(SignUpQuickRegisterTest.java:141)
at java.base/java.util.ArrayList.forEach(ArrayList.java:1511)
... Removed 32 stack frames]]>
    </failure>
  </testcase> <!-- SignUpPopUpQuickRegisterCurrencyDropDownVerification_Test -->
  <testcase classname="testCases.SignUpQuickRegisterTest" name="SignUpPopUpCloseButtonFunctionality" time="0.624"/>
  <testcase classname="testCases.SignUpQuickRegisterTest" name="SignUpPopUpQuickRegisterRegisterPrivacyPolicy" time="0.244">
    <failure type="java.lang.AssertionError" message="The following asserts failed:
	expected [REGISTER] but found [Cant find element buttonRegisterQ],
	expected [Already have an account? Log In] but found [Cant find element labelAlreadyHaveAnAccount],
	expected [Safe and Secure] but found [Cant find element labelSafeAndSecure]">
      <![CDATA[java.lang.AssertionError: The following asserts failed:
expected [REGISTER] but found [Cant find element buttonRegisterQ],
expected [Already have an account? Log In] but found [Cant find element labelAlreadyHaveAnAccount],
expected [Safe and Secure] but found [Cant find element labelSafeAndSecure]
at testCases.SignUpQuickRegisterTest.SignUpPopUpQuickRegisterRegisterPrivacyPolicy(SignUpQuickRegisterTest.java:158)
at java.base/java.util.ArrayList.forEach(ArrayList.java:1511)
... Removed 32 stack frames]]>
    </failure>
  </testcase> <!-- SignUpPopUpQuickRegisterRegisterPrivacyPolicy -->
  <testcase classname="testCases.SignUpQuickRegisterTest" name="SignUpPopUpTermsAndConditionsLinkFunctionality" time="0.566"/>
  <testcase classname="testCases.SignUpQuickRegisterTest" name="SignUpPopUpQuickRegisterWithEmailPositiveTest" time="15.49">
    <failure type="org.openqa.selenium.NoSuchElementException" message="no such element: Unable to locate element: {&amp;quot;method&amp;quot;:&amp;quot;xpath&amp;quot;,&amp;quot;selector&amp;quot;:&amp;quot;//*[@class=&amp;apos;user_id&amp;apos;]&amp;quot;}
  (Session info: chrome=103.0.5060.114)
For documentation on this error, please visit: https://selenium.dev/exceptions/#no_such_element
Build info: version: &amp;apos;4.2.1&amp;apos;, revision: &amp;apos;ac4d0fdd4a&amp;apos;
System info: host: &amp;apos;DESKTOP-52C1ANV&amp;apos;, ip: &amp;apos;192.168.31.63&amp;apos;, os.name: &amp;apos;Windows 10&amp;apos;, os.arch: &amp;apos;amd64&amp;apos;, os.version: &amp;apos;10.0&amp;apos;, java.version: &amp;apos;17.0.2&amp;apos;
Driver info: org.openqa.selenium.chrome.ChromeDriver
Command: [ea84c00dfd76d20282bd1f54a29b4539, findElement {using=xpath, value=//*[@class=&amp;apos;user_id&amp;apos;]}]
Capabilities {acceptInsecureCerts: false, browserName: chrome, browserVersion: 103.0.5060.114, chrome: {chromedriverVersion: 103.0.5060.53 (a1711811edd7..., userDataDir: C:\Users\user\AppData\Local...}, goog:chromeOptions: {debuggerAddress: localhost:61730}, networkConnectionEnabled: false, pageLoadStrategy: normal, platformName: WINDOWS, proxy: Proxy(), se:cdp: ws://localhost:61730/devtoo..., se:cdpVersion: 103.0.5060.114, setWindowRect: true, strictFileInteractability: false, timeouts: {implicit: 0, pageLoad: 300000, script: 30000}, unhandledPromptBehavior: dismiss and notify, webauthn:extension:credBlob: true, webauthn:extension:largeBlob: true, webauthn:virtualAuthenticators: true}
Session ID: ea84c00dfd76d20282bd1f54a29b4539">
      <![CDATA[org.openqa.selenium.NoSuchElementException: no such element: Unable to locate element: {"method":"xpath","selector":"//*[@class='user_id']"}
  (Session info: chrome=103.0.5060.114)
For documentation on this error, please visit: https://selenium.dev/exceptions/#no_such_element
Build info: version: '4.2.1', revision: 'ac4d0fdd4a'
System info: host: 'DESKTOP-52C1ANV', ip: '192.168.31.63', os.name: 'Windows 10', os.arch: 'amd64', os.version: '10.0', java.version: '17.0.2'
Driver info: org.openqa.selenium.chrome.ChromeDriver
Command: [ea84c00dfd76d20282bd1f54a29b4539, findElement {using=xpath, value=//*[@class='user_id']}]
Capabilities {acceptInsecureCerts: false, browserName: chrome, browserVersion: 103.0.5060.114, chrome: {chromedriverVersion: 103.0.5060.53 (a1711811edd7..., userDataDir: C:\Users\user\AppData\Local...}, goog:chromeOptions: {debuggerAddress: localhost:61730}, networkConnectionEnabled: false, pageLoadStrategy: normal, platformName: WINDOWS, proxy: Proxy(), se:cdp: ws://localhost:61730/devtoo..., se:cdpVersion: 103.0.5060.114, setWindowRect: true, strictFileInteractability: false, timeouts: {implicit: 0, pageLoad: 300000, script: 30000}, unhandledPromptBehavior: dismiss and notify, webauthn:extension:credBlob: true, webauthn:extension:largeBlob: true, webauthn:virtualAuthenticators: true}
Session ID: ea84c00dfd76d20282bd1f54a29b4539
at org.openqa.selenium.remote.codec.w3c.W3CHttpResponseCodec.createException(W3CHttpResponseCodec.java:200)
at org.openqa.selenium.remote.codec.w3c.W3CHttpResponseCodec.decode(W3CHttpResponseCodec.java:133)
at org.openqa.selenium.remote.codec.w3c.W3CHttpResponseCodec.decode(W3CHttpResponseCodec.java:53)
at org.openqa.selenium.remote.HttpCommandExecutor.execute(HttpCommandExecutor.java:184)
at org.openqa.selenium.remote.service.DriverCommandExecutor.invokeExecute(DriverCommandExecutor.java:167)
at org.openqa.selenium.remote.service.DriverCommandExecutor.execute(DriverCommandExecutor.java:142)
at org.openqa.selenium.remote.RemoteWebDriver.execute(RemoteWebDriver.java:551)
at org.openqa.selenium.remote.ElementLocation$ElementFinder$2.findElement(ElementLocation.java:162)
at org.openqa.selenium.remote.ElementLocation.findElement(ElementLocation.java:60)
at org.openqa.selenium.remote.RemoteWebDriver.findElement(RemoteWebDriver.java:369)
at org.openqa.selenium.remote.RemoteWebDriver.findElement(RemoteWebDriver.java:361)
at org.openqa.selenium.support.pagefactory.DefaultElementLocator.findElement(DefaultElementLocator.java:70)
at org.openqa.selenium.support.pagefactory.internal.LocatingElementHandler.invoke(LocatingElementHandler.java:39)
at jdk.proxy2/jdk.proxy2.$Proxy19.isEnabled(Unknown Source)
at pageObjects.BasePage.elementIsEnable(BasePage.java:103)
at pageObjects.CraftBet_Header_Page.userIdLabelIsEnabled(CraftBet_Header_Page.java:49)
at testCases.SignUpQuickRegisterTest.SignUpPopUpQuickRegisterWithEmailPositiveTest(SignUpQuickRegisterTest.java:207)
at java.base/java.util.ArrayList.forEach(ArrayList.java:1511)
... Removed 35 stack frames]]>
    </failure>
  </testcase> <!-- SignUpPopUpQuickRegisterWithEmailPositiveTest -->
  <testcase classname="testCases.SignUpQuickRegisterTest" name="SignUpPopUpQuickRegisterWithEmailNegativeTest" time="10.542">
    <failure type="java.lang.AssertionError" message="expected [Invalid email address] but found [Cant find element errorMessage]">
      <![CDATA[java.lang.AssertionError: expected [Invalid email address] but found [Cant find element errorMessage]
at testCases.SignUpQuickRegisterTest.SignUpPopUpQuickRegisterWithEmailNegativeTest(SignUpQuickRegisterTest.java:225)
at java.base/java.util.ArrayList.forEach(ArrayList.java:1511)
... Removed 36 stack frames]]>
    </failure>
  </testcase> <!-- SignUpPopUpQuickRegisterWithEmailNegativeTest -->
  <testcase classname="testCases.SignUpQuickRegisterTest" name="SignUpPopUpQuickRegisterWithEmailNegativeTest" time="10.549">
    <failure type="java.lang.AssertionError" message="expected [Invalid email address] but found [Cant find element errorMessage]">
      <![CDATA[java.lang.AssertionError: expected [Invalid email address] but found [Cant find element errorMessage]
at testCases.SignUpQuickRegisterTest.SignUpPopUpQuickRegisterWithEmailNegativeTest(SignUpQuickRegisterTest.java:225)
at java.base/java.util.ArrayList.forEach(ArrayList.java:1511)
... Removed 36 stack frames]]>
    </failure>
  </testcase> <!-- SignUpPopUpQuickRegisterWithEmailNegativeTest -->
  <testcase classname="testCases.SignUpQuickRegisterTest" name="SignUpPopUpQuickRegisterWithEmailNegativeTest" time="10.533">
    <failure type="java.lang.AssertionError" message="expected [Invalid email address] but found [Cant find element errorMessage]">
      <![CDATA[java.lang.AssertionError: expected [Invalid email address] but found [Cant find element errorMessage]
at testCases.SignUpQuickRegisterTest.SignUpPopUpQuickRegisterWithEmailNegativeTest(SignUpQuickRegisterTest.java:225)
at java.base/java.util.ArrayList.forEach(ArrayList.java:1511)
... Removed 36 stack frames]]>
    </failure>
  </testcase> <!-- SignUpPopUpQuickRegisterWithEmailNegativeTest -->
  <testcase classname="testCases.SignUpQuickRegisterTest" name="SignUpPopUpQuickRegisterWithEmailNegativeTest" time="10.58">
    <failure type="java.lang.AssertionError" message="expected [Invalid email address] but found [Cant find element errorMessage]">
      <![CDATA[java.lang.AssertionError: expected [Invalid email address] but found [Cant find element errorMessage]
at testCases.SignUpQuickRegisterTest.SignUpPopUpQuickRegisterWithEmailNegativeTest(SignUpQuickRegisterTest.java:225)
at java.base/java.util.ArrayList.forEach(ArrayList.java:1511)
... Removed 36 stack frames]]>
    </failure>
  </testcase> <!-- SignUpPopUpQuickRegisterWithEmailNegativeTest -->
  <testcase classname="testCases.SignUpQuickRegisterTest" name="SignUpPopUpQuickRegisterWithEmailNegativeTest" time="10.577">
    <failure type="java.lang.AssertionError" message="expected [Invalid email address] but found [Cant find element errorMessage]">
      <![CDATA[java.lang.AssertionError: expected [Invalid email address] but found [Cant find element errorMessage]
at testCases.SignUpQuickRegisterTest.SignUpPopUpQuickRegisterWithEmailNegativeTest(SignUpQuickRegisterTest.java:225)
at java.base/java.util.ArrayList.forEach(ArrayList.java:1511)
... Removed 36 stack frames]]>
    </failure>
  </testcase> <!-- SignUpPopUpQuickRegisterWithEmailNegativeTest -->
  <testcase classname="testCases.SignUpQuickRegisterTest" name="SignUpPopUpQuickRegisterWithEmailNegativeTest" time="10.547">
    <failure type="java.lang.AssertionError" message="expected [Invalid email address] but found [Cant find element errorMessage]">
      <![CDATA[java.lang.AssertionError: expected [Invalid email address] but found [Cant find element errorMessage]
at testCases.SignUpQuickRegisterTest.SignUpPopUpQuickRegisterWithEmailNegativeTest(SignUpQuickRegisterTest.java:225)
at java.base/java.util.ArrayList.forEach(ArrayList.java:1511)
... Removed 36 stack frames]]>
    </failure>
  </testcase> <!-- SignUpPopUpQuickRegisterWithEmailNegativeTest -->
  <testcase classname="testCases.SignUpQuickRegisterTest" name="SignUpPopUpQuickRegisterWithMobilePositiveTest" time="15.555">
    <failure type="org.openqa.selenium.NoSuchElementException" message="no such element: Unable to locate element: {&amp;quot;method&amp;quot;:&amp;quot;xpath&amp;quot;,&amp;quot;selector&amp;quot;:&amp;quot;//*[@class=&amp;apos;user_id&amp;apos;]&amp;quot;}
  (Session info: chrome=103.0.5060.114)
For documentation on this error, please visit: https://selenium.dev/exceptions/#no_such_element
Build info: version: &amp;apos;4.2.1&amp;apos;, revision: &amp;apos;ac4d0fdd4a&amp;apos;
System info: host: &amp;apos;DESKTOP-52C1ANV&amp;apos;, ip: &amp;apos;192.168.31.63&amp;apos;, os.name: &amp;apos;Windows 10&amp;apos;, os.arch: &amp;apos;amd64&amp;apos;, os.version: &amp;apos;10.0&amp;apos;, java.version: &amp;apos;17.0.2&amp;apos;
Driver info: org.openqa.selenium.chrome.ChromeDriver
Command: [7435f57724a4aee5ca82a4c4c6b0ceee, findElement {using=xpath, value=//*[@class=&amp;apos;user_id&amp;apos;]}]
Capabilities {acceptInsecureCerts: false, browserName: chrome, browserVersion: 103.0.5060.114, chrome: {chromedriverVersion: 103.0.5060.53 (a1711811edd7..., userDataDir: C:\Users\user\AppData\Local...}, goog:chromeOptions: {debuggerAddress: localhost:62148}, networkConnectionEnabled: false, pageLoadStrategy: normal, platformName: WINDOWS, proxy: Proxy(), se:cdp: ws://localhost:62148/devtoo..., se:cdpVersion: 103.0.5060.114, setWindowRect: true, strictFileInteractability: false, timeouts: {implicit: 0, pageLoad: 300000, script: 30000}, unhandledPromptBehavior: dismiss and notify, webauthn:extension:credBlob: true, webauthn:extension:largeBlob: true, webauthn:virtualAuthenticators: true}
Session ID: 7435f57724a4aee5ca82a4c4c6b0ceee">
      <![CDATA[org.openqa.selenium.NoSuchElementException: no such element: Unable to locate element: {"method":"xpath","selector":"//*[@class='user_id']"}
  (Session info: chrome=103.0.5060.114)
For documentation on this error, please visit: https://selenium.dev/exceptions/#no_such_element
Build info: version: '4.2.1', revision: 'ac4d0fdd4a'
System info: host: 'DESKTOP-52C1ANV', ip: '192.168.31.63', os.name: 'Windows 10', os.arch: 'amd64', os.version: '10.0', java.version: '17.0.2'
Driver info: org.openqa.selenium.chrome.ChromeDriver
Command: [7435f57724a4aee5ca82a4c4c6b0ceee, findElement {using=xpath, value=//*[@class='user_id']}]
Capabilities {acceptInsecureCerts: false, browserName: chrome, browserVersion: 103.0.5060.114, chrome: {chromedriverVersion: 103.0.5060.53 (a1711811edd7..., userDataDir: C:\Users\user\AppData\Local...}, goog:chromeOptions: {debuggerAddress: localhost:62148}, networkConnectionEnabled: false, pageLoadStrategy: normal, platformName: WINDOWS, proxy: Proxy(), se:cdp: ws://localhost:62148/devtoo..., se:cdpVersion: 103.0.5060.114, setWindowRect: true, strictFileInteractability: false, timeouts: {implicit: 0, pageLoad: 300000, script: 30000}, unhandledPromptBehavior: dismiss and notify, webauthn:extension:credBlob: true, webauthn:extension:largeBlob: true, webauthn:virtualAuthenticators: true}
Session ID: 7435f57724a4aee5ca82a4c4c6b0ceee
at org.openqa.selenium.remote.codec.w3c.W3CHttpResponseCodec.createException(W3CHttpResponseCodec.java:200)
at org.openqa.selenium.remote.codec.w3c.W3CHttpResponseCodec.decode(W3CHttpResponseCodec.java:133)
at org.openqa.selenium.remote.codec.w3c.W3CHttpResponseCodec.decode(W3CHttpResponseCodec.java:53)
at org.openqa.selenium.remote.HttpCommandExecutor.execute(HttpCommandExecutor.java:184)
at org.openqa.selenium.remote.service.DriverCommandExecutor.invokeExecute(DriverCommandExecutor.java:167)
at org.openqa.selenium.remote.service.DriverCommandExecutor.execute(DriverCommandExecutor.java:142)
at org.openqa.selenium.remote.RemoteWebDriver.execute(RemoteWebDriver.java:551)
at org.openqa.selenium.remote.ElementLocation$ElementFinder$2.findElement(ElementLocation.java:162)
at org.openqa.selenium.remote.ElementLocation.findElement(ElementLocation.java:60)
at org.openqa.selenium.remote.RemoteWebDriver.findElement(RemoteWebDriver.java:369)
at org.openqa.selenium.remote.RemoteWebDriver.findElement(RemoteWebDriver.java:361)
at org.openqa.selenium.support.pagefactory.DefaultElementLocator.findElement(DefaultElementLocator.java:70)
at org.openqa.selenium.support.pagefactory.internal.LocatingElementHandler.invoke(LocatingElementHandler.java:39)
at jdk.proxy2/jdk.proxy2.$Proxy19.isEnabled(Unknown Source)
at pageObjects.BasePage.elementIsEnable(BasePage.java:103)
at pageObjects.CraftBet_Header_Page.userIdLabelIsEnabled(CraftBet_Header_Page.java:49)
at testCases.SignUpQuickRegisterTest.SignUpPopUpQuickRegisterWithMobilePositiveTest(SignUpQuickRegisterTest.java:255)
at java.base/java.util.ArrayList.forEach(ArrayList.java:1511)
... Removed 35 stack frames]]>
    </failure>
  </testcase> <!-- SignUpPopUpQuickRegisterWithMobilePositiveTest -->
  <testcase classname="testCases.SignUpQuickRegisterTest" name="SignUpPopUpQuickRegisterWithMobileNegativeTest" time="1.333"/>
  <testcase classname="testCases.SignUpQuickRegisterTest" name="SignUpPopUpQuickRegisterWithMobileNegativeTest" time="1.316"/>
  <testcase classname="testCases.SignUpQuickRegisterTest" name="SignUpPopUpQuickRegisterWithMobileNegativeTest" time="1.38"/>
  <testcase classname="testCases.SignUpQuickRegisterTest" name="SignUpPopUpQuickRegisterWithMobileNegativeTest" time="1.327"/>
  <testcase classname="testCases.SignUpQuickRegisterTest" name="SignUpPopUpQuickRegisterWithMobileNegativeTest" time="1.292"/>
  <testcase classname="testCases.SignUpQuickRegisterTest" name="SignUpPopUpQuickRegisterWithMobileNegativeTest" time="1.347"/>
  <testcase classname="testCases.BaseTest" name="@AfterSuite finish" time="0.0">
    <ignored/>
  </testcase> <!-- @AfterSuite finish -->
  <testcase classname="testCases.BaseTest" name="@AfterSuite finish" time="0.0">
    <ignored/>
  </testcase> <!-- @AfterSuite finish -->
</testsuite> <!-- testCases.LoginPopUpTest -->
