<?xml version="1.0" encoding="UTF-8"?>
<!-- Generated by org.testng.reporters.JUnitXMLReporter -->
<testsuite ignored="0" hostname="DESKTOP-PO3T4V3" failures="11" tests="66" name="testCases.LoginPopUpTest" time="1006.85" errors="0" timestamp="2022-07-20T12:00:06 AMT">
  <testcase classname="testCases.LoginPopUpTest" name="loginPopUpLabelsPresenceVerification_Test" time="1.339"/>
  <testcase classname="testCases.LoginPopUpTest" name="loginPopUpLogoPresenceVerification_Test" time="0.117"/>
  <testcase classname="testCases.LoginPopUpTest" name="loginPopUpCloseButtonFunctionality_Test" time="1.049"/>
  <testcase classname="testCases.LoginPopUpTest" name="loginPopUpEyeButtonFunctionality_Test" time="0.868"/>
  <testcase classname="testCases.LoginPopUpTest" name="loginPopUpRememberMeLabelClickAbility_Test" time="0.397"/>
  <testcase classname="testCases.LoginPopUpTest" name="loginPopUpCheckBoxClickAbility_Test" time="0.601"/>
  <testcase classname="testCases.LoginPopUpTest" name="loginPopUpForgotPasswordLink_Test" time="0.972"/>
  <testcase classname="testCases.LoginPopUpTest" name="loginPopUpSignUpLink_Test" time="1.115"/>
  <testcase classname="testCases.LoginPopUpTest" name="loginPopUpLogInPositiveTest" time="3.135"/>
  <testcase classname="testCases.LoginPopUpTest" name="loginPopUpLogInNegativeTest" time="2.631">
    <failure type="java.lang.AssertionError" message="expected [false] but found [true]">
      <![CDATA[java.lang.AssertionError: expected [false] but found [true]
at testCases.LoginPopUpTest.loginPopUpLogInNegativeTest(LoginPopUpTest.java:207)
at java.base/java.util.ArrayList.forEach(ArrayList.java:1511)
... Removed 36 stack frames]]>
    </failure>
  </testcase> <!-- loginPopUpLogInNegativeTest -->
  <testcase classname="testCases.LoginPopUpTest" name="loginPopUpLogInNegativeTest" time="2.383">
    <failure type="java.lang.AssertionError" message="expected [false] but found [true]">
      <![CDATA[java.lang.AssertionError: expected [false] but found [true]
at testCases.LoginPopUpTest.loginPopUpLogInNegativeTest(LoginPopUpTest.java:207)
at java.base/java.util.ArrayList.forEach(ArrayList.java:1511)
... Removed 36 stack frames]]>
    </failure>
  </testcase> <!-- loginPopUpLogInNegativeTest -->
  <testcase classname="testCases.LoginPopUpTest" name="loginPopUpLogInNegativeTest" time="10.384"/>
  <testcase classname="testCases.LoginPopUpTest" name="loginPopUpLogInNegativeTest" time="10.981"/>
  <testcase classname="testCases.LoginPopUpTest" name="loginPopUpLogInNegativeTest" time="10.429"/>
  <testcase classname="testCases.LoginPopUpTest" name="loginPopUpLogInNegativeTest" time="10.714"/>
  <testcase classname="testCases.LoginPopUpTest" name="loginPopUpLogInNegativeTest" time="10.393"/>
  <testcase classname="testCases.LoginPopUpTest" name="loginPopUpLogInNegativeTest" time="10.402"/>
  <testcase classname="testCases.LoginPopUpTest" name="loginPopUpLogInNegativeTest" time="10.435"/>
  <testcase classname="testCases.LoginPopUpTest" name="loginPopUpErrorMessageValidationInvalidUsername" time="1.597"/>
  <testcase classname="testCases.LoginPopUpTest" name="loginPopUpErrorMessageValidationInvalidPassword" time="1.488"/>
  <testcase classname="testCases.PasswordRecoveryTest" name="RecoveryPopUpLabelsPresenceVerification_Test" time="0.262"/>
  <testcase classname="testCases.PasswordRecoveryTest" name="RecoveryPopUpLogoPresenceVerification_Test" time="0.026"/>
  <testcase classname="testCases.PasswordRecoveryTest" name="RecoveryPopUpSupportLink_Test" time="0.354">
    <failure type="java.lang.AssertionError" message="did not expect [https://craftbet.com/forgot-password] but found [https://craftbet.com/forgot-password]">
      <![CDATA[java.lang.AssertionError: did not expect [https://craftbet.com/forgot-password] but found [https://craftbet.com/forgot-password]
at testCases.PasswordRecoveryTest.RecoveryPopUpSupportLink_Test(PasswordRecoveryTest.java:84)
at java.base/java.util.ArrayList.forEach(ArrayList.java:1511)
... Removed 35 stack frames]]>
    </failure>
  </testcase> <!-- RecoveryPopUpSupportLink_Test -->
  <testcase classname="testCases.PasswordRecoveryTest" name="RecoveryPopUpPositiveTest" time="0.754"/>
  <testcase classname="testCases.PasswordRecoveryTest" name="RecoveryPopUpNegativeTest" time="20.659">
    <failure type="java.lang.AssertionError" message="expected [true] but found [false]">
      <![CDATA[java.lang.AssertionError: expected [true] but found [false]
at testCases.PasswordRecoveryTest.RecoveryPopUpNegativeTest(PasswordRecoveryTest.java:125)
at java.base/java.util.ArrayList.forEach(ArrayList.java:1511)
... Removed 34 stack frames]]>
    </failure>
  </testcase> <!-- RecoveryPopUpNegativeTest -->
  <testcase classname="testCases.PasswordRecoveryTest" name="RecoveryPopUpNegativeTest" time="20.714">
    <failure type="java.lang.AssertionError" message="expected [true] but found [false]">
      <![CDATA[java.lang.AssertionError: expected [true] but found [false]
at testCases.PasswordRecoveryTest.RecoveryPopUpNegativeTest(PasswordRecoveryTest.java:125)
at java.base/java.util.ArrayList.forEach(ArrayList.java:1511)
... Removed 34 stack frames]]>
    </failure>
  </testcase> <!-- RecoveryPopUpNegativeTest -->
  <testcase classname="testCases.PasswordRecoveryTest" name="RecoveryPopUpNegativeTest" time="20.665">
    <failure type="java.lang.AssertionError" message="expected [true] but found [false]">
      <![CDATA[java.lang.AssertionError: expected [true] but found [false]
at testCases.PasswordRecoveryTest.RecoveryPopUpNegativeTest(PasswordRecoveryTest.java:125)
at java.base/java.util.ArrayList.forEach(ArrayList.java:1511)
... Removed 34 stack frames]]>
    </failure>
  </testcase> <!-- RecoveryPopUpNegativeTest -->
  <testcase classname="testCases.PasswordRecoveryTest" name="RecoveryPopUpNegativeTest" time="40.372"/>
  <testcase classname="testCases.PasswordRecoveryTest" name="RecoveryPopUpNegativeTest" time="40.342"/>
  <testcase classname="testCases.PasswordRecoveryTest" name="RecoveryPopUpNegativeTest" time="40.423"/>
  <testcase classname="testCases.PasswordRecoveryTest" name="RecoveryPopUpNegativeTest" time="40.561"/>
  <testcase classname="testCases.PasswordRecoveryTest" name="RecoveryPopUpNegativeTest" time="40.341"/>
  <testcase classname="testCases.PasswordRecoveryTest" name="RecoveryPopUpNegativeTest" time="40.375"/>
  <testcase classname="testCases.PasswordRecoveryTest" name="RecoveryPopUpNegativeTest" time="40.394"/>
  <testcase classname="testCases.PasswordRecoveryTest" name="RecoveryPopUpNegativeTest" time="40.406"/>
  <testcase classname="testCases.PasswordRecoveryTest" name="RecoveryPopUpNegativeTest" time="20.586">
    <failure type="java.lang.AssertionError" message="expected [true] but found [false]">
      <![CDATA[java.lang.AssertionError: expected [true] but found [false]
at testCases.PasswordRecoveryTest.RecoveryPopUpNegativeTest(PasswordRecoveryTest.java:125)
at java.base/java.util.ArrayList.forEach(ArrayList.java:1511)
... Removed 34 stack frames]]>
    </failure>
  </testcase> <!-- RecoveryPopUpNegativeTest -->
  <testcase classname="testCases.PasswordRecoveryTest" name="RecoveryPopUpNegativeTest" time="40.395"/>
  <testcase classname="testCases.SignUpQuickRegisterTest" name="SignUpPopUpQuickRegisterLabelsPresenceVerification_Test" time="0.499">
    <failure type="java.lang.AssertionError" message="The following asserts failed:
	expected [I have read and accept the Terms &amp;amp; Conditions and Privacy Policy and I agree that I am at least 21 years of age.] but found [I have 1read and accept the Terms &amp;amp; Conditions and Privacy Policy and I agree that I am at least 21 years of age.]">
      <![CDATA[java.lang.AssertionError: The following asserts failed:
expected [I have read and accept the Terms & Conditions and Privacy Policy and I agree that I am at least 21 years of age.] but found [I have 1read and accept the Terms & Conditions and Privacy Policy and I agree that I am at least 21 years of age.]
at testCases.SignUpQuickRegisterTest.SignUpPopUpQuickRegisterLabelsPresenceVerification_Test(SignUpQuickRegisterTest.java:101)
at java.base/java.util.ArrayList.forEach(ArrayList.java:1511)
... Removed 32 stack frames]]>
    </failure>
  </testcase> <!-- SignUpPopUpQuickRegisterLabelsPresenceVerification_Test -->
  <testcase classname="testCases.SignUpQuickRegisterTest" name="SignUpPopUpQuickRegisterLogoPresenceVerification_Test" time="0.122"/>
  <testcase classname="testCases.SignUpQuickRegisterTest" name="SignUpPopUpQuickRegisterRegisterByDropDownVerification_Test" time="0.334"/>
  <testcase classname="testCases.SignUpQuickRegisterTest" name="SignUpPopUpQuickRegisterCurrencyDropDownVerification_Test" time="0.477"/>
  <testcase classname="testCases.SignUpQuickRegisterTest" name="SignUpPopUpCloseButtonFunctionality" time="0.817"/>
  <testcase classname="testCases.SignUpQuickRegisterTest" name="SignUpPopUpQuickRegisterRegisterPrivacyPolicy" time="0.501"/>
  <testcase classname="testCases.SignUpQuickRegisterTest" name="SignUpPopUpTermsAndConditionsLinkFunctionality" time="0.508"/>
  <testcase classname="testCases.SignUpQuickRegisterTest" name="SignUpPopUpLogInLinkFunctionality" time="0.419"/>
  <testcase classname="testCases.SignUpQuickRegisterTest" name="SignUpPopUpQuickFullRegistrationButtonFunctionality" time="0.282"/>
  <testcase classname="testCases.SignUpQuickRegisterTest" name="SignUpPopUpQuickRegisterWithEmailPositiveTest" time="2.744"/>
  <testcase classname="testCases.SignUpQuickRegisterTest" name="SignUpPopUpQuickRegisterWithEmailNegativeTest" time="0.96"/>
  <testcase classname="testCases.SignUpQuickRegisterTest" name="SignUpPopUpQuickRegisterWithEmailNegativeTest" time="0.999"/>
  <testcase classname="testCases.SignUpQuickRegisterTest" name="SignUpPopUpQuickRegisterWithEmailNegativeTest" time="0.978"/>
  <testcase classname="testCases.SignUpQuickRegisterTest" name="SignUpPopUpQuickRegisterWithEmailNegativeTest" time="0.867"/>
  <testcase classname="testCases.SignUpQuickRegisterTest" name="SignUpPopUpQuickRegisterWithEmailNegativeTest" time="0.964">
    <failure type="java.lang.AssertionError" message="expected [Invalid email address] but found [Email address must be unique]">
      <![CDATA[java.lang.AssertionError: expected [Invalid email address] but found [Email address must be unique]
at testCases.SignUpQuickRegisterTest.SignUpPopUpQuickRegisterWithEmailNegativeTest(SignUpQuickRegisterTest.java:256)
at java.base/java.util.ArrayList.forEach(ArrayList.java:1511)
... Removed 36 stack frames]]>
    </failure>
  </testcase> <!-- SignUpPopUpQuickRegisterWithEmailNegativeTest -->
  <testcase classname="testCases.SignUpQuickRegisterTest" name="SignUpPopUpQuickRegisterWithEmailNegativeTest" time="0.961"/>
  <testcase classname="testCases.SignUpQuickRegisterTest" name="SignUpPopUpQuickRegisterWithEmailNegativeTest" time="1.395">
    <failure type="java.lang.AssertionError" message="expected [Invalid email address] but found [Email address must be unique]">
      <![CDATA[java.lang.AssertionError: expected [Invalid email address] but found [Email address must be unique]
at testCases.SignUpQuickRegisterTest.SignUpPopUpQuickRegisterWithEmailNegativeTest(SignUpQuickRegisterTest.java:256)
at java.base/java.util.ArrayList.forEach(ArrayList.java:1511)
... Removed 36 stack frames]]>
    </failure>
  </testcase> <!-- SignUpPopUpQuickRegisterWithEmailNegativeTest -->
  <testcase classname="testCases.SignUpQuickRegisterTest" name="SignUpPopUpQuickRegisterWithEmailNegativeTest" time="0.852"/>
  <testcase classname="testCases.SignUpQuickRegisterTest" name="SignUpPopUpQuickRegisterWithEmailNegativeTest" time="0.933"/>
  <testcase classname="testCases.SignUpQuickRegisterTest" name="SignUpPopUpQuickRegisterWithMobilePositiveTest" time="2.896"/>
  <testcase classname="testCases.SignUpQuickRegisterTest" name="SignUpPopUpQuickRegisterWithMobileNegativeTest" time="1.513"/>
  <testcase classname="testCases.SignUpQuickRegisterTest" name="SignUpPopUpQuickRegisterWithMobileNegativeTest" time="1.535"/>
  <testcase classname="testCases.SignUpQuickRegisterTest" name="SignUpPopUpQuickRegisterWithMobileNegativeTest" time="1.533"/>
  <testcase classname="testCases.SignUpQuickRegisterTest" name="SignUpPopUpQuickRegisterWithMobileNegativeTest" time="1.51"/>
  <testcase classname="testCases.SignUpQuickRegisterTest" name="SignUpPopUpQuickRegisterWithMobileNegativeTest" time="1.525"/>
  <testcase classname="testCases.SignUpQuickRegisterTest" name="SignUpPopUpQuickRegisterWithMobileNegativeTest" time="1.412"/>
  <testcase classname="testCases.SignUpQuickRegisterTest" name="SignUpPopUpQuickRegisterWithMobileNegativeTest" time="1.482"/>
  <testcase classname="testCases.SignUpQuickRegisterTest" name="SignUpPopUpQuickRegisterWithMobileNegativeTest" time="1.562"/>
  <testcase classname="testCases.SignUpQuickRegisterTest" name="SignUpPopUpQuickRegisterWithMobileNegativeTest" time="1.468">
    <failure type="java.lang.AssertionError" message="expected [craft_btn reg_btn not_active] but found [craft_btn reg_btn active-item]">
      <![CDATA[java.lang.AssertionError: expected [craft_btn reg_btn not_active] but found [craft_btn reg_btn active-item]
at testCases.SignUpQuickRegisterTest.SignUpPopUpQuickRegisterWithMobileNegativeTest(SignUpQuickRegisterTest.java:322)
at java.base/java.util.ArrayList.forEach(ArrayList.java:1511)
... Removed 36 stack frames]]>
    </failure>
  </testcase> <!-- SignUpPopUpQuickRegisterWithMobileNegativeTest -->
</testsuite> <!-- testCases.LoginPopUpTest -->
