<?xml version="1.0" encoding="UTF-8"?>
<!-- Generated by org.testng.reporters.JUnitXMLReporter -->
<testsuite ignored="0" hostname="DESKTOP-PO3T4V3" failures="5" tests="21" name="craftBetAutomation" time="208.063" errors="0" timestamp="2022-07-14T14:10:43 AMT">
  <testcase classname="testCases.LoginPopUpTest" name="loginPopUpLabelsPresenceVerification_Test" time="0.57"/>
  <testcase classname="testCases.LoginPopUpTest" name="loginPopUpLogoPresenceVerification_Test" time="0.107"/>
  <testcase classname="testCases.LoginPopUpTest" name="loginPopUpCloseButtonFunctionality_Test" time="0.725"/>
  <testcase classname="testCases.LoginPopUpTest" name="loginPopUpEyeButtonFunctionality_Test" time="0.355"/>
  <testcase classname="testCases.LoginPopUpTest" name="loginPopUpRememberMeLabelClickAbility_Test" time="0.252"/>
  <testcase classname="testCases.LoginPopUpTest" name="loginPopUpCheckBoxClickAbility_Test" time="0.261"/>
  <testcase classname="testCases.LoginPopUpTest" name="loginPopUpForgotPasswordLink_Test" time="0.146"/>
  <testcase classname="testCases.LoginPopUpTest" name="loginPopUpSignUpLink_Test" time="0.289"/>
  <testcase classname="testCases.LoginPopUpTest" name="loginPopUpLogInPositiveTest" time="1.845"/>
  <testcase classname="testCases.LoginPopUpTest" name="loginPopUpLogInNegativeTest" time="10.562"/>
  <testcase classname="testCases.LoginPopUpTest" name="loginPopUpLogInNegativeTest" time="2.012">
    <failure type="java.lang.AssertionError" message="expected [false] but found [true]">
      <![CDATA[java.lang.AssertionError: expected [false] but found [true]
at testCases.LoginPopUpTest.loginPopUpLogInNegativeTest(LoginPopUpTest.java:197)
at java.base/java.util.ArrayList.forEach(ArrayList.java:1511)
at com.intellij.rt.testng.IDEARemoteTestNG.run(IDEARemoteTestNG.java:66)
at com.intellij.rt.testng.RemoteTestNGStarter.main(RemoteTestNGStarter.java:109)
... Removed 30 stack frames]]>
    </failure>
  </testcase> <!-- loginPopUpLogInNegativeTest -->
  <testcase classname="testCases.LoginPopUpTest" name="loginPopUpLogInNegativeTest" time="1.751">
    <failure type="java.lang.AssertionError" message="expected [false] but found [true]">
      <![CDATA[java.lang.AssertionError: expected [false] but found [true]
at testCases.LoginPopUpTest.loginPopUpLogInNegativeTest(LoginPopUpTest.java:197)
at java.base/java.util.ArrayList.forEach(ArrayList.java:1511)
at com.intellij.rt.testng.IDEARemoteTestNG.run(IDEARemoteTestNG.java:66)
at com.intellij.rt.testng.RemoteTestNGStarter.main(RemoteTestNGStarter.java:109)
... Removed 30 stack frames]]>
    </failure>
  </testcase> <!-- loginPopUpLogInNegativeTest -->
  <testcase classname="testCases.LoginPopUpTest" name="loginPopUpLogInNegativeTest" time="10.43"/>
  <testcase classname="testCases.LoginPopUpTest" name="loginPopUpLogInNegativeTest" time="10.432"/>
  <testcase classname="testCases.LoginPopUpTest" name="loginPopUpLogInNegativeTest" time="1.885">
    <failure type="java.lang.AssertionError" message="expected [false] but found [true]">
      <![CDATA[java.lang.AssertionError: expected [false] but found [true]
at testCases.LoginPopUpTest.loginPopUpLogInNegativeTest(LoginPopUpTest.java:197)
at java.base/java.util.ArrayList.forEach(ArrayList.java:1511)
at com.intellij.rt.testng.IDEARemoteTestNG.run(IDEARemoteTestNG.java:66)
at com.intellij.rt.testng.RemoteTestNGStarter.main(RemoteTestNGStarter.java:109)
... Removed 30 stack frames]]>
    </failure>
  </testcase> <!-- loginPopUpLogInNegativeTest -->
  <testcase classname="testCases.LoginPopUpTest" name="loginPopUpLogInNegativeTest" time="2.38">
    <failure type="java.lang.AssertionError" message="expected [false] but found [true]">
      <![CDATA[java.lang.AssertionError: expected [false] but found [true]
at testCases.LoginPopUpTest.loginPopUpLogInNegativeTest(LoginPopUpTest.java:197)
at java.base/java.util.ArrayList.forEach(ArrayList.java:1511)
at com.intellij.rt.testng.IDEARemoteTestNG.run(IDEARemoteTestNG.java:66)
at com.intellij.rt.testng.RemoteTestNGStarter.main(RemoteTestNGStarter.java:109)
... Removed 30 stack frames]]>
    </failure>
  </testcase> <!-- loginPopUpLogInNegativeTest -->
  <testcase classname="testCases.LoginPopUpTest" name="loginPopUpLogInNegativeTest" time="1.864">
    <failure type="java.lang.AssertionError" message="expected [false] but found [true]">
      <![CDATA[java.lang.AssertionError: expected [false] but found [true]
at testCases.LoginPopUpTest.loginPopUpLogInNegativeTest(LoginPopUpTest.java:197)
at java.base/java.util.ArrayList.forEach(ArrayList.java:1511)
at com.intellij.rt.testng.IDEARemoteTestNG.run(IDEARemoteTestNG.java:66)
at com.intellij.rt.testng.RemoteTestNGStarter.main(RemoteTestNGStarter.java:109)
... Removed 30 stack frames]]>
    </failure>
  </testcase> <!-- loginPopUpLogInNegativeTest -->
  <testcase classname="testCases.LoginPopUpTest" name="loginPopUpLogInNegativeTest" time="30.366"/>
  <testcase classname="testCases.LoginPopUpTest" name="loginPopUpLogInNegativeTest" time="10.396"/>
  <testcase classname="testCases.LoginPopUpTest" name="loginPopUpErrorMessageValidationInvalidUsername" time="1.365"/>
  <testcase classname="testCases.LoginPopUpTest" name="loginPopUpErrorMessageValidationInvalidPassword" time="1.37"/>
</testsuite> <!-- craftBetAutomation -->
